2025-03-13 02:16:04,602 - DEBUG - Fetching page 1...
2025-03-13 02:16:04,618 - DEBUG - Starting new HTTPS connection (1): api.twitch.tv:443
2025-03-13 02:16:06,213 - DEBUG - https://api.twitch.tv:443 "GET /helix/streams?first=100 HTTP/1.1" 200 None
2025-03-13 02:16:06,224 - WARNING - No streamers found on page 1. Retrying in 2 seconds...
2025-03-13 02:16:08,226 - DEBUG - Fetching page 2...
2025-03-13 02:16:08,230 - DEBUG - Starting new HTTPS connection (1): api.twitch.tv:443
2025-03-13 02:16:09,915 - DEBUG - https://api.twitch.tv:443 "GET /helix/streams?first=100&after=eyJiIjp7IkN1cnNvciI6ImV5SnpJam8xTVRjeE5DNDFOak01TlRrMk1UTTRNRFlzSW1RaU9tWmhiSE5sTENKMElqcDBjblZsZlE9PSJ9LCJhIjp7IkN1cnNvciI6ImV5SnpJam8wTVRRMkxqTTBOams0TURrM05UTTROaXdpWkNJNlptRnNjMlVzSW5RaU9uUnlkV1Y5In19 HTTP/1.1" 200 None
2025-03-13 02:16:09,930 - WARNING - No streamers found on page 2. Retrying in 2 seconds...
2025-03-13 02:16:11,931 - DEBUG - Fetching page 3...
2025-03-13 02:16:11,936 - DEBUG - Starting new HTTPS connection (1): api.twitch.tv:443
2025-03-13 02:16:13,466 - DEBUG - https://api.twitch.tv:443 "GET /helix/streams?first=100&after=eyJiIjp7IkN1cnNvciI6ImV5SnpJam8wTVRRekxqazFOemt5TXpnd01qVXpOeXdpWkNJNlptRnNjMlVzSW5RaU9uUnlkV1Y5In0sImEiOnsiQ3Vyc29yIjoiZXlKeklqb3lNRFExTGpZMU1EWXlOelU1TmpVeE9ESXNJbVFpT21aaGJITmxMQ0owSWpwMGNuVmxmUT09In19 HTTP/1.1" 200 None
2025-03-13 02:16:13,485 - WARNING - No streamers found on page 3. Retrying in 2 seconds...
2025-03-13 02:16:15,486 - DEBUG - Fetching page 4...
2025-03-13 02:16:15,499 - DEBUG - Starting new HTTPS connection (1): api.twitch.tv:443
2025-03-13 02:16:17,201 - DEBUG - https://api.twitch.tv:443 "GET /helix/streams?first=100&after=eyJiIjp7IkN1cnNvciI6ImV5SnpJam95TURJMUxqa3pNell6T0RFMk1ERXdNVFVzSW1RaU9tWmhiSE5sTENKMElqcDBjblZsZlE9PSJ9LCJhIjp7IkN1cnNvciI6ImV5SnpJam94TkRFekxqSTFNRGswTURZeE9ESXlOamNzSW1RaU9tWmhiSE5sTENKMElqcDBjblZsZlE9PSJ9fQ HTTP/1.1" 200 None
2025-03-13 02:16:17,475 - WARNING - No streamers found on page 4. Retrying in 2 seconds...
2025-03-13 02:16:19,478 - DEBUG - Fetching page 5...
2025-03-13 02:16:19,479 - DEBUG - Starting new HTTPS connection (1): api.twitch.tv:443
2025-03-13 02:16:20,812 - DEBUG - https://api.twitch.tv:443 "GET /helix/streams?first=100&after=eyJiIjp7IkN1cnNvciI6ImV5SnpJam94TkRFeExqZzBOamczTmpZMU1qRTNOekVzSW1RaU9tWmhiSE5sTENKMElqcDBjblZsZlE9PSJ9LCJhIjp7IkN1cnNvciI6ImV5SnpJam94TURnNUxqRTNOVEExTVRJMk9UUTFPQ3dpWkNJNlptRnNjMlVzSW5RaU9uUnlkV1Y5In19 HTTP/1.1" 200 None
2025-03-13 02:16:20,855 - WARNING - No streamers found on page 5. Retrying in 2 seconds...
2025-03-13 02:16:22,856 - DEBUG - Fetching page 6...
2025-03-13 02:16:22,859 - DEBUG - Starting new HTTPS connection (1): api.twitch.tv:443
2025-03-13 02:16:24,136 - DEBUG - https://api.twitch.tv:443 "GET /helix/streams?first=100&after=eyJiIjp7IkN1cnNvciI6ImV5SnpJam94TURnNExqVTBPREl3TlRneE5EUTFNVGtzSW1RaU9tWmhiSE5sTENKMElqcDBjblZsZlE9PSJ9LCJhIjp7IkN1cnNvciI6ImV5SnpJam81TVRrdU1UZzFNVFkxTlRBMk5qWXdPQ3dpWkNJNlptRnNjMlVzSW5RaU9uUnlkV1Y5In19 HTTP/1.1" 200 None
2025-03-13 02:16:24,143 - WARNING - No streamers found on page 6. Retrying in 2 seconds...
2025-03-13 02:16:26,145 - DEBUG - Fetching page 7...
2025-03-13 02:16:26,148 - DEBUG - Starting new HTTPS connection (1): api.twitch.tv:443
2025-03-13 02:16:27,547 - DEBUG - https://api.twitch.tv:443 "GET /helix/streams?first=100&after=eyJiIjp7IkN1cnNvciI6ImV5SnpJam81TVRjdU1Ea3lNalEwT0RRNU16STVMQ0prSWpwbVlXeHpaU3dpZENJNmRISjFaWDA9In0sImEiOnsiQ3Vyc29yIjoiZXlKeklqbzNOak11TmpnNE9Ea3dNVEk0TXpnM0xDSmtJanBtWVd4elpTd2lkQ0k2ZEhKMVpYMD0ifX0 HTTP/1.1" 200 None
2025-03-13 02:16:27,561 - WARNING - No streamers found on page 7. Retrying in 2 seconds...
2025-03-13 02:16:29,562 - DEBUG - Fetching page 8...
2025-03-13 02:16:29,565 - DEBUG - Starting new HTTPS connection (1): api.twitch.tv:443
2025-03-13 02:16:31,389 - DEBUG - https://api.twitch.tv:443 "GET /helix/streams?first=100&after=eyJiIjp7IkN1cnNvciI6ImV5SnpJam8zTmpNdU1UTXlOVEUzTkRVME9UUXpOeXdpWkNJNlptRnNjMlVzSW5RaU9uUnlkV1Y5In0sImEiOnsiQ3Vyc29yIjoiZXlKeklqbzJORGt1TWpBMk1qYzNOREl4TURnNE1pd2laQ0k2Wm1Gc2MyVXNJblFpT25SeWRXVjkifX0 HTTP/1.1" 200 None
2025-03-13 02:16:31,639 - WARNING - No streamers found on page 8. Retrying in 2 seconds...
2025-03-13 02:16:33,644 - DEBUG - Fetching page 9...
2025-03-13 02:16:33,647 - DEBUG - Starting new HTTPS connection (1): api.twitch.tv:443
2025-03-13 02:16:34,870 - DEBUG - https://api.twitch.tv:443 "GET /helix/streams?first=100&after=eyJiIjp7IkN1cnNvciI6ImV5SnpJam8yTkRndU1URTNNVFkzTVRnNU9UYzNOQ3dpWkNJNlptRnNjMlVzSW5RaU9uUnlkV1Y5In0sImEiOnsiQ3Vyc29yIjoiZXlKeklqbzFOakF1TnpZd05ESXpOalV3TlRBMk55d2laQ0k2Wm1Gc2MyVXNJblFpT25SeWRXVjkifX0 HTTP/1.1" 200 None
2025-03-13 02:16:34,880 - WARNING - No streamers found on page 9. Retrying in 2 seconds...
2025-03-13 02:16:35,792 - DEBUG - Fetching page 1...
2025-03-13 02:16:35,798 - DEBUG - Starting new HTTPS connection (1): api.twitch.tv:443
2025-03-13 02:16:36,885 - DEBUG - Fetching page 10...
2025-03-13 02:16:36,887 - DEBUG - Starting new HTTPS connection (1): api.twitch.tv:443
2025-03-13 02:16:37,013 - DEBUG - https://api.twitch.tv:443 "GET /helix/streams?first=100 HTTP/1.1" 200 None
2025-03-13 02:16:37,019 - WARNING - No streamers found on page 1. Retrying in 2 seconds...
2025-03-13 02:16:38,185 - DEBUG - https://api.twitch.tv:443 "GET /helix/streams?first=100&after=eyJiIjp7IkN1cnNvciI6ImV5SnpJam8xTlRrdU56UTNPVEEzTURneU1ESTFPU3dpWkNJNlptRnNjMlVzSW5RaU9uUnlkV1Y5In0sImEiOnsiQ3Vyc29yIjoiZXlKeklqbzBPVFF1TkRReU5ETXdPVFEzTXpjME9Dd2laQ0k2Wm1Gc2MyVXNJblFpT25SeWRXVjkifX0 HTTP/1.1" 200 None
2025-03-13 02:16:38,198 - WARNING - No streamers found on page 10. Retrying in 2 seconds...
2025-03-13 02:16:39,021 - DEBUG - Fetching page 2...
2025-03-13 02:16:39,023 - DEBUG - Starting new HTTPS connection (1): api.twitch.tv:443
2025-03-13 02:16:40,202 - DEBUG - Fetching page 11...
2025-03-13 02:16:40,207 - DEBUG - Starting new HTTPS connection (1): api.twitch.tv:443
2025-03-13 02:16:40,340 - DEBUG - https://api.twitch.tv:443 "GET /helix/streams?first=100&after=eyJiIjp7IkN1cnNvciI6ImV5SnpJam8xTVRjeE5DNDFOak01TlRrMk1UTTRNRFlzSW1RaU9tWmhiSE5sTENKMElqcDBjblZsZlE9PSJ9LCJhIjp7IkN1cnNvciI6ImV5SnpJam8wTVRRekxqazFOemd5TXpnd01qVXpOeXdpWkNJNlptRnNjMlVzSW5RaU9uUnlkV1Y5In19 HTTP/1.1" 200 None
2025-03-13 02:16:41,063 - WARNING - No streamers found on page 2. Retrying in 2 seconds...
2025-03-13 02:16:41,951 - DEBUG - https://api.twitch.tv:443 "GET /helix/streams?first=100&after=eyJiIjp7IkN1cnNvciI6ImV5SnpJam8wT1RNdU56QXhNelUxTWpReU1UQXdPU3dpWkNJNlptRnNjMlVzSW5RaU9uUnlkV1Y5In0sImEiOnsiQ3Vyc29yIjoiZXlKeklqbzBOREV1TWpNd01EYzRNRFk0T1RFeE1qY3NJbVFpT21aaGJITmxMQ0owSWpwMGNuVmxmUT09In19 HTTP/1.1" 200 None
2025-03-13 02:16:41,973 - WARNING - No streamers found on page 11. Retrying in 2 seconds...
2025-03-13 02:16:43,064 - DEBUG - Fetching page 3...
2025-03-13 02:16:43,071 - DEBUG - Starting new HTTPS connection (1): api.twitch.tv:443
2025-03-13 02:16:43,974 - DEBUG - Fetching page 12...
2025-03-13 02:16:43,977 - DEBUG - Starting new HTTPS connection (1): api.twitch.tv:443
2025-03-13 02:16:44,718 - DEBUG - https://api.twitch.tv:443 "GET /helix/streams?first=100&after=eyJiIjp7IkN1cnNvciI6ImV5SnpJam8wTVRFMkxqZ3dNemMwT0RRek5USTVOU3dpWkNJNlptRnNjMlVzSW5RaU9uUnlkV1Y5In0sImEiOnsiQ3Vyc29yIjoiZXlKeklqb3lNREkxTGprek16VXpPREUyTURFd01UVXNJbVFpT21aaGJITmxMQ0owSWpwMGNuVmxmUT09In19 HTTP/1.1" 200 None
2025-03-13 02:16:44,881 - WARNING - No streamers found on page 3. Retrying in 2 seconds...
2025-03-13 02:16:45,328 - DEBUG - https://api.twitch.tv:443 "GET /helix/streams?first=100&after=eyJiIjp7IkN1cnNvciI6ImV5SnpJam8wTkRFdU1UUTBOemN6TmpNMk1EUTNMQ0prSWpwbVlXeHpaU3dpZENJNmRISjFaWDA9In0sImEiOnsiQ3Vyc29yIjoiZXlKeklqb3pPVGd1TURjeE1qVTBNak0yTWpNM05UWXNJbVFpT21aaGJITmxMQ0owSWpwMGNuVmxmUT09In19 HTTP/1.1" 200 None
2025-03-13 02:16:45,442 - WARNING - No streamers found on page 12. Retrying in 2 seconds...
2025-03-13 02:16:46,882 - DEBUG - Fetching page 4...
2025-03-13 02:16:46,887 - DEBUG - Starting new HTTPS connection (1): api.twitch.tv:443
2025-03-13 02:16:47,444 - DEBUG - Fetching page 13...
2025-03-13 02:16:47,446 - DEBUG - Starting new HTTPS connection (1): api.twitch.tv:443
2025-03-13 02:16:48,380 - DEBUG - https://api.twitch.tv:443 "GET /helix/streams?first=100&after=eyJiIjp7IkN1cnNvciI6ImV5SnpJam95TURFeUxqZzNNRE01T1RneE9UUXlOQ3dpWkNJNlptRnNjMlVzSW5RaU9uUnlkV1Y5In0sImEiOnsiQ3Vyc29yIjoiZXlKeklqb3hOREV4TGpFNE1qZ3dPRFV5TnpVNU5UWXNJbVFpT21aaGJITmxMQ0owSWpwMGNuVmxmUT09In19 HTTP/1.1" 200 None
2025-03-13 02:16:48,398 - WARNING - No streamers found on page 4. Retrying in 2 seconds...
2025-03-13 02:16:48,729 - DEBUG - https://api.twitch.tv:443 "GET /helix/streams?first=100&after=eyJiIjp7IkN1cnNvciI6ImV5SnpJam96T1RndU1EUXpOams1TmpNeU5qUXhPQ3dpWkNJNlptRnNjMlVzSW5RaU9uUnlkV1Y5In0sImEiOnsiQ3Vyc29yIjoiZXlKeklqb3pOVFV1T0RnNU1qRTJOelUxTlRVME1EWXNJbVFpT21aaGJITmxMQ0owSWpwMGNuVmxmUT09In19 HTTP/1.1" 200 None
2025-03-13 02:16:49,005 - WARNING - No streamers found on page 13. Retrying in 2 seconds...
2025-03-13 02:16:50,400 - DEBUG - Fetching page 5...
2025-03-13 02:16:50,406 - DEBUG - Starting new HTTPS connection (1): api.twitch.tv:443
2025-03-13 02:16:51,006 - DEBUG - Fetching page 14...
2025-03-13 02:16:51,012 - DEBUG - Starting new HTTPS connection (1): api.twitch.tv:443
2025-03-13 02:16:52,075 - DEBUG - https://api.twitch.tv:443 "GET /helix/streams?first=100&after=eyJiIjp7IkN1cnNvciI6ImV5SnpJam94TkRBM0xqQXpORE0xTVRnMU56TTROeXdpWkNJNlptRnNjMlVzSW5RaU9uUnlkV1Y5In0sImEiOnsiQ3Vyc29yIjoiZXlKeklqb3hNRGcyTGprMU1qUTJNREkyT0RNek1UUXNJbVFpT21aaGJITmxMQ0owSWpwMGNuVmxmUT09In19 HTTP/1.1" 200 None
2025-03-13 02:16:52,379 - DEBUG - https://api.twitch.tv:443 "GET /helix/streams?first=100&after=eyJiIjp7IkN1cnNvciI6ImV5SnpJam96TlRVdU16UXpNRFF4TmpJMU9EZzFNRFlzSW1RaU9tWmhiSE5sTENKMElqcDBjblZsZlE9PSJ9LCJhIjp7IkN1cnNvciI6ImV5SnpJam96TWpRdU16QTJPVFU0T0RjeU1qWXdPU3dpWkNJNlptRnNjMlVzSW5RaU9uUnlkV1Y5In19 HTTP/1.1" 200 None
2025-03-13 02:16:52,389 - WARNING - No streamers found on page 5. Retrying in 2 seconds...
2025-03-13 02:16:52,393 - WARNING - No streamers found on page 14. Retrying in 2 seconds...
2025-03-13 02:16:54,393 - DEBUG - Fetching page 6...
2025-03-13 02:16:54,394 - DEBUG - Fetching page 15...
2025-03-13 02:16:54,401 - DEBUG - Starting new HTTPS connection (1): api.twitch.tv:443
2025-03-13 02:16:54,405 - DEBUG - Starting new HTTPS connection (1): api.twitch.tv:443
2025-03-13 02:16:55,759 - DEBUG - https://api.twitch.tv:443 "GET /helix/streams?first=100&after=eyJiIjp7IkN1cnNvciI6ImV5SnpJam94TURnMkxqRTBOekEwTXpBeU1qTTJNVFVzSW1RaU9tWmhiSE5sTENKMElqcDBjblZsZlE9PSJ9LCJhIjp7IkN1cnNvciI6ImV5SnpJam81TVRjdU1EUTFPRFV6TnpBM05UUTNOQ3dpWkNJNlptRnNjMlVzSW5RaU9uUnlkV1Y5In19 HTTP/1.1" 200 None
2025-03-13 02:16:55,771 - DEBUG - https://api.twitch.tv:443 "GET /helix/streams?first=100&after=eyJiIjp7IkN1cnNvciI6ImV5SnpJam96TWpRdU1UWTFNVFF3TmpnNU1UVTJNallzSW1RaU9tWmhiSE5sTENKMElqcDBjblZsZlE9PSJ9LCJhIjp7IkN1cnNvciI6ImV5SnpJam95T1RrdU16QTBOemt5T1RNNE1UZzVORFVzSW1RaU9tWmhiSE5sTENKMElqcDBjblZsZlE9PSJ9fQ HTTP/1.1" 200 None
2025-03-13 02:16:55,771 - WARNING - No streamers found on page 6. Retrying in 2 seconds...
2025-03-13 02:16:55,790 - WARNING - No streamers found on page 15. Retrying in 2 seconds...
2025-03-13 02:16:57,775 - DEBUG - Fetching page 7...
2025-03-13 02:16:57,778 - DEBUG - Starting new HTTPS connection (1): api.twitch.tv:443
2025-03-13 02:16:57,791 - DEBUG - Fetching page 16...
2025-03-13 02:16:57,796 - DEBUG - Starting new HTTPS connection (1): api.twitch.tv:443
2025-03-13 02:16:59,340 - DEBUG - https://api.twitch.tv:443 "GET /helix/streams?first=100&after=eyJiIjp7IkN1cnNvciI6ImV5SnpJam81TVRJdU1qazJNVFExTXpnM056WXhOQ3dpWkNJNlptRnNjMlVzSW5RaU9uUnlkV1Y5In0sImEiOnsiQ3Vyc29yIjoiZXlKeklqbzNOakl1TWpReE5qVXhOekkxTmpBNE9Td2laQ0k2Wm1Gc2MyVXNJblFpT25SeWRXVjkifX0 HTTP/1.1" 200 None
2025-03-13 02:16:59,359 - WARNING - No streamers found on page 7. Retrying in 2 seconds...
2025-03-13 02:16:59,359 - DEBUG - https://api.twitch.tv:443 "GET /helix/streams?first=100&after=eyJiIjp7IkN1cnNvciI6ImV5SnpJam95T1RrdU1Ea3hNamMyTmpVNE1qVTBOU3dpWkNJNlptRnNjMlVzSW5RaU9uUnlkV1Y5In0sImEiOnsiQ3Vyc29yIjoiZXlKeklqb3lOemN1TmpNNE16YzVOemt6T0RJMU9Dd2laQ0k2Wm1Gc2MyVXNJblFpT25SeWRXVjkifX0 HTTP/1.1" 200 None
2025-03-13 02:16:59,372 - WARNING - No streamers found on page 16. Retrying in 2 seconds...
2025-03-13 02:17:01,359 - DEBUG - Fetching page 8...
2025-03-13 02:17:01,363 - DEBUG - Starting new HTTPS connection (1): api.twitch.tv:443
2025-03-13 02:17:01,374 - DEBUG - Fetching page 17...
2025-03-13 02:17:01,379 - DEBUG - Starting new HTTPS connection (1): api.twitch.tv:443
2025-03-13 02:17:02,930 - DEBUG - https://api.twitch.tv:443 "GET /helix/streams?first=100&after=eyJiIjp7IkN1cnNvciI6ImV5SnpJam8zTlRrdU5ETXlNVEV3TXpnM09UTXlOU3dpWkNJNlptRnNjMlVzSW5RaU9uUnlkV1Y5In0sImEiOnsiQ3Vyc29yIjoiZXlKeklqbzJORGN1T1RBM09UVXdNekkxT1RFd05pd2laQ0k2Wm1Gc2MyVXNJblFpT25SeWRXVjkifX0 HTTP/1.1" 200 None
2025-03-13 02:17:02,971 - WARNING - No streamers found on page 8. Retrying in 2 seconds...
2025-03-13 02:17:03,337 - DEBUG - https://api.twitch.tv:443 "GET /helix/streams?first=100&after=eyJiIjp7IkN1cnNvciI6ImV5SnpJam95TnpjdU5UTTNNemMxTkRjd01EVXNJbVFpT21aaGJITmxMQ0owSWpwMGNuVmxmUT09In0sImEiOnsiQ3Vyc29yIjoiZXlKeklqb3lOVGN1TkRJME5EY3lPRFV5TnpjeE9Td2laQ0k2Wm1Gc2MyVXNJblFpT25SeWRXVjkifX0 HTTP/1.1" 200 None
2025-03-13 02:17:03,653 - WARNING - No streamers found on page 17. Retrying in 2 seconds...
2025-03-13 02:17:04,972 - DEBUG - Fetching page 9...
2025-03-13 02:17:04,978 - DEBUG - Starting new HTTPS connection (1): api.twitch.tv:443
2025-03-13 02:17:05,653 - DEBUG - Fetching page 18...
2025-03-13 02:17:05,657 - DEBUG - Starting new HTTPS connection (1): api.twitch.tv:443
2025-03-13 02:17:06,505 - DEBUG - https://api.twitch.tv:443 "GET /helix/streams?first=100&after=eyJiIjp7IkN1cnNvciI6ImV5SnpJam8yTmpRdU5qa3dNek13TmpBM05URXhOeXdpWkNJNlptRnNjMlVzSW5RaU9uUnlkV1Y5In0sImEiOnsiQ3Vyc29yIjoiZXlKeklqbzFOakF1TnpZd05ESXpOalV3TlRBMk55d2laQ0k2Wm1Gc2MyVXNJblFpT25SeWRXVjkifX0 HTTP/1.1" 200 None
2025-03-13 02:17:06,523 - WARNING - No streamers found on page 9. Retrying in 2 seconds...
2025-03-13 02:17:06,858 - DEBUG - https://api.twitch.tv:443 "GET /helix/streams?first=100&after=eyJiIjp7IkN1cnNvciI6ImV5SnpJam95TnpZdU5UUTFNemszT0RZeE1EVTJNellzSW1RaU9tWmhiSE5sTENKMElqcDBjblZsZlE9PSJ9LCJhIjp7IkN1cnNvciI6ImV5SnpJam95TkRNdU1UTTRNVFEwT0RVME16RTROU3dpWkNJNlptRnNjMlVzSW5RaU9uUnlkV1Y5In19 HTTP/1.1" 200 None
2025-03-13 02:17:06,869 - WARNING - No streamers found on page 18. Retrying in 2 seconds...
2025-03-13 02:17:08,524 - DEBUG - Fetching page 10...
2025-03-13 02:17:08,529 - DEBUG - Starting new HTTPS connection (1): api.twitch.tv:443
2025-03-13 02:17:08,871 - DEBUG - Fetching page 19...
2025-03-13 02:17:08,873 - DEBUG - Starting new HTTPS connection (1): api.twitch.tv:443
2025-03-13 02:17:09,897 - DEBUG - https://api.twitch.tv:443 "GET /helix/streams?first=100&after=eyJiIjp7IkN1cnNvciI6ImV5SnpJam8xTmpBdU56WXdOVEl6TmpVd05UQTJOeXdpWkNJNlptRnNjMlVzSW5RaU9uUnlkV1Y5In0sImEiOnsiQ3Vyc29yIjoiZXlKeklqbzBPVFF1TkRReU5ETXdPVFEzTXpjME9Dd2laQ0k2Wm1Gc2MyVXNJblFpT25SeWRXVjkifX0 HTTP/1.1" 200 None
2025-03-13 02:17:09,907 - WARNING - No streamers found on page 10. Retrying in 2 seconds...
2025-03-13 02:17:10,298 - DEBUG - https://api.twitch.tv:443 "GET /helix/streams?first=100&after=eyJiIjp7IkN1cnNvciI6ImV5SnpJam95TmpVdU9Ua3pNRFUzT0RRek1qazJNU3dpWkNJNlptRnNjMlVzSW5RaU9uUnlkV1Y5In0sImEiOnsiQ3Vyc29yIjoiZXlKeklqb3lNamN1TVRZMU56azROekF4T1RFek1UWXNJbVFpT21aaGJITmxMQ0owSWpwMGNuVmxmUT09In19 HTTP/1.1" 200 None
2025-03-13 02:17:10,317 - WARNING - No streamers found on page 19. Retrying in 2 seconds...
2025-03-13 02:17:11,910 - DEBUG - Fetching page 11...
2025-03-13 02:17:11,912 - DEBUG - Starting new HTTPS connection (1): api.twitch.tv:443
2025-03-13 02:17:12,318 - DEBUG - Fetching page 20...
2025-03-13 02:17:12,322 - DEBUG - Starting new HTTPS connection (1): api.twitch.tv:443
2025-03-13 02:17:13,466 - DEBUG - https://api.twitch.tv:443 "GET /helix/streams?first=100&after=eyJiIjp7IkN1cnNvciI6ImV5SnpJam8wT1RNdU56QXhNelUxTWpReU1UQXdPU3dpWkNJNlptRnNjMlVzSW5RaU9uUnlkV1Y5In0sImEiOnsiQ3Vyc29yIjoiZXlKeklqbzBNemt1TnpjM01qWTFOemc1T1RJNU56UXNJbVFpT21aaGJITmxMQ0owSWpwMGNuVmxmUT09In19 HTTP/1.1" 200 None
2025-03-13 02:17:13,470 - WARNING - No streamers found on page 11. Retrying in 2 seconds...
2025-03-13 02:17:14,708 - DEBUG - https://api.twitch.tv:443 "GET /helix/streams?first=100&after=eyJiIjp7IkN1cnNvciI6ImV5SnpJam95TWpZdU56YzNNakkxTWpBMk1EZzROVFlzSW1RaU9tWmhiSE5sTENKMElqcDBjblZsZlE9PSJ9LCJhIjp7IkN1cnNvciI6ImV5SnpJam95TVRVdU1UVXdNamcxT0RZek5ERTFOVElzSW1RaU9tWmhiSE5sTENKMElqcDBjblZsZlE9PSJ9fQ HTTP/1.1" 200 None
2025-03-13 02:17:14,717 - WARNING - No streamers found on page 20. Retrying in 2 seconds...
2025-03-13 02:17:15,475 - DEBUG - Fetching page 12...
2025-03-13 02:17:15,478 - DEBUG - Starting new HTTPS connection (1): api.twitch.tv:443
2025-03-13 02:17:16,718 - DEBUG - Fetching page 21...
2025-03-13 02:17:16,724 - DEBUG - Starting new HTTPS connection (1): api.twitch.tv:443
2025-03-13 02:17:17,365 - DEBUG - https://api.twitch.tv:443 "GET /helix/streams?first=100&after=eyJiIjp7IkN1cnNvciI6ImV5SnpJam8wTXprdU5ESTBNelU0TVRRME9UWTJPVFlzSW1RaU9tWmhiSE5sTENKMElqcDBjblZsZlE9PSJ9LCJhIjp7IkN1cnNvciI6ImV5SnpJam96T1RrdU5UZzVORFkxTWpZMU16WXlOVFVzSW1RaU9tWmhiSE5sTENKMElqcDBjblZsZlE9PSJ9fQ HTTP/1.1" 200 None
2025-03-13 02:17:17,567 - WARNING - No streamers found on page 12. Retrying in 2 seconds...
2025-03-13 02:17:18,191 - DEBUG - https://api.twitch.tv:443 "GET /helix/streams?first=100&after=eyJiIjp7IkN1cnNvciI6ImV5SnpJam95TVRVdU1EWXdPVGc0TnpRM056WXhPRE1zSW1RaU9tWmhiSE5sTENKMElqcDBjblZsZlE9PSJ9LCJhIjp7IkN1cnNvciI6ImV5SnpJam95TURJdU1UVTRNalV4TmpVM056RTJNVFlzSW1RaU9tWmhiSE5sTENKMElqcDBjblZsZlE9PSJ9fQ HTTP/1.1" 200 None
2025-03-13 02:17:18,202 - WARNING - No streamers found on page 21. Retrying in 2 seconds...
2025-03-13 02:17:19,568 - DEBUG - Fetching page 13...
2025-03-13 02:17:19,573 - DEBUG - Starting new HTTPS connection (1): api.twitch.tv:443
2025-03-13 02:17:20,203 - DEBUG - Fetching page 22...
2025-03-13 02:17:20,208 - DEBUG - Starting new HTTPS connection (1): api.twitch.tv:443
2025-03-13 02:17:22,035 - DEBUG - https://api.twitch.tv:443 "GET /helix/streams?first=100&after=eyJiIjp7IkN1cnNvciI6ImV5SnpJam95TURJdU1EZ3lOVGsxT0RBd01EWTRPRFFzSW1RaU9tWmhiSE5sTENKMElqcDBjblZsZlE9PSJ9LCJhIjp7IkN1cnNvciI6ImV5SnpJam94T1RJdU5Ea3dNRGczTmpjMk1qY3hPVFFzSW1RaU9tWmhiSE5sTENKMElqcDBjblZsZlE9PSJ9fQ HTTP/1.1" 200 None
2025-03-13 02:17:22,039 - WARNING - No streamers found on page 22. Retrying in 2 seconds...
2025-03-13 02:17:22,239 - DEBUG - https://api.twitch.tv:443 "GET /helix/streams?first=100&after=eyJiIjp7IkN1cnNvciI6ImV5SnpJam96T1RrdU1ESTJNREkxT1RnM05EWTVNVFVzSW1RaU9tWmhiSE5sTENKMElqcDBjblZsZlE9PSJ9LCJhIjp7IkN1cnNvciI6ImV5SnpJam96TlRjdU1qazFOREl3TURFMk9Ua3lNelVzSW1RaU9tWmhiSE5sTENKMElqcDBjblZsZlE9PSJ9fQ HTTP/1.1" 200 None
2025-03-13 02:17:22,569 - WARNING - No streamers found on page 13. Retrying in 2 seconds...
2025-03-13 02:17:24,041 - DEBUG - Fetching page 23...
2025-03-13 02:17:24,046 - DEBUG - Starting new HTTPS connection (1): api.twitch.tv:443
2025-03-13 02:17:24,570 - DEBUG - Fetching page 14...
2025-03-13 02:17:24,573 - DEBUG - Starting new HTTPS connection (1): api.twitch.tv:443
2025-03-13 02:17:25,842 - DEBUG - https://api.twitch.tv:443 "GET /helix/streams?first=100&after=eyJiIjp7IkN1cnNvciI6ImV5SnpJam94T1RJdU16WTNPRE14T1RRek5qUXlNeXdpWkNJNlptRnNjMlVzSW5RaU9uUnlkV1Y5In0sImEiOnsiQ3Vyc29yIjoiZXlKeklqb3hPREV1T0RZNE16UXlOall3TVRZMk9UY3NJbVFpT21aaGJITmxMQ0owSWpwMGNuVmxmUT09In19 HTTP/1.1" 200 None
2025-03-13 02:17:26,058 - WARNING - No streamers found on page 23. Retrying in 2 seconds...
2025-03-13 02:17:26,554 - DEBUG - https://api.twitch.tv:443 "GET /helix/streams?first=100&after=eyJiIjp7IkN1cnNvciI6ImV5SnpJam96TlRZdU9UY3lOVGMwTnpnMk56UXlNemNzSW1RaU9tWmhiSE5sTENKMElqcDBjblZsZlE9PSJ9LCJhIjp7IkN1cnNvciI6ImV5SnpJam96TWpRdU9USXlPREF5TkRNM01UUXhPRFVzSW1RaU9tWmhiSE5sTENKMElqcDBjblZsZlE9PSJ9fQ HTTP/1.1" 200 None
2025-03-13 02:17:26,752 - WARNING - No streamers found on page 14. Retrying in 2 seconds...
2025-03-13 02:17:28,058 - DEBUG - Fetching page 24...
2025-03-13 02:17:28,061 - DEBUG - Starting new HTTPS connection (1): api.twitch.tv:443
2025-03-13 02:17:28,753 - DEBUG - Fetching page 15...
2025-03-13 02:17:28,755 - DEBUG - Starting new HTTPS connection (1): api.twitch.tv:443
2025-03-13 02:17:29,396 - DEBUG - https://api.twitch.tv:443 "GET /helix/streams?first=100&after=eyJiIjp7IkN1cnNvciI6ImV5SnpJam94T0RFdU5UY3hNREkwTURRNU5ETTVNalVzSW1RaU9tWmhiSE5sTENKMElqcDBjblZsZlE9PSJ9LCJhIjp7IkN1cnNvciI6ImV5SnpJam94TnpBdU9UWXlOak0wT1RBeU9UWTNOQ3dpWkNJNlptRnNjMlVzSW5RaU9uUnlkV1Y5In19 HTTP/1.1" 200 None
2025-03-13 02:17:29,402 - WARNING - No streamers found on page 24. Retrying in 2 seconds...
2025-03-13 02:17:29,971 - DEBUG - https://api.twitch.tv:443 "GET /helix/streams?first=100&after=eyJiIjp7IkN1cnNvciI6ImV5SnpJam96TWpRdU9EY3pNVGczT0RnNU1EZ3lOallzSW1RaU9tWmhiSE5sTENKMElqcDBjblZsZlE9PSJ9LCJhIjp7IkN1cnNvciI6ImV5SnpJam95T1RrdU56VTNNelUwTXpjMU1qRTBNek1zSW1RaU9tWmhiSE5sTENKMElqcDBjblZsZlE9PSJ9fQ HTTP/1.1" 200 None
2025-03-13 02:17:29,981 - WARNING - No streamers found on page 15. Retrying in 2 seconds...
2025-03-13 02:17:31,403 - DEBUG - Fetching page 25...
2025-03-13 02:17:31,406 - DEBUG - Starting new HTTPS connection (1): api.twitch.tv:443
2025-03-13 02:17:31,983 - DEBUG - Fetching page 16...
2025-03-13 02:17:31,985 - DEBUG - Starting new HTTPS connection (1): api.twitch.tv:443
2025-03-13 02:17:32,682 - DEBUG - https://api.twitch.tv:443 "GET /helix/streams?first=100&after=eyJiIjp7IkN1cnNvciI6ImV5SnpJam94TnpBdU9EZzFOVFEzT1RreE5UZ3lOVFFzSW1RaU9tWmhiSE5sTENKMElqcDBjblZsZlE9PSJ9LCJhIjp7IkN1cnNvciI6ImV5SnpJam94TmpFdU9UTXhNelkxTWpjME5EQTFOVFVzSW1RaU9tWmhiSE5sTENKMElqcDBjblZsZlE9PSJ9fQ HTTP/1.1" 200 None
2025-03-13 02:17:32,691 - WARNING - No streamers found on page 25. Retrying in 2 seconds...
2025-03-13 02:17:33,560 - DEBUG - https://api.twitch.tv:443 "GET /helix/streams?first=100&after=eyJiIjp7IkN1cnNvciI6ImV5SnpJam95T1RrdU56VTFOVGs1T1RFeE56TXpORFFzSW1RaU9tWmhiSE5sTENKMElqcDBjblZsZlE9PSJ9LCJhIjp7IkN1cnNvciI6ImV5SnpJam95TnpndU5ERXlOemt3TURJd05qSXhNak1zSW1RaU9tWmhiSE5sTENKMElqcDBjblZsZlE9PSJ9fQ HTTP/1.1" 200 None
2025-03-13 02:17:33,810 - WARNING - No streamers found on page 16. Retrying in 2 seconds...
2025-03-13 02:17:34,692 - DEBUG - Fetching page 26...
2025-03-13 02:17:34,696 - DEBUG - Starting new HTTPS connection (1): api.twitch.tv:443
2025-03-13 02:17:35,811 - DEBUG - Fetching page 17...
2025-03-13 02:17:35,817 - DEBUG - Starting new HTTPS connection (1): api.twitch.tv:443
2025-03-13 02:17:36,319 - DEBUG - https://api.twitch.tv:443 "GET /helix/streams?first=100&after=eyJiIjp7IkN1cnNvciI6ImV5SnpJam94TmpFdU9EQTFOVGt5TkRrNE5EWXpPVFFzSW1RaU9tWmhiSE5sTENKMElqcDBjblZsZlE9PSJ9LCJhIjp7IkN1cnNvciI6ImV5SnpJam94TlRNdU9ESXhOekl3TURjM05EUTBPRFFzSW1RaU9tWmhiSE5sTENKMElqcDBjblZsZlE9PSJ9fQ HTTP/1.1" 200 None
2025-03-13 02:17:36,340 - WARNING - No streamers found on page 26. Retrying in 2 seconds...
2025-03-13 02:17:37,124 - DEBUG - https://api.twitch.tv:443 "GET /helix/streams?first=100&after=eyJiIjp7IkN1cnNvciI6ImV5SnpJam95TnpndU16RTVOalUxTnpZeU5UazBNU3dpWkNJNlptRnNjMlVzSW5RaU9uUnlkV1Y5In0sImEiOnsiQ3Vyc29yIjoiZXlKeklqb3lOVFV1TWpnME1qSXpNamd6TXpBME5UTXNJbVFpT21aaGJITmxMQ0owSWpwMGNuVmxmUT09In19 HTTP/1.1" 200 None
2025-03-13 02:17:37,440 - WARNING - No streamers found on page 17. Retrying in 2 seconds...
2025-03-13 02:17:38,341 - DEBUG - Fetching page 27...
2025-03-13 02:17:38,346 - DEBUG - Starting new HTTPS connection (1): api.twitch.tv:443
2025-03-13 02:17:39,441 - DEBUG - Fetching page 18...
2025-03-13 02:17:39,447 - DEBUG - Starting new HTTPS connection (1): api.twitch.tv:443
2025-03-13 02:17:40,462 - DEBUG - https://api.twitch.tv:443 "GET /helix/streams?first=100&after=eyJiIjp7IkN1cnNvciI6ImV5SnpJam94TlRNdU56WTFNRFUxTlRneU5UY3hNRGdzSW1RaU9tWmhiSE5sTENKMElqcDBjblZsZlE9PSJ9LCJhIjp7IkN1cnNvciI6ImV5SnpJam94TkRjdU16TTNNalUyTmpjeU1EQXlNek1zSW1RaU9tWmhiSE5sTENKMElqcDBjblZsZlE9PSJ9fQ HTTP/1.1" 200 None
2025-03-13 02:17:40,468 - INFO - Logged details of 5 streamers below 5000 viewers.
2025-03-13 02:17:40,477 - INFO - Pangi - 718 viewers - Minecraft
2025-03-13 02:17:40,477 - INFO - Tags: ['LifestealSMP', 'MinecraftSMP', 'Minecraft', 'English', 'TheRealm', 'ViewerRewards']
2025-03-13 02:17:40,477 - INFO - Sneegsnag - 698 viewers - Minecraft
2025-03-13 02:17:40,477 - INFO - Tags: ['English', 'ADHD', 'farts', 'mcc', 'minecraft', 'mcyt', 'moddedminecraft', 'therealm', 'ViewerRewards']
2025-03-13 02:17:40,477 - INFO - PewDiePie - 220 viewers - Minecraft
2025-03-13 02:17:40,477 - INFO - Tags: ['Minecraft', 'YouTube', 'AlwaysOn', 'English', 'Rerun', 'ViewerRewards']
2025-03-13 02:17:40,477 - INFO - LoganKalazar - 147 viewers - Minecraft
2025-03-13 02:17:40,478 - INFO - Tags: ['English', 'Variety', 'gaming', 'onepiece', 'Competitive', 'Him', 'GamerOfTheYear', 'HypixelSkyblock', 'minecraft', 'ViewerRewards']
2025-03-13 02:17:40,478 - INFO - osie - 142 viewers - Police Simulator: Patrol Officers
2025-03-13 02:17:40,479 - INFO - Tags: ['minecraft', 'zoo', 'friends', 'English']
2025-03-13 02:17:40,607 - DEBUG - https://api.twitch.tv:443 "GET /helix/streams?first=100&after=eyJiIjp7IkN1cnNvciI6ImV5SnpJam95TlRVdU1qUXlNalV6TWprME5UQXpPRFVzSW1RaU9tWmhiSE5sTENKMElqcDBjblZsZlE9PSJ9LCJhIjp7IkN1cnNvciI6ImV5SnpJam95TkRFdU5qZzJOVFUzTXpVNU56VXdOaklzSW1RaU9tWmhiSE5sTENKMElqcDBjblZsZlE9PSJ9fQ HTTP/1.1" 200 None
2025-03-13 02:17:40,924 - WARNING - No streamers found on page 18. Retrying in 2 seconds...
2025-03-13 02:17:42,925 - DEBUG - Fetching page 19...
2025-03-13 02:17:42,927 - DEBUG - Starting new HTTPS connection (1): api.twitch.tv:443
2025-03-13 02:17:44,198 - DEBUG - https://api.twitch.tv:443 "GET /helix/streams?first=100&after=eyJiIjp7IkN1cnNvciI6ImV5SnpJam95TkRFdU5USXpNVFkxTmpJNU16WTNNVFlzSW1RaU9tWmhiSE5sTENKMElqcDBjblZsZlE9PSJ9LCJhIjp7IkN1cnNvciI6ImV5SnpJam95TWpZdU1qTXlNVFl4TkRZNE1ERXhPVFVzSW1RaU9tWmhiSE5sTENKMElqcDBjblZsZlE9PSJ9fQ HTTP/1.1" 200 None
2025-03-13 02:17:44,319 - WARNING - No streamers found on page 19. Retrying in 2 seconds...
2025-03-13 02:17:46,323 - DEBUG - Fetching page 20...
2025-03-13 02:17:46,324 - DEBUG - Starting new HTTPS connection (1): api.twitch.tv:443
2025-03-13 02:17:47,361 - DEBUG - https://api.twitch.tv:443 "GET /helix/streams?first=100&after=eyJiIjp7IkN1cnNvciI6ImV5SnpJam95TWpZdU1EWXhOams1TURrek1UQXhMQ0prSWpwbVlXeHpaU3dpZENJNmRISjFaWDA9In0sImEiOnsiQ3Vyc29yIjoiZXlKeklqb3lNVFF1TkRBME1qQXhPRFE0TXpVMk5qZ3NJbVFpT21aaGJITmxMQ0owSWpwMGNuVmxmUT09In19 HTTP/1.1" 200 None
2025-03-13 02:17:47,367 - WARNING - No streamers found on page 20. Retrying in 2 seconds...
2025-03-13 02:17:49,368 - DEBUG - Fetching page 21...
2025-03-13 02:17:49,375 - DEBUG - Starting new HTTPS connection (1): api.twitch.tv:443
2025-03-13 02:17:51,246 - DEBUG - https://api.twitch.tv:443 "GET /helix/streams?first=100&after=eyJiIjp7IkN1cnNvciI6ImV5SnpJam95TVRRdU16azVORE13T0RreE5Ua3hPVElzSW1RaU9tWmhiSE5sTENKMElqcDBjblZsZlE9PSJ9LCJhIjp7IkN1cnNvciI6ImV5SnpJam95TURFdU1qY3pOVFF6TURNek5EQTVPRGdzSW1RaU9tWmhiSE5sTENKMElqcDBjblZsZlE9PSJ9fQ HTTP/1.1" 200 None
2025-03-13 02:17:51,799 - WARNING - No streamers found on page 21. Retrying in 2 seconds...
2025-03-13 02:17:53,803 - DEBUG - Fetching page 22...
2025-03-13 02:17:53,807 - DEBUG - Starting new HTTPS connection (1): api.twitch.tv:443
2025-03-13 02:17:55,897 - DEBUG - https://api.twitch.tv:443 "GET /helix/streams?first=100&after=eyJiIjp7IkN1cnNvciI6ImV5SnpJam95TURFdU1qVXpORFl6TmpNNU1EQTFORElzSW1RaU9tWmhiSE5sTENKMElqcDBjblZsZlE9PSJ9LCJhIjp7IkN1cnNvciI6ImV5SnpJam94T1RFdU5qSXdOVEl3TVRRMU5qQTJPVFVzSW1RaU9tWmhiSE5sTENKMElqcDBjblZsZlE9PSJ9fQ HTTP/1.1" 200 None
2025-03-13 02:17:56,163 - WARNING - No streamers found on page 22. Retrying in 2 seconds...
2025-03-13 02:17:58,164 - DEBUG - Fetching page 23...
2025-03-13 02:17:58,166 - DEBUG - Starting new HTTPS connection (1): api.twitch.tv:443
2025-03-13 02:17:59,861 - DEBUG - https://api.twitch.tv:443 "GET /helix/streams?first=100&after=eyJiIjp7IkN1cnNvciI6ImV5SnpJam94T1RFdU5EYzNOVEl5TmpJeE5UQTRNVEVzSW1RaU9tWmhiSE5sTENKMElqcDBjblZsZlE9PSJ9LCJhIjp7IkN1cnNvciI6ImV5SnpJam94T0RBdU56QXpNakV4TlRjMU9UY3pNallzSW1RaU9tWmhiSE5sTENKMElqcDBjblZsZlE9PSJ9fQ HTTP/1.1" 200 None
2025-03-13 02:17:59,965 - WARNING - No streamers found on page 23. Retrying in 2 seconds...
2025-03-13 02:18:01,966 - DEBUG - Fetching page 24...
2025-03-13 02:18:01,975 - DEBUG - Starting new HTTPS connection (1): api.twitch.tv:443
2025-03-13 02:18:03,341 - DEBUG - https://api.twitch.tv:443 "GET /helix/streams?first=100&after=eyJiIjp7IkN1cnNvciI6ImV5SnpJam94T0RBdU5UZ3hNamcxTnpVME1USXhNaXdpWkNJNlptRnNjMlVzSW5RaU9uUnlkV1Y5In0sImEiOnsiQ3Vyc29yIjoiZXlKeklqb3hOekF1TlRjd09UazFOVGd5T1RJNU1pd2laQ0k2Wm1Gc2MyVXNJblFpT25SeWRXVjkifX0 HTTP/1.1" 200 None
2025-03-13 02:18:03,355 - WARNING - No streamers found on page 24. Retrying in 2 seconds...
2025-03-13 02:18:05,356 - DEBUG - Fetching page 25...
2025-03-13 02:18:05,359 - DEBUG - Starting new HTTPS connection (1): api.twitch.tv:443
2025-03-13 02:18:06,936 - DEBUG - https://api.twitch.tv:443 "GET /helix/streams?first=100&after=eyJiIjp7IkN1cnNvciI6ImV5SnpJam94T0RjdU1qQXpOelE1TmpZMU1UQTJOVGtzSW1RaU9tWmhiSE5sTENKMElqcDBjblZsZlE9PSJ9LCJhIjp7IkN1cnNvciI6ImV5SnpJam94TmpFdU5ESXhNems0TmpnNE5UQXhOalVzSW1RaU9tWmhiSE5sTENKMElqcDBjblZsZlE9PSJ9fQ HTTP/1.1" 200 None
2025-03-13 02:18:07,092 - WARNING - No streamers found on page 25. Retrying in 2 seconds...
2025-03-13 02:18:09,093 - DEBUG - Fetching page 26...
2025-03-13 02:18:09,097 - DEBUG - Starting new HTTPS connection (1): api.twitch.tv:443
2025-03-13 02:18:10,311 - DEBUG - https://api.twitch.tv:443 "GET /helix/streams?first=100&after=eyJiIjp7IkN1cnNvciI6ImV5SnpJam94TnpFdU5qRTFNREUxT0RZME5URTFORFFzSW1RaU9tWmhiSE5sTENKMElqcDBjblZsZlE9PSJ9LCJhIjp7IkN1cnNvciI6ImV5SnpJam94TlRNdU16QXlOamsyT1RBNE9UVTNOaXdpWkNJNlptRnNjMlVzSW5RaU9uUnlkV1Y5In19 HTTP/1.1" 200 None
2025-03-13 02:18:10,568 - WARNING - No streamers found on page 26. Retrying in 2 seconds...
2025-03-13 02:18:12,569 - DEBUG - Fetching page 27...
2025-03-13 02:18:12,569 - DEBUG - Starting new HTTPS connection (1): api.twitch.tv:443
2025-03-13 02:18:13,990 - DEBUG - https://api.twitch.tv:443 "GET /helix/streams?first=100&after=eyJiIjp7IkN1cnNvciI6ImV5SnpJam94TlRNdU1qZzRPVFE1TURBeU16UTJNalFzSW1RaU9tWmhiSE5sTENKMElqcDBjblZsZlE9PSJ9LCJhIjp7IkN1cnNvciI6ImV5SnpJam94TkRjdU1EWTBORE0yT0RFNE1EZzFNemNzSW1RaU9tWmhiSE5sTENKMElqcDBjblZsZlE9PSJ9fQ HTTP/1.1" 200 None
2025-03-13 02:18:14,005 - INFO - Logged details of 5 streamers below 5000 viewers.
2025-03-13 02:18:14,013 - INFO - Pangi - 718 viewers - Minecraft
2025-03-13 02:18:14,014 - INFO - Tags: ['LifestealSMP', 'MinecraftSMP', 'Minecraft', 'English', 'TheRealm', 'ViewerRewards']
2025-03-13 02:18:14,015 - INFO - Sneegsnag - 698 viewers - Minecraft
2025-03-13 02:18:14,015 - INFO - Tags: ['English', 'ADHD', 'farts', 'mcc', 'minecraft', 'mcyt', 'moddedminecraft', 'therealm', 'ViewerRewards']
2025-03-13 02:18:14,015 - INFO - PewDiePie - 220 viewers - Minecraft
2025-03-13 02:18:14,015 - INFO - Tags: ['Minecraft', 'YouTube', 'AlwaysOn', 'English', 'Rerun', 'ViewerRewards']
2025-03-13 02:18:14,015 - INFO - LoganKalazar - 147 viewers - Minecraft
2025-03-13 02:18:14,016 - INFO - Tags: ['English', 'Variety', 'gaming', 'onepiece', 'Competitive', 'Him', 'GamerOfTheYear', 'HypixelSkyblock', 'minecraft', 'ViewerRewards']
2025-03-13 02:18:14,017 - INFO - osie - 142 viewers - Police Simulator: Patrol Officers
2025-03-13 02:18:14,017 - INFO - Tags: ['minecraft', 'zoo', 'friends', 'English']
2025-03-13 04:55:29,328 - DEBUG - Fetching page 1...
2025-03-13 04:55:29,336 - DEBUG - Starting new HTTPS connection (1): api.twitch.tv:443
2025-03-13 04:55:30,577 - DEBUG - https://api.twitch.tv:443 "GET /helix/streams?first=100 HTTP/1.1" 200 None
2025-03-13 04:55:30,580 - INFO - No streamers found on page 1. Retrying in 2 seconds...
2025-03-13 04:55:32,582 - DEBUG - Fetching page 2...
2025-03-13 04:55:32,585 - DEBUG - Starting new HTTPS connection (1): api.twitch.tv:443
2025-03-13 04:55:33,739 - DEBUG - https://api.twitch.tv:443 "GET /helix/streams?first=100&after=eyJiIjp7IkN1cnNvciI6ImV5SnpJam96TnpBeE55NDFOak01TlRrMk1UTTRNRFlzSW1RaU9tWmhiSE5sTENKMElqcDBjblZsZlE9PSJ9LCJhIjp7IkN1cnNvciI6ImV5SnpJam96TWpnMExqa3hPRFkzTWpZeU1qSXlOU3dpWkNJNlptRnNjMlVzSW5RaU9uUnlkV1Y5In19 HTTP/1.1" 200 None
2025-03-13 04:55:33,744 - INFO - No streamers found on page 2. Retrying in 2 seconds...
2025-03-13 04:55:35,750 - DEBUG - Fetching page 3...
2025-03-13 04:55:35,757 - DEBUG - Starting new HTTPS connection (1): api.twitch.tv:443
2025-03-13 04:55:38,097 - DEBUG - https://api.twitch.tv:443 "GET /helix/streams?first=100&after=eyJiIjp7IkN1cnNvciI6ImV5SnpJam96TWpNMUxqSTRNemt3TlRnek56azRNellzSW1RaU9tWmhiSE5sTENKMElqcDBjblZsZlE9PSJ9LCJhIjp7IkN1cnNvciI6ImV5SnpJam94TmpnMExqTTBNalV5TmpZNU5EWTJPVGNzSW1RaU9tWmhiSE5sTENKMElqcDBjblZsZlE9PSJ9fQ HTTP/1.1" 200 None
2025-03-13 04:55:38,105 - INFO - No streamers found on page 3. Retrying in 2 seconds...
2025-03-13 04:55:40,106 - DEBUG - Fetching page 4...
2025-03-13 04:55:40,106 - DEBUG - Starting new HTTPS connection (1): api.twitch.tv:443
2025-03-13 04:55:41,414 - DEBUG - https://api.twitch.tv:443 "GET /helix/streams?first=100&after=eyJiIjp7IkN1cnNvciI6ImV5SnpJam94TmpjNExqSXhNemt6TXprek5EazNNeXdpWkNJNlptRnNjMlVzSW5RaU9uUnlkV1Y5In0sImEiOnsiQ3Vyc29yIjoiZXlKeklqb3hNVGc1TGpFM016UXpPVEV4TkRRMU9Dd2laQ0k2Wm1Gc2MyVXNJblFpT25SeWRXVjkifX0 HTTP/1.1" 200 None
2025-03-13 04:55:41,425 - INFO - No streamers found on page 4. Retrying in 2 seconds...
2025-03-13 04:55:43,426 - DEBUG - Fetching page 5...
2025-03-13 04:55:43,427 - DEBUG - Starting new HTTPS connection (1): api.twitch.tv:443
2025-03-13 04:55:45,275 - DEBUG - https://api.twitch.tv:443 "GET /helix/streams?first=100&after=eyJiIjp7IkN1cnNvciI6ImV5SnpJam94TVRnNExqSTFNVEEwTURZeE9ESXlOallzSW1RaU9tWmhiSE5sTENKMElqcDBjblZsZlE9PSJ9LCJhIjp7IkN1cnNvciI6ImV5SnpJam80TnpJdU56STVNamMzT0RrNU1ESXpNU3dpWkNJNlptRnNjMlVzSW5RaU9uUnlkV1Y5In19 HTTP/1.1" 200 None
2025-03-13 04:55:45,284 - INFO - No streamers found on page 5. Retrying in 2 seconds...
2025-03-13 04:55:47,285 - DEBUG - Fetching page 6...
2025-03-13 04:55:47,285 - DEBUG - Starting new HTTPS connection (1): api.twitch.tv:443
2025-03-13 04:55:48,632 - DEBUG - https://api.twitch.tv:443 "GET /helix/streams?first=100&after=eyJiIjp7IkN1cnNvciI6ImV5SnpJam80TmpjdU56TTBNakUxTmpBMU9UUXlNaXdpWkNJNlptRnNjMlVzSW5RaU9uUnlkV1Y5In0sImEiOnsiQ3Vyc29yIjoiZXlKeklqbzNNVEV1TVRRME5qazJPRFl3Tmpjd09Td2laQ0k2Wm1Gc2MyVXNJblFpT25SeWRXVjkifX0 HTTP/1.1" 200 None
2025-03-13 04:55:48,642 - INFO - No streamers found on page 6. Retrying in 2 seconds...
2025-03-13 04:55:50,644 - DEBUG - Fetching page 7...
2025-03-13 04:55:50,647 - DEBUG - Starting new HTTPS connection (1): api.twitch.tv:443
2025-03-13 04:55:51,827 - DEBUG - https://api.twitch.tv:443 "GET /helix/streams?first=100&after=eyJiIjp7IkN1cnNvciI6ImV5SnpJam8zTVRBdU16UTBOall4T0RJNE5EUXpOaXdpWkNJNlptRnNjMlVzSW5RaU9uUnlkV1Y5In0sImEiOnsiQ3Vyc29yIjoiZXlKeklqbzFPVGd1TVRrek5UZ3pOVFUxTXprME9Td2laQ0k2Wm1Gc2MyVXNJblFpT25SeWRXVjkifX0 HTTP/1.1" 200 None
2025-03-13 04:55:51,847 - INFO - No streamers found on page 7. Retrying in 2 seconds...
2025-03-13 04:55:53,851 - DEBUG - Fetching page 8...
2025-03-13 04:55:53,853 - DEBUG - Starting new HTTPS connection (1): api.twitch.tv:443
2025-03-13 04:55:55,172 - DEBUG - https://api.twitch.tv:443 "GET /helix/streams?first=100&after=eyJiIjp7IkN1cnNvciI6ImV5SnpJam8xT1RndU1UWTNPRGt3TlRBNE1qTXlOaXdpWkNJNlptRnNjMlVzSW5RaU9uUnlkV1Y5In0sImEiOnsiQ3Vyc29yIjoiZXlKeklqbzFNRE11TlRjek5EY3lOREk0TURrNU1qVXNJbVFpT21aaGJITmxMQ0owSWpwMGNuVmxmUT09In19 HTTP/1.1" 200 None
2025-03-13 04:55:55,183 - INFO - No streamers found on page 8. Retrying in 2 seconds...
2025-03-13 04:55:57,184 - DEBUG - Fetching page 9...
2025-03-13 04:55:57,187 - DEBUG - Starting new HTTPS connection (1): api.twitch.tv:443
2025-03-13 04:55:58,463 - DEBUG - https://api.twitch.tv:443 "GET /helix/streams?first=100&after=eyJiIjp7IkN1cnNvciI6ImV5SnpJam8xTURJdU5qZ3hPREE1TnpZeE5EZzNOQ3dpWkNJNlptRnNjMlVzSW5RaU9uUnlkV1Y5In0sImEiOnsiQ3Vyc29yIjoiZXlKeklqbzBNekl1T1RZMk9ESXdOalkwTURZd05qWXNJbVFpT21aaGJITmxMQ0owSWpwMGNuVmxmUT09In19 HTTP/1.1" 200 None
2025-03-13 04:55:58,471 - INFO - No streamers found on page 9. Retrying in 2 seconds...
2025-03-13 04:56:00,472 - DEBUG - Fetching page 10...
2025-03-13 04:56:00,478 - DEBUG - Starting new HTTPS connection (1): api.twitch.tv:443
2025-03-13 04:56:01,690 - DEBUG - https://api.twitch.tv:443 "GET /helix/streams?first=100&after=eyJiIjp7IkN1cnNvciI6ImV5SnpJam8wTXpJdU56Z3hNalkzTXpFd05qYzBOaXdpWkNJNlptRnNjMlVzSW5RaU9uUnlkV1Y5In0sImEiOnsiQ3Vyc29yIjoiZXlKeklqb3pPREV1TWpZeU1qTTVORFV5TVRBNU9Td2laQ0k2Wm1Gc2MyVXNJblFpT25SeWRXVjkifX0 HTTP/1.1" 200 None
2025-03-13 04:56:01,700 - INFO - No streamers found on page 10. Retrying in 2 seconds...
2025-03-13 04:56:03,700 - DEBUG - Fetching page 11...
2025-03-13 04:56:03,703 - DEBUG - Starting new HTTPS connection (1): api.twitch.tv:443
2025-03-13 04:56:05,325 - DEBUG - https://api.twitch.tv:443 "GET /helix/streams?first=100&after=eyJiIjp7IkN1cnNvciI6ImV5SnpJam96T0RNdU16UTVNemcyTmpVNU56WTFMQ0prSWpwbVlXeHpaU3dpZENJNmRISjFaWDA9In0sImEiOnsiQ3Vyc29yIjoiZXlKeklqb3pORGN1T0RFek5EZ3hNamsyT0RrM09EWXNJbVFpT21aaGJITmxMQ0owSWpwMGNuVmxmUT09In19 HTTP/1.1" 200 None
2025-03-13 04:56:05,354 - INFO - No streamers found on page 11. Retrying in 2 seconds...
2025-03-13 04:56:07,355 - DEBUG - Fetching page 12...
2025-03-13 04:56:07,358 - DEBUG - Starting new HTTPS connection (1): api.twitch.tv:443
2025-03-13 04:56:09,477 - DEBUG - https://api.twitch.tv:443 "GET /helix/streams?first=100&after=eyJiIjp7IkN1cnNvciI6ImV5SnpJam96TkRjdU5UYzJNVEkzTnprNU9ESTNOalVzSW1RaU9tWmhiSE5sTENKMElqcDBjblZsZlE9PSJ9LCJhIjp7IkN1cnNvciI6ImV5SnpJam96TVRRdU16QTJPVFU0T0RjeU1qWXdPU3dpWkNJNlptRnNjMlVzSW5RaU9uUnlkV1Y5In19 HTTP/1.1" 200 None
2025-03-13 04:56:09,492 - INFO - No streamers found on page 12. Retrying in 2 seconds...
2025-03-13 04:56:11,498 - DEBUG - Fetching page 13...
2025-03-13 04:56:11,498 - DEBUG - Starting new HTTPS connection (1): api.twitch.tv:443
2025-03-13 04:56:12,634 - DEBUG - https://api.twitch.tv:443 "GET /helix/streams?first=100&after=eyJiIjp7IkN1cnNvciI6ImV5SnpJam96TVRNdU16RTBOek0yTURnek5EVTJMQ0prSWpwbVlXeHpaU3dpZENJNmRISjFaWDA9In0sImEiOnsiQ3Vyc29yIjoiZXlKeklqb3lOemt1T0RneE5UUTVOekE0TlRnd05pd2laQ0k2Wm1Gc2MyVXNJblFpT25SeWRXVjkifX0 HTTP/1.1" 200 None
2025-03-13 04:56:12,648 - INFO - No streamers found on page 13. Retrying in 2 seconds...
2025-03-13 04:56:14,649 - DEBUG - Fetching page 14...
2025-03-13 04:56:14,653 - DEBUG - Starting new HTTPS connection (1): api.twitch.tv:443
2025-03-13 04:56:15,830 - DEBUG - https://api.twitch.tv:443 "GET /helix/streams?first=100&after=eyJiIjp7IkN1cnNvciI6ImV5SnpJam95TnprdU5qazBORE0yTkRneU1EZ3lOallzSW1RaU9tWmhiSE5sTENKMElqcDBjblZsZlE9PSJ9LCJhIjp7IkN1cnNvciI6ImV5SnpJam95TlRVdU16QXpOamcxT0RFek16UTBOaXdpWkNJNlptRnNjMlVzSW5RaU9uUnlkV1Y5In19 HTTP/1.1" 200 None
2025-03-13 04:56:15,833 - INFO - No streamers found on page 14. Retrying in 2 seconds...
2025-03-13 04:56:17,841 - DEBUG - Fetching page 15...
2025-03-13 04:56:17,848 - DEBUG - Starting new HTTPS connection (1): api.twitch.tv:443
2025-03-13 04:56:19,143 - DEBUG - https://api.twitch.tv:443 "GET /helix/streams?first=100&after=eyJiIjp7IkN1cnNvciI6ImV5SnpJam95TlRVdU1qQXhNekF6TURZNU1qa3pPQ3dpWkNJNlptRnNjMlVzSW5RaU9uUnlkV1Y5In0sImEiOnsiQ3Vyc29yIjoiZXlKeklqb3lNekl1TVRrME56RXlPVFk0TkRFNE5qWXNJbVFpT21aaGJITmxMQ0owSWpwMGNuVmxmUT09In19 HTTP/1.1" 200 None
2025-03-13 04:56:19,411 - INFO - No streamers found on page 15. Retrying in 2 seconds...
2025-03-13 04:56:21,419 - DEBUG - Fetching page 16...
2025-03-13 04:56:21,421 - DEBUG - Starting new HTTPS connection (1): api.twitch.tv:443
2025-03-13 04:56:22,716 - DEBUG - https://api.twitch.tv:443 "GET /helix/streams?first=100&after=eyJiIjp7IkN1cnNvciI6ImV5SnpJam95TXpJdU1USTVNalU1TWprMU1Ea3pNaXdpWkNJNlptRnNjMlVzSW5RaU9uUnlkV1Y5In0sImEiOnsiQ3Vyc29yIjoiZXlKeklqb3lNVFV1T1RRd01EWXhPRGs1TVRnek9USXNJbVFpT21aaGJITmxMQ0owSWpwMGNuVmxmUT09In19 HTTP/1.1" 200 None
2025-03-13 04:56:22,730 - INFO - No streamers found on page 16. Retrying in 2 seconds...
2025-03-13 04:56:24,733 - DEBUG - Fetching page 17...
2025-03-13 04:56:24,738 - DEBUG - Starting new HTTPS connection (1): api.twitch.tv:443
2025-03-13 04:56:26,469 - DEBUG - https://api.twitch.tv:443 "GET /helix/streams?first=100&after=eyJiIjp7IkN1cnNvciI6ImV5SnpJam95TVRVdU9ESTJOalExT0RRd01UVXhPRFVzSW1RaU9tWmhiSE5sTENKMElqcDBjblZsZlE9PSJ9LCJhIjp7IkN1cnNvciI6ImV5SnpJam95TURBdU9EQTRPRFl5T1RVNU5URTRPRGdzSW1RaU9tWmhiSE5sTENKMElqcDBjblZsZlE9PSJ9fQ HTTP/1.1" 200 None
2025-03-13 04:56:26,746 - INFO - No streamers found on page 17. Retrying in 2 seconds...
2025-03-13 04:56:28,747 - DEBUG - Fetching page 18...
2025-03-13 04:56:28,751 - DEBUG - Starting new HTTPS connection (1): api.twitch.tv:443
2025-03-13 04:56:31,020 - DEBUG - https://api.twitch.tv:443 "GET /helix/streams?first=100&after=eyJiIjp7IkN1cnNvciI6ImV5SnpJam95TURBdU5qSTJPRGMwTWpRM05EYzRPVGdzSW1RaU9tWmhiSE5sTENKMElqcDBjblZsZlE9PSJ9LCJhIjp7IkN1cnNvciI6ImV5SnpJam94T0RjdU1UVTNOVEk0TkRZNE1qYzBOU3dpWkNJNlptRnNjMlVzSW5RaU9uUnlkV1Y5In19 HTTP/1.1" 200 None
2025-03-13 04:56:31,029 - INFO - No streamers found on page 18. Retrying in 2 seconds...
2025-03-13 04:56:33,030 - DEBUG - Fetching page 19...
2025-03-13 04:56:33,030 - DEBUG - Starting new HTTPS connection (1): api.twitch.tv:443
2025-03-13 04:56:34,362 - DEBUG - https://api.twitch.tv:443 "GET /helix/streams?first=100&after=eyJiIjp7IkN1cnNvciI6ImV5SnpJam94T0RjdU1UVXhNRGN6TnpNek9EUTFOVElzSW1RaU9tWmhiSE5sTENKMElqcDBjblZsZlE9PSJ9LCJhIjp7IkN1cnNvciI6ImV5SnpJam94TnpRdU1qUXlNVFV6TWprME5UQXpPRFVzSW1RaU9tWmhiSE5sTENKMElqcDBjblZsZlE9PSJ9fQ HTTP/1.1" 200 None
2025-03-13 04:56:34,364 - INFO - No streamers found on page 19. Retrying in 2 seconds...
2025-03-13 04:56:36,372 - DEBUG - Fetching page 20...
2025-03-13 04:56:36,372 - DEBUG - Starting new HTTPS connection (1): api.twitch.tv:443
2025-03-13 04:56:38,044 - DEBUG - https://api.twitch.tv:443 "GET /helix/streams?first=100&after=eyJiIjp7IkN1cnNvciI6ImV5SnpJam94TnpRdU1Ua3hPVFEzTkRreE9EZzBNaXdpWkNJNlptRnNjMlVzSW5RaU9uUnlkV1Y5In0sImEiOnsiQ3Vyc29yIjoiZXlKeklqb3hOalF1TmpZek5qZzRPRFEwTWpnM016VXNJbVFpT21aaGJITmxMQ0owSWpwMGNuVmxmUT09In19 HTTP/1.1" 200 None
2025-03-13 04:56:38,313 - INFO - No streamers found on page 20. Retrying in 2 seconds...
2025-03-13 04:56:40,315 - DEBUG - Fetching page 21...
2025-03-13 04:56:40,315 - DEBUG - Starting new HTTPS connection (1): api.twitch.tv:443
2025-03-13 04:56:41,611 - DEBUG - https://api.twitch.tv:443 "GET /helix/streams?first=100&after=eyJiIjp7IkN1cnNvciI6ImV5SnpJam94TmpRdU5qVTBNRGcyTkRJMU1USXhORElzSW1RaU9tWmhiSE5sTENKMElqcDBjblZsZlE9PSJ9LCJhIjp7IkN1cnNvciI6ImV5SnpJam94TlRVdU16STJOVGN6T1RFeE1qWXlMQ0prSWpwbVlXeHpaU3dpZENJNmRISjFaWDA9In19 HTTP/1.1" 200 None
2025-03-13 04:56:41,618 - INFO - No streamers found on page 21. Retrying in 2 seconds...
2025-03-13 04:56:43,620 - DEBUG - Fetching page 22...
2025-03-13 04:56:43,631 - DEBUG - Starting new HTTPS connection (1): api.twitch.tv:443
2025-03-13 04:56:44,947 - DEBUG - https://api.twitch.tv:443 "GET /helix/streams?first=100&after=eyJiIjp7IkN1cnNvciI6ImV5SnpJam94TlRVdU1qZzNPVEUwTWpZeU5qZzFPVElzSW1RaU9tWmhiSE5sTENKMElqcDBjblZsZlE9PSJ9LCJhIjp7IkN1cnNvciI6ImV5SnpJam94TkRjdU1ESTBNemd6TnpReE9UWTFNamNzSW1RaU9tWmhiSE5sTENKMElqcDBjblZsZlE9PSJ9fQ HTTP/1.1" 200 None
2025-03-13 04:56:45,216 - INFO - No streamers found on page 22. Retrying in 2 seconds...
2025-03-13 04:56:47,219 - DEBUG - Fetching page 23...
2025-03-13 04:56:47,223 - DEBUG - Starting new HTTPS connection (1): api.twitch.tv:443
2025-03-13 04:56:49,132 - DEBUG - https://api.twitch.tv:443 "GET /helix/streams?first=100&after=eyJiIjp7IkN1cnNvciI6ImV5SnpJam94TkRZdU9UVTNOREU0TkRFNU5qUXpOak1zSW1RaU9tWmhiSE5sTENKMElqcDBjblZsZlE9PSJ9LCJhIjp7IkN1cnNvciI6ImV5SnpJam94TXpndU1qQTRORFl5TlRFNU5qZ3lOeXdpWkNJNlptRnNjMlVzSW5RaU9uUnlkV1Y5In19 HTTP/1.1" 200 None
2025-03-13 04:56:49,499 - INFO - No streamers found on page 23. Retrying in 2 seconds...
2025-03-13 04:56:51,500 - DEBUG - Fetching page 24...
2025-03-13 04:56:51,509 - DEBUG - Starting new HTTPS connection (1): api.twitch.tv:443
2025-03-13 04:56:52,954 - DEBUG - https://api.twitch.tv:443 "GET /helix/streams?first=100&after=eyJiIjp7IkN1cnNvciI6ImV5SnpJam94TXpndU1UZzNPVFkxTkRFeU1qQXlNeXdpWkNJNlptRnNjMlVzSW5RaU9uUnlkV1Y5In0sImEiOnsiQ3Vyc29yIjoiZXlKeklqb3hNekl1TWpjeE5qUXpNek13TWpNMk5EWXNJbVFpT21aaGJITmxMQ0owSWpwMGNuVmxmUT09In19 HTTP/1.1" 200 None
2025-03-13 04:56:53,190 - INFO - No streamers found on page 24. Retrying in 2 seconds...
2025-03-13 04:56:55,193 - DEBUG - Fetching page 25...
2025-03-13 04:56:55,198 - DEBUG - Starting new HTTPS connection (1): api.twitch.tv:443
2025-03-13 04:56:56,690 - DEBUG - https://api.twitch.tv:443 "GET /helix/streams?first=100&after=eyJiIjp7IkN1cnNvciI6ImV5SnpJam94TXpJdU1qUXhPVGcxTXpFeE56ZzRNRE1zSW1RaU9tWmhiSE5sTENKMElqcDBjblZsZlE9PSJ9LCJhIjp7IkN1cnNvciI6ImV5SnpJam94TWpRdU9ETTRPVEkxTXpNd05EVTVORGNzSW1RaU9tWmhiSE5sTENKMElqcDBjblZsZlE9PSJ9fQ HTTP/1.1" 200 None
2025-03-13 04:56:56,692 - INFO - No streamers found on page 25. Retrying in 2 seconds...
2025-03-13 04:56:58,702 - DEBUG - Fetching page 26...
2025-03-13 04:56:58,708 - DEBUG - Starting new HTTPS connection (1): api.twitch.tv:443
2025-03-13 04:56:59,945 - DEBUG - https://api.twitch.tv:443 "GET /helix/streams?first=100&after=eyJiIjp7IkN1cnNvciI6ImV5SnpJam94TWpRdU56VXpOVFUyTkRNME5EY3pNemdzSW1RaU9tWmhiSE5sTENKMElqcDBjblZsZlE9PSJ9LCJhIjp7IkN1cnNvciI6ImV5SnpJam94TVRrdU1qY3lPRFV5TVRneU5URTBPREVzSW1RaU9tWmhiSE5sTENKMElqcDBjblZsZlE9PSJ9fQ HTTP/1.1" 200 None
2025-03-13 04:56:59,961 - INFO - No streamers found on page 26. Retrying in 2 seconds...
2025-03-13 04:57:01,964 - DEBUG - Fetching page 27...
2025-03-13 04:57:01,964 - DEBUG - Starting new HTTPS connection (1): api.twitch.tv:443
2025-03-13 04:57:03,279 - DEBUG - https://api.twitch.tv:443 "GET /helix/streams?first=100&after=eyJiIjp7IkN1cnNvciI6ImV5SnpJam94TVRrdU1qTTNOREkxT1RJMk9EazFNakVzSW1RaU9tWmhiSE5sTENKMElqcDBjblZsZlE9PSJ9LCJhIjp7IkN1cnNvciI6ImV5SnpJam94TVRNdU5UZzBOVEV6Tnprek9EazROVEVzSW1RaU9tWmhiSE5sTENKMElqcDBjblZsZlE9PSJ9fQ HTTP/1.1" 200 None
2025-03-13 04:57:03,289 - ERROR - Error logging streamer grayhairandtattoos_: 'charmap' codec can't encode character '\u0131' in position 112: character maps to <undefined>
2025-03-13 04:57:03,290 - INFO - No streamers found on page 27. Retrying in 2 seconds...
2025-03-13 04:57:05,291 - DEBUG - Fetching page 28...
2025-03-13 04:57:05,296 - DEBUG - Starting new HTTPS connection (1): api.twitch.tv:443
2025-03-13 04:57:06,694 - DEBUG - https://api.twitch.tv:443 "GET /helix/streams?first=100&after=eyJiIjp7IkN1cnNvciI6ImV5SnpJam94TkRFdU1UWXlOekkzTlRZeE1URTROekVzSW1RaU9tWmhiSE5sTENKMElqcDBjblZsZlE9PSJ9LCJhIjp7IkN1cnNvciI6ImV5SnpJam94TURrdU5EZzJPRFkyT0RNNU1UY3pOVFlzSW1RaU9tWmhiSE5sTENKMElqcDBjblZsZlE9PSJ9fQ HTTP/1.1" 200 None
2025-03-13 04:57:06,697 - INFO - No streamers found on page 28. Retrying in 2 seconds...
2025-03-13 04:57:08,698 - DEBUG - Fetching page 29...
2025-03-13 04:57:08,700 - DEBUG - Starting new HTTPS connection (1): api.twitch.tv:443
2025-03-13 04:57:09,869 - DEBUG - https://api.twitch.tv:443 "GET /helix/streams?first=100&after=eyJiIjp7IkN1cnNvciI6ImV5SnpJam94TURrdU5EYzNNemsyTVRjNU9EQXdNalVzSW1RaU9tWmhiSE5sTENKMElqcDBjblZsZlE9PSJ9LCJhIjp7IkN1cnNvciI6ImV5SnpJam94TURVdU5ETTRPRFUwTVRVeU9UWTNOVFFzSW1RaU9tWmhiSE5sTENKMElqcDBjblZsZlE9PSJ9fQ HTTP/1.1" 200 None
2025-03-13 04:57:09,894 - INFO - No streamers found on page 29. Retrying in 2 seconds...
2025-03-13 04:57:11,898 - DEBUG - Fetching page 30...
2025-03-13 04:57:11,898 - DEBUG - Starting new HTTPS connection (1): api.twitch.tv:443
2025-03-13 04:57:13,044 - DEBUG - https://api.twitch.tv:443 "GET /helix/streams?first=100&after=eyJiIjp7IkN1cnNvciI6ImV5SnpJam94TURVdU5ETTROVE0yTlRVMU9EUXhNaklzSW1RaU9tWmhiSE5sTENKMElqcDBjblZsZlE9PSJ9LCJhIjp7IkN1cnNvciI6ImV5SnpJam94TURFdU56TTFPVEl4TWpNd01UWTROalFzSW1RaU9tWmhiSE5sTENKMElqcDBjblZsZlE9PSJ9fQ HTTP/1.1" 200 None
2025-03-13 04:57:13,050 - INFO - No streamers found on page 30. Retrying in 2 seconds...
2025-03-13 04:57:15,053 - DEBUG - Fetching page 31...
2025-03-13 04:57:15,053 - DEBUG - Starting new HTTPS connection (1): api.twitch.tv:443
2025-03-13 04:57:16,675 - DEBUG - https://api.twitch.tv:443 "GET /helix/streams?first=100&after=eyJiIjp7IkN1cnNvciI6ImV5SnpJam94TURFdU56RTJOREV4TnpRMU5UYzFNellzSW1RaU9tWmhiSE5sTENKMElqcDBjblZsZlE9PSJ9LCJhIjp7IkN1cnNvciI6ImV5SnpJam81T0M0NE1EUXhPVGd3TVRZNE9UVTJNU3dpWkNJNlptRnNjMlVzSW5RaU9uUnlkV1Y5In19 HTTP/1.1" 200 None
2025-03-13 04:57:16,943 - INFO - No streamers found on page 31. Retrying in 2 seconds...
2025-03-13 04:57:18,949 - DEBUG - Fetching page 32...
2025-03-13 04:57:18,953 - DEBUG - Starting new HTTPS connection (1): api.twitch.tv:443
2025-03-13 04:57:20,146 - DEBUG - https://api.twitch.tv:443 "GET /helix/streams?first=100&after=eyJiIjp7IkN1cnNvciI6ImV5SnpJam81T0M0Mk1UVTRPVEExTURFME5ETXlOeXdpWkNJNlptRnNjMlVzSW5RaU9uUnlkV1Y5In0sImEiOnsiQ3Vyc29yIjoiZXlKeklqbzVOUzQwTkRnMk1ESXpOVGt5TVRBNE55d2laQ0k2Wm1Gc2MyVXNJblFpT25SeWRXVjkifX0 HTTP/1.1" 200 None
2025-03-13 04:57:20,159 - INFO - No streamers found on page 32. Retrying in 2 seconds...
2025-03-13 04:57:22,162 - DEBUG - Fetching page 33...
2025-03-13 04:57:22,164 - DEBUG - Starting new HTTPS connection (1): api.twitch.tv:443
2025-03-13 04:57:23,787 - DEBUG - https://api.twitch.tv:443 "GET /helix/streams?first=100&after=eyJiIjp7IkN1cnNvciI6ImV5SnpJam81TlM0ME5EQXlPVEUzTWpReU56QXlPQ3dpWkNJNlptRnNjMlVzSW5RaU9uUnlkV1Y5In0sImEiOnsiQ3Vyc29yIjoiZXlKeklqbzVNaTR4T1RrME1qWXpOVEF3TmpBek5pd2laQ0k2Wm1Gc2MyVXNJblFpT25SeWRXVjkifX0 HTTP/1.1" 200 None
2025-03-13 04:57:24,054 - INFO - No streamers found on page 33. Retrying in 2 seconds...
2025-03-13 04:57:26,057 - DEBUG - Fetching page 34...
2025-03-13 04:57:26,060 - DEBUG - Starting new HTTPS connection (1): api.twitch.tv:443
2025-03-13 04:57:27,538 - DEBUG - https://api.twitch.tv:443 "GET /helix/streams?first=100&after=eyJiIjp7IkN1cnNvciI6ImV5SnpJam81TWk0eE5qVTBOamt3TXprd016Y3lNeXdpWkNJNlptRnNjMlVzSW5RaU9uUnlkV1Y5In0sImEiOnsiQ3Vyc29yIjoiZXlKeklqbzRPUzR5TkRjek56WXpPREEyTURnNE5pd2laQ0k2Wm1Gc2MyVXNJblFpT25SeWRXVjkifX0 HTTP/1.1" 200 None
2025-03-13 04:57:27,804 - INFO - No streamers found on page 34. Retrying in 2 seconds...
2025-03-13 04:57:29,807 - DEBUG - Fetching page 35...
2025-03-13 04:57:29,807 - DEBUG - Starting new HTTPS connection (1): api.twitch.tv:443
2025-03-13 04:57:31,068 - DEBUG - https://api.twitch.tv:443 "GET /helix/streams?first=100&after=eyJiIjp7IkN1cnNvciI6ImV5SnpJam80T1M0eU1EUXpPRGc0TlRVd056STNOaXdpWkNJNlptRnNjMlVzSW5RaU9uUnlkV1Y5In0sImEiOnsiQ3Vyc29yIjoiZXlKeklqbzROaTQzTURjM09UUXlPVEUwTWpjNE9Td2laQ0k2Wm1Gc2MyVXNJblFpT25SeWRXVjkifX0 HTTP/1.1" 200 None
2025-03-13 04:57:31,079 - INFO - No streamers found on page 35. Retrying in 2 seconds...
2025-03-13 04:57:33,080 - DEBUG - Fetching page 36...
2025-03-13 04:57:33,086 - DEBUG - Starting new HTTPS connection (1): api.twitch.tv:443
2025-03-13 04:57:34,447 - DEBUG - https://api.twitch.tv:443 "GET /helix/streams?first=100&after=eyJiIjp7IkN1cnNvciI6ImV5SnpJam80Tmk0Mk9UUTFNalF3TlRJeU5EZzVNaXdpWkNJNlptRnNjMlVzSW5RaU9uUnlkV1Y5In0sImEiOnsiQ3Vyc29yIjoiZXlKeklqbzRNeTQ0TWpFeE5qTXhPVEl4TnprNU1Td2laQ0k2Wm1Gc2MyVXNJblFpT25SeWRXVjkifX0 HTTP/1.1" 200 None
2025-03-13 04:57:34,655 - INFO - No streamers found on page 36. Retrying in 2 seconds...
2025-03-13 04:57:36,664 - DEBUG - Fetching page 37...
2025-03-13 04:57:36,664 - DEBUG - Starting new HTTPS connection (1): api.twitch.tv:443
2025-03-13 04:57:38,594 - DEBUG - https://api.twitch.tv:443 "GET /helix/streams?first=100&after=eyJiIjp7IkN1cnNvciI6ImV5SnpJam80TXk0M09ERXpOelkzTlRrME56QTNOaXdpWkNJNlptRnNjMlVzSW5RaU9uUnlkV1Y5In0sImEiOnsiQ3Vyc29yIjoiZXlKeklqbzRNUzR5TXprME9ERTROalV3T0RFME5pd2laQ0k2Wm1Gc2MyVXNJblFpT25SeWRXVjkifX0 HTTP/1.1" 200 None
2025-03-13 04:57:38,872 - INFO - No streamers found on page 37. Retrying in 2 seconds...
2025-03-13 04:57:40,873 - DEBUG - Fetching page 38...
2025-03-13 04:57:40,877 - DEBUG - Starting new HTTPS connection (1): api.twitch.tv:443
2025-03-13 04:57:42,893 - DEBUG - https://api.twitch.tv:443 "GET /helix/streams?first=100&after=eyJiIjp7IkN1cnNvciI6ImV5SnpJam80TVM0eU16VTBOVFE0TXprME56WXlOaXdpWkNJNlptRnNjMlVzSW5RaU9uUnlkV1Y5In0sImEiOnsiQ3Vyc29yIjoiZXlKeklqbzNPQzQxTnpRNE1UWXlPRGc0TlRZeE5pd2laQ0k2Wm1Gc2MyVXNJblFpT25SeWRXVjkifX0 HTTP/1.1" 200 None
2025-03-13 04:57:43,169 - INFO - Logged details of 5 streamers below 5000 viewers.
2025-03-13 04:57:43,180 - INFO - PewDiePie - 199 viewers - Minecraft
2025-03-13 04:57:43,180 - INFO - Tags: ['Minecraft', 'YouTube', 'AlwaysOn', 'English', 'Rerun', 'ViewerRewards']
2025-03-13 04:57:43,181 - INFO - DrDonutttttt - 132 viewers - Minecraft
2025-03-13 04:57:43,181 - INFO - Tags: ['English', 'smp', 'DonutSMP', 'drdonut', 'crystalpvp', 'pvp', 'cpvp', 'survival', 'survival', 'minecraft']
2025-03-13 04:57:43,181 - INFO - KaitlinWitcher - 124 viewers - Just Chatting
2025-03-13 04:57:43,181 - INFO - Tags: ['cozy', 'art', 'painting', 'minecraft', 'English']
2025-03-13 04:57:43,181 - INFO - grayhairandtattoos_ - 113 viewers - Minecraft
2025-03-13 04:57:43,181 - INFO - Tags: ['English', 'gamer', 'ChattingAndGaming', 'cozygamer', 's\u0131mulator', 'minecraft', 'minecraftsurivial', 'minecraftlivestremaing', 'minecraftbuilds', 'ViewerRewards']
2025-03-13 04:57:43,181 - INFO - infume - 92 viewers - Minecraft
2025-03-13 04:57:43,181 - INFO - Tags: ['English', 'minecraft', 'Speedrun', 'ViewerRewards']
2025-03-13 04:57:43,181 - INFO - Reillyan - 78 viewers - The Isle
2025-03-13 04:57:43,181 - INFO - Tags: ['English', 'IRL', 'Chatty', 'minecraft', 'Subathon', 'Streamathon', 'Gaming', 'Comedy']
