2025-03-26 23:56:42,890 - INFO - Logging system initialized.
2025-03-26 23:56:42,894 - INFO - Fetching page 1...
2025-03-26 23:56:42,907 - DEBUG - Starting new HTTPS connection (1): api.twitch.tv:443
2025-03-26 23:56:45,092 - DEBUG - https://api.twitch.tv:443 "GET /helix/streams?first=100 HTTP/1.1" 200 None
2025-03-26 23:56:45,101 - INFO - Logged: VALORANT_EMEA - 12896 viewers - VALORANT
2025-03-26 23:56:45,104 - INFO - No streamers found on page 1. Retrying in 2 seconds...
2025-03-26 23:56:47,105 - INFO - Fetching page 2...
2025-03-26 23:56:47,111 - DEBUG - Starting new HTTPS connection (1): api.twitch.tv:443
2025-03-26 23:56:49,187 - DEBUG - https://api.twitch.tv:443 "GET /helix/streams?first=100&after=eyJiIjp7IkN1cnNvciI6ImV5SnpJam8xTVRNME1TNDBOVEl3TURRek5URTFNaXdpWkNJNlptRnNjMlVzSW5RaU9uUnlkV1Y5In0sImEiOnsiQ3Vyc29yIjoiZXlKeklqb3pOall3TGpRNE9EVXdOVFkxTXpJNE1pd2laQ0k2Wm1Gc2MyVXNJblFpT25SeWRXVjkifX0 HTTP/1.1" 200 None
2025-03-26 23:56:49,192 - INFO - No streamers found on page 2. Retrying in 2 seconds...
2025-03-26 23:56:51,197 - INFO - Fetching page 3...
2025-03-26 23:56:51,200 - DEBUG - Starting new HTTPS connection (1): api.twitch.tv:443
2025-03-26 23:56:53,276 - DEBUG - https://api.twitch.tv:443 "GET /helix/streams?first=100&after=eyJiIjp7IkN1cnNvciI6ImV5SnpJam96TmpJNExqRTBNVFV4T0RReE56VTBOVGNzSW1RaU9tWmhiSE5sTENKMElqcDBjblZsZlE9PSJ9LCJhIjp7IkN1cnNvciI6ImV5SnpJam95TVRreUxqSTNPRE0zT1Rjd01qWXdNamNzSW1RaU9tWmhiSE5sTENKMElqcDBjblZsZlE9PSJ9fQ HTTP/1.1" 200 None
2025-03-26 23:56:53,290 - INFO - No streamers found on page 3. Retrying in 2 seconds...
2025-03-26 23:56:55,296 - INFO - Fetching page 4...
2025-03-26 23:56:55,313 - DEBUG - Starting new HTTPS connection (1): api.twitch.tv:443
2025-03-26 23:56:57,368 - DEBUG - https://api.twitch.tv:443 "GET /helix/streams?first=100&after=eyJiIjp7IkN1cnNvciI6ImV5SnpJam95TVRnMUxqazNNRGt3TVRBeU5EazROamNzSW1RaU9tWmhiSE5sTENKMElqcDBjblZsZlE9PSJ9LCJhIjp7IkN1cnNvciI6ImV5SnpJam94TlRJMkxqYzBNalF3Tmpnek9EVTNOalVzSW1RaU9tWmhiSE5sTENKMElqcDBjblZsZlE9PSJ9fQ HTTP/1.1" 200 None
2025-03-26 23:56:57,680 - INFO - No streamers found on page 4. Retrying in 2 seconds...
2025-03-26 23:56:59,686 - INFO - Fetching page 5...
2025-03-26 23:56:59,691 - DEBUG - Starting new HTTPS connection (1): api.twitch.tv:443
2025-03-26 23:57:01,675 - DEBUG - https://api.twitch.tv:443 "GET /helix/streams?first=100&after=eyJiIjp7IkN1cnNvciI6ImV5SnpJam94TlRJekxqTTFOakE0T0RrNE5qa3pOakVzSW1RaU9tWmhiSE5sTENKMElqcDBjblZsZlE9PSJ9LCJhIjp7IkN1cnNvciI6ImV5SnpJam94TVRZeExqUXlPRGN4TVRVME1qTXlOQ3dpWkNJNlptRnNjMlVzSW5RaU9uUnlkV1Y5In19 HTTP/1.1" 200 None
2025-03-26 23:57:01,879 - INFO - No streamers found on page 5. Retrying in 2 seconds...
2025-03-26 23:57:03,884 - INFO - Fetching page 6...
2025-03-26 23:57:03,888 - DEBUG - Starting new HTTPS connection (1): api.twitch.tv:443
2025-03-26 23:57:05,867 - DEBUG - https://api.twitch.tv:443 "GET /helix/streams?first=100&after=eyJiIjp7IkN1cnNvciI6ImV5SnpJam94TVRVNUxqVTNOVEF5TmpZNE1UQTRNakVzSW1RaU9tWmhiSE5sTENKMElqcDBjblZsZlE9PSJ9LCJhIjp7IkN1cnNvciI6ImV5SnpJam81TnpBdU1qazVOREkxTWpnNU1UWTNOU3dpWkNJNlptRnNjMlVzSW5RaU9uUnlkV1Y5In19 HTTP/1.1" 200 None
2025-03-26 23:57:06,180 - INFO - No streamers found on page 6. Retrying in 2 seconds...
2025-03-26 23:57:08,183 - INFO - Fetching page 7...
2025-03-26 23:57:08,192 - DEBUG - Starting new HTTPS connection (1): api.twitch.tv:443
2025-03-26 23:57:09,866 - DEBUG - https://api.twitch.tv:443 "GET /helix/streams?first=100&after=eyJiIjp7IkN1cnNvciI6ImV5SnpJam81T0RBdU1UVTRNRFE0TlRreE9EUTJNaXdpWkNJNlptRnNjMlVzSW5RaU9uUnlkV1Y5In0sImEiOnsiQ3Vyc29yIjoiZXlKeklqbzNPRFV1T0RNMU1EVTBNVGszTmpBMkxDSmtJanBtWVd4elpTd2lkQ0k2ZEhKMVpYMD0ifX0 HTTP/1.1" 200 None
2025-03-26 23:57:09,874 - INFO - No streamers found on page 7. Retrying in 2 seconds...
2025-03-26 23:57:11,875 - INFO - Fetching page 8...
2025-03-26 23:57:11,878 - DEBUG - Starting new HTTPS connection (1): api.twitch.tv:443
2025-03-26 23:57:13,347 - DEBUG - https://api.twitch.tv:443 "GET /helix/streams?first=100&after=eyJiIjp7IkN1cnNvciI6ImV5SnpJam8zT0RRdU16QTFNalV5TWpRMk9EWXlOaXdpWkNJNlptRnNjMlVzSW5RaU9uUnlkV1Y5In0sImEiOnsiQ3Vyc29yIjoiZXlKeklqbzJOalF1T1RBME16ZzROelEyTWpnM05Dd2laQ0k2Wm1Gc2MyVXNJblFpT25SeWRXVjkifX0 HTTP/1.1" 200 None
2025-03-26 23:57:13,659 - INFO - No streamers found on page 8. Retrying in 2 seconds...
2025-03-26 23:57:15,660 - INFO - Fetching page 9...
2025-03-26 23:57:15,662 - DEBUG - Starting new HTTPS connection (1): api.twitch.tv:443
2025-03-26 23:57:17,441 - DEBUG - https://api.twitch.tv:443 "GET /helix/streams?first=100&after=eyJiIjp7IkN1cnNvciI6ImV5SnpJam8yTmpRdU16WTFPVFkzTVRnME1UVTNOaXdpWkNJNlptRnNjMlVzSW5RaU9uUnlkV1Y5In0sImEiOnsiQ3Vyc29yIjoiZXlKeklqbzFPRFF1T0RVek56QTBNVFEzTnpZNE15d2laQ0k2Wm1Gc2MyVXNJblFpT25SeWRXVjkifX0 HTTP/1.1" 200 None
2025-03-26 23:57:17,656 - INFO - No streamers found on page 9. Retrying in 2 seconds...
2025-03-26 23:57:19,660 - INFO - Fetching page 10...
2025-03-26 23:57:19,666 - DEBUG - Starting new HTTPS connection (1): api.twitch.tv:443
2025-03-26 23:57:21,143 - DEBUG - https://api.twitch.tv:443 "GET /helix/streams?first=100&after=eyJiIjp7IkN1cnNvciI6ImV5SnpJam8xT0RRdU56TTFNemd5T0RFeE5UY3dOQ3dpWkNJNlptRnNjMlVzSW5RaU9uUnlkV1Y5In0sImEiOnsiQ3Vyc29yIjoiZXlKeklqbzFNVFl1TVRFME16Z3dOVFl4T0RNMk1pd2laQ0k2Wm1Gc2MyVXNJblFpT25SeWRXVjkifX0 HTTP/1.1" 200 None
2025-03-26 23:57:21,158 - INFO - Logged: MRLUST - 501 viewers - Fortnite
2025-03-26 23:57:21,166 - INFO - Logged details of 2 streamers below 30000000 viewers.
2025-03-26 23:57:21,177 - INFO - VALORANT_EMEA - 12896 viewers - VALORANT
2025-03-26 23:57:21,177 - INFO - Tags: ['Esports', 'English', 'VALORANT', 'VCT', 'VALORANTEurope', 'VCTEMEA']
2025-03-26 23:57:21,177 - INFO - MRLUST - 501 viewers - Fortnite
2025-03-26 23:57:21,191 - INFO - Tags: ['xqc', 'kaicenat', 'ASMR', 'English', 'Fortnite', 'KingsLeague', 'Asmongold', 'valorant', 'minecraft', 'dota2']
