2025-03-27 00:08:38,478 - INFO - Logging system initialized.
2025-03-27 00:08:38,483 - INFO - Fetching page 1...
2025-03-27 00:08:38,491 - DEBUG - Starting new HTTPS connection (1): api.twitch.tv:443
2025-03-27 00:08:39,987 - DEBUG - https://api.twitch.tv:443 "GET /helix/streams?first=100 HTTP/1.1" 200 None
2025-03-27 00:08:40,057 - INFO - Logged: VALORANT_EMEA - 12004 viewers - VALORANT
2025-03-27 00:08:40,062 - INFO - No streamers found on page 1. Retrying in 2 seconds...
2025-03-27 00:08:42,066 - INFO - Fetching page 2...
2025-03-27 00:08:42,076 - DEBUG - Starting new HTTPS connection (1): api.twitch.tv:443
2025-03-27 00:08:43,436 - DEBUG - https://api.twitch.tv:443 "GET /helix/streams?first=100&after=eyJiIjp7IkN1cnNvciI6ImV5SnpJam8wTlRrMk55NDFOak01TlRrMk1UTTRNRFlzSW1RaU9tWmhiSE5sTENKMElqcDBjblZsZlE9PSJ9LCJhIjp7IkN1cnNvciI6ImV5SnpJam96T1RFMkxqTTBOams0TURrM05UTTROaXdpWkNJNlptRnNjMlVzSW5RaU9uUnlkV1Y5In19 HTTP/1.1" 200 None
2025-03-27 00:08:43,484 - INFO - No streamers found on page 2. Retrying in 2 seconds...
2025-03-27 00:08:45,486 - INFO - Fetching page 3...
2025-03-27 00:08:45,490 - DEBUG - Starting new HTTPS connection (1): api.twitch.tv:443
2025-03-27 00:08:47,068 - DEBUG - https://api.twitch.tv:443 "GET /helix/streams?first=100&after=eyJiIjp7IkN1cnNvciI6ImV5SnpJam96T1RFMExqYzFNREE0TVRreE5EZzRORFVzSW1RaU9tWmhiSE5sTENKMElqcDBjblZsZlE9PSJ9LCJhIjp7IkN1cnNvciI6ImV5SnpJam95TVRreUxqYzRNVE14TnpVM09EUXdOemNzSW1RaU9tWmhiSE5sTENKMElqcDBjblZsZlE9PSJ9fQ HTTP/1.1" 200 None
2025-03-27 00:08:47,128 - INFO - No streamers found on page 3. Retrying in 2 seconds...
2025-03-27 00:08:49,129 - INFO - Fetching page 4...
2025-03-27 00:08:49,138 - DEBUG - Starting new HTTPS connection (1): api.twitch.tv:443
2025-03-27 00:08:50,797 - DEBUG - https://api.twitch.tv:443 "GET /helix/streams?first=100&after=eyJiIjp7IkN1cnNvciI6ImV5SnpJam95TVRjMExqY3hORFUyTVRVeU5ESTJPU3dpWkNJNlptRnNjMlVzSW5RaU9uUnlkV1Y5In0sImEiOnsiQ3Vyc29yIjoiZXlKeklqb3hOVFU1TGpJd05ERTNNemt3TVRRMk1UY3NJbVFpT21aaGJITmxMQ0owSWpwMGNuVmxmUT09In19 HTTP/1.1" 200 None
2025-03-27 00:08:50,980 - INFO - No streamers found on page 4. Retrying in 2 seconds...
2025-03-27 00:08:52,982 - INFO - Fetching page 5...
2025-03-27 00:08:52,989 - DEBUG - Starting new HTTPS connection (1): api.twitch.tv:443
2025-03-27 00:08:54,742 - DEBUG - https://api.twitch.tv:443 "GET /helix/streams?first=100&after=eyJiIjp7IkN1cnNvciI6ImV5SnpJam94TlRVd0xqTTJPVFU0TkRjeE9UazJPVElzSW1RaU9tWmhiSE5sTENKMElqcDBjblZsZlE9PSJ9LCJhIjp7IkN1cnNvciI6ImV5SnpJam94TVRjNExqQTJPRGs1TWpZME56WTFORE1zSW1RaU9tWmhiSE5sTENKMElqcDBjblZsZlE9PSJ9fQ HTTP/1.1" 200 None
2025-03-27 00:08:54,750 - INFO - No streamers found on page 5. Retrying in 2 seconds...
2025-03-27 00:08:56,751 - INFO - Fetching page 6...
2025-03-27 00:08:56,764 - DEBUG - Starting new HTTPS connection (1): api.twitch.tv:443
2025-03-27 00:08:59,417 - DEBUG - https://api.twitch.tv:443 "GET /helix/streams?first=100&after=eyJiIjp7IkN1cnNvciI6ImV5SnpJam94TVRjM0xqRTROREV5TnpZek16STNMQ0prSWpwbVlXeHpaU3dpZENJNmRISjFaWDA9In0sImEiOnsiQ3Vyc29yIjoiZXlKeklqbzVPVEV1TmpjMk1qZ3lOakF6TlRFME1Td2laQ0k2Wm1Gc2MyVXNJblFpT25SeWRXVjkifX0 HTTP/1.1" 200 None
2025-03-27 00:08:59,423 - INFO - No streamers found on page 6. Retrying in 2 seconds...
2025-03-27 00:09:01,425 - INFO - Fetching page 7...
2025-03-27 00:09:01,431 - DEBUG - Starting new HTTPS connection (1): api.twitch.tv:443
2025-03-27 00:09:03,489 - DEBUG - https://api.twitch.tv:443 "GET /helix/streams?first=100&after=eyJiIjp7IkN1cnNvciI6ImV5SnpJam81T1RFdU5UQTFNalkxT0RJME16Z3hOaXdpWkNJNlptRnNjMlVzSW5RaU9uUnlkV1Y5In0sImEiOnsiQ3Vyc29yIjoiZXlKeklqbzRNalF1TlRBM05UVTFOemt3TmpVNU5pd2laQ0k2Wm1Gc2MyVXNJblFpT25SeWRXVjkifX0 HTTP/1.1" 200 None
2025-03-27 00:09:03,769 - INFO - No streamers found on page 7. Retrying in 2 seconds...
2025-03-27 00:09:05,770 - INFO - Fetching page 8...
2025-03-27 00:09:05,789 - DEBUG - Starting new HTTPS connection (1): api.twitch.tv:443
2025-03-27 00:09:07,297 - DEBUG - https://api.twitch.tv:443 "GET /helix/streams?first=100&after=eyJiIjp7IkN1cnNvciI6ImV5SnpJam80TWpNdU5Ea3pOVFV4TmpJd05qTXNJbVFpT21aaGJITmxMQ0owSWpwMGNuVmxmUT09In0sImEiOnsiQ3Vyc29yIjoiZXlKeklqbzJPVEl1TkRneU5UZzNNekEzT0RZM0xDSmtJanBtWVd4elpTd2lkQ0k2ZEhKMVpYMD0ifX0 HTTP/1.1" 200 None
2025-03-27 00:09:07,592 - INFO - No streamers found on page 8. Retrying in 2 seconds...
2025-03-27 00:09:09,596 - INFO - Fetching page 9...
2025-03-27 00:09:09,599 - DEBUG - Starting new HTTPS connection (1): api.twitch.tv:443
2025-03-27 00:09:11,079 - DEBUG - https://api.twitch.tv:443 "GET /helix/streams?first=100&after=eyJiIjp7IkN1cnNvciI6ImV5SnpJam80TkRRdU56RXpNems0TXpVMU5EVTRNeXdpWkNJNlptRnNjMlVzSW5RaU9uUnlkV1Y5In0sImEiOnsiQ3Vyc29yIjoiZXlKeklqbzFPVGd1T0RReU5EVTFNekk1TmpNeU55d2laQ0k2Wm1Gc2MyVXNJblFpT25SeWRXVjkifX0 HTTP/1.1" 200 None
2025-03-27 00:09:11,395 - INFO - No streamers found on page 9. Retrying in 2 seconds...
2025-03-27 00:09:13,397 - INFO - Fetching page 10...
2025-03-27 00:09:13,400 - DEBUG - Starting new HTTPS connection (1): api.twitch.tv:443
2025-03-27 00:09:14,761 - DEBUG - https://api.twitch.tv:443 "GET /helix/streams?first=100&after=eyJiIjp7IkN1cnNvciI6ImV5SnpJam8xT1RjdU1EQXpPRGMyTlRRMU9UTXpMQ0prSWpwbVlXeHpaU3dpZENJNmRISjFaWDA9In0sImEiOnsiQ3Vyc29yIjoiZXlKeklqbzFNalF1TkRZeU9EQTRNakU0TWpVMk9Td2laQ0k2Wm1Gc2MyVXNJblFpT25SeWRXVjkifX0 HTTP/1.1" 200 None
2025-03-27 00:09:14,976 - INFO - No streamers found on page 10. Retrying in 2 seconds...
2025-03-27 00:09:16,978 - INFO - Fetching page 11...
2025-03-27 00:09:16,986 - DEBUG - Starting new HTTPS connection (1): api.twitch.tv:443
2025-03-27 00:09:18,387 - DEBUG - https://api.twitch.tv:443 "GET /helix/streams?first=100&after=eyJiIjp7IkN1cnNvciI6ImV5SnpJam8xTWpRdU5ETTJNamt5TURJMU9ESTNPU3dpWkNJNlptRnNjMlVzSW5RaU9uUnlkV1Y5In0sImEiOnsiQ3Vyc29yIjoiZXlKeklqbzBOekF1T0RjM056Y3pOVGcxTWprNE1pd2laQ0k2Wm1Gc2MyVXNJblFpT25SeWRXVjkifX0 HTTP/1.1" 200 None
2025-03-27 00:09:18,666 - INFO - Logged: MRLUST - 470 viewers - Fortnite
2025-03-27 00:09:18,669 - INFO - Logged details of 2 streamers below 30000000 viewers.
2025-03-27 00:09:18,678 - INFO - VALORANT_EMEA - 12004 viewers - VALORANT
2025-03-27 00:09:18,678 - INFO - Tags: ['Esports', 'English', 'VALORANT', 'VCT', 'VALORANTEurope', 'VCTEMEA']
2025-03-27 00:09:18,678 - INFO - MRLUST - 470 viewers - Fortnite
2025-03-27 00:09:18,679 - INFO - Tags: ['xqc', 'kaicenat', 'ASMR', 'English', 'Fortnite', 'KingsLeague', 'Asmongold', 'valorant', 'minecraft', 'dota2']
2025-03-27 00:09:36,668 - INFO - Logging system initialized.
2025-03-27 00:09:36,669 - INFO - Fetching page 1...
2025-03-27 00:09:36,679 - DEBUG - Starting new HTTPS connection (1): api.twitch.tv:443
2025-03-27 00:09:38,212 - DEBUG - https://api.twitch.tv:443 "GET /helix/streams?first=100 HTTP/1.1" 200 None
2025-03-27 00:09:38,221 - INFO - No streamers found on page 1. Retrying in 2 seconds...
2025-03-27 00:09:40,230 - INFO - Fetching page 2...
2025-03-27 00:09:40,239 - DEBUG - Starting new HTTPS connection (1): api.twitch.tv:443
2025-03-27 00:09:41,727 - DEBUG - https://api.twitch.tv:443 "GET /helix/streams?first=100&after=eyJiIjp7IkN1cnNvciI6ImV5SnpJam8wTlRrMk55NDFOak01TlRrMk1UTTRNRFlzSW1RaU9tWmhiSE5sTENKMElqcDBjblZsZlE9PSJ9LCJhIjp7IkN1cnNvciI6ImV5SnpJam96T1RFMkxqTTBOams0TURrM05UTTROaXdpWkNJNlptRnNjMlVzSW5RaU9uUnlkV1Y5In19 HTTP/1.1" 200 None
2025-03-27 00:09:42,016 - INFO - No streamers found on page 2. Retrying in 2 seconds...
2025-03-27 00:09:44,022 - INFO - Fetching page 3...
2025-03-27 00:09:44,026 - DEBUG - Starting new HTTPS connection (1): api.twitch.tv:443
2025-03-27 00:09:45,738 - DEBUG - https://api.twitch.tv:443 "GET /helix/streams?first=100&after=eyJiIjp7IkN1cnNvciI6ImV5SnpJam96T1RFMExqYzFNREE0TVRreE5EZzRORFVzSW1RaU9tWmhiSE5sTENKMElqcDBjblZsZlE9PSJ9LCJhIjp7IkN1cnNvciI6ImV5SnpJam95TWpBeExqQXlOelF3T0RBeU9EQTVNRFlzSW1RaU9tWmhiSE5sTENKMElqcDBjblZsZlE9PSJ9fQ HTTP/1.1" 200 None
2025-03-27 00:09:45,756 - INFO - No streamers found on page 3. Retrying in 2 seconds...
2025-03-27 00:09:47,769 - INFO - Fetching page 4...
2025-03-27 00:09:47,775 - DEBUG - Starting new HTTPS connection (1): api.twitch.tv:443
2025-03-27 00:09:49,272 - DEBUG - https://api.twitch.tv:443 "GET /helix/streams?first=100&after=eyJiIjp7IkN1cnNvciI6ImV5SnpJam95TVRrMkxqazNNRGt3TVRBeU5EazROamNzSW1RaU9tWmhiSE5sTENKMElqcDBjblZsZlE9PSJ9LCJhIjp7IkN1cnNvciI6ImV5SnpJam94TlRVNUxqSXdOREUzTXprd01UUTJNVGNzSW1RaU9tWmhiSE5sTENKMElqcDBjblZsZlE9PSJ9fQ HTTP/1.1" 200 None
2025-03-27 00:09:49,285 - INFO - No streamers found on page 4. Retrying in 2 seconds...
2025-03-27 00:09:51,287 - INFO - Fetching page 5...
2025-03-27 00:09:51,290 - DEBUG - Starting new HTTPS connection (1): api.twitch.tv:443
2025-03-27 00:09:52,851 - DEBUG - https://api.twitch.tv:443 "GET /helix/streams?first=100&after=eyJiIjp7IkN1cnNvciI6ImV5SnpJam94TlRVM0xqSTFNVEEwTURZeE9ESXlOallzSW1RaU9tWmhiSE5sTENKMElqcDBjblZsZlE9PSJ9LCJhIjp7IkN1cnNvciI6ImV5SnpJam94TVRnekxqY3lOREV3T1RnMk5UY3lOQ3dpWkNJNlptRnNjMlVzSW5RaU9uUnlkV1Y5In19 HTTP/1.1" 200 None
2025-03-27 00:09:53,063 - INFO - No streamers found on page 5. Retrying in 2 seconds...
2025-03-27 00:09:55,065 - INFO - Fetching page 6...
2025-03-27 00:09:55,077 - DEBUG - Starting new HTTPS connection (1): api.twitch.tv:443
2025-03-27 00:09:56,848 - DEBUG - https://api.twitch.tv:443 "GET /helix/streams?first=100&after=eyJiIjp7IkN1cnNvciI6ImV5SnpJam94TVRnekxqVXlNRFl6TkRFeE1Ea3dOVE1zSW1RaU9tWmhiSE5sTENKMElqcDBjblZsZlE9PSJ9LCJhIjp7IkN1cnNvciI6ImV5SnpJam81T1RFdU5qYzJNamd5TmpBek5URTBNU3dpWkNJNlptRnNjMlVzSW5RaU9uUnlkV1Y5In19 HTTP/1.1" 200 None
2025-03-27 00:09:56,850 - INFO - No streamers found on page 6. Retrying in 2 seconds...
2025-03-27 00:09:58,853 - INFO - Fetching page 7...
2025-03-27 00:09:58,859 - DEBUG - Starting new HTTPS connection (1): api.twitch.tv:443
2025-03-27 00:10:00,228 - DEBUG - https://api.twitch.tv:443 "GET /helix/streams?first=100&after=eyJiIjp7IkN1cnNvciI6ImV5SnpJam81T1RFdU5UQTFNalkxT0RJME16Z3hOaXdpWkNJNlptRnNjMlVzSW5RaU9uUnlkV1Y5In0sImEiOnsiQ3Vyc29yIjoiZXlKeklqbzRNamt1TWpRM016VTFNRFl3TnpjeU5Td2laQ0k2Wm1Gc2MyVXNJblFpT25SeWRXVjkifX0 HTTP/1.1" 200 None
2025-03-27 00:10:00,235 - INFO - No streamers found on page 7. Retrying in 2 seconds...
2025-03-27 00:10:02,236 - INFO - Fetching page 8...
2025-03-27 00:10:02,241 - DEBUG - Starting new HTTPS connection (1): api.twitch.tv:443
2025-03-27 00:10:03,736 - DEBUG - https://api.twitch.tv:443 "GET /helix/streams?first=100&after=eyJiIjp7IkN1cnNvciI6ImV5SnpJam80TWpjdU1EWTNNVEl6TkRFNU1UVTFNU3dpWkNJNlptRnNjMlVzSW5RaU9uUnlkV1Y5In0sImEiOnsiQ3Vyc29yIjoiZXlKeklqbzNNREF1T1RBeU5qWTFNalF6TlRJME5Dd2laQ0k2Wm1Gc2MyVXNJblFpT25SeWRXVjkifX0 HTTP/1.1" 200 None
2025-03-27 00:10:03,759 - INFO - No streamers found on page 8. Retrying in 2 seconds...
2025-03-27 00:10:05,761 - INFO - Fetching page 9...
2025-03-27 00:10:05,765 - DEBUG - Starting new HTTPS connection (1): api.twitch.tv:443
2025-03-27 00:10:07,208 - DEBUG - https://api.twitch.tv:443 "GET /helix/streams?first=100&after=eyJiIjp7IkN1cnNvciI6ImV5SnpJam8zTURBdU1qSXdORE01TWpZMk1qTXhPU3dpWkNJNlptRnNjMlVzSW5RaU9uUnlkV1Y5In0sImEiOnsiQ3Vyc29yIjoiZXlKeklqbzJNREV1TnpjME1qZzJNakF3TURjc0ltUWlPbVpoYkhObExDSjBJanAwY25WbGZRPT0ifX0 HTTP/1.1" 200 None
2025-03-27 00:10:07,216 - INFO - No streamers found on page 9. Retrying in 2 seconds...
2025-03-27 00:10:09,218 - INFO - Fetching page 10...
2025-03-27 00:10:09,229 - DEBUG - Starting new HTTPS connection (1): api.twitch.tv:443
2025-03-27 00:10:10,899 - DEBUG - https://api.twitch.tv:443 "GET /helix/streams?first=100&after=eyJiIjp7IkN1cnNvciI6ImV5SnpJam8yT0RFdU5URTNOVGt4TXpZME9EQXlNaXdpWkNJNlptRnNjMlVzSW5RaU9uUnlkV1Y5In0sImEiOnsiQ3Vyc29yIjoiZXlKeklqbzFNamN1T1RZME9EZ3dPVEUxTVRnd05pd2laQ0k2Wm1Gc2MyVXNJblFpT25SeWRXVjkifX0 HTTP/1.1" 200 None
2025-03-27 00:10:11,014 - INFO - No streamers found on page 10. Retrying in 2 seconds...
2025-03-27 00:10:13,016 - INFO - Fetching page 11...
2025-03-27 00:10:13,021 - DEBUG - Starting new HTTPS connection (1): api.twitch.tv:443
2025-03-27 00:10:14,574 - DEBUG - https://api.twitch.tv:443 "GET /helix/streams?first=100&after=eyJiIjp7IkN1cnNvciI6ImV5SnpJam8xTWpjdU5qSTJPRGMwTWpRM05EYzVMQ0prSWpwbVlXeHpaU3dpZENJNmRISjFaWDA9In0sImEiOnsiQ3Vyc29yIjoiZXlKeklqbzBOemN1TnpFNE1qVXpNRFUxTVRFNU1UTXNJbVFpT21aaGJITmxMQ0owSWpwMGNuVmxmUT09In19 HTTP/1.1" 200 None
2025-03-27 00:10:14,980 - INFO - No streamers found on page 11. Retrying in 2 seconds...
2025-03-27 00:10:16,983 - INFO - Fetching page 12...
2025-03-27 00:10:16,987 - DEBUG - Starting new HTTPS connection (1): api.twitch.tv:443
2025-03-27 00:10:18,349 - DEBUG - https://api.twitch.tv:443 "GET /helix/streams?first=100&after=eyJiIjp7IkN1cnNvciI6ImV5SnpJam8wTnpZdU5qTTBOamMyT1RnMk1qZzRPU3dpWkNJNlptRnNjMlVzSW5RaU9uUnlkV1Y5In0sImEiOnsiQ3Vyc29yIjoiZXlKeklqbzBNek11TkRRMk5UVXdOREEyTWpFMk9Td2laQ0k2Wm1Gc2MyVXNJblFpT25SeWRXVjkifX0 HTTP/1.1" 200 None
2025-03-27 00:10:18,657 - INFO - No streamers found on page 12. Retrying in 2 seconds...
2025-03-27 00:10:20,661 - INFO - Fetching page 13...
2025-03-27 00:10:20,666 - DEBUG - Starting new HTTPS connection (1): api.twitch.tv:443
2025-03-27 00:10:22,126 - DEBUG - https://api.twitch.tv:443 "GET /helix/streams?first=100&after=eyJiIjp7IkN1cnNvciI6ImV5SnpJam8wTXpJdU56UTFOREEyTlRVek56ZzROQ3dpWkNJNlptRnNjMlVzSW5RaU9uUnlkV1Y5In0sImEiOnsiQ3Vyc29yIjoiZXlKeklqb3pPRGt1TURJMk56SXlPVE0zTkRJMU9Td2laQ0k2Wm1Gc2MyVXNJblFpT25SeWRXVjkifX0 HTTP/1.1" 200 None
2025-03-27 00:10:22,135 - INFO - No streamers found on page 13. Retrying in 2 seconds...
2025-03-27 00:10:24,138 - INFO - Fetching page 14...
2025-03-27 00:10:24,158 - DEBUG - Starting new HTTPS connection (1): api.twitch.tv:443
2025-03-27 00:10:25,455 - DEBUG - https://api.twitch.tv:443 "GET /helix/streams?first=100&after=eyJiIjp7IkN1cnNvciI6ImV5SnpJam96T0RndU5qUTBORFU0TWpBMk9UZzJNaXdpWkNJNlptRnNjMlVzSW5RaU9uUnlkV1Y5In0sImEiOnsiQ3Vyc29yIjoiZXlKeklqb3pOVFV1TmpBd05qQXdOalV3TWpjeE1pd2laQ0k2Wm1Gc2MyVXNJblFpT25SeWRXVjkifX0 HTTP/1.1" 200 None
2025-03-27 00:10:25,465 - INFO - No streamers found on page 14. Retrying in 2 seconds...
2025-03-27 00:10:27,474 - INFO - Fetching page 15...
2025-03-27 00:10:27,489 - DEBUG - Starting new HTTPS connection (1): api.twitch.tv:443
2025-03-27 00:10:29,056 - DEBUG - https://api.twitch.tv:443 "GET /helix/streams?first=100&after=eyJiIjp7IkN1cnNvciI6ImV5SnpJam96TlRVdU5EZzBNalEwT0RFM01qZ3lNU3dpWkNJNlptRnNjMlVzSW5RaU9uUnlkV1Y5In0sImEiOnsiQ3Vyc29yIjoiZXlKeklqb3pNamd1TlRJME5ERTRNalUyTmpZek5EY3NJbVFpT21aaGJITmxMQ0owSWpwMGNuVmxmUT09In19 HTTP/1.1" 200 None
2025-03-27 00:10:29,078 - INFO - No streamers found on page 15. Retrying in 2 seconds...
2025-03-27 00:10:31,079 - INFO - Fetching page 16...
2025-03-27 00:10:31,100 - DEBUG - Starting new HTTPS connection (1): api.twitch.tv:443
2025-03-27 00:10:33,079 - DEBUG - https://api.twitch.tv:443 "GET /helix/streams?first=100&after=eyJiIjp7IkN1cnNvciI6ImV5SnpJam96TWpndU1EazROVFU1T1RRek1EVXdOellzSW1RaU9tWmhiSE5sTENKMElqcDBjblZsZlE9PSJ9LCJhIjp7IkN1cnNvciI6ImV5SnpJam96TURRdU1qazNOekE1TkRreU5EQXdOQ3dpWkNJNlptRnNjMlVzSW5RaU9uUnlkV1Y5In19 HTTP/1.1" 200 None
2025-03-27 00:10:33,091 - INFO - No streamers found on page 16. Retrying in 2 seconds...
2025-03-27 00:10:35,092 - INFO - Fetching page 17...
2025-03-27 00:10:35,100 - DEBUG - Starting new HTTPS connection (1): api.twitch.tv:443
2025-03-27 00:10:37,656 - DEBUG - https://api.twitch.tv:443 "GET /helix/streams?first=100&after=eyJiIjp7IkN1cnNvciI6ImV5SnpJam96TURRdU1qWTJORFV4T0RnM016Z3lOelFzSW1RaU9tWmhiSE5sTENKMElqcDBjblZsZlE9PSJ9LCJhIjp7IkN1cnNvciI6ImV5SnpJam95T0RFdU5UWXlOemM1TnpFNU1qQTBNRFlzSW1RaU9tWmhiSE5sTENKMElqcDBjblZsZlE9PSJ9fQ HTTP/1.1" 200 None
2025-03-27 00:10:37,675 - INFO - No streamers found on page 17. Retrying in 2 seconds...
2025-03-27 00:10:39,678 - INFO - Fetching page 18...
2025-03-27 00:10:39,687 - DEBUG - Starting new HTTPS connection (1): api.twitch.tv:443
2025-03-27 00:10:42,432 - DEBUG - https://api.twitch.tv:443 "GET /helix/streams?first=100&after=eyJiIjp7IkN1cnNvciI6ImV5SnpJam95T0RFdU5USXlOREU1TlRBNE1qQXlOaXdpWkNJNlptRnNjMlVzSW5RaU9uUnlkV1Y5In0sImEiOnsiQ3Vyc29yIjoiZXlKeklqb3lOakl1T1RrME5qTTBNVEU1TmpJeU55d2laQ0k2Wm1Gc2MyVXNJblFpT25SeWRXVjkifX0 HTTP/1.1" 200 None
2025-03-27 00:10:42,726 - INFO - No streamers found on page 18. Retrying in 2 seconds...
2025-03-27 00:10:44,731 - INFO - Fetching page 19...
2025-03-27 00:10:44,744 - DEBUG - Starting new HTTPS connection (1): api.twitch.tv:443
2025-03-27 00:10:46,824 - DEBUG - https://api.twitch.tv:443 "GET /helix/streams?first=100&after=eyJiIjp7IkN1cnNvciI6ImV5SnpJam95TmpJdU9UZzROemN5TmpReE16azVNU3dpWkNJNlptRnNjMlVzSW5RaU9uUnlkV1Y5In0sImEiOnsiQ3Vyc29yIjoiZXlKeklqb3lORFl1TVRreU16STJOVEUyTURJd056WXNJbVFpT21aaGJITmxMQ0owSWpwMGNuVmxmUT09In19 HTTP/1.1" 200 None
2025-03-27 00:10:46,852 - INFO - No streamers found on page 19. Retrying in 2 seconds...
2025-03-27 00:10:48,856 - INFO - Fetching page 20...
2025-03-27 00:10:48,865 - DEBUG - Starting new HTTPS connection (1): api.twitch.tv:443
2025-03-27 00:10:50,811 - DEBUG - https://api.twitch.tv:443 "GET /helix/streams?first=100&after=eyJiIjp7IkN1cnNvciI6ImV5SnpJam95TkRZdU1UVTVNamcyTWpJMU1qVXhOeXdpWkNJNlptRnNjMlVzSW5RaU9uUnlkV1Y5In0sImEiOnsiQ3Vyc29yIjoiZXlKeklqb3lNekF1TlRBeE9UZ3pOelF4TkRjNE1UY3NJbVFpT21aaGJITmxMQ0owSWpwMGNuVmxmUT09In19 HTTP/1.1" 200 None
2025-03-27 00:10:50,835 - INFO - No streamers found on page 20. Retrying in 2 seconds...
2025-03-27 00:10:52,836 - INFO - Fetching page 21...
2025-03-27 00:10:52,839 - DEBUG - Starting new HTTPS connection (1): api.twitch.tv:443
2025-03-27 00:10:54,813 - DEBUG - https://api.twitch.tv:443 "GET /helix/streams?first=100&after=eyJiIjp7IkN1cnNvciI6ImV5SnpJam95TXpBdU5Ea3hOVFE1T0RNeE5qazJOeXdpWkNJNlptRnNjMlVzSW5RaU9uUnlkV1Y5In0sImEiOnsiQ3Vyc29yIjoiZXlKeklqb3lNVGd1TVRjd01qWXdPRFF3TVRrNE1pd2laQ0k2Wm1Gc2MyVXNJblFpT25SeWRXVjkifX0 HTTP/1.1" 200 None
2025-03-27 00:10:55,017 - INFO - No streamers found on page 21. Retrying in 2 seconds...
2025-03-27 00:10:57,023 - INFO - Fetching page 22...
2025-03-27 00:10:57,026 - DEBUG - Starting new HTTPS connection (1): api.twitch.tv:443
2025-03-27 00:10:58,752 - DEBUG - https://api.twitch.tv:443 "GET /helix/streams?first=100&after=eyJiIjp7IkN1cnNvciI6ImV5SnpJam95TVRndU1URTROelF6T1Rjek5UYzRPVGNzSW1RaU9tWmhiSE5sTENKMElqcDBjblZsZlE9PSJ9LCJhIjp7IkN1cnNvciI6ImV5SnpJam95TURVdU1ESXhNVFV6TWpVMk9ETXdOamNzSW1RaU9tWmhiSE5sTENKMElqcDBjblZsZlE9PSJ9fQ HTTP/1.1" 200 None
2025-03-27 00:10:59,026 - INFO - No streamers found on page 22. Retrying in 2 seconds...
2025-03-27 00:11:01,033 - INFO - Fetching page 23...
2025-03-27 00:11:01,047 - DEBUG - Starting new HTTPS connection (1): api.twitch.tv:443
2025-03-27 00:11:03,510 - DEBUG - https://api.twitch.tv:443 "GET /helix/streams?first=100&after=eyJiIjp7IkN1cnNvciI6ImV5SnpJam95TURRdU9UQXpORE0yTURZd056TTVOVFVzSW1RaU9tWmhiSE5sTENKMElqcDBjblZsZlE9PSJ9LCJhIjp7IkN1cnNvciI6ImV5SnpJam94T1RVdU1UTTVNVEUyTmpVME1ETTFNRFlzSW1RaU9tWmhiSE5sTENKMElqcDBjblZsZlE9PSJ9fQ HTTP/1.1" 200 None
2025-03-27 00:11:03,682 - INFO - No streamers found on page 23. Retrying in 2 seconds...
2025-03-27 00:11:05,683 - INFO - Fetching page 24...
2025-03-27 00:11:05,696 - DEBUG - Starting new HTTPS connection (1): api.twitch.tv:443
2025-03-27 00:11:07,964 - DEBUG - https://api.twitch.tv:443 "GET /helix/streams?first=100&after=eyJiIjp7IkN1cnNvciI6ImV5SnpJam94T1RVdU1URTFOakl3T0RrME9EVXdNVFFzSW1RaU9tWmhiSE5sTENKMElqcDBjblZsZlE9PSJ9LCJhIjp7IkN1cnNvciI6ImV5SnpJam94T0RRdU16QXpOVEEwTnpnM09UZzBOellzSW1RaU9tWmhiSE5sTENKMElqcDBjblZsZlE9PSJ9fQ HTTP/1.1" 200 None
2025-03-27 00:11:08,236 - INFO - No streamers found on page 24. Retrying in 2 seconds...
2025-03-27 00:11:10,239 - INFO - Fetching page 25...
2025-03-27 00:11:10,244 - DEBUG - Starting new HTTPS connection (1): api.twitch.tv:443
2025-03-27 00:11:12,156 - DEBUG - https://api.twitch.tv:443 "GET /helix/streams?first=100&after=eyJiIjp7IkN1cnNvciI6ImV5SnpJam94T1RFdU5UUTJOak0xT1RVNE5Ea3pNemNzSW1RaU9tWmhiSE5sTENKMElqcDBjblZsZlE9PSJ9LCJhIjp7IkN1cnNvciI6ImV5SnpJam94TnpVdU9UWTJPVFUyT1RjNE56RTVNRGdzSW1RaU9tWmhiSE5sTENKMElqcDBjblZsZlE9PSJ9fQ HTTP/1.1" 200 None
2025-03-27 00:11:12,434 - INFO - No streamers found on page 25. Retrying in 2 seconds...
2025-03-27 00:11:14,435 - INFO - Fetching page 26...
2025-03-27 00:11:14,441 - DEBUG - Starting new HTTPS connection (1): api.twitch.tv:443
2025-03-27 00:11:16,498 - DEBUG - https://api.twitch.tv:443 "GET /helix/streams?first=100&after=eyJiIjp7IkN1cnNvciI6ImV5SnpJam94TnpVdU9UWXpPRFF4TkRRek5qUXdNVFVzSW1RaU9tWmhiSE5sTENKMElqcDBjblZsZlE9PSJ9LCJhIjp7IkN1cnNvciI6ImV5SnpJam94TmpjdU5UTTJOVFF5TlRNMk9EYzROek1zSW1RaU9tWmhiSE5sTENKMElqcDBjblZsZlE9PSJ9fQ HTTP/1.1" 200 None
2025-03-27 00:11:16,854 - INFO - No streamers found on page 26. Retrying in 2 seconds...
2025-03-27 00:11:18,855 - INFO - Fetching page 27...
2025-03-27 00:11:18,864 - DEBUG - Starting new HTTPS connection (1): api.twitch.tv:443
2025-03-27 00:11:20,805 - DEBUG - https://api.twitch.tv:443 "GET /helix/streams?first=100&after=eyJiIjp7IkN1cnNvciI6ImV5SnpJam94TmpjdU5USXdOak15T1RRME5ESXpPRFVzSW1RaU9tWmhiSE5sTENKMElqcDBjblZsZlE9PSJ9LCJhIjp7IkN1cnNvciI6ImV5SnpJam94TlRrdU1qZzRPRFE1TURBeU16UTJNalFzSW1RaU9tWmhiSE5sTENKMElqcDBjblZsZlE9PSJ9fQ HTTP/1.1" 200 None
2025-03-27 00:11:21,083 - INFO - No streamers found on page 27. Retrying in 2 seconds...
2025-03-27 00:11:23,085 - INFO - Fetching page 28...
2025-03-27 00:11:23,093 - DEBUG - Starting new HTTPS connection (1): api.twitch.tv:443
2025-03-27 00:11:25,900 - DEBUG - https://api.twitch.tv:443 "GET /helix/streams?first=100&after=eyJiIjp7IkN1cnNvciI6ImV5SnpJam94TlRrdU1qZzFOak01T0Rnek1EZzFOVFFzSW1RaU9tWmhiSE5sTENKMElqcDBjblZsZlE9PSJ9LCJhIjp7IkN1cnNvciI6ImV5SnpJam94TlRFdU1EWTNPVGN3TnpBeU5UQXpORFlzSW1RaU9tWmhiSE5sTENKMElqcDBjblZsZlE9PSJ9fQ HTTP/1.1" 200 None
2025-03-27 00:11:26,169 - INFO - No streamers found on page 28. Retrying in 2 seconds...
2025-03-27 00:11:28,171 - INFO - Fetching page 29...
2025-03-27 00:11:28,179 - DEBUG - Starting new HTTPS connection (1): api.twitch.tv:443
2025-03-27 00:11:30,170 - DEBUG - https://api.twitch.tv:443 "GET /helix/streams?first=100&after=eyJiIjp7IkN1cnNvciI6ImV5SnpJam94TlRFdU1ERTBPREUzTWpjeU1EZ3pOVFVzSW1RaU9tWmhiSE5sTENKMElqcDBjblZsZlE9PSJ9LCJhIjp7IkN1cnNvciI6ImV5SnpJam94TkRVdU5UVXhNRGd6TWpJNE1qYzJORGNzSW1RaU9tWmhiSE5sTENKMElqcDBjblZsZlE9PSJ9fQ HTTP/1.1" 200 None
2025-03-27 00:11:30,416 - INFO - No streamers found on page 29. Retrying in 2 seconds...
2025-03-27 00:11:32,418 - INFO - Fetching page 30...
2025-03-27 00:11:32,425 - DEBUG - Starting new HTTPS connection (1): api.twitch.tv:443
2025-03-27 00:11:34,242 - DEBUG - https://api.twitch.tv:443 "GET /helix/streams?first=100&after=eyJiIjp7IkN1cnNvciI6ImV5SnpJam94TkRVdU1qTTNOamd4TURVeU1qTTNNaXdpWkNJNlptRnNjMlVzSW5RaU9uUnlkV1Y5In0sImEiOnsiQ3Vyc29yIjoiZXlKeklqb3hNemt1Tmpnek5EUXlPVFExTlRneE5Dd2laQ0k2Wm1Gc2MyVXNJblFpT25SeWRXVjkifX0 HTTP/1.1" 200 None
2025-03-27 00:11:34,575 - INFO - No streamers found on page 30. Retrying in 2 seconds...
2025-03-27 00:11:36,578 - INFO - Fetching page 31...
2025-03-27 00:11:36,587 - DEBUG - Starting new HTTPS connection (1): api.twitch.tv:443
2025-03-27 00:11:38,563 - DEBUG - https://api.twitch.tv:443 "GET /helix/streams?first=100&after=eyJiIjp7IkN1cnNvciI6ImV5SnpJam94TXprdU5UUXlPVFkyTkRrMU5qSTNNeXdpWkNJNlptRnNjMlVzSW5RaU9uUnlkV1Y5In0sImEiOnsiQ3Vyc29yIjoiZXlKeklqb3hNelF1TmpVNE1ESXhNVGN5TWpVNU1Td2laQ0k2Wm1Gc2MyVXNJblFpT25SeWRXVjkifX0 HTTP/1.1" 200 None
2025-03-27 00:11:38,801 - INFO - No streamers found on page 31. Retrying in 2 seconds...
2025-03-27 00:11:40,803 - INFO - Fetching page 32...
2025-03-27 00:11:40,806 - DEBUG - Starting new HTTPS connection (1): api.twitch.tv:443
2025-03-27 00:11:42,740 - DEBUG - https://api.twitch.tv:443 "GET /helix/streams?first=100&after=eyJiIjp7IkN1cnNvciI6ImV5SnpJam94TXpRdU5qUXdOamsxTWpZNU1UTTFPVE1zSW1RaU9tWmhiSE5sTENKMElqcDBjblZsZlE9PSJ9LCJhIjp7IkN1cnNvciI6ImV5SnpJam94TWprdU9UZzFPVFV4TnpFNE1EQXlOamNzSW1RaU9tWmhiSE5sTENKMElqcDBjblZsZlE9PSJ9fQ HTTP/1.1" 200 None
2025-03-27 00:11:42,936 - INFO - No streamers found on page 32. Retrying in 2 seconds...
2025-03-27 00:11:44,940 - INFO - Fetching page 33...
2025-03-27 00:11:44,947 - DEBUG - Starting new HTTPS connection (1): api.twitch.tv:443
2025-03-27 00:11:47,469 - DEBUG - https://api.twitch.tv:443 "GET /helix/streams?first=100&after=eyJiIjp7IkN1cnNvciI6ImV5SnpJam94TWprdU9UZ3lPREEyTURBek5ERTFOamNzSW1RaU9tWmhiSE5sTENKMElqcDBjblZsZlE9PSJ9LCJhIjp7IkN1cnNvciI6ImV5SnpJam94TWpRdU5qVTNNekV4T0RrNU9EQXpOVE1zSW1RaU9tWmhiSE5sTENKMElqcDBjblZsZlE9PSJ9fQ HTTP/1.1" 200 None
2025-03-27 00:11:47,481 - INFO - No streamers found on page 33. Retrying in 2 seconds...
2025-03-27 00:11:49,483 - INFO - Fetching page 34...
2025-03-27 00:11:49,491 - DEBUG - Starting new HTTPS connection (1): api.twitch.tv:443
2025-03-27 00:11:51,946 - DEBUG - https://api.twitch.tv:443 "GET /helix/streams?first=100&after=eyJiIjp7IkN1cnNvciI6ImV5SnpJam94TWpRdU5URXdPVFEzTURFeE9UazFPREVzSW1RaU9tWmhiSE5sTENKMElqcDBjblZsZlE9PSJ9LCJhIjp7IkN1cnNvciI6ImV5SnpJam94TWpBdU1qSXpOakUwTURJM09ETTROeXdpWkNJNlptRnNjMlVzSW5RaU9uUnlkV1Y5In19 HTTP/1.1" 200 None
2025-03-27 00:11:51,983 - INFO - No streamers found on page 34. Retrying in 2 seconds...
2025-03-27 00:11:53,985 - INFO - Fetching page 35...
2025-03-27 00:11:53,989 - DEBUG - Starting new HTTPS connection (1): api.twitch.tv:443
2025-03-27 00:11:55,819 - DEBUG - https://api.twitch.tv:443 "GET /helix/streams?first=100&after=eyJiIjp7IkN1cnNvciI6ImV5SnpJam94TWpBdU1UZzVOalF5TnpBME1UTTJNVElzSW1RaU9tWmhiSE5sTENKMElqcDBjblZsZlE9PSJ9LCJhIjp7IkN1cnNvciI6ImV5SnpJam94TVRZdU5UTXlPRE0xTURrek1qZ3hNRGdzSW1RaU9tWmhiSE5sTENKMElqcDBjblZsZlE9PSJ9fQ HTTP/1.1" 200 None
2025-03-27 00:11:56,041 - INFO - No streamers found on page 35. Retrying in 2 seconds...
2025-03-27 00:11:58,043 - INFO - Fetching page 36...
2025-03-27 00:11:58,049 - DEBUG - Starting new HTTPS connection (1): api.twitch.tv:443
2025-03-27 00:12:00,279 - DEBUG - https://api.twitch.tv:443 "GET /helix/streams?first=100&after=eyJiIjp7IkN1cnNvciI6ImV5SnpJam94TVRZdU5URTBORFEwTkRreE1qUTNNamtzSW1RaU9tWmhiSE5sTENKMElqcDBjblZsZlE9PSJ9LCJhIjp7IkN1cnNvciI6ImV5SnpJam94TVRJdU56YzNNalkxTnpnNU9USTVOekVzSW1RaU9tWmhiSE5sTENKMElqcDBjblZsZlE9PSJ9fQ HTTP/1.1" 200 None
2025-03-27 00:12:00,735 - INFO - No streamers found on page 36. Retrying in 2 seconds...
2025-03-27 00:12:02,737 - INFO - Fetching page 37...
2025-03-27 00:12:02,742 - DEBUG - Starting new HTTPS connection (1): api.twitch.tv:443
2025-03-27 00:12:05,336 - DEBUG - https://api.twitch.tv:443 "GET /helix/streams?first=100&after=eyJiIjp7IkN1cnNvciI6ImV5SnpJam94TVRJdU56STNOVGc1T1Rrek9UQTNNRFVzSW1RaU9tWmhiSE5sTENKMElqcDBjblZsZlE9PSJ9LCJhIjp7IkN1cnNvciI6ImV5SnpJam94TURrdU56RXlOekV3T1RBM01qRXpNakVzSW1RaU9tWmhiSE5sTENKMElqcDBjblZsZlE9PSJ9fQ HTTP/1.1" 200 None
2025-03-27 00:12:05,346 - INFO - No streamers found on page 37. Retrying in 2 seconds...
2025-03-27 00:12:07,347 - INFO - Fetching page 38...
2025-03-27 00:12:07,361 - DEBUG - Starting new HTTPS connection (1): api.twitch.tv:443
2025-03-27 00:12:08,999 - DEBUG - https://api.twitch.tv:443 "GET /helix/streams?first=100&after=eyJiIjp7IkN1cnNvciI6ImV5SnpJam94TnpBdU16WXdPRFkwTWpNek56YzFNallzSW1RaU9tWmhiSE5sTENKMElqcDBjblZsZlE9PSJ9LCJhIjp7IkN1cnNvciI6ImV5SnpJam94TURZdU9EYzFOekExT1RZNE1UVTJPVFlzSW1RaU9tWmhiSE5sTENKMElqcDBjblZsZlE9PSJ9fQ HTTP/1.1" 200 None
2025-03-27 00:12:09,259 - INFO - No streamers found on page 38. Retrying in 2 seconds...
2025-03-27 00:12:11,264 - INFO - Fetching page 39...
2025-03-27 00:12:11,270 - DEBUG - Starting new HTTPS connection (1): api.twitch.tv:443
2025-03-27 00:12:13,259 - DEBUG - https://api.twitch.tv:443 "GET /helix/streams?first=100&after=eyJiIjp7IkN1cnNvciI6ImV5SnpJam94TWpJdU9EQTNOelkyT1RRd09EWTFOaXdpWkNJNlptRnNjMlVzSW5RaU9uUnlkV1Y5In0sImEiOnsiQ3Vyc29yIjoiZXlKeklqb3hNRFF1TURrME1EUXlNRFUyTURreU1UZ3NJbVFpT21aaGJITmxMQ0owSWpwMGNuVmxmUT09In19 HTTP/1.1" 200 None
2025-03-27 00:12:13,476 - INFO - No streamers found on page 39. Retrying in 2 seconds...
2025-03-27 00:12:15,478 - INFO - Fetching page 40...
2025-03-27 00:12:15,485 - DEBUG - Starting new HTTPS connection (1): api.twitch.tv:443
2025-03-27 00:12:17,551 - DEBUG - https://api.twitch.tv:443 "GET /helix/streams?first=100&after=eyJiIjp7IkN1cnNvciI6ImV5SnpJam94TURRdU1EZ3lOVEkxTkRRMU9EWTJNRFVzSW1RaU9tWmhiSE5sTENKMElqcDBjblZsZlE9PSJ9LCJhIjp7IkN1cnNvciI6ImV5SnpJam94TURFdU5UQXhPVGM0TmpjME1UVXlNRFFzSW1RaU9tWmhiSE5sTENKMElqcDBjblZsZlE9PSJ9fQ HTTP/1.1" 200 None
2025-03-27 00:12:17,563 - INFO - No streamers found on page 40. Retrying in 2 seconds...
2025-03-27 00:12:19,565 - INFO - Fetching page 41...
2025-03-27 00:12:19,571 - DEBUG - Starting new HTTPS connection (1): api.twitch.tv:443
2025-03-27 00:12:21,557 - DEBUG - https://api.twitch.tv:443 "GET /helix/streams?first=100&after=eyJiIjp7IkN1cnNvciI6ImV5SnpJam94TURFdU5EazRPVEk1TmpJME16STVNRGNzSW1RaU9tWmhiSE5sTENKMElqcDBjblZsZlE9PSJ9LCJhIjp7IkN1cnNvciI6ImV5SnpJam81T1M0MU1ETTJPRFk1TVRZNU5qRTROQ3dpWkNJNlptRnNjMlVzSW5RaU9uUnlkV1Y5In19 HTTP/1.1" 200 None
2025-03-27 00:12:21,765 - INFO - No streamers found on page 41. Retrying in 2 seconds...
2025-03-27 00:12:23,766 - INFO - Fetching page 42...
2025-03-27 00:12:23,769 - DEBUG - Starting new HTTPS connection (1): api.twitch.tv:443
2025-03-27 00:12:25,650 - DEBUG - https://api.twitch.tv:443 "GET /helix/streams?first=100&after=eyJiIjp7IkN1cnNvciI6ImV5SnpJam81T1M0ME9ESTFORE13T0RjMk56WTNOaXdpWkNJNlptRnNjMlVzSW5RaU9uUnlkV1Y5In0sImEiOnsiQ3Vyc29yIjoiZXlKeklqbzVOaTR4TXpBd05ETTFNRFE0TlRJNU1pd2laQ0k2Wm1Gc2MyVXNJblFpT25SeWRXVjkifX0 HTTP/1.1" 200 None
2025-03-27 00:12:25,889 - INFO - No streamers found on page 42. Retrying in 2 seconds...
2025-03-27 00:12:27,890 - INFO - Fetching page 43...
2025-03-27 00:12:27,896 - DEBUG - Starting new HTTPS connection (1): api.twitch.tv:443
2025-03-27 00:12:29,844 - DEBUG - https://api.twitch.tv:443 "GET /helix/streams?first=100&after=eyJiIjp7IkN1cnNvciI6ImV5SnpJam81Tmk0d09EWTROakE1T0Rnd056WTFNU3dpWkNJNlptRnNjMlVzSW5RaU9uUnlkV1Y5In0sImEiOnsiQ3Vyc29yIjoiZXlKeklqbzVNeTR6T0RZek5USTBOVGsxT0Rjek5pd2laQ0k2Wm1Gc2MyVXNJblFpT25SeWRXVjkifX0 HTTP/1.1" 200 None
2025-03-27 00:12:30,074 - INFO - No streamers found on page 43. Retrying in 2 seconds...
2025-03-27 00:12:32,075 - INFO - Fetching page 44...
2025-03-27 00:12:32,081 - DEBUG - Starting new HTTPS connection (1): api.twitch.tv:443
2025-03-27 00:12:34,341 - DEBUG - https://api.twitch.tv:443 "GET /helix/streams?first=100&after=eyJiIjp7IkN1cnNvciI6ImV5SnpJam81TXk0ek5EZ3dNems1TlRReU9ETXlPQ3dpWkNJNlptRnNjMlVzSW5RaU9uUnlkV1Y5In0sImEiOnsiQ3Vyc29yIjoiZXlKeklqbzVNQzR5T0Rjd09UY3hNVFU0T1RjNU5Dd2laQ0k2Wm1Gc2MyVXNJblFpT25SeWRXVjkifX0 HTTP/1.1" 200 None
2025-03-27 00:12:34,561 - INFO - No streamers found on page 44. Retrying in 2 seconds...
2025-03-27 00:12:36,570 - INFO - Fetching page 45...
2025-03-27 00:12:36,577 - DEBUG - Starting new HTTPS connection (1): api.twitch.tv:443
2025-03-27 00:12:38,672 - DEBUG - https://api.twitch.tv:443 "GET /helix/streams?first=100&after=eyJiIjp7IkN1cnNvciI6ImV5SnpJam81TUM0eU5qUTFOamc1T0RJNU5EQXpMQ0prSWpwbVlXeHpaU3dpZENJNmRISjFaWDA9In0sImEiOnsiQ3Vyc29yIjoiZXlKeklqbzROeTQyT0RVek1EUXdPREU1T0RnME9Dd2laQ0k2Wm1Gc2MyVXNJblFpT25SeWRXVjkifX0 HTTP/1.1" 200 None
2025-03-27 00:12:38,960 - INFO - No streamers found on page 45. Retrying in 2 seconds...
2025-03-27 00:12:40,962 - INFO - Fetching page 46...
2025-03-27 00:12:40,966 - DEBUG - Starting new HTTPS connection (1): api.twitch.tv:443
2025-03-27 00:12:42,736 - DEBUG - https://api.twitch.tv:443 "GET /helix/streams?first=100&after=eyJiIjp7IkN1cnNvciI6ImV5SnpJam80Tnk0Mk5qQTNPVFk0TkRZME1UWTVOaXdpWkNJNlptRnNjMlVzSW5RaU9uUnlkV1Y5In0sImEiOnsiQ3Vyc29yIjoiZXlKeklqbzROUzQwTWpVM01qRTVOell6TmprMk55d2laQ0k2Wm1Gc2MyVXNJblFpT25SeWRXVjkifX0 HTTP/1.1" 200 None
2025-03-27 00:12:43,070 - INFO - No streamers found on page 46. Retrying in 2 seconds...
2025-03-27 00:12:45,074 - INFO - Fetching page 47...
2025-03-27 00:12:45,079 - DEBUG - Starting new HTTPS connection (1): api.twitch.tv:443
2025-03-27 00:12:47,058 - DEBUG - https://api.twitch.tv:443 "GET /helix/streams?first=100&after=eyJiIjp7IkN1cnNvciI6ImV5SnpJam80TlM0ek5qazVNREF6TURrM09UazJPQ3dpWkNJNlptRnNjMlVzSW5RaU9uUnlkV1Y5In0sImEiOnsiQ3Vyc29yIjoiZXlKeklqbzRNaTQ1Tmpjd01qTXpPVEE0TmpZeU15d2laQ0k2Wm1Gc2MyVXNJblFpT25SeWRXVjkifX0 HTTP/1.1" 200 None
2025-03-27 00:12:47,068 - INFO - No streamers found on page 47. Retrying in 2 seconds...
2025-03-27 00:12:49,069 - INFO - Fetching page 48...
2025-03-27 00:12:49,074 - DEBUG - Starting new HTTPS connection (1): api.twitch.tv:443
2025-03-27 00:12:51,138 - DEBUG - https://api.twitch.tv:443 "GET /helix/streams?first=100&after=eyJiIjp7IkN1cnNvciI6ImV5SnpJam80TWk0NU5ETTBNVFV6T0Rjd05UUTNOeXdpWkNJNlptRnNjMlVzSW5RaU9uUnlkV1Y5In0sImEiOnsiQ3Vyc29yIjoiZXlKeklqbzRNUzR3TlRneU1UZzRPVGN6T1RZNE5pd2laQ0k2Wm1Gc2MyVXNJblFpT25SeWRXVjkifX0 HTTP/1.1" 200 None
2025-03-27 00:12:51,444 - INFO - No streamers found on page 48. Retrying in 2 seconds...
2025-03-27 00:12:53,447 - INFO - Fetching page 49...
2025-03-27 00:12:53,453 - DEBUG - Starting new HTTPS connection (1): api.twitch.tv:443
2025-03-27 00:12:55,507 - DEBUG - https://api.twitch.tv:443 "GET /helix/streams?first=100&after=eyJiIjp7IkN1cnNvciI6ImV5SnpJam80TVM0d05UWTROVFEwTURjM09ERTVOQ3dpWkNJNlptRnNjMlVzSW5RaU9uUnlkV1Y5In0sImEiOnsiQ3Vyc29yIjoiZXlKeklqbzNPUzQwTVRReU5Ua3dNVGM0TXpjME1Td2laQ0k2Wm1Gc2MyVXNJblFpT25SeWRXVjkifX0 HTTP/1.1" 200 None
2025-03-27 00:12:55,840 - INFO - No streamers found on page 49. Retrying in 2 seconds...
2025-03-27 00:12:57,847 - INFO - Fetching page 50...
2025-03-27 00:12:57,850 - DEBUG - Starting new HTTPS connection (1): api.twitch.tv:443
2025-03-27 00:12:59,841 - DEBUG - https://api.twitch.tv:443 "GET /helix/streams?first=100&after=eyJiIjp7IkN1cnNvciI6ImV5SnpJam8zT1M0ek9Ua3dOREV3TVRjek56YzFNeXdpWkNJNlptRnNjMlVzSW5RaU9uUnlkV1Y5In0sImEiOnsiQ3Vyc29yIjoiZXlKeklqbzNOeTR5TXpNd056WXhOekV4TXpVME1pd2laQ0k2Wm1Gc2MyVXNJblFpT25SeWRXVjkifX0 HTTP/1.1" 200 None
2025-03-27 00:13:00,043 - INFO - No streamers found on page 50. Retrying in 2 seconds...
2025-03-27 00:13:02,050 - INFO - Fetching page 51...
2025-03-27 00:13:02,053 - DEBUG - Starting new HTTPS connection (1): api.twitch.tv:443
2025-03-27 00:13:04,056 - DEBUG - https://api.twitch.tv:443 "GET /helix/streams?first=100&after=eyJiIjp7IkN1cnNvciI6ImV5SnpJam8zTnk0eU1qTXlOVGN6TlRNek5EZzBPU3dpWkNJNlptRnNjMlVzSW5RaU9uUnlkV1Y5In0sImEiOnsiQ3Vyc29yIjoiZXlKeklqbzNOUzQxTkRFeE1EVXlNell6TkRnMkxDSmtJanBtWVd4elpTd2lkQ0k2ZEhKMVpYMD0ifX0 HTTP/1.1" 200 None
2025-03-27 00:13:04,061 - INFO - No streamers found on page 51. Retrying in 2 seconds...
2025-03-27 00:13:06,066 - INFO - Fetching page 52...
2025-03-27 00:13:06,071 - DEBUG - Starting new HTTPS connection (1): api.twitch.tv:443
2025-03-27 00:13:07,871 - DEBUG - https://api.twitch.tv:443 "GET /helix/streams?first=100&after=eyJiIjp7IkN1cnNvciI6ImV5SnpJam80TUM0NU1qZzVOelkwTmpVMk9UZzFOU3dpWkNJNlptRnNjMlVzSW5RaU9uUnlkV1Y5In0sImEiOnsiQ3Vyc29yIjoiZXlKeklqbzNNeTQzTlRZd09UWTRPRFE0TkRjekxDSmtJanBtWVd4elpTd2lkQ0k2ZEhKMVpYMD0ifX0 HTTP/1.1" 200 None
2025-03-27 00:13:08,241 - INFO - Logged: BNLPremier - 0 viewers - Counter-Strike
2025-03-27 00:13:08,242 - INFO - No streamers found on page 52. Retrying in 2 seconds...
2025-03-27 00:13:10,248 - INFO - Fetching page 53...
2025-03-27 00:13:10,255 - DEBUG - Starting new HTTPS connection (1): api.twitch.tv:443
2025-03-27 00:13:12,651 - DEBUG - https://api.twitch.tv:443 "GET /helix/streams?first=100&after=eyJiIjp7IkN1cnNvciI6ImV5SnpJam8zTmk0M05USTROemt6Tnpjek9UWTVPQ3dpWkNJNlptRnNjMlVzSW5RaU9uUnlkV1Y5In0sImEiOnsiQ3Vyc29yIjoiZXlKeklqbzNNUzQ1TXpBNE5EUTBNRFUwT0RBd05Dd2laQ0k2Wm1Gc2MyVXNJblFpT25SeWRXVjkifX0 HTTP/1.1" 200 None
2025-03-27 00:13:12,948 - INFO - No streamers found on page 53. Retrying in 2 seconds...
2025-03-27 00:13:14,951 - INFO - Fetching page 54...
2025-03-27 00:13:14,954 - DEBUG - Starting new HTTPS connection (1): api.twitch.tv:443
2025-03-27 00:13:17,145 - DEBUG - https://api.twitch.tv:443 "GET /helix/streams?first=100&after=eyJiIjp7IkN1cnNvciI6ImV5SnpJam8zTVM0NU1USTJORE0zTURZNE56RXpOU3dpWkNJNlptRnNjMlVzSW5RaU9uUnlkV1Y5In0sImEiOnsiQ3Vyc29yIjoiZXlKeklqbzNNQzR4TnpJMU1USTVPRGN3TXpNeU15d2laQ0k2Wm1Gc2MyVXNJblFpT25SeWRXVjkifX0 HTTP/1.1" 200 None
2025-03-27 00:13:17,353 - INFO - No streamers found on page 54. Retrying in 2 seconds...
2025-03-27 00:13:19,359 - INFO - Fetching page 55...
2025-03-27 00:13:19,365 - DEBUG - Starting new HTTPS connection (1): api.twitch.tv:443
2025-03-27 00:13:21,312 - DEBUG - https://api.twitch.tv:443 "GET /helix/streams?first=100&after=eyJiIjp7IkN1cnNvciI6ImV5SnpJam8zTUM0eE16Y3hOemswTURjd09UQXlNeXdpWkNJNlptRnNjMlVzSW5RaU9uUnlkV1Y5In0sImEiOnsiQ3Vyc29yIjoiZXlKeklqbzJPQzR4TlRZME1UQTFOVEkwTWpjNE5Dd2laQ0k2Wm1Gc2MyVXNJblFpT25SeWRXVjkifX0 HTTP/1.1" 200 None
2025-03-27 00:13:21,654 - INFO - No streamers found on page 55. Retrying in 2 seconds...
2025-03-27 00:13:23,655 - INFO - Fetching page 56...
2025-03-27 00:13:23,658 - DEBUG - Starting new HTTPS connection (1): api.twitch.tv:443
2025-03-27 00:13:25,778 - DEBUG - https://api.twitch.tv:443 "GET /helix/streams?first=100&after=eyJiIjp7IkN1cnNvciI6ImV5SnpJam8yT0M0eE1qUXpOREV4TkRrMk1UQTFOQ3dpWkNJNlptRnNjMlVzSW5RaU9uUnlkV1Y5In0sImEiOnsiQ3Vyc29yIjoiZXlKeklqbzJOaTR6TWprM09USTROamd5TlRJNU1Td2laQ0k2Wm1Gc2MyVXNJblFpT25SeWRXVjkifX0 HTTP/1.1" 200 None
2025-03-27 00:13:25,788 - INFO - No streamers found on page 56. Retrying in 2 seconds...
2025-03-27 00:13:27,789 - INFO - Fetching page 57...
2025-03-27 00:13:27,797 - DEBUG - Starting new HTTPS connection (1): api.twitch.tv:443
2025-03-27 00:13:30,470 - DEBUG - https://api.twitch.tv:443 "GET /helix/streams?first=100&after=eyJiIjp7IkN1cnNvciI6ImV5SnpJam8yTmk0ek1EUTNOemd5TURJd05ESXhOaXdpWkNJNlptRnNjMlVzSW5RaU9uUnlkV1Y5In0sImEiOnsiQ3Vyc29yIjoiZXlKeklqbzJOQzQ1TWpJM09EZ3lOVE0xTmpRMk9Td2laQ0k2Wm1Gc2MyVXNJblFpT25SeWRXVjkifX0 HTTP/1.1" 200 None
2025-03-27 00:13:30,767 - INFO - No streamers found on page 57. Retrying in 2 seconds...
2025-03-27 00:13:32,768 - INFO - Fetching page 58...
2025-03-27 00:13:32,789 - DEBUG - Starting new HTTPS connection (1): api.twitch.tv:443
2025-03-27 00:13:35,740 - DEBUG - https://api.twitch.tv:443 "GET /helix/streams?first=100&after=eyJiIjp7IkN1cnNvciI6ImV5SnpJam8yTkM0NE9EVXhOakV4T0RRMk56a3dOU3dpWkNJNlptRnNjMlVzSW5RaU9uUnlkV1Y5In0sImEiOnsiQ3Vyc29yIjoiZXlKeklqbzJNeTR5TlRVNE56RTROVEl3TlRFd09Td2laQ0k2Wm1Gc2MyVXNJblFpT25SeWRXVjkifX0 HTTP/1.1" 200 None
2025-03-27 00:13:35,753 - INFO - No streamers found on page 58. Retrying in 2 seconds...
2025-03-27 00:13:37,755 - INFO - Fetching page 59...
2025-03-27 00:13:37,764 - DEBUG - Starting new HTTPS connection (1): api.twitch.tv:443
2025-03-27 00:13:39,985 - DEBUG - https://api.twitch.tv:443 "GET /helix/streams?first=100&after=eyJiIjp7IkN1cnNvciI6ImV5SnpJam8yTXk0eU5ERXpNREk1TVRnNU16RTNOeXdpWkNJNlptRnNjMlVzSW5RaU9uUnlkV1Y5In0sImEiOnsiQ3Vyc29yIjoiZXlKeklqbzJNUzQwT1RNM05qY3lOREV4T1RNNU55d2laQ0k2Wm1Gc2MyVXNJblFpT25SeWRXVjkifX0 HTTP/1.1" 200 None
2025-03-27 00:13:40,198 - INFO - No streamers found on page 59. Retrying in 2 seconds...
2025-03-27 00:13:42,204 - INFO - Fetching page 60...
2025-03-27 00:13:42,214 - DEBUG - Starting new HTTPS connection (1): api.twitch.tv:443
2025-03-27 00:13:45,305 - DEBUG - https://api.twitch.tv:443 "GET /helix/streams?first=100&after=eyJiIjp7IkN1cnNvciI6ImV5SnpJam8yTVM0ME9EazVNamM1T0RZMU1UZ3NJbVFpT21aaGJITmxMQ0owSWpwMGNuVmxmUT09In0sImEiOnsiQ3Vyc29yIjoiZXlKeklqbzJNQzR5TURVNE1qWXlNalV6TXpVM09EUXNJbVFpT21aaGJITmxMQ0owSWpwMGNuVmxmUT09In19 HTTP/1.1" 200 None
2025-03-27 00:13:45,611 - INFO - No streamers found on page 60. Retrying in 2 seconds...
2025-03-27 00:13:47,615 - INFO - Fetching page 61...
2025-03-27 00:13:47,620 - DEBUG - Starting new HTTPS connection (1): api.twitch.tv:443
2025-03-27 00:13:49,590 - DEBUG - https://api.twitch.tv:443 "GET /helix/streams?first=100&after=eyJiIjp7IkN1cnNvciI6ImV5SnpJam8yTUM0eU1ETTJNemt6TVRnNU9ERXhNalVzSW1RaU9tWmhiSE5sTENKMElqcDBjblZsZlE9PSJ9LCJhIjp7IkN1cnNvciI6ImV5SnpJam8xT0M0M056WXlNamMyTVRBME1qazBOU3dpWkNJNlptRnNjMlVzSW5RaU9uUnlkV1Y5In19 HTTP/1.1" 200 None
2025-03-27 00:13:49,936 - INFO - No streamers found on page 61. Retrying in 2 seconds...
2025-03-27 00:13:51,941 - INFO - Fetching page 62...
2025-03-27 00:13:51,950 - DEBUG - Starting new HTTPS connection (1): api.twitch.tv:443
2025-03-27 00:13:53,914 - DEBUG - https://api.twitch.tv:443 "GET /helix/streams?first=100&after=eyJiIjp7IkN1cnNvciI6ImV5SnpJam8xT0M0M056TTROREk1TURFeE56RTJNU3dpWkNJNlptRnNjMlVzSW5RaU9uUnlkV1Y5In0sImEiOnsiQ3Vyc29yIjoiZXlKeklqbzFOeTQxT0RZd01UQTNNRGs0TXpjeUxDSmtJanBtWVd4elpTd2lkQ0k2ZEhKMVpYMD0ifX0 HTTP/1.1" 200 None
2025-03-27 00:13:53,948 - INFO - No streamers found on page 62. Retrying in 2 seconds...
2025-03-27 00:13:55,953 - INFO - Fetching page 63...
2025-03-27 00:13:55,959 - DEBUG - Starting new HTTPS connection (1): api.twitch.tv:443
2025-03-27 00:13:57,898 - DEBUG - https://api.twitch.tv:443 "GET /helix/streams?first=100&after=eyJiIjp7IkN1cnNvciI6ImV5SnpJam8xTnk0MU56ZzRPRFF4TnpFMk9EazJMQ0prSWpwbVlXeHpaU3dpZENJNmRISjFaWDA9In0sImEiOnsiQ3Vyc29yIjoiZXlKeklqbzFOaTR5TkRBMU5qRTJPRGcwTXpjNE16WXNJbVFpT21aaGJITmxMQ0owSWpwMGNuVmxmUT09In19 HTTP/1.1" 200 None
2025-03-27 00:13:58,218 - INFO - No streamers found on page 63. Retrying in 2 seconds...
2025-03-27 00:14:00,220 - INFO - Fetching page 64...
2025-03-27 00:14:00,229 - DEBUG - Starting new HTTPS connection (1): api.twitch.tv:443
2025-03-27 00:14:02,841 - DEBUG - https://api.twitch.tv:443 "GET /helix/streams?first=100&after=eyJiIjp7IkN1cnNvciI6ImV5SnpJam8xTmk0eU5EQXhORGN5T1RBNE1EY3lOU3dpWkNJNlptRnNjMlVzSW5RaU9uUnlkV1Y5In0sImEiOnsiQ3Vyc29yIjoiZXlKeklqbzFOUzR3TlRZMk5qWTJNRGN4TVRNek5pd2laQ0k2Wm1Gc2MyVXNJblFpT25SeWRXVjkifX0 HTTP/1.1" 200 None
2025-03-27 00:14:02,846 - INFO - No streamers found on page 64. Retrying in 2 seconds...
2025-03-27 00:14:04,849 - INFO - Fetching page 65...
2025-03-27 00:14:04,858 - DEBUG - Starting new HTTPS connection (1): api.twitch.tv:443
2025-03-27 00:14:07,014 - DEBUG - https://api.twitch.tv:443 "GET /helix/streams?first=100&after=eyJiIjp7IkN1cnNvciI6ImV5SnpJam8xTlM0d01qWTBNVEExTmprME5ESTVPVFFzSW1RaU9tWmhiSE5sTENKMElqcDBjblZsZlE9PSJ9LCJhIjp7IkN1cnNvciI6ImV5SnpJam8xTXk0M01USXhNekF5TmpNMk56WTFOQ3dpWkNJNlptRnNjMlVzSW5RaU9uUnlkV1Y5In19 HTTP/1.1" 200 None
2025-03-27 00:14:07,247 - INFO - No streamers found on page 65. Retrying in 2 seconds...
2025-03-27 00:14:09,249 - INFO - Fetching page 66...
2025-03-27 00:14:09,256 - DEBUG - Starting new HTTPS connection (1): api.twitch.tv:443
2025-03-27 00:14:11,209 - DEBUG - https://api.twitch.tv:443 "GET /helix/streams?first=100&after=eyJiIjp7IkN1cnNvciI6ImV5SnpJam8xTkM0eU9EY3pOVGcxT1RJM09UWTVNaXdpWkNJNlptRnNjMlVzSW5RaU9uUnlkV1Y5In0sImEiOnsiQ3Vyc29yIjoiZXlKeklqbzFNaTQxTXpBM01UWXpORE0zTXpZMU5pd2laQ0k2Wm1Gc2MyVXNJblFpT25SeWRXVjkifX0 HTTP/1.1" 200 None
2025-03-27 00:14:11,419 - INFO - No streamers found on page 66. Retrying in 2 seconds...
2025-03-27 00:14:13,421 - INFO - Fetching page 67...
2025-03-27 00:14:13,427 - DEBUG - Starting new HTTPS connection (1): api.twitch.tv:443
2025-03-27 00:14:16,236 - DEBUG - https://api.twitch.tv:443 "GET /helix/streams?first=100&after=eyJiIjp7IkN1cnNvciI6ImV5SnpJam8xTWk0MU1qVXhNekF3TlRnd05qSTFNaXdpWkNJNlptRnNjMlVzSW5RaU9uUnlkV1Y5In0sImEiOnsiQ3Vyc29yIjoiZXlKeklqbzFNUzQxTVRJM056QXlNalkyTkRBME5UVXNJbVFpT21aaGJITmxMQ0owSWpwMGNuVmxmUT09In19 HTTP/1.1" 200 None
2025-03-27 00:14:16,465 - INFO - No streamers found on page 67. Retrying in 2 seconds...
2025-03-27 00:14:18,468 - INFO - Fetching page 68...
2025-03-27 00:14:18,482 - DEBUG - Starting new HTTPS connection (1): api.twitch.tv:443
2025-03-27 00:14:20,947 - DEBUG - https://api.twitch.tv:443 "GET /helix/streams?first=100&after=eyJiIjp7IkN1cnNvciI6ImV5SnpJam8xTVM0ME9UWXpNREl3T1RBM01EQTNPU3dpWkNJNlptRnNjMlVzSW5RaU9uUnlkV1Y5In0sImEiOnsiQ3Vyc29yIjoiZXlKeklqbzFNQzQwTnpjeE56UXhORFl3TkRJeE1qUXNJbVFpT21aaGJITmxMQ0owSWpwMGNuVmxmUT09In19 HTTP/1.1" 200 None
2025-03-27 00:14:21,260 - INFO - Logged: StruggleNation - 49 viewers - R.E.P.O.
2025-03-27 00:14:21,267 - INFO - Logged: Soaryn - 49 viewers - Oxygen Not Included
2025-03-27 00:14:21,273 - INFO - Logged: Smiffic - 49 viewers - The Legend of Zelda: Ocarina of Time
2025-03-27 00:14:21,278 - INFO - Logged: IdleCrisp - 49 viewers - Pokémon FireRed/LeafGreen
2025-03-27 00:14:21,283 - INFO - Logged: shadowatnoon - 49 viewers - Assassin's Creed Shadows
2025-03-27 00:14:21,291 - INFO - Logged: bradbellickbr - 49 viewers - Counter-Strike
2025-03-27 00:14:21,297 - INFO - Logged: KIDDI - 49 viewers - R.E.P.O.
2025-03-27 00:14:21,303 - INFO - Logged: MadelineIsLame - 49 viewers - R.E.P.O.
2025-03-27 00:14:21,308 - INFO - Logged: miss_doctorog - 49 viewers - Minecraft
2025-03-27 00:14:21,312 - INFO - Logged details of 10 streamers below 50 viewers.
2025-03-27 00:14:21,328 - INFO - BNLPremier - 0 viewers - Counter-Strike
2025-03-27 00:14:21,328 - INFO - Tags: ['English', 'Esports', 'CS2', 'cs2faceit', 'belgie', 'Luxembourg', 'nederland', 'Nederlands']
2025-03-27 00:14:21,328 - INFO - StruggleNation - 49 viewers - R.E.P.O.
2025-03-27 00:14:21,328 - INFO - Tags: ['English']
2025-03-27 00:14:21,328 - INFO - Soaryn - 49 viewers - Oxygen Not Included
2025-03-27 00:14:21,332 - INFO - Tags: ['FamilyFriendly', 'Positivity', 'English']
2025-03-27 00:14:21,332 - INFO - Smiffic - 49 viewers - The Legend of Zelda: Ocarina of Time
2025-03-27 00:14:21,332 - INFO - Tags: ['UK', 'English', 'Nintendo', 'SoH', 'ShipOfHarkinian', 'OoTR', 'OOT', 'ZOOTR', 'Randomizer']
2025-03-27 00:14:21,334 - INFO - IdleCrisp - 49 viewers - Pokémon FireRed/LeafGreen
2025-03-27 00:14:21,334 - INFO - Tags: ['English', 'Pokemon', 'Challenge', 'Kaizo', 'ironMON', 'PermaDeath', 'HardMode', 'Super']
2025-03-27 00:14:21,335 - INFO - shadowatnoon - 49 viewers - Assassin's Creed Shadows
2025-03-27 00:14:21,335 - INFO - Tags: ['millennialvibes', 'Applebeesinfluencer', 'DONTBEWEIRD', 'English', 'Canadian', 'Educational', 'NoBackseating', 'pleaseIbegofyou', 'DropsEnabled']
2025-03-27 00:14:21,335 - INFO - bradbellickbr - 49 viewers - Counter-Strike
2025-03-27 00:14:21,337 - INFO - Tags: ['English']
2025-03-27 00:14:21,337 - INFO - KIDDI - 49 viewers - R.E.P.O.
2025-03-27 00:14:21,338 - INFO - Tags: ['english', 'norwegian', 'girlgamers', 'girl', 'egirl', 'norsk', 'kpop', 'English']
2025-03-27 00:14:21,341 - INFO - MadelineIsLame - 49 viewers - R.E.P.O.
2025-03-27 00:14:21,341 - INFO - Tags: ['English']
2025-03-27 00:14:21,342 - INFO - miss_doctorog - 49 viewers - Minecraft
2025-03-27 00:14:21,342 - INFO - Tags: ['warcriminal', 'gigahot', 'vtuber', 'kindafunny', 'collegedropout', 'moldybrain', 'professionalnapper', 'algae', 'aurafarming', 'English']
2025-03-27 00:14:21,380 - INFO - Bot started.
