2025-03-26 23:57:25,764 - INFO - Logging system initialized.
2025-03-26 23:57:25,766 - INFO - Fetching page 1...
2025-03-26 23:57:25,774 - DEBUG - Starting new HTTPS connection (1): api.twitch.tv:443
2025-03-26 23:57:27,065 - DEBUG - https://api.twitch.tv:443 "GET /helix/streams?first=100 HTTP/1.1" 200 None
2025-03-26 23:57:27,074 - INFO - Logged: VALORANT_EMEA - 12896 viewers - VALORANT
2025-03-26 23:57:27,079 - INFO - No streamers found on page 1. Retrying in 2 seconds...
2025-03-26 23:57:29,088 - INFO - Fetching page 2...
2025-03-26 23:57:29,095 - DEBUG - Starting new HTTPS connection (1): api.twitch.tv:443
2025-03-26 23:57:30,665 - DEBUG - https://api.twitch.tv:443 "GET /helix/streams?first=100&after=eyJiIjp7IkN1cnNvciI6ImV5SnpJam8xTVRNME1TNDBOVEl3TURRek5URTFNaXdpWkNJNlptRnNjMlVzSW5RaU9uUnlkV1Y5In0sImEiOnsiQ3Vyc29yIjoiZXlKeklqb3pOall3TGpjNU5EazRNVE14TkRNMUxDSmtJanBtWVd4elpTd2lkQ0k2ZEhKMVpYMD0ifX0 HTTP/1.1" 200 None
2025-03-26 23:57:30,671 - INFO - No streamers found on page 2. Retrying in 2 seconds...
2025-03-26 23:57:32,673 - INFO - Fetching page 3...
2025-03-26 23:57:32,678 - DEBUG - Starting new HTTPS connection (1): api.twitch.tv:443
2025-03-26 23:57:34,129 - DEBUG - https://api.twitch.tv:443 "GET /helix/streams?first=100&after=eyJiIjp7IkN1cnNvciI6ImV5SnpJam96TmpZd0xqUTRPRFl3TlRZMU16STRNak1zSW1RaU9tWmhiSE5sTENKMElqcDBjblZsZlE9PSJ9LCJhIjp7IkN1cnNvciI6ImV5SnpJam95TWpBeUxqTXdNRFl4T1RRMU16YzVMQ0prSWpwbVlXeHpaU3dpZENJNmRISjFaWDA9In19 HTTP/1.1" 200 None
2025-03-26 23:57:34,157 - INFO - No streamers found on page 3. Retrying in 2 seconds...
2025-03-26 23:57:36,159 - INFO - Fetching page 4...
2025-03-26 23:57:36,172 - DEBUG - Starting new HTTPS connection (1): api.twitch.tv:443
2025-03-26 23:57:38,233 - DEBUG - https://api.twitch.tv:443 "GET /helix/streams?first=100&after=eyJiIjp7IkN1cnNvciI6ImV5SnpJam95TVRreUxqSTNPRFEzT1Rjd01qWXdNeXdpWkNJNlptRnNjMlVzSW5RaU9uUnlkV1Y5In0sImEiOnsiQ3Vyc29yIjoiZXlKeklqb3hOVEl4TGpBeE56TTFNVFl3TXprd01Td2laQ0k2Wm1Gc2MyVXNJblFpT25SeWRXVjkifX0 HTTP/1.1" 200 None
2025-03-26 23:57:38,546 - INFO - No streamers found on page 4. Retrying in 2 seconds...
2025-03-26 23:57:40,548 - INFO - Fetching page 5...
2025-03-26 23:57:40,553 - DEBUG - Starting new HTTPS connection (1): api.twitch.tv:443
2025-03-26 23:57:41,918 - DEBUG - https://api.twitch.tv:443 "GET /helix/streams?first=100&after=eyJiIjp7IkN1cnNvciI6ImV5SnpJam94TlRBM0xqQXhOemd6TWpRME1UQXlOamNzSW1RaU9tWmhiSE5sTENKMElqcDBjblZsZlE9PSJ9LCJhIjp7IkN1cnNvciI6ImV5SnpJam94TVRZeExqUXlPRGN4TVRVME1qTXlOQ3dpWkNJNlptRnNjMlVzSW5RaU9uUnlkV1Y5In19 HTTP/1.1" 200 None
2025-03-26 23:57:41,939 - INFO - No streamers found on page 5. Retrying in 2 seconds...
2025-03-26 23:57:43,941 - INFO - Fetching page 6...
2025-03-26 23:57:43,944 - DEBUG - Starting new HTTPS connection (1): api.twitch.tv:443
2025-03-26 23:57:45,192 - DEBUG - https://api.twitch.tv:443 "GET /helix/streams?first=100&after=eyJiIjp7IkN1cnNvciI6ImV5SnpJam94TVRVNUxqVTNOVEF5TmpZNE1UQTRNakVzSW1RaU9tWmhiSE5sTENKMElqcDBjblZsZlE9PSJ9LCJhIjp7IkN1cnNvciI6ImV5SnpJam81T0RFdU9UYzBPRFEzTmpRd01qQXdPU3dpWkNJNlptRnNjMlVzSW5RaU9uUnlkV1Y5In19 HTTP/1.1" 200 None
2025-03-26 23:57:45,406 - INFO - No streamers found on page 6. Retrying in 2 seconds...
2025-03-26 23:57:47,407 - INFO - Fetching page 7...
2025-03-26 23:57:47,412 - DEBUG - Starting new HTTPS connection (1): api.twitch.tv:443
2025-03-26 23:57:49,040 - DEBUG - https://api.twitch.tv:443 "GET /helix/streams?first=100&after=eyJiIjp7IkN1cnNvciI6ImV5SnpJam81TnpVdU9EWTBNalUzTVRnek16WXNJbVFpT21aaGJITmxMQ0owSWpwMGNuVmxmUT09In0sImEiOnsiQ3Vyc29yIjoiZXlKeklqbzNPRGN1TVRjd056a3pPVFUwT0RVeE5Dd2laQ0k2Wm1Gc2MyVXNJblFpT25SeWRXVjkifX0 HTTP/1.1" 200 None
2025-03-26 23:57:49,049 - INFO - No streamers found on page 7. Retrying in 2 seconds...
2025-03-26 23:57:51,053 - INFO - Fetching page 8...
2025-03-26 23:57:51,058 - DEBUG - Starting new HTTPS connection (1): api.twitch.tv:443
2025-03-26 23:57:52,630 - DEBUG - https://api.twitch.tv:443 "GET /helix/streams?first=100&after=eyJiIjp7IkN1cnNvciI6ImV5SnpJam8zT0RZdU1UWTVNREF5T0RZd05Ua3hMQ0prSWpwbVlXeHpaU3dpZENJNmRISjFaWDA9In0sImEiOnsiQ3Vyc29yIjoiZXlKeklqbzJOamd1TkRZd05ERXhOalEzT1Rjd05Td2laQ0k2Wm1Gc2MyVXNJblFpT25SeWRXVjkifX0 HTTP/1.1" 200 None
2025-03-26 23:57:52,841 - INFO - No streamers found on page 8. Retrying in 2 seconds...
2025-03-26 23:57:54,843 - INFO - Fetching page 9...
2025-03-26 23:57:54,851 - DEBUG - Starting new HTTPS connection (1): api.twitch.tv:443
2025-03-26 23:57:56,239 - DEBUG - https://api.twitch.tv:443 "GET /helix/streams?first=100&after=eyJiIjp7IkN1cnNvciI6ImV5SnpJam8yTmpVdU16WXlNVGN4TlRBMk5Ua3pOU3dpWkNJNlptRnNjMlVzSW5RaU9uUnlkV1Y5In0sImEiOnsiQ3Vyc29yIjoiZXlKeklqbzFPRGN1TWprMU5ESXdNREUyT1RreU5Dd2laQ0k2Wm1Gc2MyVXNJblFpT25SeWRXVjkifX0 HTTP/1.1" 200 None
2025-03-26 23:57:56,255 - INFO - No streamers found on page 9. Retrying in 2 seconds...
2025-03-26 23:57:58,261 - INFO - Fetching page 10...
2025-03-26 23:57:58,269 - DEBUG - Starting new HTTPS connection (1): api.twitch.tv:443
2025-03-26 23:57:59,744 - DEBUG - https://api.twitch.tv:443 "GET /helix/streams?first=100&after=eyJiIjp7IkN1cnNvciI6ImV5SnpJam8xT0RVdU5UazFNVGczTWpVeU56VTRPQ3dpWkNJNlptRnNjMlVzSW5RaU9uUnlkV1Y5In0sImEiOnsiQ3Vyc29yIjoiZXlKeklqbzFNVFl1T1RrNE1ETXpNak0zTURBM05pd2laQ0k2Wm1Gc2MyVXNJblFpT25SeWRXVjkifX0 HTTP/1.1" 200 None
2025-03-26 23:57:59,767 - INFO - Logged: MRLUST - 501 viewers - Fortnite
2025-03-26 23:57:59,769 - INFO - Logged details of 2 streamers below 30000000 viewers.
2025-03-26 23:57:59,779 - INFO - VALORANT_EMEA - 12896 viewers - VALORANT
2025-03-26 23:57:59,781 - INFO - Tags: ['Esports', 'English', 'VALORANT', 'VCT', 'VALORANTEurope', 'VCTEMEA']
2025-03-26 23:57:59,781 - INFO - MRLUST - 501 viewers - Fortnite
2025-03-26 23:57:59,781 - INFO - Tags: ['xqc', 'kaicenat', 'ASMR', 'English', 'Fortnite', 'KingsLeague', 'Asmongold', 'valorant', 'minecraft', 'dota2']
