2025-03-25 02:23:28,227 - DEBUG - Fetching page 1...
2025-03-25 02:23:28,231 - DEBUG - Starting new HTTPS connection (1): api.twitch.tv:443
2025-03-25 02:23:29,715 - DEBUG - https://api.twitch.tv:443 "GET /helix/streams?first=100 HTTP/1.1" 200 None
2025-03-25 02:23:29,718 - INFO - No streamers found on page 1. Retrying in 2 seconds...
2025-03-25 02:23:31,719 - DEBUG - Fetching page 2...
2025-03-25 02:23:31,727 - DEBUG - Starting new HTTPS connection (1): api.twitch.tv:443
2025-03-25 02:23:32,819 - DEBUG - https://api.twitch.tv:443 "GET /helix/streams?first=100&after=eyJiIjp7IkN1cnNvciI6ImV5SnpJam94TURZeE56a3VOVFV3TkRRM09EVXlNalVzSW1RaU9tWmhiSE5sTENKMElqcDBjblZsZlE9PSJ9LCJhIjp7IkN1cnNvciI6ImV5SnpJam8wTVRjNExqSXhOVEU1T1RneE5EQTFPQ3dpWkNJNlptRnNjMlVzSW5RaU9uUnlkV1Y5In19 HTTP/1.1" 200 None
2025-03-25 02:23:33,083 - INFO - No streamers found on page 2. Retrying in 2 seconds...
2025-03-25 02:23:35,084 - DEBUG - Fetching page 3...
2025-03-25 02:23:35,087 - DEBUG - Starting new HTTPS connection (1): api.twitch.tv:443
2025-03-25 02:23:36,264 - DEBUG - https://api.twitch.tv:443 "GET /helix/streams?first=100&after=eyJiIjp7IkN1cnNvciI6ImV5SnpJam8wTVRNMUxqQTFNVEV4TXpFMk5ESTVOeXdpWkNJNlptRnNjMlVzSW5RaU9uUnlkV1Y5In0sImEiOnsiQ3Vyc29yIjoiZXlKeklqb3lNak0wTGpJME1ERTFPRE00TlRJMUxDSmtJanBtWVd4elpTd2lkQ0k2ZEhKMVpYMD0ifX0 HTTP/1.1" 200 None
2025-03-25 02:23:36,273 - INFO - No streamers found on page 3. Retrying in 2 seconds...
2025-03-25 02:23:38,275 - DEBUG - Fetching page 4...
2025-03-25 02:23:38,277 - DEBUG - Starting new HTTPS connection (1): api.twitch.tv:443
2025-03-25 02:23:39,533 - DEBUG - https://api.twitch.tv:443 "GET /helix/streams?first=100&after=eyJiIjp7IkN1cnNvciI6ImV5SnpJam95TWpFM0xqY3hOamN5TkRVME1Ua3dNemNzSW1RaU9tWmhiSE5sTENKMElqcDBjblZsZlE9PSJ9LCJhIjp7IkN1cnNvciI6ImV5SnpJam94TkRRNUxqQTROalkwTXpVeE1EVTRNVE1zSW1RaU9tWmhiSE5sTENKMElqcDBjblZsZlE9PSJ9fQ HTTP/1.1" 200 None
2025-03-25 02:23:39,799 - INFO - No streamers found on page 4. Retrying in 2 seconds...
2025-03-25 02:23:41,801 - DEBUG - Fetching page 5...
2025-03-25 02:23:41,803 - DEBUG - Starting new HTTPS connection (1): api.twitch.tv:443
2025-03-25 02:23:42,893 - DEBUG - https://api.twitch.tv:443 "GET /helix/streams?first=100&after=eyJiIjp7IkN1cnNvciI6ImV5SnpJam94TkRRd0xqVXlNRFl6TkRFeE1Ea3dOVE1zSW1RaU9tWmhiSE5sTENKMElqcDBjblZsZlE9PSJ9LCJhIjp7IkN1cnNvciI6ImV5SnpJam94TVRJeUxqRTNOVEExTVRJMk9UUTFPQ3dpWkNJNlptRnNjMlVzSW5RaU9uUnlkV1Y5In19 HTTP/1.1" 200 None
2025-03-25 02:23:42,897 - INFO - No streamers found on page 5. Retrying in 2 seconds...
2025-03-25 02:23:44,898 - DEBUG - Fetching page 6...
2025-03-25 02:23:44,900 - DEBUG - Starting new HTTPS connection (1): api.twitch.tv:443
2025-03-25 02:23:46,145 - DEBUG - https://api.twitch.tv:443 "GET /helix/streams?first=100&after=eyJiIjp7IkN1cnNvciI6ImV5SnpJam94TVRJeExqUTRPRFF3TVRjMU56SXdNVElzSW1RaU9tWmhiSE5sTENKMElqcDBjblZsZlE9PSJ9LCJhIjp7IkN1cnNvciI6ImV5SnpJam81TVRJdU1ESXlOemt5TWprM056RTJOaXdpWkNJNlptRnNjMlVzSW5RaU9uUnlkV1Y5In19 HTTP/1.1" 200 None
2025-03-25 02:23:46,420 - INFO - No streamers found on page 6. Retrying in 2 seconds...
2025-03-25 02:23:48,421 - DEBUG - Fetching page 7...
2025-03-25 02:23:48,424 - DEBUG - Starting new HTTPS connection (1): api.twitch.tv:443
2025-03-25 02:23:49,677 - DEBUG - https://api.twitch.tv:443 "GET /helix/streams?first=100&after=eyJiIjp7IkN1cnNvciI6ImV5SnpJam81TURrdU5EQTFOalkxT1RZeU16VXlPQ3dpWkNJNlptRnNjMlVzSW5RaU9uUnlkV1Y5In0sImEiOnsiQ3Vyc29yIjoiZXlKeklqbzNOak11TmpreU16WXdNVEk1T0RrM01pd2laQ0k2Wm1Gc2MyVXNJblFpT25SeWRXVjkifX0 HTTP/1.1" 200 None
2025-03-25 02:23:49,684 - INFO - No streamers found on page 7. Retrying in 2 seconds...
2025-03-25 02:23:51,684 - DEBUG - Fetching page 8...
2025-03-25 02:23:51,688 - DEBUG - Starting new HTTPS connection (1): api.twitch.tv:443
2025-03-25 02:23:52,844 - DEBUG - https://api.twitch.tv:443 "GET /helix/streams?first=100&after=eyJiIjp7IkN1cnNvciI6ImV5SnpJam8zTmpJdU5qQTJNemd3T0RFeE5UWTRMQ0prSWpwbVlXeHpaU3dpZENJNmRISjFaWDA9In0sImEiOnsiQ3Vyc29yIjoiZXlKeklqbzJNemt1TWpNd01EYzRNRFk0T1RFeE1pd2laQ0k2Wm1Gc2MyVXNJblFpT25SeWRXVjkifX0 HTTP/1.1" 200 None
2025-03-25 02:23:53,109 - INFO - No streamers found on page 8. Retrying in 2 seconds...
2025-03-25 02:23:55,109 - DEBUG - Fetching page 9...
2025-03-25 02:23:55,111 - DEBUG - Starting new HTTPS connection (1): api.twitch.tv:443
2025-03-25 02:23:56,243 - DEBUG - https://api.twitch.tv:443 "GET /helix/streams?first=100&after=eyJiIjp7IkN1cnNvciI6ImV5SnpJam8yTXprdU1qQTFPVEUyTXpFME5qWTJOaXdpWkNJNlptRnNjMlVzSW5RaU9uUnlkV1Y5In0sImEiOnsiQ3Vyc29yIjoiZXlKeklqbzFOVFl1TnpBM05UWXdPREExTlRrNE55d2laQ0k2Wm1Gc2MyVXNJblFpT25SeWRXVjkifX0 HTTP/1.1" 200 None
2025-03-25 02:23:56,506 - INFO - No streamers found on page 9. Retrying in 2 seconds...
2025-03-25 02:23:58,507 - DEBUG - Fetching page 10...
2025-03-25 02:23:58,508 - DEBUG - Starting new HTTPS connection (1): api.twitch.tv:443
2025-03-25 02:23:59,678 - DEBUG - https://api.twitch.tv:443 "GET /helix/streams?first=100&after=eyJiIjp7IkN1cnNvciI6ImV5SnpJam8xTlRRdU1qWTNOemcxTlRreE1UTTFOaXdpWkNJNlptRnNjMlVzSW5RaU9uUnlkV1Y5In0sImEiOnsiQ3Vyc29yIjoiZXlKeklqbzBPVGt1TURFd05qQXlNRGd5TmpVM0xDSmtJanBtWVd4elpTd2lkQ0k2ZEhKMVpYMD0ifX0 HTTP/1.1" 200 None
2025-03-25 02:23:59,683 - INFO - No streamers found on page 10. Retrying in 2 seconds...
2025-03-25 02:24:01,685 - DEBUG - Fetching page 11...
2025-03-25 02:24:01,694 - DEBUG - Starting new HTTPS connection (1): api.twitch.tv:443
2025-03-25 02:24:02,750 - DEBUG - https://api.twitch.tv:443 "GET /helix/streams?first=100&after=eyJiIjp7IkN1cnNvciI6ImV5SnpJam8wT1RndU1Ea3pOREk1TkRrd01qUTNNVFlzSW1RaU9tWmhiSE5sTENKMElqcDBjblZsZlE9PSJ9LCJhIjp7IkN1cnNvciI6ImV5SnpJam8wTkRjdU5qTXlOVFkwT1RRek5EazBNRFlzSW1RaU9tWmhiSE5sTENKMElqcDBjblZsZlE9PSJ9fQ HTTP/1.1" 200 None
2025-03-25 02:24:03,015 - INFO - No streamers found on page 11. Retrying in 2 seconds...
2025-03-25 02:24:05,016 - DEBUG - Fetching page 12...
2025-03-25 02:24:05,020 - DEBUG - Starting new HTTPS connection (1): api.twitch.tv:443
2025-03-25 02:24:06,068 - DEBUG - https://api.twitch.tv:443 "GET /helix/streams?first=100&after=eyJiIjp7IkN1cnNvciI6ImV5SnpJam8wTkRZdU9EUXpNVFV5T1Rjek9UazNNak1zSW1RaU9tWmhiSE5sTENKMElqcDBjblZsZlE9PSJ9LCJhIjp7IkN1cnNvciI6ImV5SnpJam8wTURNdU1qZzBNek13TmpFNU9EWXhNU3dpWkNJNlptRnNjMlVzSW5RaU9uUnlkV1Y5In19 HTTP/1.1" 200 None
2025-03-25 02:24:06,071 - INFO - No streamers found on page 12. Retrying in 2 seconds...
2025-03-25 02:24:08,073 - DEBUG - Fetching page 13...
2025-03-25 02:24:08,075 - DEBUG - Starting new HTTPS connection (1): api.twitch.tv:443
2025-03-25 02:24:09,690 - DEBUG - https://api.twitch.tv:443 "GET /helix/streams?first=100&after=eyJiIjp7IkN1cnNvciI6ImV5SnpJam8wTURJdU5qazFORE00TVRFMk1ERTVOU3dpWkNJNlptRnNjMlVzSW5RaU9uUnlkV1Y5In0sImEiOnsiQ3Vyc29yIjoiZXlKeklqb3pOak11TXpnME5qZ3dPRGN5TnpBeU9Dd2laQ0k2Wm1Gc2MyVXNJblFpT25SeWRXVjkifX0 HTTP/1.1" 200 None
2025-03-25 02:24:09,958 - INFO - No streamers found on page 13. Retrying in 2 seconds...
2025-03-25 02:24:11,958 - DEBUG - Fetching page 14...
2025-03-25 02:24:11,961 - DEBUG - Starting new HTTPS connection (1): api.twitch.tv:443
2025-03-25 02:24:13,410 - DEBUG - https://api.twitch.tv:443 "GET /helix/streams?first=100&after=eyJiIjp7IkN1cnNvciI6ImV5SnpJam96TmpndU1qSXdOekEzTmpRMU5qa3hNVFlzSW1RaU9tWmhiSE5sTENKMElqcDBjblZsZlE9PSJ9LCJhIjp7IkN1cnNvciI6ImV5SnpJam96TXpFdU16QXlORGt4TnpBME1UTTFORE1zSW1RaU9tWmhiSE5sTENKMElqcDBjblZsZlE9PSJ9fQ HTTP/1.1" 200 None
2025-03-25 02:24:13,415 - INFO - No streamers found on page 14. Retrying in 2 seconds...
2025-03-25 02:24:15,417 - DEBUG - Fetching page 15...
2025-03-25 02:24:15,421 - DEBUG - Starting new HTTPS connection (1): api.twitch.tv:443
2025-03-25 02:24:16,672 - DEBUG - https://api.twitch.tv:443 "GET /helix/streams?first=100&after=eyJiIjp7IkN1cnNvciI6ImV5SnpJam96TXpFdU1qRTFNVGc0T1RBMk5UYzRNVE1zSW1RaU9tWmhiSE5sTENKMElqcDBjblZsZlE9PSJ9LCJhIjp7IkN1cnNvciI6ImV5SnpJam96TURNdU5EUXhOamd3T0RJME5UUTVPVFlzSW1RaU9tWmhiSE5sTENKMElqcDBjblZsZlE9PSJ9fQ HTTP/1.1" 200 None
2025-03-25 02:24:16,962 - INFO - No streamers found on page 15. Retrying in 2 seconds...
2025-03-25 02:24:18,963 - DEBUG - Fetching page 16...
2025-03-25 02:24:18,966 - DEBUG - Starting new HTTPS connection (1): api.twitch.tv:443
2025-03-25 02:24:20,050 - DEBUG - https://api.twitch.tv:443 "GET /helix/streams?first=100&after=eyJiIjp7IkN1cnNvciI6ImV5SnpJam96TURNdU1qUXpNRFV4TmpBek56STFPU3dpWkNJNlptRnNjMlVzSW5RaU9uUnlkV1Y5In0sImEiOnsiQ3Vyc29yIjoiZXlKeklqb3lOemN1TWpFeU5EVTRORGd4TmpVNUxDSmtJanBtWVd4elpTd2lkQ0k2ZEhKMVpYMD0ifX0 HTTP/1.1" 200 None
2025-03-25 02:24:20,317 - INFO - No streamers found on page 16. Retrying in 2 seconds...
2025-03-25 02:24:22,318 - DEBUG - Fetching page 17...
2025-03-25 02:24:22,320 - DEBUG - Starting new HTTPS connection (1): api.twitch.tv:443
2025-03-25 02:24:23,417 - DEBUG - https://api.twitch.tv:443 "GET /helix/streams?first=100&after=eyJiIjp7IkN1cnNvciI6ImV5SnpJam95TnpjdU1UVTNOVEF6TXpVNU9UZzNOelFzSW1RaU9tWmhiSE5sTENKMElqcDBjblZsZlE9PSJ9LCJhIjp7IkN1cnNvciI6ImV5SnpJam95TmpBdU1UUTVOekk1T0RJd09UazNOVFVzSW1RaU9tWmhiSE5sTENKMElqcDBjblZsZlE9PSJ9fQ HTTP/1.1" 200 None
2025-03-25 02:24:23,672 - INFO - No streamers found on page 17. Retrying in 2 seconds...
2025-03-25 02:24:25,673 - DEBUG - Fetching page 18...
2025-03-25 02:24:25,675 - DEBUG - Starting new HTTPS connection (1): api.twitch.tv:443
2025-03-25 02:24:26,714 - DEBUG - https://api.twitch.tv:443 "GET /helix/streams?first=100&after=eyJiIjp7IkN1cnNvciI6ImV5SnpJam95TlRrdU9ESTJOVE0xT1RVeE16QTFOelFzSW1RaU9tWmhiSE5sTENKMElqcDBjblZsZlE9PSJ9LCJhIjp7IkN1cnNvciI6ImV5SnpJam95TkRVdU1EWTNOekF6TnpjMk1UUXdNallzSW1RaU9tWmhiSE5sTENKMElqcDBjblZsZlE9PSJ9fQ HTTP/1.1" 200 None
2025-03-25 02:24:26,983 - INFO - No streamers found on page 18. Retrying in 2 seconds...
2025-03-25 02:24:28,984 - DEBUG - Fetching page 19...
2025-03-25 02:24:28,986 - DEBUG - Starting new HTTPS connection (1): api.twitch.tv:443
2025-03-25 02:24:30,139 - DEBUG - https://api.twitch.tv:443 "GET /helix/streams?first=100&after=eyJiIjp7IkN1cnNvciI6ImV5SnpJam95TkRVdU1EUTBNVFE0TURVeU16VTBOQ3dpWkNJNlptRnNjMlVzSW5RaU9uUnlkV1Y5In0sImEiOnsiQ3Vyc29yIjoiZXlKeklqb3lNall1TnpneE5UazJNRGcxTlRNME5EWXNJbVFpT21aaGJITmxMQ0owSWpwMGNuVmxmUT09In19 HTTP/1.1" 200 None
2025-03-25 02:24:30,144 - INFO - No streamers found on page 19. Retrying in 2 seconds...
2025-03-25 02:24:32,145 - DEBUG - Fetching page 20...
2025-03-25 02:24:32,146 - DEBUG - Starting new HTTPS connection (1): api.twitch.tv:443
2025-03-25 02:24:33,588 - DEBUG - https://api.twitch.tv:443 "GET /helix/streams?first=100&after=eyJiIjp7IkN1cnNvciI6ImV5SnpJam95TWpZdU5qY3pPVGcyTURFNU1ESTFNRGdzSW1RaU9tWmhiSE5sTENKMElqcDBjblZsZlE9PSJ9LCJhIjp7IkN1cnNvciI6ImV5SnpJam95TVRJdU56STBNVEF6TnpRek5EUXlNRElzSW1RaU9tWmhiSE5sTENKMElqcDBjblZsZlE9PSJ9fQ HTTP/1.1" 200 None
2025-03-25 02:24:33,854 - INFO - No streamers found on page 20. Retrying in 2 seconds...
2025-03-25 02:24:35,855 - DEBUG - Fetching page 21...
2025-03-25 02:24:35,856 - DEBUG - Starting new HTTPS connection (1): api.twitch.tv:443
2025-03-25 02:24:36,974 - DEBUG - https://api.twitch.tv:443 "GET /helix/streams?first=100&after=eyJiIjp7IkN1cnNvciI6ImV5SnpJam95TVRJdU5qRTFNemcxT1RVM09UQTBMQ0prSWpwbVlXeHpaU3dpZENJNmRISjFaWDA9In0sImEiOnsiQ3Vyc29yIjoiZXlKeklqb3lNREF1TlRjMk5EazJOemMxTkRVNU1qVXNJbVFpT21aaGJITmxMQ0owSWpwMGNuVmxmUT09In19 HTTP/1.1" 200 None
2025-03-25 02:24:37,242 - INFO - No streamers found on page 21. Retrying in 2 seconds...
2025-03-25 02:24:39,244 - DEBUG - Fetching page 22...
2025-03-25 02:24:39,246 - DEBUG - Starting new HTTPS connection (1): api.twitch.tv:443
2025-03-25 02:24:40,336 - DEBUG - https://api.twitch.tv:443 "GET /helix/streams?first=100&after=eyJiIjp7IkN1cnNvciI6ImV5SnpJam95TURBdU16SXpOalk0TXpFeE9Ea3hNRFVzSW1RaU9tWmhiSE5sTENKMElqcDBjblZsZlE9PSJ9LCJhIjp7IkN1cnNvciI6ImV5SnpJam94T0RndU9EWTVOelExT0RZd016YzBOaXdpWkNJNlptRnNjMlVzSW5RaU9uUnlkV1Y5In19 HTTP/1.1" 200 None
2025-03-25 02:24:40,341 - INFO - No streamers found on page 22. Retrying in 2 seconds...
2025-03-25 02:24:42,342 - DEBUG - Fetching page 23...
2025-03-25 02:24:42,343 - DEBUG - Starting new HTTPS connection (1): api.twitch.tv:443
2025-03-25 02:24:44,089 - DEBUG - https://api.twitch.tv:443 "GET /helix/streams?first=100&after=eyJiIjp7IkN1cnNvciI6ImV5SnpJam94T0RndU5qazBORE0yTkRneU1EZ3lOeXdpWkNJNlptRnNjMlVzSW5RaU9uUnlkV1Y5In0sImEiOnsiQ3Vyc29yIjoiZXlKeklqb3hOemt1T0RNek5qSTRNVGN6TURFd05EVXNJbVFpT21aaGJITmxMQ0owSWpwMGNuVmxmUT09In19 HTTP/1.1" 200 None
2025-03-25 02:24:44,361 - INFO - No streamers found on page 23. Retrying in 2 seconds...
2025-03-25 02:24:46,362 - DEBUG - Fetching page 24...
2025-03-25 02:24:46,372 - DEBUG - Starting new HTTPS connection (1): api.twitch.tv:443
2025-03-25 02:24:47,680 - DEBUG - https://api.twitch.tv:443 "GET /helix/streams?first=100&after=eyJiIjp7IkN1cnNvciI6ImV5SnpJam94TnprdU5qazBNakl6TURZd05qWTNNU3dpWkNJNlptRnNjMlVzSW5RaU9uUnlkV1Y5In0sImEiOnsiQ3Vyc29yIjoiZXlKeklqb3hOamd1T0RVd05EVTVPVE00TVRrNE5UVXNJbVFpT21aaGJITmxMQ0owSWpwMGNuVmxmUT09In19 HTTP/1.1" 200 None
2025-03-25 02:24:47,685 - INFO - No streamers found on page 24. Retrying in 2 seconds...
2025-03-25 02:24:49,687 - DEBUG - Fetching page 25...
2025-03-25 02:24:49,690 - DEBUG - Starting new HTTPS connection (1): api.twitch.tv:443
2025-03-25 02:24:51,565 - DEBUG - https://api.twitch.tv:443 "GET /helix/streams?first=100&after=eyJiIjp7IkN1cnNvciI6ImV5SnpJam94TmpndU5Ea3dNRFUwTXpjME5EUXlMQ0prSWpwbVlXeHpaU3dpZENJNmRISjFaWDA9In0sImEiOnsiQ3Vyc29yIjoiZXlKeklqb3hOVGd1TkRBMk1qTXpPRGMxTnpBME1UY3NJbVFpT21aaGJITmxMQ0owSWpwMGNuVmxmUT09In19 HTTP/1.1" 200 None
2025-03-25 02:24:51,835 - INFO - No streamers found on page 25. Retrying in 2 seconds...
2025-03-25 02:24:53,836 - DEBUG - Fetching page 26...
2025-03-25 02:24:53,838 - DEBUG - Starting new HTTPS connection (1): api.twitch.tv:443
2025-03-25 02:24:55,253 - DEBUG - https://api.twitch.tv:443 "GET /helix/streams?first=100&after=eyJiIjp7IkN1cnNvciI6ImV5SnpJam94TlRndU1qZ3pOVEkyTlRnNE5UTXdNVGdzSW1RaU9tWmhiSE5sTENKMElqcDBjblZsZlE9PSJ9LCJhIjp7IkN1cnNvciI6ImV5SnpJam94TlRBdU9EQTBNak0yT1RVNU5qZ3pOQ3dpWkNJNlptRnNjMlVzSW5RaU9uUnlkV1Y5In19 HTTP/1.1" 200 None
2025-03-25 02:24:55,256 - INFO - No streamers found on page 26. Retrying in 2 seconds...
2025-03-25 02:24:57,257 - DEBUG - Fetching page 27...
2025-03-25 02:24:57,258 - DEBUG - Starting new HTTPS connection (1): api.twitch.tv:443
2025-03-25 02:24:58,533 - DEBUG - https://api.twitch.tv:443 "GET /helix/streams?first=100&after=eyJiIjp7IkN1cnNvciI6ImV5SnpJam94TlRBdU56WXhOamd4TVRJNE1qTTNPQ3dpWkNJNlptRnNjMlVzSW5RaU9uUnlkV1Y5In0sImEiOnsiQ3Vyc29yIjoiZXlKeklqb3hORFV1T0RreU56YzROelV5TkRBNU5qY3NJbVFpT21aaGJITmxMQ0owSWpwMGNuVmxmUT09In19 HTTP/1.1" 200 None
2025-03-25 02:24:58,807 - INFO - No streamers found on page 27. Retrying in 2 seconds...
2025-03-25 02:25:00,808 - DEBUG - Fetching page 28...
2025-03-25 02:25:00,810 - DEBUG - Starting new HTTPS connection (1): api.twitch.tv:443
2025-03-25 02:25:02,492 - DEBUG - https://api.twitch.tv:443 "GET /helix/streams?first=100&after=eyJiIjp7IkN1cnNvciI6ImV5SnpJam94TkRVdU9EY3dPREUwTlRnMk1ESTRNaXdpWkNJNlptRnNjMlVzSW5RaU9uUnlkV1Y5In0sImEiOnsiQ3Vyc29yIjoiZXlKeklqb3hNemt1TXpFd09UWXlORGs0TXpJek5Dd2laQ0k2Wm1Gc2MyVXNJblFpT25SeWRXVjkifX0 HTTP/1.1" 200 None
2025-03-25 02:25:02,499 - INFO - No streamers found on page 28. Retrying in 2 seconds...
2025-03-25 02:25:04,501 - DEBUG - Fetching page 29...
2025-03-25 02:25:04,504 - DEBUG - Starting new HTTPS connection (1): api.twitch.tv:443
2025-03-25 02:25:05,636 - DEBUG - https://api.twitch.tv:443 "GET /helix/streams?first=100&after=eyJiIjp7IkN1cnNvciI6ImV5SnpJam94TXprdU1UYzNNekl3TlRVME5qWXdPVFVzSW1RaU9tWmhiSE5sTENKMElqcDBjblZsZlE9PSJ9LCJhIjp7IkN1cnNvciI6ImV5SnpJam94TXpJdU9URTBOalU1TkRZNU5ETXhOVFFzSW1RaU9tWmhiSE5sTENKMElqcDBjblZsZlE9PSJ9fQ HTTP/1.1" 200 None
2025-03-25 02:25:05,901 - INFO - No streamers found on page 29. Retrying in 2 seconds...
2025-03-25 02:25:07,902 - DEBUG - Fetching page 30...
2025-03-25 02:25:07,905 - DEBUG - Starting new HTTPS connection (1): api.twitch.tv:443
2025-03-25 02:25:09,523 - DEBUG - https://api.twitch.tv:443 "GET /helix/streams?first=100&after=eyJiIjp7IkN1cnNvciI6ImV5SnpJam94TXpJdU9UQTBOVGswTmpNMU1UQXpNRElzSW1RaU9tWmhiSE5sTENKMElqcDBjblZsZlE9PSJ9LCJhIjp7IkN1cnNvciI6ImV5SnpJam94TWpjdU9URTRNakk0TkRZNU5qQXdNVFFzSW1RaU9tWmhiSE5sTENKMElqcDBjblZsZlE9PSJ9fQ HTTP/1.1" 200 None
2025-03-25 02:25:09,798 - INFO - No streamers found on page 30. Retrying in 2 seconds...
2025-03-25 02:25:11,800 - DEBUG - Fetching page 31...
2025-03-25 02:25:11,804 - DEBUG - Starting new HTTPS connection (1): api.twitch.tv:443
2025-03-25 02:25:13,580 - DEBUG - https://api.twitch.tv:443 "GET /helix/streams?first=100&after=eyJiIjp7IkN1cnNvciI6ImV5SnpJam94TXpjdU16YzROamt4TURNNE5ETTNPQ3dpWkNJNlptRnNjMlVzSW5RaU9uUnlkV1Y5In0sImEiOnsiQ3Vyc29yIjoiZXlKeklqb3hNalF1TXpRd056a3hOemN6T0RreE9EUXNJbVFpT21aaGJITmxMQ0owSWpwMGNuVmxmUT09In19 HTTP/1.1" 200 None
2025-03-25 02:25:13,851 - INFO - No streamers found on page 31. Retrying in 2 seconds...
2025-03-25 02:25:15,852 - DEBUG - Fetching page 32...
2025-03-25 02:25:15,854 - DEBUG - Starting new HTTPS connection (1): api.twitch.tv:443
2025-03-25 02:25:17,195 - DEBUG - https://api.twitch.tv:443 "GET /helix/streams?first=100&after=eyJiIjp7IkN1cnNvciI6ImV5SnpJam94TWpRdU16RTFNVGN5TURnMk5UUXpNakVzSW1RaU9tWmhiSE5sTENKMElqcDBjblZsZlE9PSJ9LCJhIjp7IkN1cnNvciI6ImV5SnpJam94TVRrdU1qSTBORE13TmpBM05URTBNakVzSW1RaU9tWmhiSE5sTENKMElqcDBjblZsZlE9PSJ9fQ HTTP/1.1" 200 None
2025-03-25 02:25:17,201 - INFO - No streamers found on page 32. Retrying in 2 seconds...
2025-03-25 02:25:19,202 - DEBUG - Fetching page 33...
2025-03-25 02:25:19,205 - DEBUG - Starting new HTTPS connection (1): api.twitch.tv:443
2025-03-25 02:25:20,799 - DEBUG - https://api.twitch.tv:443 "GET /helix/streams?first=100&after=eyJiIjp7IkN1cnNvciI6ImV5SnpJam94TVRrdU1UYzJPVFF3TmpZNE5qUTRNek1zSW1RaU9tWmhiSE5sTENKMElqcDBjblZsZlE9PSJ9LCJhIjp7IkN1cnNvciI6ImV5SnpJam94TVRVdU1UazRNRGN6TWprd05qTXdNemdzSW1RaU9tWmhiSE5sTENKMElqcDBjblZsZlE9PSJ9fQ HTTP/1.1" 200 None
2025-03-25 02:25:20,813 - INFO - No streamers found on page 33. Retrying in 2 seconds...
2025-03-25 02:25:22,815 - DEBUG - Fetching page 34...
2025-03-25 02:25:22,817 - DEBUG - Starting new HTTPS connection (1): api.twitch.tv:443
2025-03-25 02:25:24,534 - DEBUG - https://api.twitch.tv:443 "GET /helix/streams?first=100&after=eyJiIjp7IkN1cnNvciI6ImV5SnpJam94TVRVdU1UZzNNVEU1T0RJNE1URTFNRElzSW1RaU9tWmhiSE5sTENKMElqcDBjblZsZlE9PSJ9LCJhIjp7IkN1cnNvciI6ImV5SnpJam94TVRFdU5EYzBPVGd5TmpVME16Z3pOelVzSW1RaU9tWmhiSE5sTENKMElqcDBjblZsZlE9PSJ9fQ HTTP/1.1" 200 None
2025-03-25 02:25:24,802 - INFO - No streamers found on page 34. Retrying in 2 seconds...
2025-03-25 02:25:26,803 - DEBUG - Fetching page 35...
2025-03-25 02:25:26,805 - DEBUG - Starting new HTTPS connection (1): api.twitch.tv:443
2025-03-25 02:25:28,128 - DEBUG - https://api.twitch.tv:443 "GET /helix/streams?first=100&after=eyJiIjp7IkN1cnNvciI6ImV5SnpJam94TVRFdU5EWTBNekk1TlRjM016a3lNRFVzSW1RaU9tWmhiSE5sTENKMElqcDBjblZsZlE9PSJ9LCJhIjp7IkN1cnNvciI6ImV5SnpJam94TURjdU9UY3lNREV3T1RRd05qQXlOak1zSW1RaU9tWmhiSE5sTENKMElqcDBjblZsZlE9PSJ9fQ HTTP/1.1" 200 None
2025-03-25 02:25:28,406 - INFO - No streamers found on page 35. Retrying in 2 seconds...
2025-03-25 02:25:30,406 - DEBUG - Fetching page 36...
2025-03-25 02:25:30,410 - DEBUG - Starting new HTTPS connection (1): api.twitch.tv:443
2025-03-25 02:25:31,455 - DEBUG - https://api.twitch.tv:443 "GET /helix/streams?first=100&after=eyJiIjp7IkN1cnNvciI6ImV5SnpJam94TURjdU9UWTVOams1TVRBeE1qZ3lOamtzSW1RaU9tWmhiSE5sTENKMElqcDBjblZsZlE9PSJ9LCJhIjp7IkN1cnNvciI6ImV5SnpJam94TURRdU16YzBORGN4T1RVMU9EVXdNREVzSW1RaU9tWmhiSE5sTENKMElqcDBjblZsZlE9PSJ9fQ HTTP/1.1" 200 None
2025-03-25 02:25:31,460 - INFO - No streamers found on page 36. Retrying in 2 seconds...
2025-03-25 02:25:33,461 - DEBUG - Fetching page 37...
2025-03-25 02:25:33,463 - DEBUG - Starting new HTTPS connection (1): api.twitch.tv:443
2025-03-25 02:25:34,514 - DEBUG - https://api.twitch.tv:443 "GET /helix/streams?first=100&after=eyJiIjp7IkN1cnNvciI6ImV5SnpJam94TURRdU16Y3pOakl4TURJeE9UVXdNRFlzSW1RaU9tWmhiSE5sTENKMElqcDBjblZsZlE9PSJ9LCJhIjp7IkN1cnNvciI6ImV5SnpJam94TURFdU5EUTBNREl4TURjd01EYzJOek1zSW1RaU9tWmhiSE5sTENKMElqcDBjblZsZlE9PSJ9fQ HTTP/1.1" 200 None
2025-03-25 02:25:34,518 - INFO - No streamers found on page 37. Retrying in 2 seconds...
2025-03-25 02:25:36,518 - DEBUG - Fetching page 38...
2025-03-25 02:25:36,520 - DEBUG - Starting new HTTPS connection (1): api.twitch.tv:443
2025-03-25 02:25:38,102 - DEBUG - https://api.twitch.tv:443 "GET /helix/streams?first=100&after=eyJiIjp7IkN1cnNvciI6ImV5SnpJam94TURFdU5ESXpNalV4TnpnNE5EWXpNamdzSW1RaU9tWmhiSE5sTENKMElqcDBjblZsZlE9PSJ9LCJhIjp7IkN1cnNvciI6ImV5SnpJam81T0M0M056YzNNekUxT1RZMU1ETTBOaXdpWkNJNlptRnNjMlVzSW5RaU9uUnlkV1Y5In19 HTTP/1.1" 200 None
2025-03-25 02:25:38,109 - INFO - No streamers found on page 38. Retrying in 2 seconds...
2025-03-25 02:25:40,110 - DEBUG - Fetching page 39...
2025-03-25 02:25:40,113 - DEBUG - Starting new HTTPS connection (1): api.twitch.tv:443
2025-03-25 02:25:42,363 - DEBUG - https://api.twitch.tv:443 "GET /helix/streams?first=100&after=eyJiIjp7IkN1cnNvciI6ImV5SnpJam81T0M0M05qWTFOalUwTlRZeU16TTFPQ3dpWkNJNlptRnNjMlVzSW5RaU9uUnlkV1Y5In0sImEiOnsiQ3Vyc29yIjoiZXlKeklqbzVOUzQyTmpBeE5USXhPRFExTWpjNU9Td2laQ0k2Wm1Gc2MyVXNJblFpT25SeWRXVjkifX0 HTTP/1.1" 200 None
2025-03-25 02:25:42,629 - INFO - No streamers found on page 39. Retrying in 2 seconds...
2025-03-25 02:25:44,630 - DEBUG - Fetching page 40...
2025-03-25 02:25:44,633 - DEBUG - Starting new HTTPS connection (1): api.twitch.tv:443
2025-03-25 02:25:45,909 - DEBUG - https://api.twitch.tv:443 "GET /helix/streams?first=100&after=eyJiIjp7IkN1cnNvciI6ImV5SnpJam81TlM0Mk5UQTVNVFl3TXpjek1ERXlPU3dpWkNJNlptRnNjMlVzSW5RaU9uUnlkV1Y5In0sImEiOnsiQ3Vyc29yIjoiZXlKeklqbzVNaTQyTkRJeE9UVTVNRFE0TXprNU5Dd2laQ0k2Wm1Gc2MyVXNJblFpT25SeWRXVjkifX0 HTTP/1.1" 200 None
2025-03-25 02:25:45,918 - INFO - No streamers found on page 40. Retrying in 2 seconds...
2025-03-25 02:25:47,919 - DEBUG - Fetching page 41...
2025-03-25 02:25:47,924 - DEBUG - Starting new HTTPS connection (1): api.twitch.tv:443
2025-03-25 02:25:49,180 - DEBUG - https://api.twitch.tv:443 "GET /helix/streams?first=100&after=eyJiIjp7IkN1cnNvciI6ImV5SnpJam81TWk0Mk16STJNamd6TnpFMk1qQTNMQ0prSWpwbVlXeHpaU3dpZENJNmRISjFaWDA9In0sImEiOnsiQ3Vyc29yIjoiZXlKeklqbzRPUzQyTmpFd05EZ3dNRGN4T0RFM015d2laQ0k2Wm1Gc2MyVXNJblFpT25SeWRXVjkifX0 HTTP/1.1" 200 None
2025-03-25 02:25:49,189 - INFO - No streamers found on page 41. Retrying in 2 seconds...
2025-03-25 02:25:51,190 - DEBUG - Fetching page 42...
2025-03-25 02:25:51,197 - DEBUG - Starting new HTTPS connection (1): api.twitch.tv:443
2025-03-25 02:25:52,351 - DEBUG - https://api.twitch.tv:443 "GET /helix/streams?first=100&after=eyJiIjp7IkN1cnNvciI6ImV5SnpJam80T1M0Mk1Ua3dNakl6TURFM056VXhOeXdpWkNJNlptRnNjMlVzSW5RaU9uUnlkV1Y5In0sImEiOnsiQ3Vyc29yIjoiZXlKeklqbzROaTQ1T0RRMk1UTXdNRFV4TXpFeU9Dd2laQ0k2Wm1Gc2MyVXNJblFpT25SeWRXVjkifX0 HTTP/1.1" 200 None
2025-03-25 02:25:52,355 - INFO - No streamers found on page 42. Retrying in 2 seconds...
2025-03-25 02:25:54,357 - DEBUG - Fetching page 43...
2025-03-25 02:25:54,358 - DEBUG - Starting new HTTPS connection (1): api.twitch.tv:443
2025-03-25 02:25:55,972 - DEBUG - https://api.twitch.tv:443 "GET /helix/streams?first=100&after=eyJiIjp7IkN1cnNvciI6ImV5SnpJam80Tmk0NU5URXpOakUwTVRjeU9UTTBMQ0prSWpwbVlXeHpaU3dpZENJNmRISjFaWDA9In0sImEiOnsiQ3Vyc29yIjoiZXlKeklqbzRNeTQ1TVRJNU5ESTFPRE0wT0RJMU9Dd2laQ0k2Wm1Gc2MyVXNJblFpT25SeWRXVjkifX0 HTTP/1.1" 200 None
2025-03-25 02:25:56,227 - INFO - No streamers found on page 43. Retrying in 2 seconds...
2025-03-25 02:25:58,228 - DEBUG - Fetching page 44...
2025-03-25 02:25:58,230 - DEBUG - Starting new HTTPS connection (1): api.twitch.tv:443
2025-03-25 02:25:59,482 - DEBUG - https://api.twitch.tv:443 "GET /helix/streams?first=100&after=eyJiIjp7IkN1cnNvciI6ImV5SnpJam80TXk0NU1ETTRORFE0TURrMk1ESTVNaXdpWkNJNlptRnNjMlVzSW5RaU9uUnlkV1Y5In0sImEiOnsiQ3Vyc29yIjoiZXlKeklqbzRNUzQ1TWpNME56TXdPVEF5TVRFek9Td2laQ0k2Wm1Gc2MyVXNJblFpT25SeWRXVjkifX0 HTTP/1.1" 200 None
2025-03-25 02:25:59,490 - INFO - No streamers found on page 44. Retrying in 2 seconds...
2025-03-25 02:26:01,492 - DEBUG - Fetching page 45...
2025-03-25 02:26:01,494 - DEBUG - Starting new HTTPS connection (1): api.twitch.tv:443
2025-03-25 02:26:02,915 - DEBUG - https://api.twitch.tv:443 "GET /helix/streams?first=100&after=eyJiIjp7IkN1cnNvciI6ImV5SnpJam80TVM0NU1UQXlOamc0TURrek9USTJOU3dpWkNJNlptRnNjMlVzSW5RaU9uUnlkV1Y5In0sImEiOnsiQ3Vyc29yIjoiZXlKeklqbzRNQzR4TXpBNU5qTXlNemMxT0RNNU55d2laQ0k2Wm1Gc2MyVXNJblFpT25SeWRXVjkifX0 HTTP/1.1" 200 None
2025-03-25 02:26:03,182 - INFO - No streamers found on page 45. Retrying in 2 seconds...
2025-03-25 02:26:05,183 - DEBUG - Fetching page 46...
2025-03-25 02:26:05,185 - DEBUG - Starting new HTTPS connection (1): api.twitch.tv:443
2025-03-25 02:26:06,219 - DEBUG - https://api.twitch.tv:443 "GET /helix/streams?first=100&after=eyJiIjp7IkN1cnNvciI6ImV5SnpJam80TUM0d09UVXpNRGcyTXpBd05UQTVOQ3dpWkNJNlptRnNjMlVzSW5RaU9uUnlkV1Y5In0sImEiOnsiQ3Vyc29yIjoiZXlKeklqbzNOeTQzT1RNek5qUTRNRFE1TlRFME5Dd2laQ0k2Wm1Gc2MyVXNJblFpT25SeWRXVjkifX0 HTTP/1.1" 200 None
2025-03-25 02:26:06,224 - INFO - No streamers found on page 46. Retrying in 2 seconds...
2025-03-25 02:26:08,225 - DEBUG - Fetching page 47...
2025-03-25 02:26:08,227 - DEBUG - Starting new HTTPS connection (1): api.twitch.tv:443
2025-03-25 02:26:09,375 - DEBUG - https://api.twitch.tv:443 "GET /helix/streams?first=100&after=eyJiIjp7IkN1cnNvciI6ImV5SnpJam8zTnk0M056Z3pOakV3TVRFeU5EUTVNU3dpWkNJNlptRnNjMlVzSW5RaU9uUnlkV1Y5In0sImEiOnsiQ3Vyc29yIjoiZXlKeklqbzNOUzQ1TURrNU1UVTJOVGN5T1RBek5pd2laQ0k2Wm1Gc2MyVXNJblFpT25SeWRXVjkifX0 HTTP/1.1" 200 None
2025-03-25 02:26:09,378 - INFO - No streamers found on page 47. Retrying in 2 seconds...
2025-03-25 02:26:11,379 - DEBUG - Fetching page 48...
2025-03-25 02:26:11,383 - DEBUG - Starting new HTTPS connection (1): api.twitch.tv:443
2025-03-25 02:26:12,634 - DEBUG - https://api.twitch.tv:443 "GET /helix/streams?first=100&after=eyJiIjp7IkN1cnNvciI6ImV5SnpJam80TlM0eE9UVXdPVGs0TkRneE16VXhOeXdpWkNJNlptRnNjMlVzSW5RaU9uUnlkV1Y5In0sImEiOnsiQ3Vyc29yIjoiZXlKeklqbzNNeTQwTlRFNE16azBORE0wTmpRek9Dd2laQ0k2Wm1Gc2MyVXNJblFpT25SeWRXVjkifX0 HTTP/1.1" 200 None
2025-03-25 02:26:12,898 - INFO - No streamers found on page 48. Retrying in 2 seconds...
2025-03-25 02:26:14,900 - DEBUG - Fetching page 49...
2025-03-25 02:26:14,905 - DEBUG - Starting new HTTPS connection (1): api.twitch.tv:443
2025-03-25 02:26:16,660 - DEBUG - https://api.twitch.tv:443 "GET /helix/streams?first=100&after=eyJiIjp7IkN1cnNvciI6ImV5SnpJam80TlM0d016Z3lNRGs1TmpZMk1qVTJMQ0prSWpwbVlXeHpaU3dpZENJNmRISjFaWDA9In0sImEiOnsiQ3Vyc29yIjoiZXlKeklqbzNNUzQyTkRRd09UZ3lPREl3TnpNekxDSmtJanBtWVd4elpTd2lkQ0k2ZEhKMVpYMD0ifX0 HTTP/1.1" 200 None
2025-03-25 02:26:16,667 - INFO - No streamers found on page 49. Retrying in 2 seconds...
2025-03-25 02:26:18,667 - DEBUG - Fetching page 50...
2025-03-25 02:26:18,671 - DEBUG - Starting new HTTPS connection (1): api.twitch.tv:443
2025-03-25 02:26:20,137 - DEBUG - https://api.twitch.tv:443 "GET /helix/streams?first=100&after=eyJiIjp7IkN1cnNvciI6ImV5SnpJam8zTVM0Mk1URXlOalEzTXpZd05qZ3lOaXdpWkNJNlptRnNjMlVzSW5RaU9uUnlkV1Y5In0sImEiOnsiQ3Vyc29yIjoiZXlKeklqbzJPUzQ0T0RZMk56RXhNelUzTURRekxDSmtJanBtWVd4elpTd2lkQ0k2ZEhKMVpYMD0ifX0 HTTP/1.1" 200 None
2025-03-25 02:26:20,139 - INFO - No streamers found on page 50. Retrying in 2 seconds...
2025-03-25 02:26:22,144 - DEBUG - Fetching page 51...
2025-03-25 02:26:22,144 - DEBUG - Starting new HTTPS connection (1): api.twitch.tv:443
2025-03-25 02:26:23,101 - DEBUG - https://api.twitch.tv:443 "GET /helix/streams?first=100&after=eyJiIjp7IkN1cnNvciI6ImV5SnpJam8yT1M0NE5UWXdOekV5TmpZek1USXhOeXdpWkNJNlptRnNjMlVzSW5RaU9uUnlkV1Y5In0sImEiOnsiQ3Vyc29yIjoiZXlKeklqbzJOeTQ0TnpZM056SXpNemMyTWpjME15d2laQ0k2Wm1Gc2MyVXNJblFpT25SeWRXVjkifX0 HTTP/1.1" 200 None
2025-03-25 02:26:23,117 - INFO - No streamers found on page 51. Retrying in 2 seconds...
2025-03-25 02:26:25,127 - DEBUG - Fetching page 52...
2025-03-25 02:26:25,130 - DEBUG - Starting new HTTPS connection (1): api.twitch.tv:443
2025-03-25 02:26:26,688 - DEBUG - https://api.twitch.tv:443 "GET /helix/streams?first=100&after=eyJiIjp7IkN1cnNvciI6ImV5SnpJam8yTnk0NE1qVXlNVFF4T0RZMk5ESTJMQ0prSWpwbVlXeHpaU3dpZENJNmRISjFaWDA9In0sImEiOnsiQ3Vyc29yIjoiZXlKeklqbzJOUzQ0T1RjNU1EZzBORGczTkRZMU1pd2laQ0k2Wm1Gc2MyVXNJblFpT25SeWRXVjkifX0 HTTP/1.1" 200 None
2025-03-25 02:26:26,693 - INFO - No streamers found on page 52. Retrying in 2 seconds...
2025-03-25 02:26:28,694 - DEBUG - Fetching page 53...
2025-03-25 02:26:28,697 - DEBUG - Starting new HTTPS connection (1): api.twitch.tv:443
2025-03-25 02:26:29,991 - DEBUG - https://api.twitch.tv:443 "GET /helix/streams?first=100&after=eyJiIjp7IkN1cnNvciI6ImV5SnpJam8yTlM0NE9UYzFORFkzTlRFeE5qYzVPQ3dpWkNJNlptRnNjMlVzSW5RaU9uUnlkV1Y5In0sImEiOnsiQ3Vyc29yIjoiZXlKeklqbzJOQzR4TWprMU9ERTRNemswTURVd01pd2laQ0k2Wm1Gc2MyVXNJblFpT25SeWRXVjkifX0 HTTP/1.1" 200 None
2025-03-25 02:26:30,259 - INFO - No streamers found on page 53. Retrying in 2 seconds...
2025-03-25 02:26:32,260 - DEBUG - Fetching page 54...
2025-03-25 02:26:32,263 - DEBUG - Starting new HTTPS connection (1): api.twitch.tv:443
2025-03-25 02:26:33,551 - DEBUG - https://api.twitch.tv:443 "GET /helix/streams?first=100&after=eyJiIjp7IkN1cnNvciI6ImV5SnpJam8yTkM0d09UYzVOREEwTnpreE9UVXlMQ0prSWpwbVlXeHpaU3dpZENJNmRISjFaWDA9In0sImEiOnsiQ3Vyc29yIjoiZXlKeklqbzJNaTQyTkRrME9UTTRNVGM1TVRrNE5pd2laQ0k2Wm1Gc2MyVXNJblFpT25SeWRXVjkifX0 HTTP/1.1" 200 None
2025-03-25 02:26:33,821 - INFO - No streamers found on page 54. Retrying in 2 seconds...
2025-03-25 02:26:35,823 - DEBUG - Fetching page 55...
2025-03-25 02:26:35,824 - DEBUG - Starting new HTTPS connection (1): api.twitch.tv:443
2025-03-25 02:26:36,856 - DEBUG - https://api.twitch.tv:443 "GET /helix/streams?first=100&after=eyJiIjp7IkN1cnNvciI6ImV5SnpJam8yTWk0Mk1qazJOVGMwTWpBM01Ea3hPU3dpWkNJNlptRnNjMlVzSW5RaU9uUnlkV1Y5In0sImEiOnsiQ3Vyc29yIjoiZXlKeklqbzJNUzR6TXprME1UVXdNemt6TVRBMk55d2laQ0k2Wm1Gc2MyVXNJblFpT25SeWRXVjkifX0 HTTP/1.1" 200 None
2025-03-25 02:26:37,123 - INFO - No streamers found on page 55. Retrying in 2 seconds...
2025-03-25 02:26:39,124 - DEBUG - Fetching page 56...
2025-03-25 02:26:39,127 - DEBUG - Starting new HTTPS connection (1): api.twitch.tv:443
2025-03-25 02:26:40,121 - DEBUG - https://api.twitch.tv:443 "GET /helix/streams?first=100&after=eyJiIjp7IkN1cnNvciI6ImV5SnpJam8yTVM0ek1qVXhNRFE0TURNMk1qRXdPVFVzSW1RaU9tWmhiSE5sTENKMElqcDBjblZsZlE9PSJ9LCJhIjp7IkN1cnNvciI6ImV5SnpJam8xT1M0NU16ZzFNRFk1T0RFME1EWTFPU3dpWkNJNlptRnNjMlVzSW5RaU9uUnlkV1Y5In19 HTTP/1.1" 200 None
2025-03-25 02:26:40,389 - INFO - No streamers found on page 56. Retrying in 2 seconds...
2025-03-25 02:26:42,390 - DEBUG - Fetching page 57...
2025-03-25 02:26:42,393 - DEBUG - Starting new HTTPS connection (1): api.twitch.tv:443
2025-03-25 02:26:43,547 - DEBUG - https://api.twitch.tv:443 "GET /helix/streams?first=100&after=eyJiIjp7IkN1cnNvciI6ImV5SnpJam8xT1M0NU16SXpORFl3TlRRNE1ESTNNeXdpWkNJNlptRnNjMlVzSW5RaU9uUnlkV1Y5In0sImEiOnsiQ3Vyc29yIjoiZXlKeklqbzFPQzQwTURRMk1ETXlOelE1TWpreE1pd2laQ0k2Wm1Gc2MyVXNJblFpT25SeWRXVjkifX0 HTTP/1.1" 200 None
2025-03-25 02:26:43,815 - INFO - No streamers found on page 57. Retrying in 2 seconds...
2025-03-25 02:26:45,816 - DEBUG - Fetching page 58...
2025-03-25 02:26:45,818 - DEBUG - Starting new HTTPS connection (1): api.twitch.tv:443
2025-03-25 02:26:46,898 - DEBUG - https://api.twitch.tv:443 "GET /helix/streams?first=100&after=eyJiIjp7IkN1cnNvciI6ImV5SnpJam8xT0M0ek9UazFOakk0TmpRNE9UQXlNaXdpWkNJNlptRnNjMlVzSW5RaU9uUnlkV1Y5In0sImEiOnsiQ3Vyc29yIjoiZXlKeklqbzFOeTR4TnprMU9UZzJOemN3TnpZNE9Dd2laQ0k2Wm1Gc2MyVXNJblFpT25SeWRXVjkifX0 HTTP/1.1" 200 None
2025-03-25 02:26:47,159 - INFO - No streamers found on page 58. Retrying in 2 seconds...
2025-03-25 02:26:49,160 - DEBUG - Fetching page 59...
2025-03-25 02:26:49,162 - DEBUG - Starting new HTTPS connection (1): api.twitch.tv:443
2025-03-25 02:26:50,246 - DEBUG - https://api.twitch.tv:443 "GET /helix/streams?first=100&after=eyJiIjp7IkN1cnNvciI6ImV5SnpJam8xTnk0eE56UXdOVEV6TXpBeU16STFOQ3dpWkNJNlptRnNjMlVzSW5RaU9uUnlkV1Y5In0sImEiOnsiQ3Vyc29yIjoiZXlKeklqbzFOUzQyTXpBM09UQTBPVFUzTlRZek9Dd2laQ0k2Wm1Gc2MyVXNJblFpT25SeWRXVjkifX0 HTTP/1.1" 200 None
2025-03-25 02:26:50,514 - INFO - No streamers found on page 59. Retrying in 2 seconds...
2025-03-25 02:26:52,515 - DEBUG - Fetching page 60...
2025-03-25 02:26:52,522 - DEBUG - Starting new HTTPS connection (1): api.twitch.tv:443
2025-03-25 02:26:53,540 - DEBUG - https://api.twitch.tv:443 "GET /helix/streams?first=100&after=eyJiIjp7IkN1cnNvciI6ImV5SnpJam8xTlM0Mk1qY3pOVGt4TURneU1UUXhNVFVzSW1RaU9tWmhiSE5sTENKMElqcDBjblZsZlE9PSJ9LCJhIjp7IkN1cnNvciI6ImV5SnpJam8xTkM0ME5UYzJOREkzTVRrM09EUTNPQ3dpWkNJNlptRnNjMlVzSW5RaU9uUnlkV1Y5In19 HTTP/1.1" 200 None
2025-03-25 02:26:53,809 - INFO - No streamers found on page 60. Retrying in 2 seconds...
2025-03-25 02:26:55,811 - DEBUG - Fetching page 61...
2025-03-25 02:26:55,814 - DEBUG - Starting new HTTPS connection (1): api.twitch.tv:443
2025-03-25 02:26:56,789 - DEBUG - https://api.twitch.tv:443 "GET /helix/streams?first=100&after=eyJiIjp7IkN1cnNvciI6ImV5SnpJam8xTkM0ME5EWTVOemM1TmpFMk56azJPRFlzSW1RaU9tWmhiSE5sTENKMElqcDBjblZsZlE9PSJ9LCJhIjp7IkN1cnNvciI6ImV5SnpJam8xTXk0ek1qWTVOak13TmpnNE1qTTJOallzSW1RaU9tWmhiSE5sTENKMElqcDBjblZsZlE9PSJ9fQ HTTP/1.1" 200 None
2025-03-25 02:26:56,794 - INFO - No streamers found on page 61. Retrying in 2 seconds...
2025-03-25 02:26:58,795 - DEBUG - Fetching page 62...
2025-03-25 02:26:58,798 - DEBUG - Starting new HTTPS connection (1): api.twitch.tv:443
2025-03-25 02:26:59,789 - DEBUG - https://api.twitch.tv:443 "GET /helix/streams?first=100&after=eyJiIjp7IkN1cnNvciI6ImV5SnpJam8xTXk0ek1qSTBOVFU0TmpJMk1USXhMQ0prSWpwbVlXeHpaU3dpZENJNmRISjFaWDA9In0sImEiOnsiQ3Vyc29yIjoiZXlKeklqbzFNaTR5TVRRMk1qZzJOVEEwTlRReE15d2laQ0k2Wm1Gc2MyVXNJblFpT25SeWRXVjkifX0 HTTP/1.1" 200 None
2025-03-25 02:26:59,799 - INFO - No streamers found on page 62. Retrying in 2 seconds...
2025-03-25 02:27:01,799 - DEBUG - Fetching page 63...
2025-03-25 02:27:01,802 - DEBUG - Starting new HTTPS connection (1): api.twitch.tv:443
2025-03-25 02:27:02,785 - DEBUG - https://api.twitch.tv:443 "GET /helix/streams?first=100&after=eyJiIjp7IkN1cnNvciI6ImV5SnpJam8xTWk0eU1EWXhPVFF6T1RJMk9EWXlPU3dpWkNJNlptRnNjMlVzSW5RaU9uUnlkV1Y5In0sImEiOnsiQ3Vyc29yIjoiZXlKeklqbzFNUzR6TVRBek56QXlPRE14TURNM05EUXNJbVFpT21aaGJITmxMQ0owSWpwMGNuVmxmUT09In19 HTTP/1.1" 200 None
2025-03-25 02:27:02,792 - INFO - No streamers found on page 63. Retrying in 2 seconds...
2025-03-25 02:27:04,793 - DEBUG - Fetching page 64...
2025-03-25 02:27:04,795 - DEBUG - Starting new HTTPS connection (1): api.twitch.tv:443
2025-03-25 02:27:05,849 - DEBUG - https://api.twitch.tv:443 "GET /helix/streams?first=100&after=eyJiIjp7IkN1cnNvciI6ImV5SnpJam8xTVM0ek1EZzRPREkwTkRjME9UY3hPU3dpWkNJNlptRnNjMlVzSW5RaU9uUnlkV1Y5In0sImEiOnsiQ3Vyc29yIjoiZXlKeklqbzFNQzR5TnpFNE16VXhPRGN4TVRBMk5pd2laQ0k2Wm1Gc2MyVXNJblFpT25SeWRXVjkifX0 HTTP/1.1" 200 None
2025-03-25 02:27:06,116 - INFO - No streamers found on page 64. Retrying in 2 seconds...
2025-03-25 02:27:08,117 - DEBUG - Fetching page 65...
2025-03-25 02:27:08,120 - DEBUG - Starting new HTTPS connection (1): api.twitch.tv:443
2025-03-25 02:27:09,151 - DEBUG - https://api.twitch.tv:443 "GET /helix/streams?first=100&after=eyJiIjp7IkN1cnNvciI6ImV5SnpJam8xTUM0eU5qWTFNemd3TVRFMk56QTNNRFFzSW1RaU9tWmhiSE5sTENKMElqcDBjblZsZlE9PSJ9LCJhIjp7IkN1cnNvciI6ImV5SnpJam8wT1M0d05UazROekl3TkRnNU9ETTVMQ0prSWpwbVlXeHpaU3dpZENJNmRISjFaWDA9In19 HTTP/1.1" 200 None
2025-03-25 02:27:09,417 - INFO - No streamers found on page 65. Retrying in 2 seconds...
2025-03-25 02:27:11,418 - DEBUG - Fetching page 66...
2025-03-25 02:27:11,421 - DEBUG - Starting new HTTPS connection (1): api.twitch.tv:443
2025-03-25 02:27:14,382 - DEBUG - https://api.twitch.tv:443 "GET /helix/streams?first=100&after=eyJiIjp7IkN1cnNvciI6ImV5SnpJam8xTWk0eE9UVTNORFU0TXpBM01ESTFNelVzSW1RaU9tWmhiSE5sTENKMElqcDBjblZsZlE9PSJ9LCJhIjp7IkN1cnNvciI6ImV5SnpJam8wT0M0eE5UQTNNRE01TURVM01UUXdNalVzSW1RaU9tWmhiSE5sTENKMElqcDBjblZsZlE9PSJ9fQ HTTP/1.1" 200 None
2025-03-25 02:27:14,393 - INFO - No streamers found on page 66. Retrying in 2 seconds...
2025-03-25 02:27:16,394 - DEBUG - Fetching page 67...
2025-03-25 02:27:16,397 - DEBUG - Starting new HTTPS connection (1): api.twitch.tv:443
2025-03-25 02:27:17,697 - DEBUG - https://api.twitch.tv:443 "GET /helix/streams?first=100&after=eyJiIjp7IkN1cnNvciI6ImV5SnpJam8wT0M0eE16TTNOVFF4TnpVMk5UTXhOaXdpWkNJNlptRnNjMlVzSW5RaU9uUnlkV1Y5In0sImEiOnsiQ3Vyc29yIjoiZXlKeklqbzBOeTR6TkRnMU5ESXlOemd6TVRBNU9Td2laQ0k2Wm1Gc2MyVXNJblFpT25SeWRXVjkifX0 HTTP/1.1" 200 None
2025-03-25 02:27:17,952 - INFO - No streamers found on page 67. Retrying in 2 seconds...
2025-03-25 02:27:19,953 - DEBUG - Fetching page 68...
2025-03-25 02:27:19,956 - DEBUG - Starting new HTTPS connection (1): api.twitch.tv:443
2025-03-25 02:27:21,364 - DEBUG - https://api.twitch.tv:443 "GET /helix/streams?first=100&after=eyJiIjp7IkN1cnNvciI6ImV5SnpJam8wTnk0ek5EWXdNelF6TXpreU5EUXdNaXdpWkNJNlptRnNjMlVzSW5RaU9uUnlkV1Y5In0sImEiOnsiQ3Vyc29yIjoiZXlKeklqbzBOaTR6TmpreU9ESXhNek0xTmpBMU56UXNJbVFpT21aaGJITmxMQ0owSWpwMGNuVmxmUT09In19 HTTP/1.1" 200 None
2025-03-25 02:27:21,370 - INFO - No streamers found on page 68. Retrying in 2 seconds...
2025-03-25 02:27:23,371 - DEBUG - Fetching page 69...
2025-03-25 02:27:23,373 - DEBUG - Starting new HTTPS connection (1): api.twitch.tv:443
2025-03-25 02:27:24,356 - DEBUG - https://api.twitch.tv:443 "GET /helix/streams?first=100&after=eyJiIjp7IkN1cnNvciI6ImV5SnpJam8wTmk0ek5qUTFNVEF3TkRBek5EazBORFFzSW1RaU9tWmhiSE5sTENKMElqcDBjblZsZlE9PSJ9LCJhIjp7IkN1cnNvciI6ImV5SnpJam8wTlM0ek9UQTFOVEUzT1RJNE5EUTBOQ3dpWkNJNlptRnNjMlVzSW5RaU9uUnlkV1Y5In19 HTTP/1.1" 200 None
2025-03-25 02:27:24,619 - INFO - No streamers found on page 69. Retrying in 2 seconds...
2025-03-25 02:27:26,620 - DEBUG - Fetching page 70...
2025-03-25 02:27:26,625 - DEBUG - Starting new HTTPS connection (1): api.twitch.tv:443
2025-03-25 02:27:27,620 - DEBUG - https://api.twitch.tv:443 "GET /helix/streams?first=100&after=eyJiIjp7IkN1cnNvciI6ImV5SnpJam8wTlM0ek9EVXdNakl4T0RZMU16QTVPU3dpWkNJNlptRnNjMlVzSW5RaU9uUnlkV1Y5In0sImEiOnsiQ3Vyc29yIjoiZXlKeklqbzBOQzQxTlRjME9UVXpOVFEwTURFNE55d2laQ0k2Wm1Gc2MyVXNJblFpT25SeWRXVjkifX0 HTTP/1.1" 200 None
2025-03-25 02:27:27,623 - INFO - No streamers found on page 70. Retrying in 2 seconds...
2025-03-25 02:27:29,625 - DEBUG - Fetching page 71...
2025-03-25 02:27:29,632 - DEBUG - Starting new HTTPS connection (1): api.twitch.tv:443
2025-03-25 02:27:30,788 - DEBUG - https://api.twitch.tv:443 "GET /helix/streams?first=100&after=eyJiIjp7IkN1cnNvciI6ImV5SnpJam8wTkM0MU16VTNNVEk1T1RBek16WXdOU3dpWkNJNlptRnNjMlVzSW5RaU9uUnlkV1Y5In0sImEiOnsiQ3Vyc29yIjoiZXlKeklqbzBNeTQzTkRZeU16WXpNRE00TWpVeExDSmtJanBtWVd4elpTd2lkQ0k2ZEhKMVpYMD0ifX0 HTTP/1.1" 200 None
2025-03-25 02:27:31,055 - INFO - No streamers found on page 71. Retrying in 2 seconds...
2025-03-25 02:27:33,057 - DEBUG - Fetching page 72...
2025-03-25 02:27:33,059 - DEBUG - Starting new HTTPS connection (1): api.twitch.tv:443
2025-03-25 02:27:34,155 - DEBUG - https://api.twitch.tv:443 "GET /helix/streams?first=100&after=eyJiIjp7IkN1cnNvciI6ImV5SnpJam8wTXk0M05ESXpOekUzT0RnME1qRXlOallzSW1RaU9tWmhiSE5sTENKMElqcDBjblZsZlE9PSJ9LCJhIjp7IkN1cnNvciI6ImV5SnpJam8wTWk0NE5URXdPRFl4TlRBMk5UQXpMQ0prSWpwbVlXeHpaU3dpZENJNmRISjFaWDA9In19 HTTP/1.1" 200 None
2025-03-25 02:27:34,163 - INFO - No streamers found on page 72. Retrying in 2 seconds...
2025-03-25 02:27:36,165 - DEBUG - Fetching page 73...
2025-03-25 02:27:36,168 - DEBUG - Starting new HTTPS connection (1): api.twitch.tv:443
2025-03-25 02:27:38,907 - DEBUG - https://api.twitch.tv:443 "GET /helix/streams?first=100&after=eyJiIjp7IkN1cnNvciI6ImV5SnpJam8wTWk0NE5ERXhPRE16TURNeE1UazRPU3dpWkNJNlptRnNjMlVzSW5RaU9uUnlkV1Y5In0sImEiOnsiQ3Vyc29yIjoiZXlKeklqbzBNUzQ1TXpNM05URTJOREV6TlRRMU56WXNJbVFpT21aaGJITmxMQ0owSWpwMGNuVmxmUT09In19 HTTP/1.1" 200 None
2025-03-25 02:27:38,929 - INFO - No streamers found on page 73. Retrying in 2 seconds...
2025-03-25 02:27:40,931 - DEBUG - Fetching page 74...
2025-03-25 02:27:40,937 - DEBUG - Starting new HTTPS connection (1): api.twitch.tv:443
2025-03-25 02:27:42,049 - DEBUG - https://api.twitch.tv:443 "GET /helix/streams?first=100&after=eyJiIjp7IkN1cnNvciI6ImV5SnpJam8wTVM0NU16STVNek15T1RNMU1EQXlMQ0prSWpwbVlXeHpaU3dpZENJNmRISjFaWDA9In0sImEiOnsiQ3Vyc29yIjoiZXlKeklqbzBNUzR4TkRNMk9EVTBOekkxTWpjd09UWXNJbVFpT21aaGJITmxMQ0owSWpwMGNuVmxmUT09In19 HTTP/1.1" 200 None
2025-03-25 02:27:42,065 - INFO - No streamers found on page 74. Retrying in 2 seconds...
2025-03-25 02:27:44,066 - DEBUG - Fetching page 75...
2025-03-25 02:27:44,067 - DEBUG - Starting new HTTPS connection (1): api.twitch.tv:443
2025-03-25 02:27:45,146 - DEBUG - https://api.twitch.tv:443 "GET /helix/streams?first=100&after=eyJiIjp7IkN1cnNvciI6ImV5SnpJam8wTVM0eE5ETXlPVE0yTnpnek1qZ3lNeXdpWkNJNlptRnNjMlVzSW5RaU9uUnlkV1Y5In0sImEiOnsiQ3Vyc29yIjoiZXlKeklqbzBNQzQwTVRRMU9UazFNak0xTnpNME16WXNJbVFpT21aaGJITmxMQ0owSWpwMGNuVmxmUT09In19 HTTP/1.1" 200 None
2025-03-25 02:27:45,416 - INFO - No streamers found on page 75. Retrying in 2 seconds...
2025-03-25 02:27:47,417 - DEBUG - Fetching page 76...
2025-03-25 02:27:47,421 - DEBUG - Starting new HTTPS connection (1): api.twitch.tv:443
2025-03-25 02:27:48,384 - DEBUG - https://api.twitch.tv:443 "GET /helix/streams?first=100&after=eyJiIjp7IkN1cnNvciI6ImV5SnpJam8wTUM0ME1USXhNVE0zTVRJME9UZ3dNU3dpWkNJNlptRnNjMlVzSW5RaU9uUnlkV1Y5In0sImEiOnsiQ3Vyc29yIjoiZXlKeklqb3pPUzQxTkRZME1ETTVNelUyTURJeE5Dd2laQ0k2Wm1Gc2MyVXNJblFpT25SeWRXVjkifX0 HTTP/1.1" 200 None
2025-03-25 02:27:48,397 - INFO - No streamers found on page 76. Retrying in 2 seconds...
2025-03-25 02:27:50,398 - DEBUG - Fetching page 77...
2025-03-25 02:27:50,401 - DEBUG - Starting new HTTPS connection (1): api.twitch.tv:443
2025-03-25 02:27:51,485 - DEBUG - https://api.twitch.tv:443 "GET /helix/streams?first=100&after=eyJiIjp7IkN1cnNvciI6ImV5SnpJam96T1M0MU5ERXlNREEzTnpZNU5ETXlPRFVzSW1RaU9tWmhiSE5sTENKMElqcDBjblZsZlE9PSJ9LCJhIjp7IkN1cnNvciI6ImV5SnpJam96T0M0NE9EUTBOekV4TVRVMk9USXlPQ3dpWkNJNlptRnNjMlVzSW5RaU9uUnlkV1Y5In19 HTTP/1.1" 200 None
2025-03-25 02:27:51,494 - INFO - No streamers found on page 77. Retrying in 2 seconds...
2025-03-25 02:27:53,496 - DEBUG - Fetching page 78...
2025-03-25 02:27:53,498 - DEBUG - Starting new HTTPS connection (1): api.twitch.tv:443
2025-03-25 02:27:54,504 - DEBUG - https://api.twitch.tv:443 "GET /helix/streams?first=100&after=eyJiIjp7IkN1cnNvciI6ImV5SnpJam96T0M0NE9EQXhPVEUwTmpRMk5EYzJPVFFzSW1RaU9tWmhiSE5sTENKMElqcDBjblZsZlE9PSJ9LCJhIjp7IkN1cnNvciI6ImV5SnpJam96T0M0eE1EWXpNekU0TkRjeU16QXhOallzSW1RaU9tWmhiSE5sTENKMElqcDBjblZsZlE9PSJ9fQ HTTP/1.1" 200 None
2025-03-25 02:27:54,772 - INFO - No streamers found on page 78. Retrying in 2 seconds...
2025-03-25 02:27:56,773 - DEBUG - Fetching page 79...
2025-03-25 02:27:56,775 - DEBUG - Starting new HTTPS connection (1): api.twitch.tv:443
2025-03-25 02:27:57,757 - DEBUG - https://api.twitch.tv:443 "GET /helix/streams?first=100&after=eyJiIjp7IkN1cnNvciI6ImV5SnpJam96T0M0eE1ETXhOakUyT1RFM01USXdNaXdpWkNJNlptRnNjMlVzSW5RaU9uUnlkV1Y5In0sImEiOnsiQ3Vyc29yIjoiZXlKeklqb3pOeTQwTXpRek5qWTVNVEF4T0RRc0ltUWlPbVpoYkhObExDSjBJanAwY25WbGZRPT0ifX0 HTTP/1.1" 200 None
2025-03-25 02:27:58,026 - INFO - No streamers found on page 79. Retrying in 2 seconds...
2025-03-25 02:28:00,027 - DEBUG - Fetching page 80...
2025-03-25 02:28:00,029 - DEBUG - Starting new HTTPS connection (1): api.twitch.tv:443
2025-03-25 02:28:01,159 - DEBUG - https://api.twitch.tv:443 "GET /helix/streams?first=100&after=eyJiIjp7IkN1cnNvciI6ImV5SnpJam96Tnk0ME1UYzRPVE0xT1RFNE9UazROeXdpWkNJNlptRnNjMlVzSW5RaU9uUnlkV1Y5In0sImEiOnsiQ3Vyc29yIjoiZXlKeklqb3pOaTQzTlRVM05EQXdNemd4TWpVek5pd2laQ0k2Wm1Gc2MyVXNJblFpT25SeWRXVjkifX0 HTTP/1.1" 200 None
2025-03-25 02:28:01,166 - INFO - No streamers found on page 80. Retrying in 2 seconds...
2025-03-25 02:28:03,168 - DEBUG - Fetching page 81...
2025-03-25 02:28:03,170 - DEBUG - Starting new HTTPS connection (1): api.twitch.tv:443
2025-03-25 02:28:04,140 - DEBUG - https://api.twitch.tv:443 "GET /helix/streams?first=100&after=eyJiIjp7IkN1cnNvciI6ImV5SnpJam96Tmk0M05URTRNVEV4TnpZeU5EYzROU3dpWkNJNlptRnNjMlVzSW5RaU9uUnlkV1Y5In0sImEiOnsiQ3Vyc29yIjoiZXlKeklqb3pOaTR4TnpJM01qTTJOalUwTnpFd01EUXNJbVFpT21aaGJITmxMQ0owSWpwMGNuVmxmUT09In19 HTTP/1.1" 200 None
2025-03-25 02:28:04,409 - INFO - No streamers found on page 81. Retrying in 2 seconds...
2025-03-25 02:28:06,411 - DEBUG - Fetching page 82...
2025-03-25 02:28:06,413 - DEBUG - Starting new HTTPS connection (1): api.twitch.tv:443
2025-03-25 02:28:07,390 - DEBUG - https://api.twitch.tv:443 "GET /helix/streams?first=100&after=eyJiIjp7IkN1cnNvciI6ImV5SnpJam96Tmk0eE56STJNVEk1T0Rjd016TXlNeXdpWkNJNlptRnNjMlVzSW5RaU9uUnlkV1Y5In0sImEiOnsiQ3Vyc29yIjoiZXlKeklqb3pOUzQyTWpJME1URTVOemMzTURjMk1UUXNJbVFpT21aaGJITmxMQ0owSWpwMGNuVmxmUT09In19 HTTP/1.1" 200 None
2025-03-25 02:28:07,665 - INFO - No streamers found on page 82. Retrying in 2 seconds...
2025-03-25 02:28:09,667 - DEBUG - Fetching page 83...
2025-03-25 02:28:09,672 - DEBUG - Starting new HTTPS connection (1): api.twitch.tv:443
2025-03-25 02:28:10,664 - DEBUG - https://api.twitch.tv:443 "GET /helix/streams?first=100&after=eyJiIjp7IkN1cnNvciI6ImV5SnpJam8wTXk0Mk1EWTFPREExTkRVek16VTJOelVzSW1RaU9tWmhiSE5sTENKMElqcDBjblZsZlE9PSJ9LCJhIjp7IkN1cnNvciI6ImV5SnpJam96TlM0eE1EVXlNak16TURVek56Z3dOQ3dpWkNJNlptRnNjMlVzSW5RaU9uUnlkV1Y5In19 HTTP/1.1" 200 None
2025-03-25 02:28:10,928 - INFO - No streamers found on page 83. Retrying in 2 seconds...
2025-03-25 02:28:12,929 - DEBUG - Fetching page 84...
2025-03-25 02:28:12,931 - DEBUG - Starting new HTTPS connection (1): api.twitch.tv:443
2025-03-25 02:28:14,134 - DEBUG - https://api.twitch.tv:443 "GET /helix/streams?first=100&after=eyJiIjp7IkN1cnNvciI6ImV5SnpJam96Tmk0d01UUTVNVEkzTnpNNE5UZzFNRFVzSW1RaU9tWmhiSE5sTENKMElqcDBjblZsZlE9PSJ9LCJhIjp7IkN1cnNvciI6ImV5SnpJam96TkM0MU16azVOVFl3T0RreU9UYzRPQ3dpWkNJNlptRnNjMlVzSW5RaU9uUnlkV1Y5In19 HTTP/1.1" 200 None
2025-03-25 02:28:14,403 - INFO - No streamers found on page 84. Retrying in 2 seconds...
2025-03-25 02:28:16,404 - DEBUG - Fetching page 85...
2025-03-25 02:28:16,406 - DEBUG - Starting new HTTPS connection (1): api.twitch.tv:443
2025-03-25 02:28:17,533 - DEBUG - https://api.twitch.tv:443 "GET /helix/streams?first=100&after=eyJiIjp7IkN1cnNvciI6ImV5SnpJam96TkM0MU16azFPVGs1T1RRd09UQXlPVFVzSW1RaU9tWmhiSE5sTENKMElqcDBjblZsZlE9PSJ9LCJhIjp7IkN1cnNvciI6ImV5SnpJam96TkM0d05EUXpPVFUyTnpVM01qTXhPQ3dpWkNJNlptRnNjMlVzSW5RaU9uUnlkV1Y5In19 HTTP/1.1" 200 None
2025-03-25 02:28:17,539 - INFO - No streamers found on page 85. Retrying in 2 seconds...
2025-03-25 02:28:19,540 - DEBUG - Fetching page 86...
2025-03-25 02:28:19,541 - DEBUG - Starting new HTTPS connection (1): api.twitch.tv:443
2025-03-25 02:28:20,524 - DEBUG - https://api.twitch.tv:443 "GET /helix/streams?first=100&after=eyJiIjp7IkN1cnNvciI6ImV5SnpJam96TkM0d016RTJNVEk1TXpRek1Ua3lNU3dpWkNJNlptRnNjMlVzSW5RaU9uUnlkV1Y5In0sImEiOnsiQ3Vyc29yIjoiZXlKeklqb3pNeTQwTXpreU56UXlOVFk1T0RFek9EVXNJbVFpT21aaGJITmxMQ0owSWpwMGNuVmxmUT09In19 HTTP/1.1" 200 None
2025-03-25 02:28:20,794 - INFO - No streamers found on page 86. Retrying in 2 seconds...
2025-03-25 02:28:22,794 - DEBUG - Fetching page 87...
2025-03-25 02:28:22,800 - DEBUG - Starting new HTTPS connection (1): api.twitch.tv:443
2025-03-25 02:28:23,791 - DEBUG - https://api.twitch.tv:443 "GET /helix/streams?first=100&after=eyJiIjp7IkN1cnNvciI6ImV5SnpJam96TXk0ME16a3lOalEwTnpJNU1Ea3hMQ0prSWpwbVlXeHpaU3dpZENJNmRISjFaWDA9In0sImEiOnsiQ3Vyc29yIjoiZXlKeklqb3pNaTQ0TWpFek56azNPVGsyTlRBd01pd2laQ0k2Wm1Gc2MyVXNJblFpT25SeWRXVjkifX0 HTTP/1.1" 200 None
2025-03-25 02:28:24,052 - INFO - No streamers found on page 87. Retrying in 2 seconds...
2025-03-25 02:28:26,052 - DEBUG - Fetching page 88...
2025-03-25 02:28:26,054 - DEBUG - Starting new HTTPS connection (1): api.twitch.tv:443
2025-03-25 02:28:27,135 - DEBUG - https://api.twitch.tv:443 "GET /helix/streams?first=100&after=eyJiIjp7IkN1cnNvciI6ImV5SnpJam96TWk0NE1qQTROelU1TXpJMk5UTTJNelVzSW1RaU9tWmhiSE5sTENKMElqcDBjblZsZlE9PSJ9LCJhIjp7IkN1cnNvciI6ImV5SnpJam96TWk0ek1qUTRNVE0yTVRnMk9UWXhNeXdpWkNJNlptRnNjMlVzSW5RaU9uUnlkV1Y5In19 HTTP/1.1" 200 None
2025-03-25 02:28:27,403 - INFO - No streamers found on page 88. Retrying in 2 seconds...
2025-03-25 02:28:29,404 - DEBUG - Fetching page 89...
2025-03-25 02:28:29,405 - DEBUG - Starting new HTTPS connection (1): api.twitch.tv:443
2025-03-25 02:28:30,528 - DEBUG - https://api.twitch.tv:443 "GET /helix/streams?first=100&after=eyJiIjp7IkN1cnNvciI6ImV5SnpJam96TWk0ek1qTXhOVFl5T1Rjd05Ea3lPU3dpWkNJNlptRnNjMlVzSW5RaU9uUnlkV1Y5In0sImEiOnsiQ3Vyc29yIjoiZXlKeklqb3pNUzQ0TmpBNU1EWTFPRFkzT0RBd056VXNJbVFpT21aaGJITmxMQ0owSWpwMGNuVmxmUT09In19 HTTP/1.1" 200 None
2025-03-25 02:28:30,798 - INFO - No streamers found on page 89. Retrying in 2 seconds...
2025-03-25 02:28:32,800 - DEBUG - Fetching page 90...
2025-03-25 02:28:32,802 - DEBUG - Starting new HTTPS connection (1): api.twitch.tv:443
2025-03-25 02:28:33,792 - DEBUG - https://api.twitch.tv:443 "GET /helix/streams?first=100&after=eyJiIjp7IkN1cnNvciI6ImV5SnpJam96TVM0NE5UVXpPREUxTlRVeE1qTXhNU3dpWkNJNlptRnNjMlVzSW5RaU9uUnlkV1Y5In0sImEiOnsiQ3Vyc29yIjoiZXlKeklqb3pNUzR6T1RRMU1ERTBNamN4TVRBMU1pd2laQ0k2Wm1Gc2MyVXNJblFpT25SeWRXVjkifX0 HTTP/1.1" 200 None
2025-03-25 02:28:34,052 - INFO - No streamers found on page 90. Retrying in 2 seconds...
2025-03-25 02:28:36,054 - DEBUG - Fetching page 91...
2025-03-25 02:28:36,056 - DEBUG - Starting new HTTPS connection (1): api.twitch.tv:443
2025-03-25 02:28:37,140 - DEBUG - https://api.twitch.tv:443 "GET /helix/streams?first=100&after=eyJiIjp7IkN1cnNvciI6ImV5SnpJam96TVM0ek9USXdOamd6TnpZek9UQXlPQ3dpWkNJNlptRnNjMlVzSW5RaU9uUnlkV1Y5In0sImEiOnsiQ3Vyc29yIjoiZXlKeklqb3pNQzQ1TkRVME5qTTBOelV4TWpNd016Z3NJbVFpT21aaGJITmxMQ0owSWpwMGNuVmxmUT09In19 HTTP/1.1" 200 None
2025-03-25 02:28:37,396 - INFO - No streamers found on page 91. Retrying in 2 seconds...
2025-03-25 02:28:39,397 - DEBUG - Fetching page 92...
2025-03-25 02:28:39,399 - DEBUG - Starting new HTTPS connection (1): api.twitch.tv:443
2025-03-25 02:28:40,445 - DEBUG - https://api.twitch.tv:443 "GET /helix/streams?first=100&after=eyJiIjp7IkN1cnNvciI6ImV5SnpJam96TUM0NU16azRNVEl3TmpJeU9UUXhPQ3dpWkNJNlptRnNjMlVzSW5RaU9uUnlkV1Y5In0sImEiOnsiQ3Vyc29yIjoiZXlKeklqb3pNQzQxTXpjMU1EUTVNVGcxT1RVM056WXNJbVFpT21aaGJITmxMQ0owSWpwMGNuVmxmUT09In19 HTTP/1.1" 200 None
2025-03-25 02:28:40,863 - INFO - No streamers found on page 92. Retrying in 2 seconds...
2025-03-25 02:28:42,864 - DEBUG - Fetching page 93...
2025-03-25 02:28:42,865 - DEBUG - Starting new HTTPS connection (1): api.twitch.tv:443
2025-03-25 02:28:43,915 - DEBUG - https://api.twitch.tv:443 "GET /helix/streams?first=100&after=eyJiIjp7IkN1cnNvciI6ImV5SnpJam96TUM0MU16WXhNVEkwTmpneE1UWXdNVE1zSW1RaU9tWmhiSE5sTENKMElqcDBjblZsZlE9PSJ9LCJhIjp7IkN1cnNvciI6ImV5SnpJam96TUM0eE16UTFNelF5TWpVNE9UTTBORGNzSW1RaU9tWmhiSE5sTENKMElqcDBjblZsZlE9PSJ9fQ HTTP/1.1" 200 None
2025-03-25 02:28:43,927 - INFO - No streamers found on page 93. Retrying in 2 seconds...
2025-03-25 02:28:45,928 - DEBUG - Fetching page 94...
2025-03-25 02:28:45,930 - DEBUG - Starting new HTTPS connection (1): api.twitch.tv:443
2025-03-25 02:28:46,905 - DEBUG - https://api.twitch.tv:443 "GET /helix/streams?first=100&after=eyJiIjp7IkN1cnNvciI6ImV5SnpJam96TUM0eE16STFNVFk1TVRnMU1ERTVOQ3dpWkNJNlptRnNjMlVzSW5RaU9uUnlkV1Y5In0sImEiOnsiQ3Vyc29yIjoiZXlKeklqb3lPUzQyT0RRMk1EWTVOemt6TlRjNE1ESXNJbVFpT21aaGJITmxMQ0owSWpwMGNuVmxmUT09In19 HTTP/1.1" 200 None
2025-03-25 02:28:46,914 - INFO - No streamers found on page 94. Retrying in 2 seconds...
2025-03-25 02:28:48,915 - DEBUG - Fetching page 95...
2025-03-25 02:28:48,917 - DEBUG - Starting new HTTPS connection (1): api.twitch.tv:443
2025-03-25 02:28:50,414 - DEBUG - https://api.twitch.tv:443 "GET /helix/streams?first=100&after=eyJiIjp7IkN1cnNvciI6ImV5SnpJam95T1M0Mk56Z3hOakF4TVRRek56RTNNaXdpWkNJNlptRnNjMlVzSW5RaU9uUnlkV1Y5In0sImEiOnsiQ3Vyc29yIjoiZXlKeklqb3lPUzR5TnpBek5qWTFOVGcwTmpVek56WXNJbVFpT21aaGJITmxMQ0owSWpwMGNuVmxmUT09In19 HTTP/1.1" 200 None
2025-03-25 02:28:50,680 - INFO - No streamers found on page 95. Retrying in 2 seconds...
2025-03-25 02:28:52,682 - DEBUG - Fetching page 96...
2025-03-25 02:28:52,684 - DEBUG - Starting new HTTPS connection (1): api.twitch.tv:443
2025-03-25 02:28:53,644 - DEBUG - https://api.twitch.tv:443 "GET /helix/streams?first=100&after=eyJiIjp7IkN1cnNvciI6ImV5SnpJam95T1M0eU56QXlPVFUzT1RnMk1EZzJNellzSW1RaU9tWmhiSE5sTENKMElqcDBjblZsZlE9PSJ9LCJhIjp7IkN1cnNvciI6ImV5SnpJam95T0M0NE1qTTRPRFF5TkRnMU1qSTJOamNzSW1RaU9tWmhiSE5sTENKMElqcDBjblZsZlE9PSJ9fQ HTTP/1.1" 200 None
2025-03-25 02:28:53,912 - INFO - No streamers found on page 96. Retrying in 2 seconds...
2025-03-25 02:28:55,912 - DEBUG - Fetching page 97...
2025-03-25 02:28:55,917 - DEBUG - Starting new HTTPS connection (1): api.twitch.tv:443
2025-03-25 02:28:57,080 - DEBUG - https://api.twitch.tv:443 "GET /helix/streams?first=100&after=eyJiIjp7IkN1cnNvciI6ImV5SnpJam95T0M0NE1qQXlOVFF4T0RjeU9UQTJNVFVzSW1RaU9tWmhiSE5sTENKMElqcDBjblZsZlE9PSJ9LCJhIjp7IkN1cnNvciI6ImV5SnpJam95T0M0ek9UYzNPREUwTlRFMk1qRXhOaXdpWkNJNlptRnNjMlVzSW5RaU9uUnlkV1Y5In19 HTTP/1.1" 200 None
2025-03-25 02:28:57,091 - INFO - No streamers found on page 97. Retrying in 2 seconds...
2025-03-25 02:28:59,093 - DEBUG - Fetching page 98...
2025-03-25 02:28:59,094 - DEBUG - Starting new HTTPS connection (1): api.twitch.tv:443
2025-03-25 02:29:00,267 - DEBUG - https://api.twitch.tv:443 "GET /helix/streams?first=100&after=eyJiIjp7IkN1cnNvciI6ImV5SnpJam95T0M0ek9UY3dNemMyTURFeE9UQTROaXdpWkNJNlptRnNjMlVzSW5RaU9uUnlkV1Y5In0sImEiOnsiQ3Vyc29yIjoiZXlKeklqb3lPQzR3TlRNNE5EWXhPRGt4TWpreU5EWXNJbVFpT21aaGJITmxMQ0owSWpwMGNuVmxmUT09In19 HTTP/1.1" 200 None
2025-03-25 02:29:00,533 - INFO - No streamers found on page 98. Retrying in 2 seconds...
2025-03-25 02:29:02,534 - DEBUG - Fetching page 99...
2025-03-25 02:29:02,541 - DEBUG - Starting new HTTPS connection (1): api.twitch.tv:443
2025-03-25 02:29:03,520 - DEBUG - https://api.twitch.tv:443 "GET /helix/streams?first=100&after=eyJiIjp7IkN1cnNvciI6ImV5SnpJam95T0M0d05UQXpPREUwT0RVNE5UQXhOelFzSW1RaU9tWmhiSE5sTENKMElqcDBjblZsZlE9PSJ9LCJhIjp7IkN1cnNvciI6ImV5SnpJam95Tnk0Mk9UVTVNRFEwTVRjeE9EZzBOallzSW1RaU9tWmhiSE5sTENKMElqcDBjblZsZlE9PSJ9fQ HTTP/1.1" 200 None
2025-03-25 02:29:03,530 - INFO - No streamers found on page 99. Retrying in 2 seconds...
2025-03-25 02:29:05,531 - DEBUG - Fetching page 100...
2025-03-25 02:29:05,536 - DEBUG - Starting new HTTPS connection (1): api.twitch.tv:443
2025-03-25 02:29:06,514 - DEBUG - https://api.twitch.tv:443 "GET /helix/streams?first=100&after=eyJiIjp7IkN1cnNvciI6ImV5SnpJam95Tnk0Mk9UUTNNVE0yT1RFMk5EUXdOeklzSW1RaU9tWmhiSE5sTENKMElqcDBjblZsZlE9PSJ9LCJhIjp7IkN1cnNvciI6ImV5SnpJam95Tnk0ek5UQTBNRGN6TmpZd09EWTVOQ3dpWkNJNlptRnNjMlVzSW5RaU9uUnlkV1Y5In19 HTTP/1.1" 200 None
2025-03-25 02:29:06,781 - INFO - No streamers found on page 100. Retrying in 2 seconds...
2025-03-25 02:29:08,782 - ERROR - Reached max pages but found no streamers.
2025-03-25 02:29:08,787 - INFO - No streamers found matching criteria.
