2025-03-26 21:41:51,172 - INFO - Logging system initialized.
2025-03-26 21:41:51,173 - INFO - Fetching page 1...
2025-03-26 21:41:51,180 - DEBUG - Starting new HTTPS connection (1): api.twitch.tv:443
2025-03-26 21:41:52,278 - DEBUG - https://api.twitch.tv:443 "GET /helix/streams?first=100 HTTP/1.1" 200 None
2025-03-26 21:41:52,643 - INFO - No streamers found on page 1. Retrying in 2 seconds...
2025-03-26 21:41:54,645 - INFO - Fetching page 2...
2025-03-26 21:41:54,648 - DEBUG - Starting new HTTPS connection (1): api.twitch.tv:443
2025-03-26 21:41:55,788 - DEBUG - https://api.twitch.tv:443 "GET /helix/streams?first=100&after=eyJiIjp7IkN1cnNvciI6ImV5SnpJam96TkRnMk1TNDNNekU0T1RnME5qY3lNalFzSW1RaU9tWmhiSE5sTENKMElqcDBjblZsZlE9PSJ9LCJhIjp7IkN1cnNvciI6ImV5SnpJam96TkRJMUxqRXpNVGs1TmprNE5UZzFNVFFzSW1RaU9tWmhiSE5sTENKMElqcDBjblZsZlE9PSJ9fQ HTTP/1.1" 200 None
2025-03-26 21:41:55,797 - INFO - Logged: apothicdecay - 2291 viewers - Just Chatting
2025-03-26 21:41:55,799 - INFO - Logged: iskall85 - 2041 viewers - Minecraft
2025-03-26 21:41:55,800 - INFO - Logged details of 2 streamers below 90000 viewers.
2025-03-26 21:41:55,806 - INFO - apothicdecay - 2291 viewers - Just Chatting
2025-03-26 21:41:55,806 - INFO - Tags: ['English', 'nonbinary', 'Elf', 'ADHD', 'laurencohan', 'Skyrim', 'minecraft', 'LGBTQIA', 'Zelda', 'VanLife']
2025-03-26 21:41:55,806 - INFO - iskall85 - 2041 viewers - Minecraft
2025-03-26 21:41:55,806 - INFO - Tags: ['English', 'minecraft', 'iskall85', 'vaulthunters', 'drops', 'ViewerRewards']
2025-03-26 23:55:16,221 - INFO - Logging system initialized.
2025-03-26 23:55:16,223 - INFO - Fetching page 1...
2025-03-26 23:55:16,241 - DEBUG - Starting new HTTPS connection (1): api.twitch.tv:443
2025-03-26 23:55:18,452 - DEBUG - https://api.twitch.tv:443 "GET /helix/streams?first=100 HTTP/1.1" 200 None
2025-03-26 23:55:18,457 - INFO - No streamers found on page 1. Retrying in 2 seconds...
2025-03-26 23:55:20,459 - INFO - Fetching page 2...
2025-03-26 23:55:20,464 - DEBUG - Starting new HTTPS connection (1): api.twitch.tv:443
2025-03-26 23:55:22,859 - DEBUG - https://api.twitch.tv:443 "GET /helix/streams?first=100&after=eyJiIjp7IkN1cnNvciI6ImV5SnpJam8xTVRNME1TNDBOVEl3TURRek5URTFNaXdpWkNJNlptRnNjMlVzSW5RaU9uUnlkV1Y5In0sImEiOnsiQ3Vyc29yIjoiZXlKeklqb3pOek0zTGpNeU1USXdNakF6TnprNU16Z3NJbVFpT21aaGJITmxMQ0owSWpwMGNuVmxmUT09In19 HTTP/1.1" 200 None
2025-03-26 23:55:22,890 - INFO - No streamers found on page 2. Retrying in 2 seconds...
2025-03-26 23:55:24,893 - INFO - Fetching page 3...
2025-03-26 23:55:24,897 - DEBUG - Starting new HTTPS connection (1): api.twitch.tv:443
2025-03-26 23:55:26,335 - DEBUG - https://api.twitch.tv:443 "GET /helix/streams?first=100&after=eyJiIjp7IkN1cnNvciI6ImV5SnpJam96TmprMExqUXhNekUwTVRVMU5USTBPVElzSW1RaU9tWmhiSE5sTENKMElqcDBjblZsZlE9PSJ9LCJhIjp7IkN1cnNvciI6ImV5SnpJam95TWpBNExqWXhPVEk1TVRjMU1UZzFNalFzSW1RaU9tWmhiSE5sTENKMElqcDBjblZsZlE9PSJ9fQ HTTP/1.1" 200 None
2025-03-26 23:55:26,542 - INFO - No streamers found on page 3. Retrying in 2 seconds...
2025-03-26 23:55:28,543 - INFO - Fetching page 4...
2025-03-26 23:55:28,545 - DEBUG - Starting new HTTPS connection (1): api.twitch.tv:443
2025-03-26 23:55:30,019 - DEBUG - https://api.twitch.tv:443 "GET /helix/streams?first=100&after=eyJiIjp7IkN1cnNvciI6ImV5SnpJam95TVRreUxqSTNPRFEzT1Rjd01qWXdNeXdpWkNJNlptRnNjMlVzSW5RaU9uUnlkV1Y5In0sImEiOnsiQ3Vyc29yIjoiZXlKeklqb3hOVFUyTGprM05qQXlPRFkxTkRBNE16UXNJbVFpT21aaGJITmxMQ0owSWpwMGNuVmxmUT09In19 HTTP/1.1" 200 None
2025-03-26 23:55:30,231 - INFO - No streamers found on page 4. Retrying in 2 seconds...
2025-03-26 23:55:32,232 - INFO - Fetching page 5...
2025-03-26 23:55:32,240 - DEBUG - Starting new HTTPS connection (1): api.twitch.tv:443
2025-03-26 23:55:33,485 - DEBUG - https://api.twitch.tv:443 "GET /helix/streams?first=100&after=eyJiIjp7IkN1cnNvciI6ImV5SnpJam94TlRRMUxqSTBNREkxT0RNNE5USTFNRFFzSW1RaU9tWmhiSE5sTENKMElqcDBjblZsZlE9PSJ9LCJhIjp7IkN1cnNvciI6ImV5SnpJam94TVRjeUxqQTNNakUwTlRrNE16ZzRPVFFzSW1RaU9tWmhiSE5sTENKMElqcDBjblZsZlE9PSJ9fQ HTTP/1.1" 200 None
2025-03-26 23:55:33,810 - INFO - No streamers found on page 5. Retrying in 2 seconds...
2025-03-26 23:55:35,812 - INFO - Fetching page 6...
2025-03-26 23:55:35,816 - DEBUG - Starting new HTTPS connection (1): api.twitch.tv:443
2025-03-26 23:55:37,395 - DEBUG - https://api.twitch.tv:443 "GET /helix/streams?first=100&after=eyJiIjp7IkN1cnNvciI6ImV5SnpJam94TVRjd0xqTTROVFV5TWpRME5qWTROU3dpWkNJNlptRnNjMlVzSW5RaU9uUnlkV1Y5In0sImEiOnsiQ3Vyc29yIjoiZXlKeklqbzVPRFF1T0RRME16WTFNakF5TmpFMU55d2laQ0k2Wm1Gc2MyVXNJblFpT25SeWRXVjkifX0 HTTP/1.1" 200 None
2025-03-26 23:55:37,601 - INFO - No streamers found on page 6. Retrying in 2 seconds...
2025-03-26 23:55:39,602 - INFO - Fetching page 7...
2025-03-26 23:55:39,608 - DEBUG - Starting new HTTPS connection (1): api.twitch.tv:443
2025-03-26 23:55:40,875 - DEBUG - https://api.twitch.tv:443 "GET /helix/streams?first=100&after=eyJiIjp7IkN1cnNvciI6ImV5SnpJam81T0RNdU5qazROakl4T0RZNE16RTROaXdpWkNJNlptRnNjMlVzSW5RaU9uUnlkV1Y5In0sImEiOnsiQ3Vyc29yIjoiZXlKeklqbzNPVFl1TmpjMU9URTRNekl6TkRReExDSmtJanBtWVd4elpTd2lkQ0k2ZEhKMVpYMD0ifX0 HTTP/1.1" 200 None
2025-03-26 23:55:40,891 - INFO - No streamers found on page 7. Retrying in 2 seconds...
2025-03-26 23:55:42,892 - INFO - Fetching page 8...
2025-03-26 23:55:42,899 - DEBUG - Starting new HTTPS connection (1): api.twitch.tv:443
2025-03-26 23:55:44,259 - DEBUG - https://api.twitch.tv:443 "GET /helix/streams?first=100&after=eyJiIjp7IkN1cnNvciI6ImV5SnpJam8zT1RBdU5qa3dOak00TWpFeE5EZ3pOeXdpWkNJNlptRnNjMlVzSW5RaU9uUnlkV1Y5In0sImEiOnsiQ3Vyc29yIjoiZXlKeklqbzJOalV1TWpNeU5EYzFNemt5TmpNM05Td2laQ0k2Wm1Gc2MyVXNJblFpT25SeWRXVjkifX0 HTTP/1.1" 200 None
2025-03-26 23:55:44,566 - INFO - No streamers found on page 8. Retrying in 2 seconds...
2025-03-26 23:55:46,567 - INFO - Fetching page 9...
2025-03-26 23:55:46,572 - DEBUG - Starting new HTTPS connection (1): api.twitch.tv:443
2025-03-26 23:55:48,233 - DEBUG - https://api.twitch.tv:443 "GET /helix/streams?first=100&after=eyJiIjp7IkN1cnNvciI6ImV5SnpJam8yTmpRdU9UQTBORGc0TnpRMk1qZzNOQ3dpWkNJNlptRnNjMlVzSW5RaU9uUnlkV1Y5In0sImEiOnsiQ3Vyc29yIjoiZXlKeklqbzFPRGN1TXpNeU5qWTBPRE0xTkRBM015d2laQ0k2Wm1Gc2MyVXNJblFpT25SeWRXVjkifX0 HTTP/1.1" 200 None
2025-03-26 23:55:48,461 - INFO - No streamers found on page 9. Retrying in 2 seconds...
2025-03-26 23:55:50,463 - INFO - Fetching page 10...
2025-03-26 23:55:50,468 - DEBUG - Starting new HTTPS connection (1): api.twitch.tv:443
2025-03-26 23:55:51,730 - DEBUG - https://api.twitch.tv:443 "GET /helix/streams?first=100&after=eyJiIjp7IkN1cnNvciI6ImV5SnpJam8xT0RZdU9UQTRNRFV3TXpJMU9URXdOaXdpWkNJNlptRnNjMlVzSW5RaU9uUnlkV1Y5In0sImEiOnsiQ3Vyc29yIjoiZXlKeklqbzFNVGd1T1RjNE5qVTNPVFExTlRneU9Td2laQ0k2Wm1Gc2MyVXNJblFpT25SeWRXVjkifX0 HTTP/1.1" 200 None
2025-03-26 23:55:51,741 - INFO - No streamers found on page 10. Retrying in 2 seconds...
