2025-03-25 03:59:07,274 - DEBUG - Fetching page 1...
2025-03-25 03:59:07,300 - DEBUG - Starting new HTTPS connection (1): api.twitch.tv:443
2025-03-25 03:59:09,201 - DEBUG - https://api.twitch.tv:443 "GET /helix/streams?first=100 HTTP/1.1" 200 None
2025-03-25 03:59:09,210 - INFO - No streamers found on page 1. Retrying in 2 seconds...
2025-03-25 03:59:11,211 - DEBUG - Fetching page 2...
2025-03-25 03:59:11,215 - DEBUG - Starting new HTTPS connection (1): api.twitch.tv:443
2025-03-25 03:59:13,329 - DEBUG - https://api.twitch.tv:443 "GET /helix/streams?first=100&after=eyJiIjp7IkN1cnNvciI6ImV5SnpJam8xTWpjeU5TNDRORFkwTVRZMk1qVXhOaXdpWkNJNlptRnNjMlVzSW5RaU9uUnlkV1Y5In0sImEiOnsiQ3Vyc29yIjoiZXlKeklqb3pOemswTGpnek5UUXpOVEV6T1RBMExDSmtJanBtWVd4elpTd2lkQ0k2ZEhKMVpYMD0ifX0 HTTP/1.1" 200 None
2025-03-25 03:59:13,614 - INFO - No streamers found on page 2. Retrying in 2 seconds...
2025-03-25 03:59:15,618 - DEBUG - Fetching page 3...
2025-03-25 03:59:15,628 - DEBUG - Starting new HTTPS connection (1): api.twitch.tv:443
2025-03-25 03:59:18,410 - DEBUG - https://api.twitch.tv:443 "GET /helix/streams?first=100&after=eyJiIjp7IkN1cnNvciI6ImV5SnpJam96TnpRM0xqQTFNVEV4TXpFMk5ESTVOeXdpWkNJNlptRnNjMlVzSW5RaU9uUnlkV1Y5In0sImEiOnsiQ3Vyc29yIjoiZXlKeklqb3hPVFF5TGpVM01EWTNORE0wTURJd016WXNJbVFpT21aaGJITmxMQ0owSWpwMGNuVmxmUT09In19 HTTP/1.1" 200 None
2025-03-25 03:59:18,414 - INFO - No streamers found on page 3. Retrying in 2 seconds...
2025-03-25 03:59:20,416 - DEBUG - Fetching page 4...
2025-03-25 03:59:20,422 - DEBUG - Starting new HTTPS connection (1): api.twitch.tv:443
2025-03-25 03:59:23,627 - DEBUG - https://api.twitch.tv:443 "GET /helix/streams?first=100&after=eyJiIjp7IkN1cnNvciI6ImV5SnpJam94T1RRd0xqSTNORFUxT1RJek1UVXpPU3dpWkNJNlptRnNjMlVzSW5RaU9uUnlkV1Y5In0sImEiOnsiQ3Vyc29yIjoiZXlKeklqb3hNekl3TGpNMk16ZzFPVE0xTWpFd05Td2laQ0k2Wm1Gc2MyVXNJblFpT25SeWRXVjkifX0 HTTP/1.1" 200 None
2025-03-25 03:59:23,634 - INFO - No streamers found on page 4. Retrying in 2 seconds...
2025-03-25 03:59:25,634 - DEBUG - Fetching page 5...
2025-03-25 03:59:25,636 - DEBUG - Starting new HTTPS connection (1): api.twitch.tv:443
2025-03-25 03:59:27,630 - DEBUG - https://api.twitch.tv:443 "GET /helix/streams?first=100&after=eyJiIjp7IkN1cnNvciI6ImV5SnpJam94TXpFNUxqYzFNek00TWprMU9EUXhORElzSW1RaU9tWmhiSE5sTENKMElqcDBjblZsZlE9PSJ9LCJhIjp7IkN1cnNvciI6ImV5SnpJam94TURJM0xqTTJNVFU0TnpFNU5EZzNNeXdpWkNJNlptRnNjMlVzSW5RaU9uUnlkV1Y5In19 HTTP/1.1" 200 None
2025-03-25 03:59:27,637 - INFO - No streamers found on page 5. Retrying in 2 seconds...
2025-03-25 03:59:29,638 - DEBUG - Fetching page 6...
2025-03-25 03:59:29,644 - DEBUG - Starting new HTTPS connection (1): api.twitch.tv:443
2025-03-25 03:59:31,884 - DEBUG - https://api.twitch.tv:443 "GET /helix/streams?first=100&after=eyJiIjp7IkN1cnNvciI6ImV5SnpJam94TURJMkxqUTRPRFF3TVRjMU56SXdNVElzSW1RaU9tWmhiSE5sTENKMElqcDBjblZsZlE9PSJ9LCJhIjp7IkN1cnNvciI6ImV5SnpJam80TWpndU9EVTFOell3TnpBM01EZ3pOeXdpWkNJNlptRnNjMlVzSW5RaU9uUnlkV1Y5In19 HTTP/1.1" 200 None
2025-03-25 03:59:32,142 - INFO - No streamers found on page 6. Retrying in 2 seconds...
2025-03-25 03:59:34,143 - DEBUG - Fetching page 7...
2025-03-25 03:59:34,147 - DEBUG - Starting new HTTPS connection (1): api.twitch.tv:443
2025-03-25 03:59:37,069 - DEBUG - https://api.twitch.tv:443 "GET /helix/streams?first=100&after=eyJiIjp7IkN1cnNvciI6ImV5SnpJam80TWpjdU56TTFOemd6TmpZeE9EZzNMQ0prSWpwbVlXeHpaU3dpZENJNmRISjFaWDA9In0sImEiOnsiQ3Vyc29yIjoiZXlKeklqbzJPRFl1TkRJeE5qYzJNVEV5TlRBd01Td2laQ0k2Wm1Gc2MyVXNJblFpT25SeWRXVjkifX0 HTTP/1.1" 200 None
2025-03-25 03:59:37,333 - INFO - No streamers found on page 7. Retrying in 2 seconds...
2025-03-25 03:59:39,334 - DEBUG - Fetching page 8...
2025-03-25 03:59:39,341 - DEBUG - Starting new HTTPS connection (1): api.twitch.tv:443
2025-03-25 03:59:42,838 - DEBUG - https://api.twitch.tv:443 "GET /helix/streams?first=100&after=eyJiIjp7IkN1cnNvciI6ImV5SnpJam8yT0RRdU16VTBNemd6T1RjMk1qZ3hNeXdpWkNJNlptRnNjMlVzSW5RaU9uUnlkV1Y5In0sImEiOnsiQ3Vyc29yIjoiZXlKeklqbzFPRGd1TlRnNE1qTTNNVEF6T1Rjek15d2laQ0k2Wm1Gc2MyVXNJblFpT25SeWRXVjkifX0 HTTP/1.1" 200 None
2025-03-25 03:59:42,845 - INFO - No streamers found on page 8. Retrying in 2 seconds...
2025-03-25 03:59:44,846 - DEBUG - Fetching page 9...
2025-03-25 03:59:44,850 - DEBUG - Starting new HTTPS connection (1): api.twitch.tv:443
2025-03-25 03:59:47,422 - DEBUG - https://api.twitch.tv:443 "GET /helix/streams?first=100&after=eyJiIjp7IkN1cnNvciI6ImV5SnpJam8xT0RjdU5UVXdOREEyTkRVNU9EUTNNU3dpWkNJNlptRnNjMlVzSW5RaU9uUnlkV1Y5In0sImEiOnsiQ3Vyc29yIjoiZXlKeklqbzFNREl1Tmpjek1USXpPREk1TWpnMk5Td2laQ0k2Wm1Gc2MyVXNJblFpT25SeWRXVjkifX0 HTTP/1.1" 200 None
2025-03-25 03:59:47,433 - INFO - No streamers found on page 9. Retrying in 2 seconds...
2025-03-25 03:59:49,436 - DEBUG - Fetching page 10...
2025-03-25 03:59:49,439 - DEBUG - Starting new HTTPS connection (1): api.twitch.tv:443
2025-03-25 03:59:51,985 - DEBUG - https://api.twitch.tv:443 "GET /helix/streams?first=100&after=eyJiIjp7IkN1cnNvciI6ImV5SnpJam8xTURJdU5EYzVOamM1TXpBNE5EYzNOeXdpWkNJNlptRnNjMlVzSW5RaU9uUnlkV1Y5In0sImEiOnsiQ3Vyc29yIjoiZXlKeklqbzBNemt1TURReE56azVORFF3T0RFNU9Td2laQ0k2Wm1Gc2MyVXNJblFpT25SeWRXVjkifX0 HTTP/1.1" 200 None
2025-03-25 03:59:51,995 - INFO - No streamers found on page 10. Retrying in 2 seconds...
2025-03-25 03:59:53,996 - DEBUG - Fetching page 11...
2025-03-25 03:59:54,001 - DEBUG - Starting new HTTPS connection (1): api.twitch.tv:443
2025-03-25 03:59:56,645 - DEBUG - https://api.twitch.tv:443 "GET /helix/streams?first=100&after=eyJiIjp7IkN1cnNvciI6ImV5SnpJam8wTXpndU5qRXhOamN6TlRFNU16a3dOVFFzSW1RaU9tWmhiSE5sTENKMElqcDBjblZsZlE9PSJ9LCJhIjp7IkN1cnNvciI6ImV5SnpJam96T0RjdU1qQTJNVGswTXpnNE5UVTRNelFzSW1RaU9tWmhiSE5sTENKMElqcDBjblZsZlE9PSJ9fQ HTTP/1.1" 200 None
2025-03-25 03:59:56,654 - INFO - No streamers found on page 11. Retrying in 2 seconds...
2025-03-25 03:59:58,655 - DEBUG - Fetching page 12...
2025-03-25 03:59:58,658 - DEBUG - Starting new HTTPS connection (1): api.twitch.tv:443
2025-03-25 04:00:01,772 - DEBUG - https://api.twitch.tv:443 "GET /helix/streams?first=100&after=eyJiIjp7IkN1cnNvciI6ImV5SnpJam96T0RZdU56Y3pOVGsxTnpreE9UVTFPRGNzSW1RaU9tWmhiSE5sTENKMElqcDBjblZsZlE9PSJ9LCJhIjp7IkN1cnNvciI6ImV5SnpJam96TkRjdU1qZzJNVFk1T0RZeE5UY3pMQ0prSWpwbVlXeHpaU3dpZENJNmRISjFaWDA9In19 HTTP/1.1" 200 None
2025-03-25 04:00:01,783 - INFO - No streamers found on page 12. Retrying in 2 seconds...
2025-03-25 04:00:03,784 - DEBUG - Fetching page 13...
2025-03-25 04:00:03,793 - DEBUG - Starting new HTTPS connection (1): api.twitch.tv:443
2025-03-25 04:00:07,646 - DEBUG - https://api.twitch.tv:443 "GET /helix/streams?first=100&after=eyJiIjp7IkN1cnNvciI6ImV5SnpJam96TkRZdU5qazFORE00TVRFMk1ERTVOU3dpWkNJNlptRnNjMlVzSW5RaU9uUnlkV1Y5In0sImEiOnsiQ3Vyc29yIjoiZXlKeklqb3pNVFV1TXpZME16ZzROVGt5TmpnNU1EY3NJbVFpT21aaGJITmxMQ0owSWpwMGNuVmxmUT09In19 HTTP/1.1" 200 None
2025-03-25 04:00:07,816 - INFO - No streamers found on page 13. Retrying in 2 seconds...
2025-03-25 04:00:09,816 - DEBUG - Fetching page 14...
2025-03-25 04:00:09,823 - DEBUG - Starting new HTTPS connection (1): api.twitch.tv:443
2025-03-25 04:00:13,272 - DEBUG - https://api.twitch.tv:443 "GET /helix/streams?first=100&after=eyJiIjp7IkN1cnNvciI6ImV5SnpJam96T0RZdU5USTVOall3TVRReU16Z3lPVGNzSW1RaU9tWmhiSE5sTENKMElqcDBjblZsZlE9PSJ9LCJhIjp7IkN1cnNvciI6ImV5SnpJam95T0RjdU56azROamt5TURnMk1ESTVNaXdpWkNJNlptRnNjMlVzSW5RaU9uUnlkV1Y5In19 HTTP/1.1" 200 None
2025-03-25 04:00:13,563 - INFO - No streamers found on page 14. Retrying in 2 seconds...
2025-03-25 04:00:15,564 - DEBUG - Fetching page 15...
2025-03-25 04:00:15,573 - DEBUG - Starting new HTTPS connection (1): api.twitch.tv:443
2025-03-25 04:00:17,843 - DEBUG - https://api.twitch.tv:443 "GET /helix/streams?first=100&after=eyJiIjp7IkN1cnNvciI6ImV5SnpJam95T0RjdU16UXpPRGs0TURnM05UZzNNaXdpWkNJNlptRnNjMlVzSW5RaU9uUnlkV1Y5In0sImEiOnsiQ3Vyc29yIjoiZXlKeklqb3lOakl1TXpVNU1UVTVOelUwTURNM016WXNJbVFpT21aaGJITmxMQ0owSWpwMGNuVmxmUT09In19 HTTP/1.1" 200 None
2025-03-25 04:00:18,111 - INFO - No streamers found on page 15. Retrying in 2 seconds...
2025-03-25 04:00:20,112 - DEBUG - Fetching page 16...
2025-03-25 04:00:20,113 - DEBUG - Starting new HTTPS connection (1): api.twitch.tv:443
2025-03-25 04:00:23,240 - DEBUG - https://api.twitch.tv:443 "GET /helix/streams?first=100&after=eyJiIjp7IkN1cnNvciI6ImV5SnpJam95TmpJdU1UUXpOVFkwT1RRNU56YzJPU3dpWkNJNlptRnNjMlVzSW5RaU9uUnlkV1Y5In0sImEiOnsiQ3Vyc29yIjoiZXlKeklqb3lORFF1TmpFeU1qTTVNelE0TWpBNU1UWXNJbVFpT21aaGJITmxMQ0owSWpwMGNuVmxmUT09In19 HTTP/1.1" 200 None
2025-03-25 04:00:23,246 - INFO - No streamers found on page 16. Retrying in 2 seconds...
2025-03-25 04:00:25,248 - DEBUG - Fetching page 17...
2025-03-25 04:00:25,254 - DEBUG - Starting new HTTPS connection (1): api.twitch.tv:443
2025-03-25 04:00:27,273 - DEBUG - https://api.twitch.tv:443 "GET /helix/streams?first=100&after=eyJiIjp7IkN1cnNvciI6ImV5SnpJam95TkRRdU5UTTBORFE0TWpBMU5qRTNPRElzSW1RaU9tWmhiSE5sTENKMElqcDBjblZsZlE9PSJ9LCJhIjp7IkN1cnNvciI6ImV5SnpJam95TWpZdU5EUTJOVFV3TkRBMk1qRTJPU3dpWkNJNlptRnNjMlVzSW5RaU9uUnlkV1Y5In19 HTTP/1.1" 200 None
2025-03-25 04:00:27,290 - INFO - No streamers found on page 17. Retrying in 2 seconds...
2025-03-25 04:00:29,291 - DEBUG - Fetching page 18...
2025-03-25 04:00:29,295 - DEBUG - Starting new HTTPS connection (1): api.twitch.tv:443
2025-03-25 04:00:31,945 - DEBUG - https://api.twitch.tv:443 "GET /helix/streams?first=100&after=eyJiIjp7IkN1cnNvciI6ImV5SnpJam95TWpZdU1qa3lOVGsyT1RVNU5UYzNNRGdzSW1RaU9tWmhiSE5sTENKMElqcDBjblZsZlE9PSJ9LCJhIjp7IkN1cnNvciI6ImV5SnpJam95TURrdU1qZ3hNVGt6TmpreE5ETTBNalVzSW1RaU9tWmhiSE5sTENKMElqcDBjblZsZlE9PSJ9fQ HTTP/1.1" 200 None
2025-03-25 04:00:31,951 - INFO - No streamers found on page 18. Retrying in 2 seconds...
2025-03-25 04:00:33,952 - DEBUG - Fetching page 19...
2025-03-25 04:00:33,956 - DEBUG - Starting new HTTPS connection (1): api.twitch.tv:443
2025-03-25 04:00:37,714 - DEBUG - https://api.twitch.tv:443 "GET /helix/streams?first=100&after=eyJiIjp7IkN1cnNvciI6ImV5SnpJam95TURrdU1qRXpPRE0xT0RVd09EY3pORGNzSW1RaU9tWmhiSE5sTENKMElqcDBjblZsZlE9PSJ9LCJhIjp7IkN1cnNvciI6ImV5SnpJam94T1RZdU1qWTVOalk1TlRnME9ESXlPRGdzSW1RaU9tWmhiSE5sTENKMElqcDBjblZsZlE9PSJ9fQ HTTP/1.1" 200 None
2025-03-25 04:00:37,934 - INFO - No streamers found on page 19. Retrying in 2 seconds...
2025-03-25 04:00:39,935 - DEBUG - Fetching page 20...
2025-03-25 04:00:39,939 - DEBUG - Starting new HTTPS connection (1): api.twitch.tv:443
2025-03-25 04:00:42,596 - DEBUG - https://api.twitch.tv:443 "GET /helix/streams?first=100&after=eyJiIjp7IkN1cnNvciI6ImV5SnpJam94T1RZdU1Ua3pPRE16TURrNE1Ea3pORGdzSW1RaU9tWmhiSE5sTENKMElqcDBjblZsZlE9PSJ9LCJhIjp7IkN1cnNvciI6ImV5SnpJam94T0RRdU9URTVOREUyTnpRMk1UWTRPRFVzSW1RaU9tWmhiSE5sTENKMElqcDBjblZsZlE9PSJ9fQ HTTP/1.1" 200 None
2025-03-25 04:00:42,603 - INFO - No streamers found on page 20. Retrying in 2 seconds...
2025-03-25 04:00:44,604 - DEBUG - Fetching page 21...
2025-03-25 04:00:44,607 - DEBUG - Starting new HTTPS connection (1): api.twitch.tv:443
2025-03-25 04:00:46,590 - DEBUG - https://api.twitch.tv:443 "GET /helix/streams?first=100&after=eyJiIjp7IkN1cnNvciI6ImV5SnpJam94T0RRdU9ESTFPVFl5T1RRNU56TTJOU3dpWkNJNlptRnNjMlVzSW5RaU9uUnlkV1Y5In0sImEiOnsiQ3Vyc29yIjoiZXlKeklqb3hOek11TWpFeU5EVTRORGd4TmpVNE9UTXNJbVFpT21aaGJITmxMQ0owSWpwMGNuVmxmUT09In19 HTTP/1.1" 200 None
2025-03-25 04:00:47,131 - INFO - No streamers found on page 21. Retrying in 2 seconds...
2025-03-25 04:00:49,134 - DEBUG - Fetching page 22...
2025-03-25 04:00:49,139 - DEBUG - Starting new HTTPS connection (1): api.twitch.tv:443
2025-03-25 04:00:51,620 - DEBUG - https://api.twitch.tv:443 "GET /helix/streams?first=100&after=eyJiIjp7IkN1cnNvciI6ImV5SnpJam94TnpJdU9UWTVOamMyTlRZM056QXdNVFlzSW1RaU9tWmhiSE5sTENKMElqcDBjblZsZlE9PSJ9LCJhIjp7IkN1cnNvciI6ImV5SnpJam94TmpJdU9EWXpOall6TlRJek1qVTJNelVzSW1RaU9tWmhiSE5sTENKMElqcDBjblZsZlE9PSJ9fQ HTTP/1.1" 200 None
2025-03-25 04:00:51,891 - INFO - No streamers found on page 22. Retrying in 2 seconds...
2025-03-25 04:00:53,892 - DEBUG - Fetching page 23...
2025-03-25 04:00:53,895 - DEBUG - Starting new HTTPS connection (1): api.twitch.tv:443
2025-03-25 04:00:56,325 - DEBUG - https://api.twitch.tv:443 "GET /helix/streams?first=100&after=eyJiIjp7IkN1cnNvciI6ImV5SnpJam94TmpJdU9ESTVNRGsxTnpVNU16ZzVNalVzSW1RaU9tWmhiSE5sTENKMElqcDBjblZsZlE9PSJ9LCJhIjp7IkN1cnNvciI6ImV5SnpJam94TlRRdU5UQXdORE13TnpNek9EUXpORFFzSW1RaU9tWmhiSE5sTENKMElqcDBjblZsZlE9PSJ9fQ HTTP/1.1" 200 None
2025-03-25 04:00:56,637 - INFO - No streamers found on page 23. Retrying in 2 seconds...
2025-03-25 04:00:58,638 - DEBUG - Fetching page 24...
2025-03-25 04:00:58,642 - DEBUG - Starting new HTTPS connection (1): api.twitch.tv:443
2025-03-25 04:01:01,174 - DEBUG - https://api.twitch.tv:443 "GET /helix/streams?first=100&after=eyJiIjp7IkN1cnNvciI6ImV5SnpJam94TlRRdU5EVTJOVEUzT0RFMU5qazJNaXdpWkNJNlptRnNjMlVzSW5RaU9uUnlkV1Y5In0sImEiOnsiQ3Vyc29yIjoiZXlKeklqb3hORGd1TVRReU5USTJORGN5TURnek5USXNJbVFpT21aaGJITmxMQ0owSWpwMGNuVmxmUT09In19 HTTP/1.1" 200 None
2025-03-25 04:01:01,456 - INFO - No streamers found on page 24. Retrying in 2 seconds...
2025-03-25 04:01:03,457 - DEBUG - Fetching page 25...
2025-03-25 04:01:03,463 - DEBUG - Starting new HTTPS connection (1): api.twitch.tv:443
2025-03-25 04:01:05,901 - DEBUG - https://api.twitch.tv:443 "GET /helix/streams?first=100&after=eyJiIjp7IkN1cnNvciI6ImV5SnpJam94TkRndU1EZzROREF3TWpNNU16YzRNeXdpWkNJNlptRnNjMlVzSW5RaU9uUnlkV1Y5In0sImEiOnsiQ3Vyc29yIjoiZXlKeklqb3hOREF1T0RBek9USXdNek13TURNeE5ESXNJbVFpT21aaGJITmxMQ0owSWpwMGNuVmxmUT09In19 HTTP/1.1" 200 None
2025-03-25 04:01:05,909 - INFO - No streamers found on page 25. Retrying in 2 seconds...
2025-03-25 04:01:07,914 - DEBUG - Fetching page 26...
2025-03-25 04:01:07,920 - DEBUG - Starting new HTTPS connection (1): api.twitch.tv:443
2025-03-25 04:01:10,298 - DEBUG - https://api.twitch.tv:443 "GET /helix/streams?first=100&after=eyJiIjp7IkN1cnNvciI6ImV5SnpJam94TnpBdU5EUTBOVFU1TURVek1UVTFOek1zSW1RaU9tWmhiSE5sTENKMElqcDBjblZsZlE9PSJ9LCJhIjp7IkN1cnNvciI6ImV5SnpJam94TXpRdU9ERTFOak00TkRFeU1EUXpNRE1zSW1RaU9tWmhiSE5sTENKMElqcDBjblZsZlE9PSJ9fQ HTTP/1.1" 200 None
2025-03-25 04:01:10,311 - INFO - No streamers found on page 26. Retrying in 2 seconds...
2025-03-25 04:01:12,312 - DEBUG - Fetching page 27...
2025-03-25 04:01:12,316 - DEBUG - Starting new HTTPS connection (1): api.twitch.tv:443
2025-03-25 04:01:14,438 - DEBUG - https://api.twitch.tv:443 "GET /helix/streams?first=100&after=eyJiIjp7IkN1cnNvciI6ImV5SnpJam94TkRZdU1qQTBNell5TkRFeU1qWXpOeklzSW1RaU9tWmhiSE5sTENKMElqcDBjblZsZlE9PSJ9LCJhIjp7IkN1cnNvciI6ImV5SnpJam94TWpndU9EVTRPREl3T0RnME1qZzFPQ3dpWkNJNlptRnNjMlVzSW5RaU9uUnlkV1Y5In19 HTTP/1.1" 200 None
2025-03-25 04:01:14,446 - INFO - No streamers found on page 27. Retrying in 2 seconds...
2025-03-25 04:01:16,448 - DEBUG - Fetching page 28...
2025-03-25 04:01:16,455 - DEBUG - Starting new HTTPS connection (1): api.twitch.tv:443
2025-03-25 04:01:18,319 - DEBUG - https://api.twitch.tv:443 "GET /helix/streams?first=100&after=eyJiIjp7IkN1cnNvciI6ImV5SnpJam94TWpndU9ETTRPVE01TWpNMU5UQTRNaXdpWkNJNlptRnNjMlVzSW5RaU9uUnlkV1Y5In0sImEiOnsiQ3Vyc29yIjoiZXlKeklqb3hNak11T1RNME56RTJPVGsyTnpnME5pd2laQ0k2Wm1Gc2MyVXNJblFpT25SeWRXVjkifX0 HTTP/1.1" 200 None
2025-03-25 04:01:18,590 - INFO - No streamers found on page 28. Retrying in 2 seconds...
2025-03-25 04:01:20,591 - DEBUG - Fetching page 29...
2025-03-25 04:01:20,594 - DEBUG - Starting new HTTPS connection (1): api.twitch.tv:443
2025-03-25 04:01:22,896 - DEBUG - https://api.twitch.tv:443 "GET /helix/streams?first=100&after=eyJiIjp7IkN1cnNvciI6ImV5SnpJam94TWpNdU9USXhPREl3T1RNNU56TXpNVFFzSW1RaU9tWmhiSE5sTENKMElqcDBjblZsZlE9PSJ9LCJhIjp7IkN1cnNvciI6ImV5SnpJam94TVRrdU1EYzVOVFV3TVRVek5ESTBOU3dpWkNJNlptRnNjMlVzSW5RaU9uUnlkV1Y5In19 HTTP/1.1" 200 None
2025-03-25 04:01:23,163 - INFO - No streamers found on page 29. Retrying in 2 seconds...
2025-03-25 04:01:25,163 - DEBUG - Fetching page 30...
2025-03-25 04:01:25,167 - DEBUG - Starting new HTTPS connection (1): api.twitch.tv:443
2025-03-25 04:01:27,484 - DEBUG - https://api.twitch.tv:443 "GET /helix/streams?first=100&after=eyJiIjp7IkN1cnNvciI6ImV5SnpJam94TVRrdU1EY3lOemN5TURrNU1UZzNOemNzSW1RaU9tWmhiSE5sTENKMElqcDBjblZsZlE9PSJ9LCJhIjp7IkN1cnNvciI6ImV5SnpJam94TVRVdU1EazBNRE00TURBNU9UWXhNalVzSW1RaU9tWmhiSE5sTENKMElqcDBjblZsZlE9PSJ9fQ HTTP/1.1" 200 None
2025-03-25 04:01:27,759 - INFO - No streamers found on page 30. Retrying in 2 seconds...
2025-03-25 04:01:29,760 - DEBUG - Fetching page 31...
2025-03-25 04:01:29,764 - DEBUG - Starting new HTTPS connection (1): api.twitch.tv:443
2025-03-25 04:01:33,815 - DEBUG - https://api.twitch.tv:443 "GET /helix/streams?first=100&after=eyJiIjp7IkN1cnNvciI6ImV5SnpJam94TVRVdU1EZzBNVEkzTmpneE9ERTFNRGtzSW1RaU9tWmhiSE5sTENKMElqcDBjblZsZlE9PSJ9LCJhIjp7IkN1cnNvciI6ImV5SnpJam94TVRFdU5UTTBNRGs1TVRjMU5UUTVNalFzSW1RaU9tWmhiSE5sTENKMElqcDBjblZsZlE9PSJ9fQ HTTP/1.1" 200 None
2025-03-25 04:01:33,822 - INFO - No streamers found on page 31. Retrying in 2 seconds...
2025-03-25 04:01:35,824 - DEBUG - Fetching page 32...
2025-03-25 04:01:35,829 - DEBUG - Starting new HTTPS connection (1): api.twitch.tv:443
2025-03-25 04:01:37,957 - DEBUG - https://api.twitch.tv:443 "GET /helix/streams?first=100&after=eyJiIjp7IkN1cnNvciI6ImV5SnpJam94TVRFdU5USTVOREF6TlRreE5ERTRPVGNzSW1RaU9tWmhiSE5sTENKMElqcDBjblZsZlE9PSJ9LCJhIjp7IkN1cnNvciI6ImV5SnpJam94TURjdU16VTFOVFV4TnpRNU5qRXpOakVzSW1RaU9tWmhiSE5sTENKMElqcDBjblZsZlE9PSJ9fQ HTTP/1.1" 200 None
2025-03-25 04:01:38,223 - INFO - No streamers found on page 32. Retrying in 2 seconds...
2025-03-25 04:01:40,224 - DEBUG - Fetching page 33...
2025-03-25 04:01:40,228 - DEBUG - Starting new HTTPS connection (1): api.twitch.tv:443
2025-03-25 04:01:42,793 - DEBUG - https://api.twitch.tv:443 "GET /helix/streams?first=100&after=eyJiIjp7IkN1cnNvciI6ImV5SnpJam94TURjdU1qRTVOakl3TVRFek16RXlNVGNzSW1RaU9tWmhiSE5sTENKMElqcDBjblZsZlE9PSJ9LCJhIjp7IkN1cnNvciI6ImV5SnpJam94TURNdU1qUXhPVGd4TURnM01UTTRPVGdzSW1RaU9tWmhiSE5sTENKMElqcDBjblZsZlE9PSJ9fQ HTTP/1.1" 200 None
2025-03-25 04:01:42,804 - INFO - No streamers found on page 33. Retrying in 2 seconds...
2025-03-25 04:01:44,805 - DEBUG - Fetching page 34...
2025-03-25 04:01:44,810 - DEBUG - Starting new HTTPS connection (1): api.twitch.tv:443
2025-03-25 04:01:47,576 - DEBUG - https://api.twitch.tv:443 "GET /helix/streams?first=100&after=eyJiIjp7IkN1cnNvciI6ImV5SnpJam94TURNdU1qTTJOelkzTkRrMk9UWTRPQ3dpWkNJNlptRnNjMlVzSW5RaU9uUnlkV1Y5In0sImEiOnsiQ3Vyc29yIjoiZXlKeklqb3hNREF1T0RVNE5UWXlOVEUwTmpneE5qRXNJbVFpT21aaGJITmxMQ0owSWpwMGNuVmxmUT09In19 HTTP/1.1" 200 None
2025-03-25 04:01:47,591 - INFO - No streamers found on page 34. Retrying in 2 seconds...
2025-03-25 04:01:49,592 - DEBUG - Fetching page 35...
2025-03-25 04:01:49,597 - DEBUG - Starting new HTTPS connection (1): api.twitch.tv:443
2025-03-25 04:01:52,013 - DEBUG - https://api.twitch.tv:443 "GET /helix/streams?first=100&after=eyJiIjp7IkN1cnNvciI6ImV5SnpJam94TURBdU9EUXpORFkyTVRJeE5qWTJPVFFzSW1RaU9tWmhiSE5sTENKMElqcDBjblZsZlE9PSJ9LCJhIjp7IkN1cnNvciI6ImV5SnpJam81Tnk0M05qZzVNekEyT1RFek1ETTFOU3dpWkNJNlptRnNjMlVzSW5RaU9uUnlkV1Y5In19 HTTP/1.1" 200 None
2025-03-25 04:01:52,023 - INFO - No streamers found on page 35. Retrying in 2 seconds...
2025-03-25 04:01:54,024 - DEBUG - Fetching page 36...
2025-03-25 04:01:54,029 - DEBUG - Starting new HTTPS connection (1): api.twitch.tv:443
2025-03-25 04:01:57,080 - DEBUG - https://api.twitch.tv:443 "GET /helix/streams?first=100&after=eyJiIjp7IkN1cnNvciI6ImV5SnpJam81Tnk0M01qZzNOVGcyTXpBNU56Z3hNaXdpWkNJNlptRnNjMlVzSW5RaU9uUnlkV1Y5In0sImEiOnsiQ3Vyc29yIjoiZXlKeklqbzVNeTQzTlRZMk1qY3lPVEE1T0RFMk1Td2laQ0k2Wm1Gc2MyVXNJblFpT25SeWRXVjkifX0 HTTP/1.1" 200 None
2025-03-25 04:01:57,099 - INFO - No streamers found on page 36. Retrying in 2 seconds...
2025-03-25 04:01:59,101 - DEBUG - Fetching page 37...
2025-03-25 04:01:59,104 - DEBUG - Starting new HTTPS connection (1): api.twitch.tv:443
2025-03-25 04:02:01,623 - DEBUG - https://api.twitch.tv:443 "GET /helix/streams?first=100&after=eyJiIjp7IkN1cnNvciI6ImV5SnpJam81TXk0M05UTTJNakUzT0RJMU9EUTBPU3dpWkNJNlptRnNjMlVzSW5RaU9uUnlkV1Y5In0sImEiOnsiQ3Vyc29yIjoiZXlKeklqbzVNQzQ1T0RNeE56QXdOemMzTWprME15d2laQ0k2Wm1Gc2MyVXNJblFpT25SeWRXVjkifX0 HTTP/1.1" 200 None
2025-03-25 04:02:01,900 - INFO - No streamers found on page 37. Retrying in 2 seconds...
2025-03-25 04:02:03,901 - DEBUG - Fetching page 38...
2025-03-25 04:02:03,906 - DEBUG - Starting new HTTPS connection (1): api.twitch.tv:443
2025-03-25 04:02:05,980 - DEBUG - https://api.twitch.tv:443 "GET /helix/streams?first=100&after=eyJiIjp7IkN1cnNvciI6ImV5SnpJam81TUM0NU1UYzJNakExTVRnNU1qUXhNU3dpWkNJNlptRnNjMlVzSW5RaU9uUnlkV1Y5In0sImEiOnsiQ3Vyc29yIjoiZXlKeklqbzRPQzR4TkRReU1ERTROamMyTVRFM055d2laQ0k2Wm1Gc2MyVXNJblFpT25SeWRXVjkifX0 HTTP/1.1" 200 None
2025-03-25 04:02:05,987 - INFO - No streamers found on page 38. Retrying in 2 seconds...
2025-03-25 04:02:07,988 - DEBUG - Fetching page 39...
2025-03-25 04:02:07,993 - DEBUG - Starting new HTTPS connection (1): api.twitch.tv:443
2025-03-25 04:02:10,286 - DEBUG - https://api.twitch.tv:443 "GET /helix/streams?first=100&after=eyJiIjp7IkN1cnNvciI6ImV5SnpJam94TURrdU5EWTBORFl6TURrMk9URTROalVzSW1RaU9tWmhiSE5sTENKMElqcDBjblZsZlE9PSJ9LCJhIjp7IkN1cnNvciI6ImV5SnpJam80TlM0ek9EazROVGN4TWpVNE5UVXhNeXdpWkNJNlptRnNjMlVzSW5RaU9uUnlkV1Y5In19 HTTP/1.1" 200 None
2025-03-25 04:02:10,616 - INFO - No streamers found on page 39. Retrying in 2 seconds...
2025-03-25 04:02:12,617 - DEBUG - Fetching page 40...
2025-03-25 04:02:12,620 - DEBUG - Starting new HTTPS connection (1): api.twitch.tv:443
2025-03-25 04:02:14,844 - DEBUG - https://api.twitch.tv:443 "GET /helix/streams?first=100&after=eyJiIjp7IkN1cnNvciI6ImV5SnpJam80TlM0ek5UZ3hPVGN3TXpZd05EazROQ3dpWkNJNlptRnNjMlVzSW5RaU9uUnlkV1Y5In0sImEiOnsiQ3Vyc29yIjoiZXlKeklqbzRNaTQ1TWpNMk1qVTBNVGd3TXpBeU1Td2laQ0k2Wm1Gc2MyVXNJblFpT25SeWRXVjkifX0 HTTP/1.1" 200 None
2025-03-25 04:02:15,261 - INFO - No streamers found on page 40. Retrying in 2 seconds...
2025-03-25 04:02:17,261 - DEBUG - Fetching page 41...
2025-03-25 04:02:17,265 - DEBUG - Starting new HTTPS connection (1): api.twitch.tv:443
2025-03-25 04:02:19,972 - DEBUG - https://api.twitch.tv:443 "GET /helix/streams?first=100&after=eyJiIjp7IkN1cnNvciI6ImV5SnpJam80TWk0NU1UUTNNamc0T1RFMU5UQXlOeXdpWkNJNlptRnNjMlVzSW5RaU9uUnlkV1Y5In0sImEiOnsiQ3Vyc29yIjoiZXlKeklqbzRNQzR4T1RJek9UQTVNVGMyTnpVek1Td2laQ0k2Wm1Gc2MyVXNJblFpT25SeWRXVjkifX0 HTTP/1.1" 200 None
2025-03-25 04:02:19,977 - INFO - No streamers found on page 41. Retrying in 2 seconds...
2025-03-25 04:02:21,978 - DEBUG - Fetching page 42...
2025-03-25 04:02:21,983 - DEBUG - Starting new HTTPS connection (1): api.twitch.tv:443
2025-03-25 04:02:24,186 - DEBUG - https://api.twitch.tv:443 "GET /helix/streams?first=100&after=eyJiIjp7IkN1cnNvciI6ImV5SnpJam80TUM0eE9EazVOemt5TURJeE5UZ3lPQ3dpWkNJNlptRnNjMlVzSW5RaU9uUnlkV1Y5In0sImEiOnsiQ3Vyc29yIjoiZXlKeklqbzNPQzR5TURRM05qYzFPVE01T1RFM09Dd2laQ0k2Wm1Gc2MyVXNJblFpT25SeWRXVjkifX0 HTTP/1.1" 200 None
2025-03-25 04:02:24,197 - INFO - No streamers found on page 42. Retrying in 2 seconds...
2025-03-25 04:02:26,199 - DEBUG - Fetching page 43...
2025-03-25 04:02:26,204 - DEBUG - Starting new HTTPS connection (1): api.twitch.tv:443
2025-03-25 04:02:28,507 - DEBUG - https://api.twitch.tv:443 "GET /helix/streams?first=100&after=eyJiIjp7IkN1cnNvciI6ImV5SnpJam8zT0M0eU1ESTJNVFE0T0RNME56TTNOaXdpWkNJNlptRnNjMlVzSW5RaU9uUnlkV1Y5In0sImEiOnsiQ3Vyc29yIjoiZXlKeklqbzNOaTR3TURVME56UTJNVGsyTXpFMk5Dd2laQ0k2Wm1Gc2MyVXNJblFpT25SeWRXVjkifX0 HTTP/1.1" 200 None
2025-03-25 04:02:28,780 - INFO - No streamers found on page 43. Retrying in 2 seconds...
2025-03-25 04:02:30,781 - DEBUG - Fetching page 44...
2025-03-25 04:02:30,785 - DEBUG - Starting new HTTPS connection (1): api.twitch.tv:443
2025-03-25 04:02:33,925 - DEBUG - https://api.twitch.tv:443 "GET /helix/streams?first=100&after=eyJiIjp7IkN1cnNvciI6ImV5SnpJam8zTlM0NU9UazROVFUxTnpNM05UUTNNeXdpWkNJNlptRnNjMlVzSW5RaU9uUnlkV1Y5In0sImEiOnsiQ3Vyc29yIjoiZXlKeklqbzNOQzR4TmpBNU16YzFNakF6TVRBeE5Dd2laQ0k2Wm1Gc2MyVXNJblFpT25SeWRXVjkifX0 HTTP/1.1" 200 None
2025-03-25 04:02:34,131 - INFO - No streamers found on page 44. Retrying in 2 seconds...
2025-03-25 04:02:36,133 - DEBUG - Fetching page 45...
2025-03-25 04:02:36,134 - DEBUG - Starting new HTTPS connection (1): api.twitch.tv:443
2025-03-25 04:02:38,063 - DEBUG - https://api.twitch.tv:443 "GET /helix/streams?first=100&after=eyJiIjp7IkN1cnNvciI6ImV5SnpJam8zTkM0eE16WXpPRGswTURnd05UazFNU3dpWkNJNlptRnNjMlVzSW5RaU9uUnlkV1Y5In0sImEiOnsiQ3Vyc29yIjoiZXlKeklqbzNNUzQyTnpjNE5UQTVOVGM1TkRjNE55d2laQ0k2Wm1Gc2MyVXNJblFpT25SeWRXVjkifX0 HTTP/1.1" 200 None
2025-03-25 04:02:38,068 - INFO - No streamers found on page 45. Retrying in 2 seconds...
2025-03-25 04:02:40,070 - DEBUG - Fetching page 46...
2025-03-25 04:02:40,074 - DEBUG - Starting new HTTPS connection (1): api.twitch.tv:443
2025-03-25 04:02:42,132 - DEBUG - https://api.twitch.tv:443 "GET /helix/streams?first=100&after=eyJiIjp7IkN1cnNvciI6ImV5SnpJam8zTVM0Mk5EVTJNVFkwTmpZM09UVTBOeXdpWkNJNlptRnNjMlVzSW5RaU9uUnlkV1Y5In0sImEiOnsiQ3Vyc29yIjoiZXlKeklqbzJPUzR5TURjeE5qVTFNelE1TlRJeE1Td2laQ0k2Wm1Gc2MyVXNJblFpT25SeWRXVjkifX0 HTTP/1.1" 200 None
2025-03-25 04:02:42,136 - INFO - No streamers found on page 46. Retrying in 2 seconds...
2025-03-25 04:02:44,138 - DEBUG - Fetching page 47...
2025-03-25 04:02:44,143 - DEBUG - Starting new HTTPS connection (1): api.twitch.tv:443
2025-03-25 04:02:46,219 - DEBUG - https://api.twitch.tv:443 "GET /helix/streams?first=100&after=eyJiIjp7IkN1cnNvciI6ImV5SnpJam8yT1M0eE5UY3lNVGc1TmpFd09ERTNOU3dpWkNJNlptRnNjMlVzSW5RaU9uUnlkV1Y5In0sImEiOnsiQ3Vyc29yIjoiZXlKeklqbzJOaTQ0TVRRd09URXlPRGN6TkRBeE9Dd2laQ0k2Wm1Gc2MyVXNJblFpT25SeWRXVjkifX0 HTTP/1.1" 200 None
2025-03-25 04:02:46,487 - INFO - No streamers found on page 47. Retrying in 2 seconds...
2025-03-25 04:02:48,488 - DEBUG - Fetching page 48...
2025-03-25 04:02:48,491 - DEBUG - Starting new HTTPS connection (1): api.twitch.tv:443
2025-03-25 04:02:50,176 - DEBUG - https://api.twitch.tv:443 "GET /helix/streams?first=100&after=eyJiIjp7IkN1cnNvciI6ImV5SnpJam8yTmk0M05UZzBOekl4TURJeE56SXpNaXdpWkNJNlptRnNjMlVzSW5RaU9uUnlkV1Y5In0sImEiOnsiQ3Vyc29yIjoiZXlKeklqbzJOUzR3TmpBek9EY3dOamc1TnpBNExDSmtJanBtWVd4elpTd2lkQ0k2ZEhKMVpYMD0ifX0 HTTP/1.1" 200 None
2025-03-25 04:02:50,593 - INFO - No streamers found on page 48. Retrying in 2 seconds...
2025-03-25 04:02:52,595 - DEBUG - Fetching page 49...
2025-03-25 04:02:52,601 - DEBUG - Starting new HTTPS connection (1): api.twitch.tv:443
2025-03-25 04:02:54,339 - DEBUG - https://api.twitch.tv:443 "GET /helix/streams?first=100&after=eyJiIjp7IkN1cnNvciI6ImV5SnpJam8yTlM0d05EazRPVE01TWpZMk1EYzRPQ3dpWkNJNlptRnNjMlVzSW5RaU9uUnlkV1Y5In0sImEiOnsiQ3Vyc29yIjoiZXlKeklqbzJNeTR5TnpBMk5qUXhNRE0yT0Rnd01EWXNJbVFpT21aaGJITmxMQ0owSWpwMGNuVmxmUT09In19 HTTP/1.1" 200 None
2025-03-25 04:02:54,343 - INFO - No streamers found on page 49. Retrying in 2 seconds...
2025-03-25 04:02:56,346 - DEBUG - Fetching page 50...
2025-03-25 04:02:56,352 - DEBUG - Starting new HTTPS connection (1): api.twitch.tv:443
2025-03-25 04:02:57,825 - DEBUG - https://api.twitch.tv:443 "GET /helix/streams?first=100&after=eyJiIjp7IkN1cnNvciI6ImV5SnpJam8yTXk0eU1ERXlPVE00T1RVMU16TTJNU3dpWkNJNlptRnNjMlVzSW5RaU9uUnlkV1Y5In0sImEiOnsiQ3Vyc29yIjoiZXlKeklqbzJNUzQwTnpFM05ETTVNelV4T1RNME5Td2laQ0k2Wm1Gc2MyVXNJblFpT25SeWRXVjkifX0 HTTP/1.1" 200 None
2025-03-25 04:02:57,835 - INFO - No streamers found on page 50. Retrying in 2 seconds...
2025-03-25 04:02:59,836 - DEBUG - Fetching page 51...
2025-03-25 04:02:59,840 - DEBUG - Starting new HTTPS connection (1): api.twitch.tv:443
2025-03-25 04:03:01,463 - DEBUG - https://api.twitch.tv:443 "GET /helix/streams?first=100&after=eyJiIjp7IkN1cnNvciI6ImV5SnpJam8yTVM0ME5qVTNNRGcxT1RZeU56UTJOU3dpWkNJNlptRnNjMlVzSW5RaU9uUnlkV1Y5In0sImEiOnsiQ3Vyc29yIjoiZXlKeklqbzFPUzQyTmpFMU56SXlOemt4TlRrNU15d2laQ0k2Wm1Gc2MyVXNJblFpT25SeWRXVjkifX0 HTTP/1.1" 200 None
2025-03-25 04:03:01,732 - INFO - No streamers found on page 51. Retrying in 2 seconds...
2025-03-25 04:03:03,734 - DEBUG - Fetching page 52...
2025-03-25 04:03:03,736 - DEBUG - Starting new HTTPS connection (1): api.twitch.tv:443
2025-03-25 04:03:05,305 - DEBUG - https://api.twitch.tv:443 "GET /helix/streams?first=100&after=eyJiIjp7IkN1cnNvciI6ImV5SnpJam8xT1M0Mk5URXhOelUwTlRJek1UVXdOaXdpWkNJNlptRnNjMlVzSW5RaU9uUnlkV1Y5In0sImEiOnsiQ3Vyc29yIjoiZXlKeklqbzFOeTQ0TXpJM05EQTFOVEU0TVRZeE1pd2laQ0k2Wm1Gc2MyVXNJblFpT25SeWRXVjkifX0 HTTP/1.1" 200 None
2025-03-25 04:03:05,569 - INFO - No streamers found on page 52. Retrying in 2 seconds...
2025-03-25 04:03:07,570 - DEBUG - Fetching page 53...
2025-03-25 04:03:07,574 - DEBUG - Starting new HTTPS connection (1): api.twitch.tv:443
2025-03-25 04:03:09,206 - DEBUG - https://api.twitch.tv:443 "GET /helix/streams?first=100&after=eyJiIjp7IkN1cnNvciI6ImV5SnpJam8yTVM0M05USXlOekE1TlRJeU56VXdPQ3dpWkNJNlptRnNjMlVzSW5RaU9uUnlkV1Y5In0sImEiOnsiQ3Vyc29yIjoiZXlKeklqbzFOaTR6TkRZNU16RTJNRFE0TVRJeU5UVXNJbVFpT21aaGJITmxMQ0owSWpwMGNuVmxmUT09In19 HTTP/1.1" 200 None
2025-03-25 04:03:09,479 - INFO - No streamers found on page 53. Retrying in 2 seconds...
2025-03-25 04:03:11,480 - DEBUG - Fetching page 54...
2025-03-25 04:03:11,482 - DEBUG - Starting new HTTPS connection (1): api.twitch.tv:443
2025-03-25 04:03:13,210 - DEBUG - https://api.twitch.tv:443 "GET /helix/streams?first=100&after=eyJiIjp7IkN1cnNvciI6ImV5SnpJam8yTlM0Mk16RTFOREUxTnpFM01qWTVNU3dpWkNJNlptRnNjMlVzSW5RaU9uUnlkV1Y5In0sImEiOnsiQ3Vyc29yIjoiZXlKeklqbzFOQzQ1TWpZNU5ERTFNalExTXpnMU5Dd2laQ0k2Wm1Gc2MyVXNJblFpT25SeWRXVjkifX0 HTTP/1.1" 200 None
2025-03-25 04:03:13,473 - INFO - No streamers found on page 54. Retrying in 2 seconds...
2025-03-25 04:03:15,474 - DEBUG - Fetching page 55...
2025-03-25 04:03:15,479 - DEBUG - Starting new HTTPS connection (1): api.twitch.tv:443
2025-03-25 04:03:18,673 - DEBUG - https://api.twitch.tv:443 "GET /helix/streams?first=100&after=eyJiIjp7IkN1cnNvciI6ImV5SnpJam8xTkM0NU1qQTFNRGd4T0RjME56ZzFNalVzSW1RaU9tWmhiSE5sTENKMElqcDBjblZsZlE9PSJ9LCJhIjp7IkN1cnNvciI6ImV5SnpJam8xTXk0Mk16UTROemd4T1RFMk1Ea3lOU3dpWkNJNlptRnNjMlVzSW5RaU9uUnlkV1Y5In19 HTTP/1.1" 200 None
2025-03-25 04:03:18,936 - INFO - No streamers found on page 55. Retrying in 2 seconds...
2025-03-25 04:03:20,938 - DEBUG - Fetching page 56...
2025-03-25 04:03:20,942 - DEBUG - Starting new HTTPS connection (1): api.twitch.tv:443
2025-03-25 04:03:23,985 - DEBUG - https://api.twitch.tv:443 "GET /helix/streams?first=100&after=eyJiIjp7IkN1cnNvciI6ImV5SnpJam8xTXk0Mk1qRTNNRGN3T1RnM01ETXpMQ0prSWpwbVlXeHpaU3dpZENJNmRISjFaWDA9In0sImEiOnsiQ3Vyc29yIjoiZXlKeklqbzFNaTR6TURnMU9EYzFNelUyTlRJeE1UWXNJbVFpT21aaGJITmxMQ0owSWpwMGNuVmxmUT09In19 HTTP/1.1" 200 None
2025-03-25 04:03:23,999 - INFO - No streamers found on page 56. Retrying in 2 seconds...
2025-03-25 04:03:25,999 - DEBUG - Fetching page 57...
2025-03-25 04:03:26,003 - DEBUG - Starting new HTTPS connection (1): api.twitch.tv:443
2025-03-25 04:03:28,604 - DEBUG - https://api.twitch.tv:443 "GET /helix/streams?first=100&after=eyJiIjp7IkN1cnNvciI6ImV5SnpJam8xTWk0eU9UVXhNamN3T1RNeE5qSXhPRFlzSW1RaU9tWmhiSE5sTENKMElqcDBjblZsZlE9PSJ9LCJhIjp7IkN1cnNvciI6ImV5SnpJam8xTUM0NU56WXpPRGM0TURJNE1ERTNOeXdpWkNJNlptRnNjMlVzSW5RaU9uUnlkV1Y5In19 HTTP/1.1" 200 None
2025-03-25 04:03:28,616 - INFO - No streamers found on page 57. Retrying in 2 seconds...
2025-03-25 04:03:30,617 - DEBUG - Fetching page 58...
2025-03-25 04:03:30,622 - DEBUG - Starting new HTTPS connection (1): api.twitch.tv:443
2025-03-25 04:03:33,632 - DEBUG - https://api.twitch.tv:443 "GET /helix/streams?first=100&after=eyJiIjp7IkN1cnNvciI6ImV5SnpJam8xTUM0NU5qRXdNREUzT1RrMk5qVTJNalFzSW1RaU9tWmhiSE5sTENKMElqcDBjblZsZlE9PSJ9LCJhIjp7IkN1cnNvciI6ImV5SnpJam8wT1M0NE5EazFOemN5TnpNNU5qZzJNaXdpWkNJNlptRnNjMlVzSW5RaU9uUnlkV1Y5In19 HTTP/1.1" 200 None
2025-03-25 04:03:33,906 - INFO - No streamers found on page 58. Retrying in 2 seconds...
2025-03-25 04:03:35,910 - DEBUG - Fetching page 59...
2025-03-25 04:03:35,914 - DEBUG - Starting new HTTPS connection (1): api.twitch.tv:443
2025-03-25 04:03:38,248 - DEBUG - https://api.twitch.tv:443 "GET /helix/streams?first=100&after=eyJiIjp7IkN1cnNvciI6ImV5SnpJam8wT1M0NE5EWXdOemczTlRNME16VTFNelVzSW1RaU9tWmhiSE5sTENKMElqcDBjblZsZlE9PSJ9LCJhIjp7IkN1cnNvciI6ImV5SnpJam8wT0M0ME9EUTRNalEzTVRjME5UTTFNaXdpWkNJNlptRnNjMlVzSW5RaU9uUnlkV1Y5In19 HTTP/1.1" 200 None
2025-03-25 04:03:38,446 - INFO - No streamers found on page 59. Retrying in 2 seconds...
2025-03-25 04:03:40,447 - DEBUG - Fetching page 60...
2025-03-25 04:03:40,451 - DEBUG - Starting new HTTPS connection (1): api.twitch.tv:443
2025-03-25 04:03:43,280 - DEBUG - https://api.twitch.tv:443 "GET /helix/streams?first=100&after=eyJiIjp7IkN1cnNvciI6ImV5SnpJam8wT0M0ME9ETXdOVEEzTWpJeU56VTJOQ3dpWkNJNlptRnNjMlVzSW5RaU9uUnlkV1Y5In0sImEiOnsiQ3Vyc29yIjoiZXlKeklqbzBOeTQwTmpFMU9EazNOVEU1TXpVMU9EUXNJbVFpT21aaGJITmxMQ0owSWpwMGNuVmxmUT09In19 HTTP/1.1" 200 None
2025-03-25 04:03:43,487 - INFO - No streamers found on page 60. Retrying in 2 seconds...
2025-03-25 04:03:45,488 - DEBUG - Fetching page 61...
2025-03-25 04:03:45,495 - DEBUG - Starting new HTTPS connection (1): api.twitch.tv:443
2025-03-25 04:03:48,437 - DEBUG - https://api.twitch.tv:443 "GET /helix/streams?first=100&after=eyJiIjp7IkN1cnNvciI6ImV5SnpJam8wTnk0ME5EYzBOalk0TWpJMk56Z3hMQ0prSWpwbVlXeHpaU3dpZENJNmRISjFaWDA9In0sImEiOnsiQ3Vyc29yIjoiZXlKeklqbzBOaTR4TWpJNE1qTXdNakF3TmpreU16UXNJbVFpT21aaGJITmxMQ0owSWpwMGNuVmxmUT09In19 HTTP/1.1" 200 None
2025-03-25 04:03:48,705 - INFO - No streamers found on page 61. Retrying in 2 seconds...
2025-03-25 04:03:50,707 - DEBUG - Fetching page 62...
2025-03-25 04:03:50,712 - DEBUG - Starting new HTTPS connection (1): api.twitch.tv:443
2025-03-25 04:03:53,284 - DEBUG - https://api.twitch.tv:443 "GET /helix/streams?first=100&after=eyJiIjp7IkN1cnNvciI6ImV5SnpJam8wTmk0eE1URXpNVEkxTmpVNE9EVXpNaXdpWkNJNlptRnNjMlVzSW5RaU9uUnlkV1Y5In0sImEiOnsiQ3Vyc29yIjoiZXlKeklqbzBOUzR3T1RBNE1qazFORE16T0RjNE15d2laQ0k2Wm1Gc2MyVXNJblFpT25SeWRXVjkifX0 HTTP/1.1" 200 None
2025-03-25 04:03:53,554 - INFO - No streamers found on page 62. Retrying in 2 seconds...
2025-03-25 04:03:55,554 - DEBUG - Fetching page 63...
2025-03-25 04:03:55,559 - DEBUG - Starting new HTTPS connection (1): api.twitch.tv:443
2025-03-25 04:03:58,715 - DEBUG - https://api.twitch.tv:443 "GET /helix/streams?first=100&after=eyJiIjp7IkN1cnNvciI6ImV5SnpJam8wTlM0d056SXpNek0wTVRRNE1qSTRPU3dpWkNJNlptRnNjMlVzSW5RaU9uUnlkV1Y5In0sImEiOnsiQ3Vyc29yIjoiZXlKeklqbzBOQzR3TURNMU5UazBNek01TVRnNU1pd2laQ0k2Wm1Gc2MyVXNJblFpT25SeWRXVjkifX0 HTTP/1.1" 200 None
2025-03-25 04:03:59,006 - INFO - No streamers found on page 63. Retrying in 2 seconds...
2025-03-25 04:04:01,007 - DEBUG - Fetching page 64...
2025-03-25 04:04:01,012 - DEBUG - Starting new HTTPS connection (1): api.twitch.tv:443
2025-03-25 04:04:03,246 - DEBUG - https://api.twitch.tv:443 "GET /helix/streams?first=100&after=eyJiIjp7IkN1cnNvciI6ImV5SnpJam8wTkM0d01ERTJPVEF5T1RBNE5qZzJOeXdpWkNJNlptRnNjMlVzSW5RaU9uUnlkV1Y5In0sImEiOnsiQ3Vyc29yIjoiZXlKeklqbzBNaTQ1T0RjNE56STBNRGs1TWpjeU9Dd2laQ0k2Wm1Gc2MyVXNJblFpT25SeWRXVjkifX0 HTTP/1.1" 200 None
2025-03-25 04:04:03,523 - INFO - No streamers found on page 64. Retrying in 2 seconds...
2025-03-25 04:04:05,525 - DEBUG - Fetching page 65...
2025-03-25 04:04:05,529 - DEBUG - Starting new HTTPS connection (1): api.twitch.tv:443
2025-03-25 04:04:07,130 - DEBUG - https://api.twitch.tv:443 "GET /helix/streams?first=100&after=eyJiIjp7IkN1cnNvciI6ImV5SnpJam8wTWk0NU56QTNNVGd4TVRVM09UUXhOeXdpWkNJNlptRnNjMlVzSW5RaU9uUnlkV1Y5In0sImEiOnsiQ3Vyc29yIjoiZXlKeklqbzBNUzQ1TnpNM01EZzRPVFkzTWpFM05pd2laQ0k2Wm1Gc2MyVXNJblFpT25SeWRXVjkifX0 HTTP/1.1" 200 None
2025-03-25 04:04:07,141 - INFO - No streamers found on page 65. Retrying in 2 seconds...
2025-03-25 04:04:09,142 - DEBUG - Fetching page 66...
2025-03-25 04:04:09,143 - DEBUG - Starting new HTTPS connection (1): api.twitch.tv:443
2025-03-25 04:04:11,284 - DEBUG - https://api.twitch.tv:443 "GET /helix/streams?first=100&after=eyJiIjp7IkN1cnNvciI6ImV5SnpJam8wTkM0MU1ERXdNRFkyTlRRek5EYzFNeXdpWkNJNlptRnNjMlVzSW5RaU9uUnlkV1Y5In0sImEiOnsiQ3Vyc29yIjoiZXlKeklqbzBNUzR3T0RjeE1qTTJOelE0T0RrME55d2laQ0k2Wm1Gc2MyVXNJblFpT25SeWRXVjkifX0 HTTP/1.1" 200 None
2025-03-25 04:04:11,646 - INFO - No streamers found on page 66. Retrying in 2 seconds...
2025-03-25 04:04:13,647 - DEBUG - Fetching page 67...
2025-03-25 04:04:13,649 - DEBUG - Starting new HTTPS connection (1): api.twitch.tv:443
2025-03-25 04:04:16,059 - DEBUG - https://api.twitch.tv:443 "GET /helix/streams?first=100&after=eyJiIjp7IkN1cnNvciI6ImV5SnpJam8wTVM0d09EWXpNalV5TURNek1qRTBPRFlzSW1RaU9tWmhiSE5sTENKMElqcDBjblZsZlE9PSJ9LCJhIjp7IkN1cnNvciI6ImV5SnpJam8wTUM0ek1UZzNPREUzTmpreU56TXhOallzSW1RaU9tWmhiSE5sTENKMElqcDBjblZsZlE9PSJ9fQ HTTP/1.1" 200 None
2025-03-25 04:04:16,266 - INFO - No streamers found on page 67. Retrying in 2 seconds...
2025-03-25 04:04:18,267 - DEBUG - Fetching page 68...
2025-03-25 04:04:18,273 - DEBUG - Starting new HTTPS connection (1): api.twitch.tv:443
2025-03-25 04:04:20,780 - DEBUG - https://api.twitch.tv:443 "GET /helix/streams?first=100&after=eyJiIjp7IkN1cnNvciI6ImV5SnpJam8wTUM0eU5qZ3pNalkwT0RVeE1qWXpOaXdpWkNJNlptRnNjMlVzSW5RaU9uUnlkV1Y5In0sImEiOnsiQ3Vyc29yIjoiZXlKeklqb3pPUzQwTXpnMk5qY3lNak01TlRNNU1UUXNJbVFpT21aaGJITmxMQ0owSWpwMGNuVmxmUT09In19 HTTP/1.1" 200 None
2025-03-25 04:04:21,054 - INFO - No streamers found on page 68. Retrying in 2 seconds...
2025-03-25 04:04:23,055 - DEBUG - Fetching page 69...
2025-03-25 04:04:23,061 - DEBUG - Starting new HTTPS connection (1): api.twitch.tv:443
2025-03-25 04:04:25,929 - DEBUG - https://api.twitch.tv:443 "GET /helix/streams?first=100&after=eyJiIjp7IkN1cnNvciI6ImV5SnpJam96T1M0ME16YzJOalF3T0RVeE5qazNNU3dpWkNJNlptRnNjMlVzSW5RaU9uUnlkV1Y5In0sImEiOnsiQ3Vyc29yIjoiZXlKeklqb3pPQzQyTlRNM09URXpOamt6T0Rjd01UVXNJbVFpT21aaGJITmxMQ0owSWpwMGNuVmxmUT09In19 HTTP/1.1" 200 None
2025-03-25 04:04:25,939 - INFO - No streamers found on page 69. Retrying in 2 seconds...
2025-03-25 04:04:27,941 - DEBUG - Fetching page 70...
2025-03-25 04:04:27,945 - DEBUG - Starting new HTTPS connection (1): api.twitch.tv:443
2025-03-25 04:04:31,009 - DEBUG - https://api.twitch.tv:443 "GET /helix/streams?first=100&after=eyJiIjp7IkN1cnNvciI6ImV5SnpJam96T0M0Mk5EQTBORFF5TXpJek1EQXdNeXdpWkNJNlptRnNjMlVzSW5RaU9uUnlkV1Y5In0sImEiOnsiQ3Vyc29yIjoiZXlKeklqb3pOeTQzTWpreE1qY3pPVGN3TmpJeE5qVXNJbVFpT21aaGJITmxMQ0owSWpwMGNuVmxmUT09In19 HTTP/1.1" 200 None
2025-03-25 04:04:31,252 - INFO - No streamers found on page 70. Retrying in 2 seconds...
2025-03-25 04:04:33,254 - DEBUG - Fetching page 71...
2025-03-25 04:04:33,255 - DEBUG - Starting new HTTPS connection (1): api.twitch.tv:443
2025-03-25 04:04:35,005 - DEBUG - https://api.twitch.tv:443 "GET /helix/streams?first=100&after=eyJiIjp7IkN1cnNvciI6ImV5SnpJam96Tnk0M01qWXhNRGN5TVRreE56QXpOQ3dpWkNJNlptRnNjMlVzSW5RaU9uUnlkV1Y5In0sImEiOnsiQ3Vyc29yIjoiZXlKeklqb3pOeTR3T1RRNE16UXlNalV6TXpjek15d2laQ0k2Wm1Gc2MyVXNJblFpT25SeWRXVjkifX0 HTTP/1.1" 200 None
2025-03-25 04:04:35,271 - INFO - No streamers found on page 71. Retrying in 2 seconds...
2025-03-25 04:04:37,272 - DEBUG - Fetching page 72...
2025-03-25 04:04:37,275 - DEBUG - Starting new HTTPS connection (1): api.twitch.tv:443
2025-03-25 04:04:39,511 - DEBUG - https://api.twitch.tv:443 "GET /helix/streams?first=100&after=eyJiIjp7IkN1cnNvciI6ImV5SnpJam96Tnk0d09UUXhNak0xTWpZME9UZ3lOQ3dpWkNJNlptRnNjMlVzSW5RaU9uUnlkV1Y5In0sImEiOnsiQ3Vyc29yIjoiZXlKeklqb3pOaTQwTlRZek1qWXhPRGc1TWpFMk5Td2laQ0k2Wm1Gc2MyVXNJblFpT25SeWRXVjkifX0 HTTP/1.1" 200 None
2025-03-25 04:04:39,769 - INFO - No streamers found on page 72. Retrying in 2 seconds...
2025-03-25 04:04:41,770 - DEBUG - Fetching page 73...
2025-03-25 04:04:41,773 - DEBUG - Starting new HTTPS connection (1): api.twitch.tv:443
2025-03-25 04:04:43,983 - DEBUG - https://api.twitch.tv:443 "GET /helix/streams?first=100&after=eyJiIjp7IkN1cnNvciI6ImV5SnpJam96Tmk0ME5URXhORFl4T0RZME16UTBOalFzSW1RaU9tWmhiSE5sTENKMElqcDBjblZsZlE9PSJ9LCJhIjp7IkN1cnNvciI6ImV5SnpJam96TlM0NE1Ua3hOVGsyT0RVNE9EYzNPQ3dpWkNJNlptRnNjMlVzSW5RaU9uUnlkV1Y5In19 HTTP/1.1" 200 None
2025-03-25 04:04:44,253 - INFO - No streamers found on page 73. Retrying in 2 seconds...
2025-03-25 04:04:46,258 - DEBUG - Fetching page 74...
2025-03-25 04:04:46,262 - DEBUG - Starting new HTTPS connection (1): api.twitch.tv:443
2025-03-25 04:04:49,178 - DEBUG - https://api.twitch.tv:443 "GET /helix/streams?first=100&after=eyJiIjp7IkN1cnNvciI6ImV5SnpJam96TlM0M09UUTROalkxTkRBMk5UUXpMQ0prSWpwbVlXeHpaU3dpZENJNmRISjFaWDA9In0sImEiOnsiQ3Vyc29yIjoiZXlKeklqb3pOUzR4TXpVd01EVXhOVGN3TmprMk5Td2laQ0k2Wm1Gc2MyVXNJblFpT25SeWRXVjkifX0 HTTP/1.1" 200 None
2025-03-25 04:04:49,455 - INFO - No streamers found on page 74. Retrying in 2 seconds...
2025-03-25 04:04:51,456 - DEBUG - Fetching page 75...
2025-03-25 04:04:51,457 - DEBUG - Starting new HTTPS connection (1): api.twitch.tv:443
2025-03-25 04:04:53,293 - DEBUG - https://api.twitch.tv:443 "GET /helix/streams?first=100&after=eyJiIjp7IkN1cnNvciI6ImV5SnpJam96TlM0eE16TTJOak0yTmpVM05qY3lNVFlzSW1RaU9tWmhiSE5sTENKMElqcDBjblZsZlE9PSJ9LCJhIjp7IkN1cnNvciI6ImV5SnpJam96TkM0MU9EazFNamcwT0RFeU1UQTFPRFlzSW1RaU9tWmhiSE5sTENKMElqcDBjblZsZlE9PSJ9fQ HTTP/1.1" 200 None
2025-03-25 04:04:53,566 - INFO - No streamers found on page 75. Retrying in 2 seconds...
2025-03-25 04:04:55,567 - DEBUG - Fetching page 76...
2025-03-25 04:04:55,573 - DEBUG - Starting new HTTPS connection (1): api.twitch.tv:443
2025-03-25 04:04:57,494 - DEBUG - https://api.twitch.tv:443 "GET /helix/streams?first=100&after=eyJiIjp7IkN1cnNvciI6ImV5SnpJam96TkM0MU9EWTVPVEF3TlRFeE1EZ3hOelFzSW1RaU9tWmhiSE5sTENKMElqcDBjblZsZlE9PSJ9LCJhIjp7IkN1cnNvciI6ImV5SnpJam96TkM0d05EYzVOakUzTXpFeU9ESTJNeXdpWkNJNlptRnNjMlVzSW5RaU9uUnlkV1Y5In19 HTTP/1.1" 200 None
2025-03-25 04:04:57,772 - INFO - No streamers found on page 76. Retrying in 2 seconds...
2025-03-25 04:04:59,774 - DEBUG - Fetching page 77...
2025-03-25 04:04:59,778 - DEBUG - Starting new HTTPS connection (1): api.twitch.tv:443
2025-03-25 04:05:01,641 - DEBUG - https://api.twitch.tv:443 "GET /helix/streams?first=100&after=eyJiIjp7IkN1cnNvciI6ImV5SnpJam96TkM0d05EVXdOemt6TXpneE5ERTVOeXdpWkNJNlptRnNjMlVzSW5RaU9uUnlkV1Y5In0sImEiOnsiQ3Vyc29yIjoiZXlKeklqb3pNeTR6TnpNMU9EWXlOemN6T1RRMU55d2laQ0k2Wm1Gc2MyVXNJblFpT25SeWRXVjkifX0 HTTP/1.1" 200 None
2025-03-25 04:05:01,653 - INFO - No streamers found on page 77. Retrying in 2 seconds...
2025-03-25 04:05:03,654 - DEBUG - Fetching page 78...
2025-03-25 04:05:03,661 - DEBUG - Starting new HTTPS connection (1): api.twitch.tv:443
2025-03-25 04:05:06,413 - DEBUG - https://api.twitch.tv:443 "GET /helix/streams?first=100&after=eyJiIjp7IkN1cnNvciI6ImV5SnpJam96TXk0ek5qWTFOREl4TmprME5ETTVNalVzSW1RaU9tWmhiSE5sTENKMElqcDBjblZsZlE9PSJ9LCJhIjp7IkN1cnNvciI6ImV5SnpJam96TWk0M016QTJOamMzTmpRMU5UUXdOeXdpWkNJNlptRnNjMlVzSW5RaU9uUnlkV1Y5In19 HTTP/1.1" 200 None
2025-03-25 04:05:06,424 - INFO - No streamers found on page 78. Retrying in 2 seconds...
2025-03-25 04:05:08,426 - DEBUG - Fetching page 79...
2025-03-25 04:05:08,429 - DEBUG - Starting new HTTPS connection (1): api.twitch.tv:443
2025-03-25 04:05:10,324 - DEBUG - https://api.twitch.tv:443 "GET /helix/streams?first=100&after=eyJiIjp7IkN1cnNvciI6ImV5SnpJam8wTWk0ME16WTJNalE0T0RJMk1URTFPU3dpWkNJNlptRnNjMlVzSW5RaU9uUnlkV1Y5In0sImEiOnsiQ3Vyc29yIjoiZXlKeklqb3pNaTR5TURZM056YzFNekF4TXpRNU5Td2laQ0k2Wm1Gc2MyVXNJblFpT25SeWRXVjkifX0 HTTP/1.1" 200 None
2025-03-25 04:05:10,334 - INFO - No streamers found on page 79. Retrying in 2 seconds...
2025-03-25 04:05:12,336 - DEBUG - Fetching page 80...
2025-03-25 04:05:12,339 - DEBUG - Starting new HTTPS connection (1): api.twitch.tv:443
2025-03-25 04:05:14,668 - DEBUG - https://api.twitch.tv:443 "GET /helix/streams?first=100&after=eyJiIjp7IkN1cnNvciI6ImV5SnpJam96TWk0eU1ETXdOekEwTVRJNU1ESTROelVzSW1RaU9tWmhiSE5sTENKMElqcDBjblZsZlE9PSJ9LCJhIjp7IkN1cnNvciI6ImV5SnpJam96TVM0M01URTROemczT0RreE1Ua3dORFFzSW1RaU9tWmhiSE5sTENKMElqcDBjblZsZlE9PSJ9fQ HTTP/1.1" 200 None
2025-03-25 04:05:14,958 - INFO - No streamers found on page 80. Retrying in 2 seconds...
2025-03-25 04:05:16,960 - DEBUG - Fetching page 81...
2025-03-25 04:05:16,965 - DEBUG - Starting new HTTPS connection (1): api.twitch.tv:443
2025-03-25 04:05:18,859 - DEBUG - https://api.twitch.tv:443 "GET /helix/streams?first=100&after=eyJiIjp7IkN1cnNvciI6ImV5SnpJam96TVM0Mk9UUTRPRGcyT0RVeU9UTXlNellzSW1RaU9tWmhiSE5sTENKMElqcDBjblZsZlE9PSJ9LCJhIjp7IkN1cnNvciI6ImV5SnpJam96TVM0d09URTVPRFV6TmpZMk1qUTBNamdzSW1RaU9tWmhiSE5sTENKMElqcDBjblZsZlE9PSJ9fQ HTTP/1.1" 200 None
2025-03-25 04:05:19,117 - INFO - No streamers found on page 81. Retrying in 2 seconds...
2025-03-25 04:05:21,118 - DEBUG - Fetching page 82...
2025-03-25 04:05:21,121 - DEBUG - Starting new HTTPS connection (1): api.twitch.tv:443
2025-03-25 04:05:23,599 - DEBUG - https://api.twitch.tv:443 "GET /helix/streams?first=100&after=eyJiIjp7IkN1cnNvciI6ImV5SnpJam96TVM0d09Ea3pPREkyTVRjM05UVXhPRFFzSW1RaU9tWmhiSE5sTENKMElqcDBjblZsZlE9PSJ9LCJhIjp7IkN1cnNvciI6ImV5SnpJam96TUM0Mk5UQTVORFk1TnpjMU16QXdNVElzSW1RaU9tWmhiSE5sTENKMElqcDBjblZsZlE9PSJ9fQ HTTP/1.1" 200 None
2025-03-25 04:05:23,873 - INFO - No streamers found on page 82. Retrying in 2 seconds...
2025-03-25 04:05:25,874 - DEBUG - Fetching page 83...
2025-03-25 04:05:25,879 - DEBUG - Starting new HTTPS connection (1): api.twitch.tv:443
2025-03-25 04:05:27,669 - DEBUG - https://api.twitch.tv:443 "GET /helix/streams?first=100&after=eyJiIjp7IkN1cnNvciI6ImV5SnpJam96TUM0Mk5EVXlOVGd4T0RrMU5qSXdOeXdpWkNJNlptRnNjMlVzSW5RaU9uUnlkV1Y5In0sImEiOnsiQ3Vyc29yIjoiZXlKeklqb3pNQzR4T0RjeE1qSTBORGN5T0RrNU1EVXNJbVFpT21aaGJITmxMQ0owSWpwMGNuVmxmUT09In19 HTTP/1.1" 200 None
2025-03-25 04:05:27,678 - INFO - No streamers found on page 83. Retrying in 2 seconds...
2025-03-25 04:05:29,679 - DEBUG - Fetching page 84...
2025-03-25 04:05:29,685 - DEBUG - Starting new HTTPS connection (1): api.twitch.tv:443
2025-03-25 04:05:31,625 - DEBUG - https://api.twitch.tv:443 "GET /helix/streams?first=100&after=eyJiIjp7IkN1cnNvciI6ImV5SnpJam96TUM0eE9EWXpOVFV6T1RBNE5qSXhPQ3dpWkNJNlptRnNjMlVzSW5RaU9uUnlkV1Y5In0sImEiOnsiQ3Vyc29yIjoiZXlKeklqb3lPUzQzTURJME9EUTBOVGt4TkRReU9UUXNJbVFpT21aaGJITmxMQ0owSWpwMGNuVmxmUT09In19 HTTP/1.1" 200 None
2025-03-25 04:05:31,643 - INFO - No streamers found on page 84. Retrying in 2 seconds...
2025-03-25 04:05:33,644 - DEBUG - Fetching page 85...
2025-03-25 04:05:33,648 - DEBUG - Starting new HTTPS connection (1): api.twitch.tv:443
2025-03-25 04:05:35,318 - DEBUG - https://api.twitch.tv:443 "GET /helix/streams?first=100&after=eyJiIjp7IkN1cnNvciI6ImV5SnpJam95T1M0M01EQTJOamt4T0RnMk9ERXlNVFFzSW1RaU9tWmhiSE5sTENKMElqcDBjblZsZlE9PSJ9LCJhIjp7IkN1cnNvciI6ImV5SnpJam95T1M0eU1EUTRPVEUwTXpNMU9EUXpOaXdpWkNJNlptRnNjMlVzSW5RaU9uUnlkV1Y5In19 HTTP/1.1" 200 None
2025-03-25 04:05:35,572 - INFO - No streamers found on page 85. Retrying in 2 seconds...
2025-03-25 04:05:37,574 - DEBUG - Fetching page 86...
2025-03-25 04:05:37,583 - DEBUG - Starting new HTTPS connection (1): api.twitch.tv:443
2025-03-25 04:05:39,395 - DEBUG - https://api.twitch.tv:443 "GET /helix/streams?first=100&after=eyJiIjp7IkN1cnNvciI6ImV5SnpJam95T1M0eU1EQTNORGMzTXprek16YzFOVGdzSW1RaU9tWmhiSE5sTENKMElqcDBjblZsZlE9PSJ9LCJhIjp7IkN1cnNvciI6ImV5SnpJam95T0M0M05Ea3hNelk0T0RVMk16STJOemNzSW1RaU9tWmhiSE5sTENKMElqcDBjblZsZlE9PSJ9fQ HTTP/1.1" 200 None
2025-03-25 04:05:39,681 - INFO - No streamers found on page 86. Retrying in 2 seconds...
2025-03-25 04:05:41,684 - DEBUG - Fetching page 87...
2025-03-25 04:05:41,685 - DEBUG - Starting new HTTPS connection (1): api.twitch.tv:443
2025-03-25 04:05:43,342 - DEBUG - https://api.twitch.tv:443 "GET /helix/streams?first=100&after=eyJiIjp7IkN1cnNvciI6ImV5SnpJam95T0M0M05EZzNNVEE0TkRVM056RTBNVE1zSW1RaU9tWmhiSE5sTENKMElqcDBjblZsZlE9PSJ9LCJhIjp7IkN1cnNvciI6ImV5SnpJam95T0M0eU5qTTFNRFUyT1RNME1UWTFPQ3dpWkNJNlptRnNjMlVzSW5RaU9uUnlkV1Y5In19 HTTP/1.1" 200 None
2025-03-25 04:05:43,363 - INFO - No streamers found on page 87. Retrying in 2 seconds...
2025-03-25 04:05:45,364 - DEBUG - Fetching page 88...
2025-03-25 04:05:45,370 - DEBUG - Starting new HTTPS connection (1): api.twitch.tv:443
2025-03-25 04:05:47,738 - DEBUG - https://api.twitch.tv:443 "GET /helix/streams?first=100&after=eyJiIjp7IkN1cnNvciI6ImV5SnpJam95T0M0eU5qTTBORE15TVRVMU56ZzJOalVzSW1RaU9tWmhiSE5sTENKMElqcDBjblZsZlE9PSJ9LCJhIjp7IkN1cnNvciI6ImV5SnpJam95Tnk0NE9EVTVNRFU0TWpNM01EWTNORE1zSW1RaU9tWmhiSE5sTENKMElqcDBjblZsZlE9PSJ9fQ HTTP/1.1" 200 None
2025-03-25 04:05:48,004 - INFO - No streamers found on page 88. Retrying in 2 seconds...
2025-03-25 04:05:50,009 - DEBUG - Fetching page 89...
2025-03-25 04:05:50,013 - DEBUG - Starting new HTTPS connection (1): api.twitch.tv:443
2025-03-25 04:05:51,639 - DEBUG - https://api.twitch.tv:443 "GET /helix/streams?first=100&after=eyJiIjp7IkN1cnNvciI6ImV5SnpJam95Tnk0NE9ETTVOREF5TWpReU56VTVNU3dpWkNJNlptRnNjMlVzSW5RaU9uUnlkV1Y5In0sImEiOnsiQ3Vyc29yIjoiZXlKeklqb3lOeTQxTWpJM09UTTNPRGt4TVRNeU5Dd2laQ0k2Wm1Gc2MyVXNJblFpT25SeWRXVjkifX0 HTTP/1.1" 200 None
2025-03-25 04:05:51,664 - INFO - No streamers found on page 89. Retrying in 2 seconds...
2025-03-25 04:05:53,665 - DEBUG - Fetching page 90...
2025-03-25 04:05:53,668 - DEBUG - Starting new HTTPS connection (1): api.twitch.tv:443
2025-03-25 04:05:55,291 - DEBUG - https://api.twitch.tv:443 "GET /helix/streams?first=100&after=eyJiIjp7IkN1cnNvciI6ImV5SnpJam95Tnk0MU1URTRPVFEwTmpJeU9ETTJOemdzSW1RaU9tWmhiSE5sTENKMElqcDBjblZsZlE9PSJ9LCJhIjp7IkN1cnNvciI6ImV5SnpJam95Tnk0eU1EYzBORGs1TnprNU5UZzFPQ3dpWkNJNlptRnNjMlVzSW5RaU9uUnlkV1Y5In19 HTTP/1.1" 200 None
2025-03-25 04:05:55,561 - INFO - No streamers found on page 90. Retrying in 2 seconds...
2025-03-25 04:05:57,562 - DEBUG - Fetching page 91...
2025-03-25 04:05:57,568 - DEBUG - Starting new HTTPS connection (1): api.twitch.tv:443
2025-03-25 04:05:59,143 - DEBUG - https://api.twitch.tv:443 "GET /helix/streams?first=100&after=eyJiIjp7IkN1cnNvciI6ImV5SnpJam95Tnk0eU1EY3pPRGt5TmprM056QTVNU3dpWkNJNlptRnNjMlVzSW5RaU9uUnlkV1Y5In0sImEiOnsiQ3Vyc29yIjoiZXlKeklqb3lOaTQzTnpNME5qWTROelF4TlRjd055d2laQ0k2Wm1Gc2MyVXNJblFpT25SeWRXVjkifX0 HTTP/1.1" 200 None
2025-03-25 04:05:59,158 - INFO - No streamers found on page 91. Retrying in 2 seconds...
2025-03-25 04:06:01,160 - DEBUG - Fetching page 92...
2025-03-25 04:06:01,162 - DEBUG - Starting new HTTPS connection (1): api.twitch.tv:443
2025-03-25 04:06:02,868 - DEBUG - https://api.twitch.tv:443 "GET /helix/streams?first=100&after=eyJiIjp7IkN1cnNvciI6ImV5SnpJam95Tmk0M05qZzRNVGswTkRRMU1qWXhOellzSW1RaU9tWmhiSE5sTENKMElqcDBjblZsZlE9PSJ9LCJhIjp7IkN1cnNvciI6ImV5SnpJam95Tmk0ME56RXpOalV5T1Rnek1UY3lOU3dpWkNJNlptRnNjMlVzSW5RaU9uUnlkV1Y5In19 HTTP/1.1" 200 None
2025-03-25 04:06:03,132 - INFO - No streamers found on page 92. Retrying in 2 seconds...
2025-03-25 04:06:05,134 - DEBUG - Fetching page 93...
2025-03-25 04:06:05,137 - DEBUG - Starting new HTTPS connection (1): api.twitch.tv:443
2025-03-25 04:06:07,009 - DEBUG - https://api.twitch.tv:443 "GET /helix/streams?first=100&after=eyJiIjp7IkN1cnNvciI6ImV5SnpJam95Tmk0ME5qUXdOek0zTmpNeE1EUXhOelFzSW1RaU9tWmhiSE5sTENKMElqcDBjblZsZlE9PSJ9LCJhIjp7IkN1cnNvciI6ImV5SnpJam95Tmk0d09ESXpNRGszTmpNNU5qQTNNeXdpWkNJNlptRnNjMlVzSW5RaU9uUnlkV1Y5In19 HTTP/1.1" 200 None
2025-03-25 04:06:07,016 - INFO - No streamers found on page 93. Retrying in 2 seconds...
2025-03-25 04:06:09,017 - DEBUG - Fetching page 94...
2025-03-25 04:06:09,021 - DEBUG - Starting new HTTPS connection (1): api.twitch.tv:443
2025-03-25 04:06:10,644 - DEBUG - https://api.twitch.tv:443 "GET /helix/streams?first=100&after=eyJiIjp7IkN1cnNvciI6ImV5SnpJam95Tnk0d01EWTFPREE0TkRrNE56Z3hOaXdpWkNJNlptRnNjMlVzSW5RaU9uUnlkV1Y5In0sImEiOnsiQ3Vyc29yIjoiZXlKeklqb3lOUzQzTkRJM09EUTNOREEyTXpreU1pd2laQ0k2Wm1Gc2MyVXNJblFpT25SeWRXVjkifX0 HTTP/1.1" 200 None
2025-03-25 04:06:10,656 - INFO - No streamers found on page 94. Retrying in 2 seconds...
2025-03-25 04:06:12,659 - DEBUG - Fetching page 95...
2025-03-25 04:06:12,664 - DEBUG - Starting new HTTPS connection (1): api.twitch.tv:443
2025-03-25 04:06:15,210 - DEBUG - https://api.twitch.tv:443 "GET /helix/streams?first=100&after=eyJiIjp7IkN1cnNvciI6ImV5SnpJam95TlM0M016WTRNRFk1TVRnNE1EVTJOU3dpWkNJNlptRnNjMlVzSW5RaU9uUnlkV1Y5In0sImEiOnsiQ3Vyc29yIjoiZXlKeklqb3lOUzQwTWpFd016ZzNPRGt6TmprNU9Td2laQ0k2Wm1Gc2MyVXNJblFpT25SeWRXVjkifX0 HTTP/1.1" 200 None
2025-03-25 04:06:15,216 - INFO - No streamers found on page 95. Retrying in 2 seconds...
2025-03-25 04:06:17,217 - DEBUG - Fetching page 96...
2025-03-25 04:06:17,221 - DEBUG - Starting new HTTPS connection (1): api.twitch.tv:443
2025-03-25 04:06:19,790 - DEBUG - https://api.twitch.tv:443 "GET /helix/streams?first=100&after=eyJiIjp7IkN1cnNvciI6ImV5SnpJam95TlM0ME1qQTRPRGN6TkRjeE56VTVORFVzSW1RaU9tWmhiSE5sTENKMElqcDBjblZsZlE9PSJ9LCJhIjp7IkN1cnNvciI6ImV5SnpJam95TlM0d05qTTJOREE1TmpBeE1EUXpNeXdpWkNJNlptRnNjMlVzSW5RaU9uUnlkV1Y5In19 HTTP/1.1" 200 None
2025-03-25 04:06:20,067 - INFO - No streamers found on page 96. Retrying in 2 seconds...
2025-03-25 04:06:22,068 - DEBUG - Fetching page 97...
2025-03-25 04:06:22,075 - DEBUG - Starting new HTTPS connection (1): api.twitch.tv:443
2025-03-25 04:06:26,348 - DEBUG - https://api.twitch.tv:443 "GET /helix/streams?first=100&after=eyJiIjp7IkN1cnNvciI6ImV5SnpJam95TlM0d05qRXlPVFV6TlRBd09UWTBPU3dpWkNJNlptRnNjMlVzSW5RaU9uUnlkV1Y5In0sImEiOnsiQ3Vyc29yIjoiZXlKeklqb3lOQzQzTnpnek56ZzNNekl5T0RFd01Td2laQ0k2Wm1Gc2MyVXNJblFpT25SeWRXVjkifX0 HTTP/1.1" 200 None
2025-03-25 04:06:26,445 - INFO - No streamers found on page 97. Retrying in 2 seconds...
2025-03-25 04:06:28,447 - DEBUG - Fetching page 98...
2025-03-25 04:06:28,451 - DEBUG - Starting new HTTPS connection (1): api.twitch.tv:443
2025-03-25 04:06:31,071 - DEBUG - https://api.twitch.tv:443 "GET /helix/streams?first=100&after=eyJiIjp7IkN1cnNvciI6ImV5SnpJam95TkM0M056WTRNVGsyTnprNE16UXhOQ3dpWkNJNlptRnNjMlVzSW5RaU9uUnlkV1Y5In0sImEiOnsiQ3Vyc29yIjoiZXlKeklqb3lOQzQwTmpVek1qUXdPVEl6TmpJd016VXNJbVFpT21aaGJITmxMQ0owSWpwMGNuVmxmUT09In19 HTTP/1.1" 200 None
2025-03-25 04:06:31,282 - INFO - No streamers found on page 98. Retrying in 2 seconds...
2025-03-25 04:06:33,282 - DEBUG - Fetching page 99...
2025-03-25 04:06:33,286 - DEBUG - Starting new HTTPS connection (1): api.twitch.tv:443
2025-03-25 04:06:35,294 - DEBUG - https://api.twitch.tv:443 "GET /helix/streams?first=100&after=eyJiIjp7IkN1cnNvciI6ImV5SnpJam95TkM0ME5qVXlNVFkxT0RnNE1ESTVNVGNzSW1RaU9tWmhiSE5sTENKMElqcDBjblZsZlE9PSJ9LCJhIjp7IkN1cnNvciI6ImV5SnpJam95TkM0eE1Ua3pNRE00TmpBd09UTTRPRFlzSW1RaU9tWmhiSE5sTENKMElqcDBjblZsZlE9PSJ9fQ HTTP/1.1" 200 None
2025-03-25 04:06:35,563 - INFO - No streamers found on page 99. Retrying in 2 seconds...
2025-03-25 04:06:37,566 - DEBUG - Fetching page 100...
2025-03-25 04:06:37,571 - DEBUG - Starting new HTTPS connection (1): api.twitch.tv:443
2025-03-25 04:06:41,779 - DEBUG - https://api.twitch.tv:443 "GET /helix/streams?first=100&after=eyJiIjp7IkN1cnNvciI6ImV5SnpJam95TkM0eE1Ua3dNRGMyTnpNek56VXdOellzSW1RaU9tWmhiSE5sTENKMElqcDBjblZsZlE9PSJ9LCJhIjp7IkN1cnNvciI6ImV5SnpJam95TXk0NE1qSTNOekk0T1RVd01EYzJPU3dpWkNJNlptRnNjMlVzSW5RaU9uUnlkV1Y5In19 HTTP/1.1" 200 None
2025-03-25 04:06:41,813 - INFO - No streamers found on page 100. Retrying in 2 seconds...
2025-03-25 04:06:43,814 - ERROR - Reached max pages but found no streamers.
2025-03-25 04:06:43,819 - INFO - No streamers found matching criteria.
