2025-03-27 00:07:53,806 - INFO - Logging system initialized.
2025-03-27 00:07:53,812 - INFO - Fetching page 1...
2025-03-27 00:07:53,826 - DEBUG - Starting new HTTPS connection (1): api.twitch.tv:443
2025-03-27 00:07:55,912 - DEBUG - https://api.twitch.tv:443 "GET /helix/streams?first=100 HTTP/1.1" 200 None
2025-03-27 00:07:55,914 - INFO - Logged: VALORANT_EMEA - 11735 viewers - VALORANT
2025-03-27 00:07:55,922 - INFO - No streamers found on page 1. Retrying in 2 seconds...
2025-03-27 00:07:57,923 - INFO - Fetching page 2...
2025-03-27 00:07:57,926 - DEBUG - Starting new HTTPS connection (1): api.twitch.tv:443
2025-03-27 00:07:59,964 - DEBUG - https://api.twitch.tv:443 "GET /helix/streams?first=100&after=eyJiIjp7IkN1cnNvciI6ImV5SnpJam8wTlRrMk55NDFOak01TlRrMk1UTTRNRFlzSW1RaU9tWmhiSE5sTENKMElqcDBjblZsZlE9PSJ9LCJhIjp7IkN1cnNvciI6ImV5SnpJam96T1RFMkxqTTBOams0TURrM05UTTROaXdpWkNJNlptRnNjMlVzSW5RaU9uUnlkV1Y5In19 HTTP/1.1" 200 None
2025-03-27 00:08:00,215 - INFO - No streamers found on page 2. Retrying in 2 seconds...
2025-03-27 00:08:02,218 - INFO - Fetching page 3...
2025-03-27 00:08:02,226 - DEBUG - Starting new HTTPS connection (1): api.twitch.tv:443
2025-03-27 00:08:04,408 - DEBUG - https://api.twitch.tv:443 "GET /helix/streams?first=100&after=eyJiIjp7IkN1cnNvciI6ImV5SnpJam96T1RFMExqYzFNREE0TVRreE5EZzRORFVzSW1RaU9tWmhiSE5sTENKMElqcDBjblZsZlE9PSJ9LCJhIjp7IkN1cnNvciI6ImV5SnpJam95TVRjeUxqQXlOelF3T0RBeU9EQTVNRFlzSW1RaU9tWmhiSE5sTENKMElqcDBjblZsZlE9PSJ9fQ HTTP/1.1" 200 None
2025-03-27 00:08:04,415 - INFO - No streamers found on page 3. Retrying in 2 seconds...
2025-03-27 00:08:06,420 - INFO - Fetching page 4...
2025-03-27 00:08:06,422 - DEBUG - Starting new HTTPS connection (1): api.twitch.tv:443
2025-03-27 00:08:09,027 - DEBUG - https://api.twitch.tv:443 "GET /helix/streams?first=100&after=eyJiIjp7IkN1cnNvciI6ImV5SnpJam95TVRZNExqWTBNVEExTXpZd056RXpPQ3dpWkNJNlptRnNjMlVzSW5RaU9uUnlkV1Y5In0sImEiOnsiQ3Vyc29yIjoiZXlKeklqb3hOVEkzTGpJMU1EazBNRFl4T0RJeU5qY3NJbVFpT21aaGJITmxMQ0owSWpwMGNuVmxmUT09In19 HTTP/1.1" 200 None
2025-03-27 00:08:09,042 - INFO - No streamers found on page 4. Retrying in 2 seconds...
2025-03-27 00:08:11,044 - INFO - Fetching page 5...
2025-03-27 00:08:11,050 - DEBUG - Starting new HTTPS connection (1): api.twitch.tv:443
2025-03-27 00:08:12,995 - DEBUG - https://api.twitch.tv:443 "GET /helix/streams?first=100&after=eyJiIjp7IkN1cnNvciI6ImV5SnpJam94TlRJMUxqSTVNVFU0TWpRMU56VTFOalFzSW1RaU9tWmhiSE5sTENKMElqcDBjblZsZlE9PSJ9LCJhIjp7IkN1cnNvciI6ImV5SnpJam94TVRZNUxqa3pNalUzT1RFd09EYzVOQ3dpWkNJNlptRnNjMlVzSW5RaU9uUnlkV1Y5In19 HTTP/1.1" 200 None
2025-03-27 00:08:13,237 - INFO - No streamers found on page 5. Retrying in 2 seconds...
2025-03-27 00:08:15,240 - INFO - Fetching page 6...
2025-03-27 00:08:15,246 - DEBUG - Starting new HTTPS connection (1): api.twitch.tv:443
2025-03-27 00:08:17,186 - DEBUG - https://api.twitch.tv:443 "GET /helix/streams?first=100&after=eyJiIjp7IkN1cnNvciI6ImV5SnpJam94TVRZNExqZzNORFUwTWpVek16TTVNU3dpWkNJNlptRnNjMlVzSW5RaU9uUnlkV1Y5In0sImEiOnsiQ3Vyc29yIjoiZXlKeklqbzVPVEV1TURRek9UWXhNekV5T1RJM09Td2laQ0k2Wm1Gc2MyVXNJblFpT25SeWRXVjkifX0 HTTP/1.1" 200 None
2025-03-27 00:08:17,337 - INFO - No streamers found on page 6. Retrying in 2 seconds...
2025-03-27 00:08:19,342 - INFO - Fetching page 7...
2025-03-27 00:08:19,346 - DEBUG - Starting new HTTPS connection (1): api.twitch.tv:443
2025-03-27 00:08:21,121 - DEBUG - https://api.twitch.tv:443 "GET /helix/streams?first=100&after=eyJiIjp7IkN1cnNvciI6ImV5SnpJam81T1RBdU56YzJOVGs0T0RFME16VTNNaXdpWkNJNlptRnNjMlVzSW5RaU9uUnlkV1Y5In0sImEiOnsiQ3Vyc29yIjoiZXlKeklqbzRNVGN1TWpRMU5qYzBNamcwTURZeU5Dd2laQ0k2Wm1Gc2MyVXNJblFpT25SeWRXVjkifX0 HTTP/1.1" 200 None
2025-03-27 00:08:21,137 - INFO - No streamers found on page 7. Retrying in 2 seconds...
2025-03-27 00:08:23,124 - INFO - Fetching page 8...
2025-03-27 00:08:23,135 - DEBUG - Starting new HTTPS connection (1): api.twitch.tv:443
2025-03-27 00:08:25,106 - DEBUG - https://api.twitch.tv:443 "GET /helix/streams?first=100&after=eyJiIjp7IkN1cnNvciI6ImV5SnpJam80TVRFdU9UZ3hNemd3TVRreE1UWXhOaXdpWkNJNlptRnNjMlVzSW5RaU9uUnlkV1Y5In0sImEiOnsiQ3Vyc29yIjoiZXlKeklqbzJPRGt1TlRBMU5UWTNOVEEyT0RNMUxDSmtJanBtWVd4elpTd2lkQ0k2ZEhKMVpYMD0ifX0 HTTP/1.1" 200 None
2025-03-27 00:08:25,414 - INFO - No streamers found on page 8. Retrying in 2 seconds...
2025-03-27 00:08:27,415 - INFO - Fetching page 9...
2025-03-27 00:08:27,417 - DEBUG - Starting new HTTPS connection (1): api.twitch.tv:443
2025-03-27 00:08:29,036 - DEBUG - https://api.twitch.tv:443 "GET /helix/streams?first=100&after=eyJiIjp7IkN1cnNvciI6ImV5SnpJam8yT0RrdU5UQXhPVEk1TlRnNE56TXlPQ3dpWkNJNlptRnNjMlVzSW5RaU9uUnlkV1Y5In0sImEiOnsiQ3Vyc29yIjoiZXlKeklqbzFPVGt1TURFM01UQXdNakl6TVRjME1pd2laQ0k2Wm1Gc2MyVXNJblFpT25SeWRXVjkifX0 HTTP/1.1" 200 None
2025-03-27 00:08:29,326 - INFO - No streamers found on page 9. Retrying in 2 seconds...
2025-03-27 00:08:31,330 - INFO - Fetching page 10...
2025-03-27 00:08:31,333 - DEBUG - Starting new HTTPS connection (1): api.twitch.tv:443
2025-03-27 00:08:32,790 - DEBUG - https://api.twitch.tv:443 "GET /helix/streams?first=100&after=eyJiIjp7IkN1cnNvciI6ImV5SnpJam8xT1RjdU1EQXpPRGMyTlRRMU9UTXpMQ0prSWpwbVlXeHpaU3dpZENJNmRISjFaWDA9In0sImEiOnsiQ3Vyc29yIjoiZXlKeklqbzFNalV1TWpZeE5Ea3hNREl3TVRBeE1pd2laQ0k2Wm1Gc2MyVXNJblFpT25SeWRXVjkifX0 HTTP/1.1" 200 None
2025-03-27 00:08:32,902 - INFO - Logged: MRLUST - 470 viewers - Fortnite
2025-03-27 00:08:32,915 - INFO - Logged details of 2 streamers below 30000000 viewers.
2025-03-27 00:08:32,935 - INFO - VALORANT_EMEA - 11735 viewers - VALORANT
2025-03-27 00:08:32,936 - INFO - Tags: ['Esports', 'English', 'VALORANT', 'VCT', 'VALORANTEurope', 'VCTEMEA']
2025-03-27 00:08:32,936 - INFO - MRLUST - 470 viewers - Fortnite
2025-03-27 00:08:32,936 - INFO - Tags: ['xqc', 'kaicenat', 'ASMR', 'English', 'Fortnite', 'KingsLeague', 'Asmongold', 'valorant', 'minecraft', 'dota2']
