2025-03-25 01:44:29,501 - DEBUG - Fetching page 1...
2025-03-25 01:44:29,509 - DEBUG - Starting new HTTPS connection (1): api.twitch.tv:443
2025-03-25 01:44:31,501 - DEBUG - https://api.twitch.tv:443 "GET /helix/streams?first=9 HTTP/1.1" 200 1734
2025-03-25 01:44:31,503 - INFO - No streamers found on page 1. Retrying in 2 seconds...
2025-03-25 01:44:33,505 - DEBUG - Fetching page 2...
2025-03-25 01:44:33,509 - DEBUG - Starting new HTTPS connection (1): api.twitch.tv:443
2025-03-25 01:44:35,719 - DEBUG - https://api.twitch.tv:443 "GET /helix/streams?first=9&after=eyJiIjp7IkN1cnNvciI6ImV5SnpJam94TlRjek1UUXVPVE0zTURBME5qZ3pNRFFzSW1RaU9tWmhiSE5sTENKMElqcDBjblZsZlE9PSJ9LCJhIjp7IkN1cnNvciI6ImV5SnpJam96TmpJM05DNDBNREUxTkRrek5UWTBOU3dpWkNJNlptRnNjMlVzSW5RaU9uUnlkV1Y5In19 HTTP/1.1" 200 1747
2025-03-25 01:44:35,725 - INFO - No streamers found on page 2. Retrying in 2 seconds...
2025-03-25 01:44:37,726 - DEBUG - Fetching page 3...
2025-03-25 01:44:37,728 - DEBUG - Starting new HTTPS connection (1): api.twitch.tv:443
2025-03-25 01:44:39,080 - DEBUG - https://api.twitch.tv:443 "GET /helix/streams?first=9&after=eyJiIjp7IkN1cnNvciI6ImV5SnpJam96TXpReU9TNHhNVGcyTXprd05ERTBOallzSW1RaU9tWmhiSE5sTENKMElqcDBjblZsZlE9PSJ9LCJhIjp7IkN1cnNvciI6ImV5SnpJam94TlRZNE5TNDNNekUzT1RnME5qY3lNamdzSW1RaU9tWmhiSE5sTENKMElqcDBjblZsZlE9PSJ9fQ HTTP/1.1" 200 1504
2025-03-25 01:44:39,084 - INFO - No streamers found on page 3. Retrying in 2 seconds...
2025-03-25 01:44:41,085 - DEBUG - Fetching page 4...
2025-03-25 01:44:41,089 - DEBUG - Starting new HTTPS connection (1): api.twitch.tv:443
2025-03-25 01:44:42,610 - DEBUG - https://api.twitch.tv:443 "GET /helix/streams?first=9&after=eyJiIjp7IkN1cnNvciI6ImV5SnpJam94TlRNNE1DNDVOVFk0TlRnd056TTRNVFlzSW1RaU9tWmhiSE5sTENKMElqcDBjblZsZlE9PSJ9LCJhIjp7IkN1cnNvciI6ImV5SnpJam94TWpjNU9TNHdPVFE0TnpNeU56UTFNeXdpWkNJNlptRnNjMlVzSW5RaU9uUnlkV1Y5In19 HTTP/1.1" 200 1834
2025-03-25 01:44:42,614 - INFO - No streamers found on page 4. Retrying in 2 seconds...
2025-03-25 01:44:44,615 - DEBUG - Fetching page 5...
2025-03-25 01:44:44,617 - DEBUG - Starting new HTTPS connection (1): api.twitch.tv:443
2025-03-25 01:44:46,150 - DEBUG - https://api.twitch.tv:443 "GET /helix/streams?first=9&after=eyJiIjp7IkN1cnNvciI6ImV5SnpJam94TWpRM05TNDJORGsyTkRNMk16TTJOallzSW1RaU9tWmhiSE5sTENKMElqcDBjblZsZlE9PSJ9LCJhIjp7IkN1cnNvciI6ImV5SnpJam94TVRRNU5pNHpOak00TkRnME56RXlNeklzSW1RaU9tWmhiSE5sTENKMElqcDBjblZsZlE9PSJ9fQ HTTP/1.1" 200 1763
2025-03-25 01:44:46,156 - INFO - No streamers found on page 5. Retrying in 2 seconds...
2025-03-25 01:44:48,158 - DEBUG - Fetching page 6...
2025-03-25 01:44:48,161 - DEBUG - Starting new HTTPS connection (1): api.twitch.tv:443
2025-03-25 01:44:49,857 - DEBUG - https://api.twitch.tv:443 "GET /helix/streams?first=9&after=eyJiIjp7IkN1cnNvciI6ImV5SnpJam94TVRJM05DNDBPVGsyTkRZd056VTJOVElzSW1RaU9tWmhiSE5sTENKMElqcDBjblZsZlE9PSJ9LCJhIjp7IkN1cnNvciI6ImV5SnpJam81TkRnNUxqZzRNRFUwT0RRMU5ERTFPU3dpWkNJNlptRnNjMlVzSW5RaU9uUnlkV1Y5In19 HTTP/1.1" 200 1624
2025-03-25 01:44:49,861 - INFO - No streamers found on page 6. Retrying in 2 seconds...
2025-03-25 01:44:51,863 - DEBUG - Fetching page 7...
2025-03-25 01:44:51,866 - DEBUG - Starting new HTTPS connection (1): api.twitch.tv:443
2025-03-25 01:44:53,888 - DEBUG - https://api.twitch.tv:443 "GET /helix/streams?first=9&after=eyJiIjp7IkN1cnNvciI6ImV5SnpJam81TVRJMUxqSTFNRFUxTlRjME1EUTVOU3dpWkNJNlptRnNjMlVzSW5RaU9uUnlkV1Y5In0sImEiOnsiQ3Vyc29yIjoiZXlKeklqbzRNVEl5TGpVd01Ua3hNREUyTURjd09Td2laQ0k2Wm1Gc2MyVXNJblFpT25SeWRXVjkifX0 HTTP/1.1" 200 1742
2025-03-25 01:44:53,892 - INFO - No streamers found on page 7. Retrying in 2 seconds...
2025-03-25 01:44:55,894 - DEBUG - Fetching page 8...
2025-03-25 01:44:55,897 - DEBUG - Starting new HTTPS connection (1): api.twitch.tv:443
2025-03-25 01:44:57,544 - DEBUG - https://api.twitch.tv:443 "GET /helix/streams?first=9&after=eyJiIjp7IkN1cnNvciI6ImV5SnpJam8zTnpnMExqRXdOVFU0TWpneE5UZzFNaXdpWkNJNlptRnNjMlVzSW5RaU9uUnlkV1Y5In0sImEiOnsiQ3Vyc29yIjoiZXlKeklqbzJPVEUyTGpVeE9USXdNekEzTVRnNU9Td2laQ0k2Wm1Gc2MyVXNJblFpT25SeWRXVjkifX0 HTTP/1.1" 200 1736
2025-03-25 01:44:57,547 - INFO - No streamers found on page 8. Retrying in 2 seconds...
2025-03-25 01:44:59,549 - DEBUG - Fetching page 9...
2025-03-25 01:44:59,553 - DEBUG - Starting new HTTPS connection (1): api.twitch.tv:443
2025-03-25 01:45:01,563 - DEBUG - https://api.twitch.tv:443 "GET /helix/streams?first=9&after=eyJiIjp7IkN1cnNvciI6ImV5SnpJam8yT0RVekxqazJOREF6TWpZeE5qWTVNU3dpWkNJNlptRnNjMlVzSW5RaU9uUnlkV1Y5In0sImEiOnsiQ3Vyc29yIjoiZXlKeklqbzFPVE0zTGpVMk5EWTVNRGcyTmpJek55d2laQ0k2Wm1Gc2MyVXNJblFpT25SeWRXVjkifX0 HTTP/1.1" 200 1851
2025-03-25 01:45:01,567 - INFO - No streamers found on page 9. Retrying in 2 seconds...
2025-03-25 01:45:03,570 - DEBUG - Fetching page 10...
2025-03-25 01:45:03,576 - DEBUG - Starting new HTTPS connection (1): api.twitch.tv:443
2025-03-25 01:45:05,163 - DEBUG - https://api.twitch.tv:443 "GET /helix/streams?first=9&after=eyJiIjp7IkN1cnNvciI6ImV5SnpJam8xTnpVekxqUXlNRGM0TnpRMk1EazJOeXdpWkNJNlptRnNjMlVzSW5RaU9uUnlkV1Y5In0sImEiOnsiQ3Vyc29yIjoiZXlKeklqbzFNemcxTGpZeE1UTTNNelV4TVRNME9Td2laQ0k2Wm1Gc2MyVXNJblFpT25SeWRXVjkifX0 HTTP/1.1" 200 1900
2025-03-25 01:45:05,166 - INFO - No streamers found on page 10. Retrying in 2 seconds...
2025-03-25 01:45:07,168 - DEBUG - Fetching page 11...
2025-03-25 01:45:07,173 - DEBUG - Starting new HTTPS connection (1): api.twitch.tv:443
2025-03-25 01:45:09,093 - DEBUG - https://api.twitch.tv:443 "GET /helix/streams?first=9&after=eyJiIjp7IkN1cnNvciI6ImV5SnpJam8xTXpReUxqUXdNalEyTlRFek9UWXdPU3dpWkNJNlptRnNjMlVzSW5RaU9uUnlkV1Y5In0sImEiOnsiQ3Vyc29yIjoiZXlKeklqbzBPVEF5TGpNeE1UWTFOakUzTURFNU5EVXNJbVFpT21aaGJITmxMQ0owSWpwMGNuVmxmUT09In19 HTTP/1.1" 200 1874
2025-03-25 01:45:09,096 - INFO - No streamers found on page 11. Retrying in 2 seconds...
2025-03-25 01:45:11,098 - DEBUG - Fetching page 12...
2025-03-25 01:45:11,103 - DEBUG - Starting new HTTPS connection (1): api.twitch.tv:443
2025-03-25 01:45:12,885 - DEBUG - https://api.twitch.tv:443 "GET /helix/streams?first=9&after=eyJiIjp7IkN1cnNvciI6ImV5SnpJam8wT0RrekxqWTROems1TVRrMU5EYzNPU3dpWkNJNlptRnNjMlVzSW5RaU9uUnlkV1Y5In0sImEiOnsiQ3Vyc29yIjoiZXlKeklqbzBORFl5TGpBMU1UQXhNekUyTkRJNU55d2laQ0k2Wm1Gc2MyVXNJblFpT25SeWRXVjkifX0 HTTP/1.1" 200 1658
2025-03-25 01:45:12,888 - INFO - No streamers found on page 12. Retrying in 2 seconds...
2025-03-25 01:45:14,889 - DEBUG - Fetching page 13...
2025-03-25 01:45:14,891 - DEBUG - Starting new HTTPS connection (1): api.twitch.tv:443
2025-03-25 01:45:17,020 - DEBUG - https://api.twitch.tv:443 "GET /helix/streams?first=9&after=eyJiIjp7IkN1cnNvciI6ImV5SnpJam8wTkRZeExqazFOVEUxT1RNeU16VXhNeXdpWkNJNlptRnNjMlVzSW5RaU9uUnlkV1Y5In0sImEiOnsiQ3Vyc29yIjoiZXlKeklqbzBNRGc1TGpBME1qZzBOak16TWpnME1qWXNJbVFpT21aaGJITmxMQ0owSWpwMGNuVmxmUT09In19 HTTP/1.1" 200 1878
2025-03-25 01:45:17,024 - INFO - No streamers found on page 13. Retrying in 2 seconds...
2025-03-25 01:45:19,025 - DEBUG - Fetching page 14...
2025-03-25 01:45:19,030 - DEBUG - Starting new HTTPS connection (1): api.twitch.tv:443
2025-03-25 01:45:20,883 - DEBUG - https://api.twitch.tv:443 "GET /helix/streams?first=9&after=eyJiIjp7IkN1cnNvciI6ImV5SnpJam8wTURJekxqSXhOVEk1T1RneE5EQTFPQ3dpWkNJNlptRnNjMlVzSW5RaU9uUnlkV1Y5In0sImEiOnsiQ3Vyc29yIjoiZXlKeklqb3pOamswTGpjd05EQXdNRGN6TURVeU55d2laQ0k2Wm1Gc2MyVXNJblFpT25SeWRXVjkifX0 HTTP/1.1" 200 1724
2025-03-25 01:45:20,885 - INFO - No streamers found on page 14. Retrying in 2 seconds...
2025-03-25 01:45:22,886 - DEBUG - Fetching page 15...
2025-03-25 01:45:22,890 - DEBUG - Starting new HTTPS connection (1): api.twitch.tv:443
2025-03-25 01:45:25,168 - DEBUG - https://api.twitch.tv:443 "GET /helix/streams?first=9&after=eyJiIjp7IkN1cnNvciI6ImV5SnpJam96TmpJMUxqSTFNVE14TlRrMU5qVXlPRE1zSW1RaU9tWmhiSE5sTENKMElqcDBjblZsZlE9PSJ9LCJhIjp7IkN1cnNvciI6ImV5SnpJam96TlRFeUxqQXdOelEwTXpNeU9URTFNU3dpWkNJNlptRnNjMlVzSW5RaU9uUnlkV1Y5In19 HTTP/1.1" 200 1611
2025-03-25 01:45:25,172 - INFO - No streamers found on page 15. Retrying in 2 seconds...
2025-03-25 01:45:27,173 - DEBUG - Fetching page 16...
2025-03-25 01:45:27,176 - DEBUG - Starting new HTTPS connection (1): api.twitch.tv:443
2025-03-25 01:45:28,966 - DEBUG - https://api.twitch.tv:443 "GET /helix/streams?first=9&after=eyJiIjp7IkN1cnNvciI6ImV5SnpJam96TkRRM0xqUTBOREEwTkRRd09EUTVNVGNzSW1RaU9tWmhiSE5sTENKMElqcDBjblZsZlE9PSJ9LCJhIjp7IkN1cnNvciI6ImV5SnpJam96TWpreExqVXdOVEUyTlRNd01EQTBOeXdpWkNJNlptRnNjMlVzSW5RaU9uUnlkV1Y5In19 HTTP/1.1" 200 1934
2025-03-25 01:45:28,969 - INFO - No streamers found on page 16. Retrying in 2 seconds...
2025-03-25 01:45:30,970 - DEBUG - Fetching page 17...
2025-03-25 01:45:30,972 - DEBUG - Starting new HTTPS connection (1): api.twitch.tv:443
2025-03-25 01:45:32,237 - DEBUG - https://api.twitch.tv:443 "GET /helix/streams?first=9&after=eyJiIjp7IkN1cnNvciI6ImV5SnpJam96TWpVM0xqYzBOek16TlRnd056VTVORFVzSW1RaU9tWmhiSE5sTENKMElqcDBjblZsZlE9PSJ9LCJhIjp7IkN1cnNvciI6ImV5SnpJam96TVRRMkxqY3lPRFF5TXprMk16YzJOaXdpWkNJNlptRnNjMlVzSW5RaU9uUnlkV1Y5In19 HTTP/1.1" 200 1774
2025-03-25 01:45:32,240 - INFO - No streamers found on page 17. Retrying in 2 seconds...
2025-03-25 01:45:34,243 - DEBUG - Fetching page 18...
2025-03-25 01:45:34,269 - DEBUG - Starting new HTTPS connection (1): api.twitch.tv:443
2025-03-25 01:45:35,730 - DEBUG - https://api.twitch.tv:443 "GET /helix/streams?first=9&after=eyJiIjp7IkN1cnNvciI6ImV5SnpJam96TVRFNExqUXpPRFEzTXpjeU1UZ3pOU3dpWkNJNlptRnNjMlVzSW5RaU9uUnlkV1Y5In0sImEiOnsiQ3Vyc29yIjoiZXlKeklqb3pNRE14TGpjMU9UYzJORFF4T1RZME1qWXNJbVFpT21aaGJITmxMQ0owSWpwMGNuVmxmUT09In19 HTTP/1.1" 200 1868
2025-03-25 01:45:35,734 - INFO - No streamers found on page 18. Retrying in 2 seconds...
2025-03-25 01:45:37,735 - DEBUG - Fetching page 19...
2025-03-25 01:45:37,740 - DEBUG - Starting new HTTPS connection (1): api.twitch.tv:443
2025-03-25 01:45:39,389 - DEBUG - https://api.twitch.tv:443 "GET /helix/streams?first=9&after=eyJiIjp7IkN1cnNvciI6ImV5SnpJam96TURJeExqQXhPRFl3TWpJME5UY3lORGNzSW1RaU9tWmhiSE5sTENKMElqcDBjblZsZlE9PSJ9LCJhIjp7IkN1cnNvciI6ImV5SnpJam95T1RRNUxqTTNPRFU0TWpZeE5qY3lNRFVzSW1RaU9tWmhiSE5sTENKMElqcDBjblZsZlE9PSJ9fQ HTTP/1.1" 200 1788
2025-03-25 01:45:39,392 - INFO - No streamers found on page 19. Retrying in 2 seconds...
2025-03-25 01:45:41,393 - DEBUG - Fetching page 20...
2025-03-25 01:45:41,395 - DEBUG - Starting new HTTPS connection (1): api.twitch.tv:443
2025-03-25 01:45:43,225 - DEBUG - https://api.twitch.tv:443 "GET /helix/streams?first=9&after=eyJiIjp7IkN1cnNvciI6ImV5SnpJam95T1RRMkxqY3hPVGszTmpJME56UTFOaXdpWkNJNlptRnNjMlVzSW5RaU9uUnlkV1Y5In0sImEiOnsiQ3Vyc29yIjoiZXlKeklqb3lPREk0TGpBNU1qazBPVFUwTVRnek5pd2laQ0k2Wm1Gc2MyVXNJblFpT25SeWRXVjkifX0 HTTP/1.1" 200 1969
2025-03-25 01:45:43,229 - INFO - No streamers found on page 20. Retrying in 2 seconds...
2025-03-25 01:45:45,230 - DEBUG - Fetching page 21...
2025-03-25 01:45:45,233 - DEBUG - Starting new HTTPS connection (1): api.twitch.tv:443
2025-03-25 01:45:46,837 - DEBUG - https://api.twitch.tv:443 "GET /helix/streams?first=9&after=eyJiIjp7IkN1cnNvciI6ImV5SnpJam95T0RFd0xqYzVPRGs1TnpjME5qSTJPQ3dpWkNJNlptRnNjMlVzSW5RaU9uUnlkV1Y5In0sImEiOnsiQ3Vyc29yIjoiZXlKeklqb3lOalF4TGpBeU56UXdPREF5T0RBNU1EWXNJbVFpT21aaGJITmxMQ0owSWpwMGNuVmxmUT09In19 HTTP/1.1" 200 1727
2025-03-25 01:45:46,840 - INFO - No streamers found on page 21. Retrying in 2 seconds...
2025-03-25 01:45:48,841 - DEBUG - Fetching page 22...
2025-03-25 01:45:48,847 - DEBUG - Starting new HTTPS connection (1): api.twitch.tv:443
2025-03-25 01:45:50,537 - DEBUG - https://api.twitch.tv:443 "GET /helix/streams?first=9&after=eyJiIjp7IkN1cnNvciI6ImV5SnpJam95TmpNMExqZ3lOalV4TVRRNU1EVTROQ3dpWkNJNlptRnNjMlVzSW5RaU9uUnlkV1Y5In0sImEiOnsiQ3Vyc29yIjoiZXlKeklqb3lORGcyTGpFNU1ETTFPREk1TVRrMU15d2laQ0k2Wm1Gc2MyVXNJblFpT25SeWRXVjkifX0 HTTP/1.1" 200 1803
2025-03-25 01:45:50,541 - INFO - No streamers found on page 22. Retrying in 2 seconds...
2025-03-25 01:45:52,542 - DEBUG - Fetching page 23...
2025-03-25 01:45:52,550 - DEBUG - Starting new HTTPS connection (1): api.twitch.tv:443
2025-03-25 01:45:54,188 - DEBUG - https://api.twitch.tv:443 "GET /helix/streams?first=9&after=eyJiIjp7IkN1cnNvciI6ImV5SnpJam95TkRnekxqSXhOVE01TmpBMU1qVXdPVE1zSW1RaU9tWmhiSE5sTENKMElqcDBjblZsZlE9PSJ9LCJhIjp7IkN1cnNvciI6ImV5SnpJam95TXpJMkxqZ3dNekU1TmprNU1EWTBOalVzSW1RaU9tWmhiSE5sTENKMElqcDBjblZsZlE9PSJ9fQ HTTP/1.1" 200 1847
2025-03-25 01:45:54,190 - INFO - No streamers found on page 23. Retrying in 2 seconds...
2025-03-25 01:45:56,192 - DEBUG - Fetching page 24...
2025-03-25 01:45:56,200 - DEBUG - Starting new HTTPS connection (1): api.twitch.tv:443
2025-03-25 01:45:57,920 - DEBUG - https://api.twitch.tv:443 "GET /helix/streams?first=9&after=eyJiIjp7IkN1cnNvciI6ImV5SnpJam95TXpJMkxqTTJPVGd6TmpJd09UZzVNelVzSW1RaU9tWmhiSE5sTENKMElqcDBjblZsZlE9PSJ9LCJhIjp7IkN1cnNvciI6ImV5SnpJam95TWpVNExqSXpNREl5T0RFME9EQTFNVFVzSW1RaU9tWmhiSE5sTENKMElqcDBjblZsZlE9PSJ9fQ HTTP/1.1" 200 1685
2025-03-25 01:45:57,923 - INFO - No streamers found on page 24. Retrying in 2 seconds...
2025-03-25 01:45:59,925 - DEBUG - Fetching page 25...
2025-03-25 01:45:59,930 - DEBUG - Starting new HTTPS connection (1): api.twitch.tv:443
2025-03-25 01:46:01,876 - DEBUG - https://api.twitch.tv:443 "GET /helix/streams?first=9&after=eyJiIjp7IkN1cnNvciI6ImV5SnpJam95TWpVMkxqTTVNRGswTnpBeE9ETTNOVE1zSW1RaU9tWmhiSE5sTENKMElqcDBjblZsZlE9PSJ9LCJhIjp7IkN1cnNvciI6ImV5SnpJam95TVRrNExqSTFNRGswTURZeE9ESXlOamNzSW1RaU9tWmhiSE5sTENKMElqcDBjblZsZlE9PSJ9fQ HTTP/1.1" 200 1726
2025-03-25 01:46:01,881 - INFO - No streamers found on page 25. Retrying in 2 seconds...
2025-03-25 01:46:03,882 - DEBUG - Fetching page 26...
2025-03-25 01:46:03,884 - DEBUG - Starting new HTTPS connection (1): api.twitch.tv:443
2025-03-25 01:46:05,480 - DEBUG - https://api.twitch.tv:443 "GET /helix/streams?first=9&after=eyJiIjp7IkN1cnNvciI6ImV5SnpJam95TVRjNExqazNPREUxT1RrM05ETXlOQ3dpWkNJNlptRnNjMlVzSW5RaU9uUnlkV1Y5In0sImEiOnsiQ3Vyc29yIjoiZXlKeklqb3lNVEF5TGprME1qVTNORGcwTXpVNE1Td2laQ0k2Wm1Gc2MyVXNJblFpT25SeWRXVjkifX0 HTTP/1.1" 200 1914
2025-03-25 01:46:05,482 - INFO - No streamers found on page 26. Retrying in 2 seconds...
2025-03-25 01:46:07,484 - DEBUG - Fetching page 27...
2025-03-25 01:46:07,486 - DEBUG - Starting new HTTPS connection (1): api.twitch.tv:443
2025-03-25 01:46:08,721 - DEBUG - https://api.twitch.tv:443 "GET /helix/streams?first=9&after=eyJiIjp7IkN1cnNvciI6ImV5SnpJam95TURjMUxqRTJNRGMxT0RBeU1UVTFOemNzSW1RaU9tWmhiSE5sTENKMElqcDBjblZsZlE9PSJ9LCJhIjp7IkN1cnNvciI6ImV5SnpJam95TURJNExqZzNPREUxTXprNE9EZzVNeklzSW1RaU9tWmhiSE5sTENKMElqcDBjblZsZlE9PSJ9fQ HTTP/1.1" 200 1845
2025-03-25 01:46:08,724 - INFO - No streamers found on page 27. Retrying in 2 seconds...
2025-03-25 01:46:10,725 - DEBUG - Fetching page 28...
2025-03-25 01:46:10,729 - DEBUG - Starting new HTTPS connection (1): api.twitch.tv:443
2025-03-25 01:46:12,221 - DEBUG - https://api.twitch.tv:443 "GET /helix/streams?first=9&after=eyJiIjp7IkN1cnNvciI6ImV5SnpJam95TURJd0xqazJOalE0TWpFeE9EUTJNamtzSW1RaU9tWmhiSE5sTENKMElqcDBjblZsZlE9PSJ9LCJhIjp7IkN1cnNvciI6ImV5SnpJam94T1RJNUxqQTFNVEk1TlRNNU56WTBOVFFzSW1RaU9tWmhiSE5sTENKMElqcDBjblZsZlE9PSJ9fQ HTTP/1.1" 200 1618
2025-03-25 01:46:12,225 - INFO - No streamers found on page 28. Retrying in 2 seconds...
2025-03-25 01:46:14,227 - DEBUG - Fetching page 29...
2025-03-25 01:46:14,230 - DEBUG - Starting new HTTPS connection (1): api.twitch.tv:443
2025-03-25 01:46:15,651 - DEBUG - https://api.twitch.tv:443 "GET /helix/streams?first=9&after=eyJiIjp7IkN1cnNvciI6ImV5SnpJam94T1RZM0xqVXdORFV3T0RVME9Ua3pNRGNzSW1RaU9tWmhiSE5sTENKMElqcDBjblZsZlE9PSJ9LCJhIjp7IkN1cnNvciI6ImV5SnpJam94T0RjeExqZzJPRE00TURrMU56YzRNU3dpWkNJNlptRnNjMlVzSW5RaU9uUnlkV1Y5In19 HTTP/1.1" 200 1768
2025-03-25 01:46:15,654 - INFO - No streamers found on page 29. Retrying in 2 seconds...
2025-03-25 01:46:17,655 - DEBUG - Fetching page 30...
2025-03-25 01:46:17,666 - DEBUG - Starting new HTTPS connection (1): api.twitch.tv:443
2025-03-25 01:46:19,322 - DEBUG - https://api.twitch.tv:443 "GET /helix/streams?first=9&after=eyJiIjp7IkN1cnNvciI6ImV5SnpJam94T0RVM0xqTXhOVEkzTWpBMU5UZzNNallzSW1RaU9tWmhiSE5sTENKMElqcDBjblZsZlE9PSJ9LCJhIjp7IkN1cnNvciI6ImV5SnpJam94TnpnM0xqZ3dNVEl3TkRBNU9URXdNemtzSW1RaU9tWmhiSE5sTENKMElqcDBjblZsZlE9PSJ9fQ HTTP/1.1" 200 1981
2025-03-25 01:46:19,326 - INFO - No streamers found on page 30. Retrying in 2 seconds...
2025-03-25 01:46:21,327 - DEBUG - Fetching page 31...
2025-03-25 01:46:21,330 - DEBUG - Starting new HTTPS connection (1): api.twitch.tv:443
2025-03-25 01:46:23,448 - DEBUG - https://api.twitch.tv:443 "GET /helix/streams?first=9&after=eyJiIjp7IkN1cnNvciI6ImV5SnpJam94TnpjekxqQTROVGMyTWpNNE5qWTVOaXdpWkNJNlptRnNjMlVzSW5RaU9uUnlkV1Y5In0sImEiOnsiQ3Vyc29yIjoiZXlKeklqb3hOelF5TGpZNE16UXhNREUzTnpreU9Dd2laQ0k2Wm1Gc2MyVXNJblFpT25SeWRXVjkifX0 HTTP/1.1" 200 1820
2025-03-25 01:46:23,453 - INFO - No streamers found on page 31. Retrying in 2 seconds...
2025-03-25 01:46:25,454 - DEBUG - Fetching page 32...
2025-03-25 01:46:25,463 - DEBUG - Starting new HTTPS connection (1): api.twitch.tv:443
2025-03-25 01:46:27,127 - DEBUG - https://api.twitch.tv:443 "GET /helix/streams?first=9&after=eyJiIjp7IkN1cnNvciI6ImV5SnpJam94TnpFNUxqSXhPRGN6TWpnd01UVTBPVGdzSW1RaU9tWmhiSE5sTENKMElqcDBjblZsZlE9PSJ9LCJhIjp7IkN1cnNvciI6ImV5SnpJam94TmpReUxqWTNOakUzTVRFeE1UWXlPVElzSW1RaU9tWmhiSE5sTENKMElqcDBjblZsZlE9PSJ9fQ HTTP/1.1" 200 1754
2025-03-25 01:46:27,130 - INFO - No streamers found on page 32. Retrying in 2 seconds...
2025-03-25 01:46:29,131 - DEBUG - Fetching page 33...
2025-03-25 01:46:29,133 - DEBUG - Starting new HTTPS connection (1): api.twitch.tv:443
2025-03-25 01:46:30,747 - DEBUG - https://api.twitch.tv:443 "GET /helix/streams?first=9&after=eyJiIjp7IkN1cnNvciI6ImV5SnpJam94TmpRd0xqa3pNakk1TmpVek1ETXlPQ3dpWkNJNlptRnNjMlVzSW5RaU9uUnlkV1Y5In0sImEiOnsiQ3Vyc29yIjoiZXlKeklqb3hOVGd5TGpVME5EWXhOemt5T0RVeU1UWXNJbVFpT21aaGJITmxMQ0owSWpwMGNuVmxmUT09In19 HTTP/1.1" 200 2036
2025-03-25 01:46:30,750 - INFO - No streamers found on page 33. Retrying in 2 seconds...
2025-03-25 01:46:32,751 - DEBUG - Fetching page 34...
2025-03-25 01:46:32,752 - DEBUG - Starting new HTTPS connection (1): api.twitch.tv:443
2025-03-25 01:46:34,465 - DEBUG - https://api.twitch.tv:443 "GET /helix/streams?first=9&after=eyJiIjp7IkN1cnNvciI6ImV5SnpJam94TlRneExqVTJOemswT1RJM09EZzNPREVzSW1RaU9tWmhiSE5sTENKMElqcDBjblZsZlE9PSJ9LCJhIjp7IkN1cnNvciI6ImV5SnpJam94TlRFMUxqTTJNemcxT1RNMU1qRXdOU3dpWkNJNlptRnNjMlVzSW5RaU9uUnlkV1Y5In19 HTTP/1.1" 200 1805
2025-03-25 01:46:34,469 - INFO - No streamers found on page 34. Retrying in 2 seconds...
2025-03-25 01:46:36,470 - DEBUG - Fetching page 35...
2025-03-25 01:46:36,473 - DEBUG - Starting new HTTPS connection (1): api.twitch.tv:443
2025-03-25 01:46:37,884 - DEBUG - https://api.twitch.tv:443 "GET /helix/streams?first=9&after=eyJiIjp7IkN1cnNvciI6ImV5SnpJam94TlRFMUxqRTFNRFV3TVRVMU9EZ3lOU3dpWkNJNlptRnNjMlVzSW5RaU9uUnlkV1Y5In0sImEiOnsiQ3Vyc29yIjoiZXlKeklqb3hORGN5TGpjeU9USTNOemc1T1RBeU16RXNJbVFpT21aaGJITmxMQ0owSWpwMGNuVmxmUT09In19 HTTP/1.1" 200 1696
2025-03-25 01:46:37,886 - INFO - No streamers found on page 35. Retrying in 2 seconds...
2025-03-25 01:46:39,887 - DEBUG - Fetching page 36...
2025-03-25 01:46:39,891 - DEBUG - Starting new HTTPS connection (1): api.twitch.tv:443
2025-03-25 01:46:42,304 - DEBUG - https://api.twitch.tv:443 "GET /helix/streams?first=9&after=eyJiIjp7IkN1cnNvciI6ImV5SnpJam94TkRZNExqSTJNak16T1RRMU1qRXhMQ0prSWpwbVlXeHpaU3dpZENJNmRISjFaWDA9In0sImEiOnsiQ3Vyc29yIjoiZXlKeklqb3hORFF6TGpnNU9Ea3hNakF4T0RJd05EWXNJbVFpT21aaGJITmxMQ0owSWpwMGNuVmxmUT09In19 HTTP/1.1" 200 1721
2025-03-25 01:46:42,311 - INFO - No streamers found on page 36. Retrying in 2 seconds...
2025-03-25 01:46:44,312 - DEBUG - Fetching page 37...
2025-03-25 01:46:44,315 - DEBUG - Starting new HTTPS connection (1): api.twitch.tv:443
2025-03-25 01:46:47,141 - DEBUG - https://api.twitch.tv:443 "GET /helix/streams?first=9&after=eyJiIjp7IkN1cnNvciI6ImV5SnpJam94TkRNMExqTXdOekkyTnpBek1USXpPRE1zSW1RaU9tWmhiSE5sTENKMElqcDBjblZsZlE9PSJ9LCJhIjp7IkN1cnNvciI6ImV5SnpJam94TkRBNUxqZ3hOVFUyTmpjeU16azFNelVzSW1RaU9tWmhiSE5sTENKMElqcDBjblZsZlE9PSJ9fQ HTTP/1.1" 200 1443
2025-03-25 01:46:47,145 - INFO - No streamers found on page 37. Retrying in 2 seconds...
2025-03-25 01:46:49,147 - DEBUG - Fetching page 38...
2025-03-25 01:46:49,150 - DEBUG - Starting new HTTPS connection (1): api.twitch.tv:443
2025-03-25 01:46:50,693 - DEBUG - https://api.twitch.tv:443 "GET /helix/streams?first=9&after=eyJiIjp7IkN1cnNvciI6ImV5SnpJam94TXprM0xqUXhPVGsyTkRBek5qYzJPVElzSW1RaU9tWmhiSE5sTENKMElqcDBjblZsZlE9PSJ9LCJhIjp7IkN1cnNvciI6ImV5SnpJam94TXpZM0xqZzBPREl5TlRFeU9UTXpNRE1zSW1RaU9tWmhiSE5sTENKMElqcDBjblZsZlE9PSJ9fQ HTTP/1.1" 200 1859
2025-03-25 01:46:50,697 - INFO - No streamers found on page 38. Retrying in 2 seconds...
2025-03-25 01:46:52,698 - DEBUG - Fetching page 39...
2025-03-25 01:46:52,701 - DEBUG - Starting new HTTPS connection (1): api.twitch.tv:443
2025-03-25 01:46:53,912 - DEBUG - https://api.twitch.tv:443 "GET /helix/streams?first=9&after=eyJiIjp7IkN1cnNvciI6ImV5SnpJam94TXpReExqTTRNVEU0TkRJd01UTXhNRFlzSW1RaU9tWmhiSE5sTENKMElqcDBjblZsZlE9PSJ9LCJhIjp7IkN1cnNvciI6ImV5SnpJam94TXpBNUxqSTNORFExT1RJek1UVXpPU3dpWkNJNlptRnNjMlVzSW5RaU9uUnlkV1Y5In19 HTTP/1.1" 200 1764
2025-03-25 01:46:53,915 - INFO - No streamers found on page 39. Retrying in 2 seconds...
2025-03-25 01:46:55,916 - DEBUG - Fetching page 40...
2025-03-25 01:46:55,930 - DEBUG - Starting new HTTPS connection (1): api.twitch.tv:443
2025-03-25 01:46:57,201 - DEBUG - https://api.twitch.tv:443 "GET /helix/streams?first=9&after=eyJiIjp7IkN1cnNvciI6ImV5SnpJam94TXpBNUxqQTFOVGMwTkRRMU56VXpOeklzSW1RaU9tWmhiSE5sTENKMElqcDBjblZsZlE9PSJ9LCJhIjp7IkN1cnNvciI6ImV5SnpJam94TWpneUxqVXpPREF6TURnM09UazVNekVzSW1RaU9tWmhiSE5sTENKMElqcDBjblZsZlE9PSJ9fQ HTTP/1.1" 200 1720
2025-03-25 01:46:57,204 - INFO - No streamers found on page 40. Retrying in 2 seconds...
2025-03-25 01:46:59,205 - DEBUG - Fetching page 41...
2025-03-25 01:46:59,213 - DEBUG - Starting new HTTPS connection (1): api.twitch.tv:443
2025-03-25 01:47:01,657 - DEBUG - https://api.twitch.tv:443 "GET /helix/streams?first=9&after=eyJiIjp7IkN1cnNvciI6ImV5SnpJam94TWpjM0xqUTRNekV6TnpZeU5UTTRNakVzSW1RaU9tWmhiSE5sTENKMElqcDBjblZsZlE9PSJ9LCJhIjp7IkN1cnNvciI6ImV5SnpJam94TWpVd0xqZzJNemsxTmpZNU1qUXlOeXdpWkNJNlptRnNjMlVzSW5RaU9uUnlkV1Y5In19 HTTP/1.1" 200 1728
2025-03-25 01:47:01,662 - INFO - No streamers found on page 41. Retrying in 2 seconds...
2025-03-25 01:47:03,662 - DEBUG - Fetching page 42...
2025-03-25 01:47:03,664 - DEBUG - Starting new HTTPS connection (1): api.twitch.tv:443
2025-03-25 01:47:04,858 - DEBUG - https://api.twitch.tv:443 "GET /helix/streams?first=9&after=eyJiIjp7IkN1cnNvciI6ImV5SnpJam94TWpRMUxqTXhOalU1TkRJeU5EQXpNVElzSW1RaU9tWmhiSE5sTENKMElqcDBjblZsZlE9PSJ9LCJhIjp7IkN1cnNvciI6ImV5SnpJam94TWpJM0xqSXlNelk1TURFNU16QXlPRGNzSW1RaU9tWmhiSE5sTENKMElqcDBjblZsZlE9PSJ9fQ HTTP/1.1" 200 None
2025-03-25 01:47:04,861 - INFO - No streamers found on page 42. Retrying in 2 seconds...
2025-03-25 01:47:06,862 - DEBUG - Fetching page 43...
2025-03-25 01:47:06,864 - DEBUG - Starting new HTTPS connection (1): api.twitch.tv:443
2025-03-25 01:47:08,170 - DEBUG - https://api.twitch.tv:443 "GET /helix/streams?first=9&after=eyJiIjp7IkN1cnNvciI6ImV5SnpJam94TWpJMUxqYzBNemd4TVRnNE56TTVOalVzSW1RaU9tWmhiSE5sTENKMElqcDBjblZsZlE9PSJ9LCJhIjp7IkN1cnNvciI6ImV5SnpJam94TWpFd0xqSXdPRFV5TmpBNU9UWTNPQ3dpWkNJNlptRnNjMlVzSW5RaU9uUnlkV1Y5In19 HTTP/1.1" 200 1814
2025-03-25 01:47:08,173 - INFO - No streamers found on page 43. Retrying in 2 seconds...
2025-03-25 01:47:10,175 - DEBUG - Fetching page 44...
2025-03-25 01:47:10,178 - DEBUG - Starting new HTTPS connection (1): api.twitch.tv:443
2025-03-25 01:47:11,907 - DEBUG - https://api.twitch.tv:443 "GET /helix/streams?first=9&after=eyJiIjp7IkN1cnNvciI6ImV5SnpJam94TWpBekxqYzNPVFU0T1RBM056ZzNNaXdpWkNJNlptRnNjMlVzSW5RaU9uUnlkV1Y5In0sImEiOnsiQ3Vyc29yIjoiZXlKeklqb3hNVGMyTGpBd09EWTFNVEkwT1RZME1UUXNJbVFpT21aaGJITmxMQ0owSWpwMGNuVmxmUT09In19 HTTP/1.1" 200 1639
2025-03-25 01:47:11,911 - INFO - No streamers found on page 44. Retrying in 2 seconds...
2025-03-25 01:47:13,912 - DEBUG - Fetching page 45...
2025-03-25 01:47:13,914 - DEBUG - Starting new HTTPS connection (1): api.twitch.tv:443
2025-03-25 01:47:16,284 - DEBUG - https://api.twitch.tv:443 "GET /helix/streams?first=9&after=eyJiIjp7IkN1cnNvciI6ImV5SnpJam94TVRjMExqRXdNRFF5TmpRM01UTTFMQ0prSWpwbVlXeHpaU3dpZENJNmRISjFaWDA9In0sImEiOnsiQ3Vyc29yIjoiZXlKeklqb3hNVE0zTGprMk5EWTJNVGN5TURBek1EZ3NJbVFpT21aaGJITmxMQ0owSWpwMGNuVmxmUT09In19 HTTP/1.1" 200 None
2025-03-25 01:47:16,288 - INFO - No streamers found on page 45. Retrying in 2 seconds...
2025-03-25 01:47:18,289 - DEBUG - Fetching page 46...
2025-03-25 01:47:18,291 - DEBUG - Starting new HTTPS connection (1): api.twitch.tv:443
2025-03-25 01:47:20,326 - DEBUG - https://api.twitch.tv:443 "GET /helix/streams?first=9&after=eyJiIjp7IkN1cnNvciI6ImV5SnpJam94TVRNeUxqYzBOemt3TnpBNE1qQXlOaXdpWkNJNlptRnNjMlVzSW5RaU9uUnlkV1Y5In0sImEiOnsiQ3Vyc29yIjoiZXlKeklqb3hNVEl3TGpJNE56RTVNVEkxT1RVM01UY3NJbVFpT21aaGJITmxMQ0owSWpwMGNuVmxmUT09In19 HTTP/1.1" 200 1817
2025-03-25 01:47:20,329 - INFO - No streamers found on page 46. Retrying in 2 seconds...
2025-03-25 01:47:22,329 - DEBUG - Fetching page 47...
2025-03-25 01:47:22,332 - DEBUG - Starting new HTTPS connection (1): api.twitch.tv:443
2025-03-25 01:47:23,777 - DEBUG - https://api.twitch.tv:443 "GET /helix/streams?first=9&after=eyJiIjp7IkN1cnNvciI6ImV5SnpJam94TVRFNUxqYzBNRGczTkRJeU1qZzROVElzSW1RaU9tWmhiSE5sTENKMElqcDBjblZsZlE9PSJ9LCJhIjp7IkN1cnNvciI6ImV5SnpJam94TURjMkxqa3dNakl6TkRNeE1UUTRPRGNzSW1RaU9tWmhiSE5sTENKMElqcDBjblZsZlE9PSJ9fQ HTTP/1.1" 200 1688
2025-03-25 01:47:23,779 - INFO - No streamers found on page 47. Retrying in 2 seconds...
2025-03-25 01:47:25,780 - DEBUG - Fetching page 48...
2025-03-25 01:47:25,783 - DEBUG - Starting new HTTPS connection (1): api.twitch.tv:443
2025-03-25 01:47:27,344 - DEBUG - https://api.twitch.tv:443 "GET /helix/streams?first=9&after=eyJiIjp7IkN1cnNvciI6ImV5SnpJam94TURjMUxqQTBPREV6TVRBek9UTTNOek1zSW1RaU9tWmhiSE5sTENKMElqcDBjblZsZlE9PSJ9LCJhIjp7IkN1cnNvciI6ImV5SnpJam94TURZd0xqTTBORGcwTlRRNU9UazROallzSW1RaU9tWmhiSE5sTENKMElqcDBjblZsZlE9PSJ9fQ HTTP/1.1" 200 1679
2025-03-25 01:47:27,346 - INFO - No streamers found on page 48. Retrying in 2 seconds...
2025-03-25 01:47:29,351 - DEBUG - Fetching page 49...
2025-03-25 01:47:29,353 - DEBUG - Starting new HTTPS connection (1): api.twitch.tv:443
2025-03-25 01:47:30,589 - DEBUG - https://api.twitch.tv:443 "GET /helix/streams?first=9&after=eyJiIjp7IkN1cnNvciI6ImV5SnpJam94TURVM0xqTXdPVGN6T1RZeE1qVTRNRFlzSW1RaU9tWmhiSE5sTENKMElqcDBjblZsZlE9PSJ9LCJhIjp7IkN1cnNvciI6ImV5SnpJam94TURReExqYzBOelUyTkRnNE5qQXdNalVzSW1RaU9tWmhiSE5sTENKMElqcDBjblZsZlE9PSJ9fQ HTTP/1.1" 200 1788
2025-03-25 01:47:30,592 - INFO - No streamers found on page 49. Retrying in 2 seconds...
2025-03-25 01:47:32,593 - DEBUG - Fetching page 50...
2025-03-25 01:47:32,595 - DEBUG - Starting new HTTPS connection (1): api.twitch.tv:443
2025-03-25 01:47:33,911 - DEBUG - https://api.twitch.tv:443 "GET /helix/streams?first=9&after=eyJiIjp7IkN1cnNvciI6ImV5SnpJam94TURNNExqYzVPREV6TkRBME1qTTJPRGNzSW1RaU9tWmhiSE5sTENKMElqcDBjblZsZlE9PSJ9LCJhIjp7IkN1cnNvciI6ImV5SnpJam94TURJMExqZzJORE00T0RRME56VXhPU3dpWkNJNlptRnNjMlVzSW5RaU9uUnlkV1Y5In19 HTTP/1.1" 200 1901
2025-03-25 01:47:33,915 - INFO - No streamers found on page 50. Retrying in 2 seconds...
2025-03-25 01:47:35,916 - DEBUG - Fetching page 51...
2025-03-25 01:47:35,919 - DEBUG - Starting new HTTPS connection (1): api.twitch.tv:443
2025-03-25 01:47:37,229 - DEBUG - https://api.twitch.tv:443 "GET /helix/streams?first=9&after=eyJiIjp7IkN1cnNvciI6ImV5SnpJam94TURJekxqZzJNalU0T0RZek9ERTNOU3dpWkNJNlptRnNjMlVzSW5RaU9uUnlkV1Y5In0sImEiOnsiQ3Vyc29yIjoiZXlKeklqb3hNREEwTGpNNU56YzROVFV5TkRVeU56WXNJbVFpT21aaGJITmxMQ0owSWpwMGNuVmxmUT09In19 HTTP/1.1" 200 1600
2025-03-25 01:47:37,235 - INFO - No streamers found on page 51. Retrying in 2 seconds...
2025-03-25 01:47:39,235 - DEBUG - Fetching page 52...
2025-03-25 01:47:39,237 - DEBUG - Starting new HTTPS connection (1): api.twitch.tv:443
2025-03-25 01:47:41,414 - DEBUG - https://api.twitch.tv:443 "GET /helix/streams?first=9&after=eyJiIjp7IkN1cnNvciI6ImV5SnpJam94TURBeExqWTFNemt3TURjeU5EazROemtzSW1RaU9tWmhiSE5sTENKMElqcDBjblZsZlE9PSJ9LCJhIjp7IkN1cnNvciI6ImV5SnpJam81TnpVdU9ETTBOamcxTkRnNE9EWXhOQ3dpWkNJNlptRnNjMlVzSW5RaU9uUnlkV1Y5In19 HTTP/1.1" 200 1851
2025-03-25 01:47:41,419 - INFO - No streamers found on page 52. Retrying in 2 seconds...
2025-03-25 01:47:43,420 - DEBUG - Fetching page 53...
2025-03-25 01:47:43,424 - DEBUG - Starting new HTTPS connection (1): api.twitch.tv:443
2025-03-25 01:47:45,521 - DEBUG - https://api.twitch.tv:443 "GET /helix/streams?first=9&after=eyJiIjp7IkN1cnNvciI6ImV5SnpJam81TnpRdU5qUTNNVE13TmpZMk1qRTROU3dpWkNJNlptRnNjMlVzSW5RaU9uUnlkV1Y5In0sImEiOnsiQ3Vyc29yIjoiZXlKeklqbzVOall1TVRjME5URTJOVFUxTnpJMExDSmtJanBtWVd4elpTd2lkQ0k2ZEhKMVpYMD0ifX0 HTTP/1.1" 200 1801
2025-03-25 01:47:45,524 - INFO - No streamers found on page 53. Retrying in 2 seconds...
2025-03-25 01:47:47,525 - DEBUG - Fetching page 54...
2025-03-25 01:47:47,527 - DEBUG - Starting new HTTPS connection (1): api.twitch.tv:443
2025-03-25 01:47:49,610 - DEBUG - https://api.twitch.tv:443 "GET /helix/streams?first=9&after=eyJiIjp7IkN1cnNvciI6ImV5SnpJam81TmpVdU56azFOVGM0T0RZd05qTXdNU3dpWkNJNlptRnNjMlVzSW5RaU9uUnlkV1Y5In0sImEiOnsiQ3Vyc29yIjoiZXlKeklqbzVOVEV1TmpFeU16RTVORGMyTkRBNU5Td2laQ0k2Wm1Gc2MyVXNJblFpT25SeWRXVjkifX0 HTTP/1.1" 200 1753
2025-03-25 01:47:49,617 - INFO - No streamers found on page 54. Retrying in 2 seconds...
2025-03-25 01:47:51,618 - DEBUG - Fetching page 55...
2025-03-25 01:47:51,621 - DEBUG - Starting new HTTPS connection (1): api.twitch.tv:443
2025-03-25 01:47:53,733 - DEBUG - https://api.twitch.tv:443 "GET /helix/streams?first=9&after=eyJiIjp7IkN1cnNvciI6ImV5SnpJam81TlRFdU16Z3lOalUzTXpJME5URTROeXdpWkNJNlptRnNjMlVzSW5RaU9uUnlkV1Y5In0sImEiOnsiQ3Vyc29yIjoiZXlKeklqbzVNemN1TnpjMk5EazRPREUwTXpVM01pd2laQ0k2Wm1Gc2MyVXNJblFpT25SeWRXVjkifX0 HTTP/1.1" 200 1839
2025-03-25 01:47:53,736 - INFO - No streamers found on page 55. Retrying in 2 seconds...
2025-03-25 01:47:55,738 - DEBUG - Fetching page 56...
2025-03-25 01:47:55,741 - DEBUG - Starting new HTTPS connection (1): api.twitch.tv:443
2025-03-25 01:47:57,468 - DEBUG - https://api.twitch.tv:443 "GET /helix/streams?first=9&after=eyJiIjp7IkN1cnNvciI6ImV5SnpJam81TXpZdU9EVTROREF3TWpZNU5qRXhOQ3dpWkNJNlptRnNjMlVzSW5RaU9uUnlkV1Y5In0sImEiOnsiQ3Vyc29yIjoiZXlKeklqbzVNalF1TURVd01EYzRNRGt5Tmpnek15d2laQ0k2Wm1Gc2MyVXNJblFpT25SeWRXVjkifX0 HTTP/1.1" 200 1589
2025-03-25 01:47:57,470 - INFO - No streamers found on page 56. Retrying in 2 seconds...
2025-03-25 01:47:59,471 - DEBUG - Fetching page 57...
2025-03-25 01:47:59,474 - DEBUG - Starting new HTTPS connection (1): api.twitch.tv:443
2025-03-25 01:48:01,123 - DEBUG - https://api.twitch.tv:443 "GET /helix/streams?first=9&after=eyJiIjp7IkN1cnNvciI6ImV5SnpJam81TWpNdU5ETTBPVEF5TmpNNU1qSTVOaXdpWkNJNlptRnNjMlVzSW5RaU9uUnlkV1Y5In0sImEiOnsiQ3Vyc29yIjoiZXlKeklqbzVNREV1TVRBeE5UUTNOamsyTnpFME15d2laQ0k2Wm1Gc2MyVXNJblFpT25SeWRXVjkifX0 HTTP/1.1" 200 None
2025-03-25 01:48:01,127 - INFO - No streamers found on page 57. Retrying in 2 seconds...
2025-03-25 01:48:03,131 - DEBUG - Fetching page 58...
2025-03-25 01:48:03,136 - DEBUG - Starting new HTTPS connection (1): api.twitch.tv:443
2025-03-25 01:48:04,795 - DEBUG - https://api.twitch.tv:443 "GET /helix/streams?first=9&after=eyJiIjp7IkN1cnNvciI6ImV5SnpJam80T1RZdU1qTXlOVFV3T1RrMU1ERXlPQ3dpWkNJNlptRnNjMlVzSW5RaU9uUnlkV1Y5In0sImEiOnsiQ3Vyc29yIjoiZXlKeklqbzRPRE11T1RVNE56WTFNRFkyTURRNU5Dd2laQ0k2Wm1Gc2MyVXNJblFpT25SeWRXVjkifX0 HTTP/1.1" 200 1877
2025-03-25 01:48:04,798 - INFO - No streamers found on page 58. Retrying in 2 seconds...
2025-03-25 01:48:06,799 - DEBUG - Fetching page 59...
2025-03-25 01:48:06,802 - DEBUG - Starting new HTTPS connection (1): api.twitch.tv:443
2025-03-25 01:48:08,916 - DEBUG - https://api.twitch.tv:443 "GET /helix/streams?first=9&after=eyJiIjp7IkN1cnNvciI6ImV5SnpJam80T0RBdU9EVTBNRFEzTURjMk5UQTVPQ3dpWkNJNlptRnNjMlVzSW5RaU9uUnlkV1Y5In0sImEiOnsiQ3Vyc29yIjoiZXlKeklqbzROakV1TWpZd01qVTVNakF3TkRjMk9Dd2laQ0k2Wm1Gc2MyVXNJblFpT25SeWRXVjkifX0 HTTP/1.1" 200 1722
2025-03-25 01:48:08,920 - INFO - No streamers found on page 59. Retrying in 2 seconds...
2025-03-25 01:48:10,920 - DEBUG - Fetching page 60...
2025-03-25 01:48:10,923 - DEBUG - Starting new HTTPS connection (1): api.twitch.tv:443
2025-03-25 01:48:12,600 - DEBUG - https://api.twitch.tv:443 "GET /helix/streams?first=9&after=eyJiIjp7IkN1cnNvciI6ImV5SnpJam80TmpFdU1qQXdNREUyTVRjNU5qTTBNeXdpWkNJNlptRnNjMlVzSW5RaU9uUnlkV1Y5In0sImEiOnsiQ3Vyc29yIjoiZXlKeklqbzROVE11TURJeE9ESTJPREkxTVRjeU9Dd2laQ0k2Wm1Gc2MyVXNJblFpT25SeWRXVjkifX0 HTTP/1.1" 200 1639
2025-03-25 01:48:12,604 - INFO - No streamers found on page 60. Retrying in 2 seconds...
2025-03-25 01:48:14,605 - DEBUG - Fetching page 61...
2025-03-25 01:48:14,607 - DEBUG - Starting new HTTPS connection (1): api.twitch.tv:443
2025-03-25 01:48:15,963 - DEBUG - https://api.twitch.tv:443 "GET /helix/streams?first=9&after=eyJiIjp7IkN1cnNvciI6ImV5SnpJam80TlRJdU9UVXpOemc0TURZMk56TTNOeXdpWkNJNlptRnNjMlVzSW5RaU9uUnlkV1Y5In0sImEiOnsiQ3Vyc29yIjoiZXlKeklqbzRORFV1TlRNM01ETTJOVE0yTWpFMk5pd2laQ0k2Wm1Gc2MyVXNJblFpT25SeWRXVjkifX0 HTTP/1.1" 200 1888
2025-03-25 01:48:15,966 - INFO - No streamers found on page 61. Retrying in 2 seconds...
2025-03-25 01:48:17,966 - DEBUG - Fetching page 62...
2025-03-25 01:48:17,969 - DEBUG - Starting new HTTPS connection (1): api.twitch.tv:443
2025-03-25 01:48:19,519 - DEBUG - https://api.twitch.tv:443 "GET /helix/streams?first=9&after=eyJiIjp7IkN1cnNvciI6ImV5SnpJam80TkRVdU1qUXdNREV4TVRBMk5UTTBMQ0prSWpwbVlXeHpaU3dpZENJNmRISjFaWDA9In0sImEiOnsiQ3Vyc29yIjoiZXlKeklqbzRNelV1TURRM09EazNNekUyTVRJek9Td2laQ0k2Wm1Gc2MyVXNJblFpT25SeWRXVjkifX0 HTTP/1.1" 200 1823
2025-03-25 01:48:19,522 - INFO - No streamers found on page 62. Retrying in 2 seconds...
2025-03-25 01:48:21,523 - DEBUG - Fetching page 63...
2025-03-25 01:48:21,526 - DEBUG - Starting new HTTPS connection (1): api.twitch.tv:443
2025-03-25 01:48:23,010 - DEBUG - https://api.twitch.tv:443 "GET /helix/streams?first=9&after=eyJiIjp7IkN1cnNvciI6ImV5SnpJam80TXpFdU56SXhORFkzTmpreU16UXdNaXdpWkNJNlptRnNjMlVzSW5RaU9uUnlkV1Y5In0sImEiOnsiQ3Vyc29yIjoiZXlKeklqbzRNalF1TmpNeE1qRXpPRE0yTVRFMk1pd2laQ0k2Wm1Gc2MyVXNJblFpT25SeWRXVjkifX0 HTTP/1.1" 200 1805
2025-03-25 01:48:23,014 - INFO - No streamers found on page 63. Retrying in 2 seconds...
2025-03-25 01:48:25,015 - DEBUG - Fetching page 64...
2025-03-25 01:48:25,018 - DEBUG - Starting new HTTPS connection (1): api.twitch.tv:443
2025-03-25 01:48:26,532 - DEBUG - https://api.twitch.tv:443 "GET /helix/streams?first=9&after=eyJiIjp7IkN1cnNvciI6ImV5SnpJam80TWpJdU16WTNOakkzTWpVNU5ESTVOU3dpWkNJNlptRnNjMlVzSW5RaU9uUnlkV1Y5In0sImEiOnsiQ3Vyc29yIjoiZXlKeklqbzRNVEV1TkRnNE16STFOVFkyTmprMU55d2laQ0k2Wm1Gc2MyVXNJblFpT25SeWRXVjkifX0 HTTP/1.1" 200 1974
2025-03-25 01:48:26,535 - INFO - No streamers found on page 64. Retrying in 2 seconds...
2025-03-25 01:48:28,536 - DEBUG - Fetching page 65...
2025-03-25 01:48:28,542 - DEBUG - Starting new HTTPS connection (1): api.twitch.tv:443
2025-03-25 01:48:30,035 - DEBUG - https://api.twitch.tv:443 "GET /helix/streams?first=9&after=eyJiIjp7IkN1cnNvciI6ImV5SnpJam80TVRFdU16SXpPRFEyTkRZMk5EUTVMQ0prSWpwbVlXeHpaU3dpZENJNmRISjFaWDA9In0sImEiOnsiQ3Vyc29yIjoiZXlKeklqbzRNRFF1TlRjd05EQXhPREkyTXpjd055d2laQ0k2Wm1Gc2MyVXNJblFpT25SeWRXVjkifX0 HTTP/1.1" 200 2028
2025-03-25 01:48:30,037 - INFO - No streamers found on page 65. Retrying in 2 seconds...
2025-03-25 01:48:32,038 - DEBUG - Fetching page 66...
2025-03-25 01:48:32,045 - DEBUG - Starting new HTTPS connection (1): api.twitch.tv:443
2025-03-25 01:48:33,538 - DEBUG - https://api.twitch.tv:443 "GET /helix/streams?first=9&after=eyJiIjp7IkN1cnNvciI6ImV5SnpJam80TURNdU1UZzFPRE13TURJeU1qVXhOeXdpWkNJNlptRnNjMlVzSW5RaU9uUnlkV1Y5In0sImEiOnsiQ3Vyc29yIjoiZXlKeklqbzNPVEF1T1RBNE5qWXdOemcxTlRZNU5pd2laQ0k2Wm1Gc2MyVXNJblFpT25SeWRXVjkifX0 HTTP/1.1" 200 1860
2025-03-25 01:48:33,541 - INFO - No streamers found on page 66. Retrying in 2 seconds...
2025-03-25 01:48:35,543 - DEBUG - Fetching page 67...
2025-03-25 01:48:35,546 - DEBUG - Starting new HTTPS connection (1): api.twitch.tv:443
2025-03-25 01:48:37,158 - DEBUG - https://api.twitch.tv:443 "GET /helix/streams?first=9&after=eyJiIjp7IkN1cnNvciI6ImV5SnpJam8zT0RrdU9UY3hORGMwT1RjNE1UTTBPU3dpWkNJNlptRnNjMlVzSW5RaU9uUnlkV1Y5In0sImEiOnsiQ3Vyc29yIjoiZXlKeklqbzNOelF1TkRFek1qUXpNemc0T1RFMk5Dd2laQ0k2Wm1Gc2MyVXNJblFpT25SeWRXVjkifX0 HTTP/1.1" 200 1838
2025-03-25 01:48:37,165 - INFO - No streamers found on page 67. Retrying in 2 seconds...
2025-03-25 01:48:39,167 - DEBUG - Fetching page 68...
2025-03-25 01:48:39,168 - DEBUG - Starting new HTTPS connection (1): api.twitch.tv:443
2025-03-25 01:48:40,314 - DEBUG - https://api.twitch.tv:443 "GET /helix/streams?first=9&after=eyJiIjp7IkN1cnNvciI6ImV5SnpJam8zTnpNdU9URTJPVFUwTmpZM01qZzRNU3dpWkNJNlptRnNjMlVzSW5RaU9uUnlkV1Y5In0sImEiOnsiQ3Vyc29yIjoiZXlKeklqbzNOakV1TXpBek1Ua3pNalkzTXpNMU5pd2laQ0k2Wm1Gc2MyVXNJblFpT25SeWRXVjkifX0 HTTP/1.1" 200 1874
2025-03-25 01:48:40,318 - INFO - No streamers found on page 68. Retrying in 2 seconds...
2025-03-25 01:48:42,319 - DEBUG - Fetching page 69...
2025-03-25 01:48:42,324 - DEBUG - Starting new HTTPS connection (1): api.twitch.tv:443
2025-03-25 01:48:44,353 - DEBUG - https://api.twitch.tv:443 "GET /helix/streams?first=9&after=eyJiIjp7IkN1cnNvciI6ImV5SnpJam8zTmpFdU1qZzJORGczTWprek1qWXpOaXdpWkNJNlptRnNjMlVzSW5RaU9uUnlkV1Y5In0sImEiOnsiQ3Vyc29yIjoiZXlKeklqbzNORGt1TWpFMk9UVTFNamMxT0RVMExDSmtJanBtWVd4elpTd2lkQ0k2ZEhKMVpYMD0ifX0 HTTP/1.1" 200 1729
2025-03-25 01:48:44,359 - INFO - No streamers found on page 69. Retrying in 2 seconds...
2025-03-25 01:48:46,360 - DEBUG - Fetching page 70...
2025-03-25 01:48:46,362 - DEBUG - Starting new HTTPS connection (1): api.twitch.tv:443
2025-03-25 01:48:47,664 - DEBUG - https://api.twitch.tv:443 "GET /helix/streams?first=9&after=eyJiIjp7IkN1cnNvciI6ImV5SnpJam8zTkRVdU5EVXhNams0TVRZME56YzBOU3dpWkNJNlptRnNjMlVzSW5RaU9uUnlkV1Y5In0sImEiOnsiQ3Vyc29yIjoiZXlKeklqbzNNemN1TlRRMk1qazFNekE1TmpJNU5Td2laQ0k2Wm1Gc2MyVXNJblFpT25SeWRXVjkifX0 HTTP/1.1" 200 1755
2025-03-25 01:48:47,667 - INFO - No streamers found on page 70. Retrying in 2 seconds...
2025-03-25 01:48:49,668 - DEBUG - Fetching page 71...
2025-03-25 01:48:49,677 - DEBUG - Starting new HTTPS connection (1): api.twitch.tv:443
2025-03-25 01:48:51,048 - DEBUG - https://api.twitch.tv:443 "GET /helix/streams?first=9&after=eyJiIjp7IkN1cnNvciI6ImV5SnpJam8zTXpZdU5qVXhOamczTVRrek5UZ3dPU3dpWkNJNlptRnNjMlVzSW5RaU9uUnlkV1Y5In0sImEiOnsiQ3Vyc29yIjoiZXlKeklqbzNNamN1T1RjeU5EYzBOemcyTnpReU5Dd2laQ0k2Wm1Gc2MyVXNJblFpT25SeWRXVjkifX0 HTTP/1.1" 200 1750
2025-03-25 01:48:51,053 - INFO - No streamers found on page 71. Retrying in 2 seconds...
2025-03-25 01:48:53,054 - DEBUG - Fetching page 72...
2025-03-25 01:48:53,057 - DEBUG - Starting new HTTPS connection (1): api.twitch.tv:443
2025-03-25 01:48:55,996 - DEBUG - https://api.twitch.tv:443 "GET /helix/streams?first=9&after=eyJiIjp7IkN1cnNvciI6ImV5SnpJam8zTWpNdU5UZ3lNalUxTnpZMk9EWXlOU3dpWkNJNlptRnNjMlVzSW5RaU9uUnlkV1Y5In0sImEiOnsiQ3Vyc29yIjoiZXlKeklqbzNNVGN1TVRVNE1EVXdNalU0T1RjMk5pd2laQ0k2Wm1Gc2MyVXNJblFpT25SeWRXVjkifX0 HTTP/1.1" 200 1655
2025-03-25 01:48:55,999 - INFO - No streamers found on page 72. Retrying in 2 seconds...
2025-03-25 01:48:58,000 - DEBUG - Fetching page 73...
2025-03-25 01:48:58,002 - DEBUG - Starting new HTTPS connection (1): api.twitch.tv:443
2025-03-25 01:48:59,244 - DEBUG - https://api.twitch.tv:443 "GET /helix/streams?first=9&after=eyJiIjp7IkN1cnNvciI6ImV5SnpJam8zTVRZdU9EazRNVFE1T0Rrd05UWTROaXdpWkNJNlptRnNjMlVzSW5RaU9uUnlkV1Y5In0sImEiOnsiQ3Vyc29yIjoiZXlKeklqbzNNRGt1TWpReE5qVXhOekkxTmpBNE9Td2laQ0k2Wm1Gc2MyVXNJblFpT25SeWRXVjkifX0 HTTP/1.1" 200 1781
2025-03-25 01:48:59,246 - INFO - No streamers found on page 73. Retrying in 2 seconds...
2025-03-25 01:49:01,247 - DEBUG - Fetching page 74...
2025-03-25 01:49:01,250 - DEBUG - Starting new HTTPS connection (1): api.twitch.tv:443
2025-03-25 01:49:02,728 - DEBUG - https://api.twitch.tv:443 "GET /helix/streams?first=9&after=eyJiIjp7IkN1cnNvciI6ImV5SnpJam8zTURZdU9EZzNNamt5TVRBeU5ERTROeXdpWkNJNlptRnNjMlVzSW5RaU9uUnlkV1Y5In0sImEiOnsiQ3Vyc29yIjoiZXlKeklqbzJPVGt1TmpVNE1UWTVNVEV6TURnekxDSmtJanBtWVd4elpTd2lkQ0k2ZEhKMVpYMD0ifX0 HTTP/1.1" 200 1970
2025-03-25 01:49:02,730 - INFO - No streamers found on page 74. Retrying in 2 seconds...
2025-03-25 01:49:04,732 - DEBUG - Fetching page 75...
2025-03-25 01:49:04,733 - DEBUG - Starting new HTTPS connection (1): api.twitch.tv:443
2025-03-25 01:49:07,305 - DEBUG - https://api.twitch.tv:443 "GET /helix/streams?first=9&after=eyJiIjp7IkN1cnNvciI6ImV5SnpJam8yT1RrdU16QXhNVFExTURBME5ERXhOU3dpWkNJNlptRnNjMlVzSW5RaU9uUnlkV1Y5In0sImEiOnsiQ3Vyc29yIjoiZXlKeklqbzJPVEl1TkRjeE56RTRPREkyTWpjeE1pd2laQ0k2Wm1Gc2MyVXNJblFpT25SeWRXVjkifX0 HTTP/1.1" 200 1758
2025-03-25 01:49:07,308 - INFO - No streamers found on page 75. Retrying in 2 seconds...
2025-03-25 01:49:09,310 - DEBUG - Fetching page 76...
2025-03-25 01:49:09,313 - DEBUG - Starting new HTTPS connection (1): api.twitch.tv:443
2025-03-25 01:49:11,090 - DEBUG - https://api.twitch.tv:443 "GET /helix/streams?first=9&after=eyJiIjp7IkN1cnNvciI6ImV5SnpJam8yT1RFdU9UVTJNems1T0RNME5EY3hPU3dpWkNJNlptRnNjMlVzSW5RaU9uUnlkV1Y5In0sImEiOnsiQ3Vyc29yIjoiZXlKeklqbzJOelF1TlRZME56QXpNalF3TkRnMk55d2laQ0k2Wm1Gc2MyVXNJblFpT25SeWRXVjkifX0 HTTP/1.1" 200 None
2025-03-25 01:49:11,093 - INFO - No streamers found on page 76. Retrying in 2 seconds...
2025-03-25 01:49:13,094 - DEBUG - Fetching page 77...
2025-03-25 01:49:13,098 - DEBUG - Starting new HTTPS connection (1): api.twitch.tv:443
2025-03-25 01:49:14,581 - DEBUG - https://api.twitch.tv:443 "GET /helix/streams?first=9&after=eyJiIjp7IkN1cnNvciI6ImV5SnpJam8yT1RNdU16TTFNelV3TWpjNU16QTROeXdpWkNJNlptRnNjMlVzSW5RaU9uUnlkV1Y5In0sImEiOnsiQ3Vyc29yIjoiZXlKeklqbzJOall1TXpNMU1qVXdNamM1TXpBNE9Dd2laQ0k2Wm1Gc2MyVXNJblFpT25SeWRXVjkifX0 HTTP/1.1" 200 1944
2025-03-25 01:49:14,587 - INFO - No streamers found on page 77. Retrying in 2 seconds...
2025-03-25 01:49:16,589 - DEBUG - Fetching page 78...
2025-03-25 01:49:16,592 - DEBUG - Starting new HTTPS connection (1): api.twitch.tv:443
2025-03-25 01:49:17,944 - DEBUG - https://api.twitch.tv:443 "GET /helix/streams?first=9&after=eyJiIjp7IkN1cnNvciI6ImV5SnpJam8yTmpZdU1EVXpOVFl6T1RBME1qWXlOU3dpWkNJNlptRnNjMlVzSW5RaU9uUnlkV1Y5In0sImEiOnsiQ3Vyc29yIjoiZXlKeklqbzJOakF1TWpRd01qTTVOek0zTmpjME15d2laQ0k2Wm1Gc2MyVXNJblFpT25SeWRXVjkifX0 HTTP/1.1" 200 1824
2025-03-25 01:49:17,946 - INFO - No streamers found on page 78. Retrying in 2 seconds...
2025-03-25 01:49:19,948 - DEBUG - Fetching page 79...
2025-03-25 01:49:19,955 - DEBUG - Starting new HTTPS connection (1): api.twitch.tv:443
2025-03-25 01:49:22,277 - DEBUG - https://api.twitch.tv:443 "GET /helix/streams?first=9&after=eyJiIjp7IkN1cnNvciI6ImV5SnpJam8yTlRrdU9UTXlOVEkwTURZeU5EUTBOaXdpWkNJNlptRnNjMlVzSW5RaU9uUnlkV1Y5In0sImEiOnsiQ3Vyc29yIjoiZXlKeklqbzJOVE11TkRBeU9UazRNVGMzTnpJME5Dd2laQ0k2Wm1Gc2MyVXNJblFpT25SeWRXVjkifX0 HTTP/1.1" 200 1639
2025-03-25 01:49:22,279 - INFO - No streamers found on page 79. Retrying in 2 seconds...
2025-03-25 01:49:24,281 - DEBUG - Fetching page 80...
2025-03-25 01:49:24,283 - DEBUG - Starting new HTTPS connection (1): api.twitch.tv:443
2025-03-25 01:49:25,860 - DEBUG - https://api.twitch.tv:443 "GET /helix/streams?first=9&after=eyJiIjp7IkN1cnNvciI6ImV5SnpJam8yTlRJdU9UUTJOamc0TVRZME9UUTBOU3dpWkNJNlptRnNjMlVzSW5RaU9uUnlkV1Y5In0sImEiOnsiQ3Vyc29yIjoiZXlKeklqbzJORFF1TWprNE5qZ3lORFk1TnpjME15d2laQ0k2Wm1Gc2MyVXNJblFpT25SeWRXVjkifX0 HTTP/1.1" 200 1806
2025-03-25 01:49:25,864 - INFO - No streamers found on page 80. Retrying in 2 seconds...
2025-03-25 01:49:27,870 - DEBUG - Fetching page 81...
2025-03-25 01:49:27,873 - DEBUG - Starting new HTTPS connection (1): api.twitch.tv:443
2025-03-25 01:49:29,520 - DEBUG - https://api.twitch.tv:443 "GET /helix/streams?first=9&after=eyJiIjp7IkN1cnNvciI6ImV5SnpJam8yTkRRdU1URXpPVEl4TXpBNE1qRTRMQ0prSWpwbVlXeHpaU3dpZENJNmRISjFaWDA9In0sImEiOnsiQ3Vyc29yIjoiZXlKeklqbzJNell1TURRMU9EVXpOekEzTlRRM05Dd2laQ0k2Wm1Gc2MyVXNJblFpT25SeWRXVjkifX0 HTTP/1.1" 200 1773
2025-03-25 01:49:29,524 - INFO - No streamers found on page 81. Retrying in 2 seconds...
2025-03-25 01:49:31,524 - DEBUG - Fetching page 82...
2025-03-25 01:49:31,535 - DEBUG - Starting new HTTPS connection (1): api.twitch.tv:443
2025-03-25 01:49:32,925 - DEBUG - https://api.twitch.tv:443 "GET /helix/streams?first=9&after=eyJiIjp7IkN1cnNvciI6ImV5SnpJam8yTXpRdU5qUTJOVGM1TmpBd016SXlOaXdpWkNJNlptRnNjMlVzSW5RaU9uUnlkV1Y5In0sImEiOnsiQ3Vyc29yIjoiZXlKeklqbzJNamt1TnpJd05UWTFPVEF6TkRZME1Td2laQ0k2Wm1Gc2MyVXNJblFpT25SeWRXVjkifX0 HTTP/1.1" 200 1714
2025-03-25 01:49:32,928 - INFO - No streamers found on page 82. Retrying in 2 seconds...
2025-03-25 01:49:34,929 - DEBUG - Fetching page 83...
2025-03-25 01:49:34,931 - DEBUG - Starting new HTTPS connection (1): api.twitch.tv:443
2025-03-25 01:49:36,474 - DEBUG - https://api.twitch.tv:443 "GET /helix/streams?first=9&after=eyJiIjp7IkN1cnNvciI6ImV5SnpJam8yTWprdU5qRXpORGt3TURNd016RXlNeXdpWkNJNlptRnNjMlVzSW5RaU9uUnlkV1Y5In0sImEiOnsiQ3Vyc29yIjoiZXlKeklqbzJNalF1TWpJd016TTVNalkyTWpNeE9Td2laQ0k2Wm1Gc2MyVXNJblFpT25SeWRXVjkifX0 HTTP/1.1" 200 1762
2025-03-25 01:49:36,478 - INFO - No streamers found on page 83. Retrying in 2 seconds...
2025-03-25 01:49:38,479 - DEBUG - Fetching page 84...
2025-03-25 01:49:38,484 - DEBUG - Starting new HTTPS connection (1): api.twitch.tv:443
2025-03-25 01:49:39,962 - DEBUG - https://api.twitch.tv:443 "GET /helix/streams?first=9&after=eyJiIjp7IkN1cnNvciI6ImV5SnpJam8yTWpNdU1EQTVPVE0wTnpJd05UZzFOU3dpWkNJNlptRnNjMlVzSW5RaU9uUnlkV1Y5In0sImEiOnsiQ3Vyc29yIjoiZXlKeklqbzJNVEl1T1RRMk16RXhNREE0T1RNME1Td2laQ0k2Wm1Gc2MyVXNJblFpT25SeWRXVjkifX0 HTTP/1.1" 200 1747
2025-03-25 01:49:39,966 - INFO - No streamers found on page 84. Retrying in 2 seconds...
2025-03-25 01:49:41,968 - DEBUG - Fetching page 85...
2025-03-25 01:49:41,969 - DEBUG - Starting new HTTPS connection (1): api.twitch.tv:443
2025-03-25 01:49:43,116 - DEBUG - https://api.twitch.tv:443 "GET /helix/streams?first=9&after=eyJiIjp7IkN1cnNvciI6ImV5SnpJam8yTVRJdU5EazJNVFkwT1RFNE5USTNMQ0prSWpwbVlXeHpaU3dpZENJNmRISjFaWDA9In0sImEiOnsiQ3Vyc29yIjoiZXlKeklqbzJNREV1TlRJNE9UY3lNVFk1T0RBek5Dd2laQ0k2Wm1Gc2MyVXNJblFpT25SeWRXVjkifX0 HTTP/1.1" 200 1736
2025-03-25 01:49:43,119 - INFO - No streamers found on page 85. Retrying in 2 seconds...
2025-03-25 01:49:45,120 - DEBUG - Fetching page 86...
2025-03-25 01:49:45,122 - DEBUG - Starting new HTTPS connection (1): api.twitch.tv:443
2025-03-25 01:49:46,502 - DEBUG - https://api.twitch.tv:443 "GET /helix/streams?first=9&after=eyJiIjp7IkN1cnNvciI6ImV5SnpJam8xT1RrdU9EWTVNakF6TXpVME5ETTBOQ3dpWkNJNlptRnNjMlVzSW5RaU9uUnlkV1Y5In0sImEiOnsiQ3Vyc29yIjoiZXlKeklqbzFPVFF1TWprd05USXlPRFk1TXpReE15d2laQ0k2Wm1Gc2MyVXNJblFpT25SeWRXVjkifX0 HTTP/1.1" 200 1669
2025-03-25 01:49:46,506 - INFO - No streamers found on page 86. Retrying in 2 seconds...
2025-03-25 01:49:48,507 - DEBUG - Fetching page 87...
2025-03-25 01:49:48,509 - DEBUG - Starting new HTTPS connection (1): api.twitch.tv:443
2025-03-25 01:49:49,732 - DEBUG - https://api.twitch.tv:443 "GET /helix/streams?first=9&after=eyJiIjp7IkN1cnNvciI6ImV5SnpJam8xT1RNdU9UYzBNamN4TnpRNU9ETTROeXdpWkNJNlptRnNjMlVzSW5RaU9uUnlkV1Y5In0sImEiOnsiQ3Vyc29yIjoiZXlKeklqbzFPRGN1TWpNd01EYzRNRFk0T1RFeE1pd2laQ0k2Wm1Gc2MyVXNJblFpT25SeWRXVjkifX0 HTTP/1.1" 200 2048
2025-03-25 01:49:49,735 - INFO - No streamers found on page 87. Retrying in 2 seconds...
2025-03-25 01:49:51,736 - DEBUG - Fetching page 88...
2025-03-25 01:49:51,739 - DEBUG - Starting new HTTPS connection (1): api.twitch.tv:443
2025-03-25 01:49:53,044 - DEBUG - https://api.twitch.tv:443 "GET /helix/streams?first=9&after=eyJiIjp7IkN1cnNvciI6ImV5SnpJam8xT0RZdU9EWXhPVGsyT0RjME5ERXpPU3dpWkNJNlptRnNjMlVzSW5RaU9uUnlkV1Y5In0sImEiOnsiQ3Vyc29yIjoiZXlKeklqbzFOemt1TmpjMk9USXhNVGM1T1RjeE5pd2laQ0k2Wm1Gc2MyVXNJblFpT25SeWRXVjkifX0 HTTP/1.1" 200 2002
2025-03-25 01:49:53,057 - INFO - No streamers found on page 88. Retrying in 2 seconds...
2025-03-25 01:49:55,059 - DEBUG - Fetching page 89...
2025-03-25 01:49:55,063 - DEBUG - Starting new HTTPS connection (1): api.twitch.tv:443
2025-03-25 01:49:56,673 - DEBUG - https://api.twitch.tv:443 "GET /helix/streams?first=9&after=eyJiIjp7IkN1cnNvciI6ImV5SnpJam8xTnprdU5UVXdPVEU1TVRjME9ERXdOaXdpWkNJNlptRnNjMlVzSW5RaU9uUnlkV1Y5In0sImEiOnsiQ3Vyc29yIjoiZXlKeklqbzFOelV1TlRNMU5EVTVOVEkzTkRZM09Td2laQ0k2Wm1Gc2MyVXNJblFpT25SeWRXVjkifX0 HTTP/1.1" 200 1693
2025-03-25 01:49:56,676 - INFO - No streamers found on page 89. Retrying in 2 seconds...
2025-03-25 01:49:58,677 - DEBUG - Fetching page 90...
2025-03-25 01:49:58,681 - DEBUG - Starting new HTTPS connection (1): api.twitch.tv:443
2025-03-25 01:49:59,887 - DEBUG - https://api.twitch.tv:443 "GET /helix/streams?first=9&after=eyJiIjp7IkN1cnNvciI6ImV5SnpJam8xTnpVdU5EZzBOakkyTnpNME9UYzFMQ0prSWpwbVlXeHpaU3dpZENJNmRISjFaWDA9In0sImEiOnsiQ3Vyc29yIjoiZXlKeklqbzFOekl1TURJME1qWTVOREkzTWpReE5Td2laQ0k2Wm1Gc2MyVXNJblFpT25SeWRXVjkifX0 HTTP/1.1" 200 1723
2025-03-25 01:49:59,889 - INFO - No streamers found on page 90. Retrying in 2 seconds...
2025-03-25 01:50:01,890 - DEBUG - Fetching page 91...
2025-03-25 01:50:01,894 - DEBUG - Starting new HTTPS connection (1): api.twitch.tv:443
2025-03-25 01:50:03,242 - DEBUG - https://api.twitch.tv:443 "GET /helix/streams?first=9&after=eyJiIjp7IkN1cnNvciI6ImV5SnpJam8xTnpFdU5qSTNNelUwT0RJM09EVTFOaXdpWkNJNlptRnNjMlVzSW5RaU9uUnlkV1Y5In0sImEiOnsiQ3Vyc29yIjoiZXlKeklqbzFOamN1TmpZNE9EVTROalF4TURRMkxDSmtJanBtWVd4elpTd2lkQ0k2ZEhKMVpYMD0ifX0 HTTP/1.1" 200 1581
2025-03-25 01:50:03,244 - INFO - No streamers found on page 91. Retrying in 2 seconds...
2025-03-25 01:50:05,245 - DEBUG - Fetching page 92...
2025-03-25 01:50:05,254 - DEBUG - Starting new HTTPS connection (1): api.twitch.tv:443
2025-03-25 01:50:06,449 - DEBUG - https://api.twitch.tv:443 "GET /helix/streams?first=9&after=eyJiIjp7IkN1cnNvciI6ImV5SnpJam8xTmpZdU1qVTVPRGMyTmpRek5qQXdPQ3dpWkNJNlptRnNjMlVzSW5RaU9uUnlkV1Y5In0sImEiOnsiQ3Vyc29yIjoiZXlKeklqbzFOakV1TlRnNE1qTTNNVEF6T1Rjek15d2laQ0k2Wm1Gc2MyVXNJblFpT25SeWRXVjkifX0 HTTP/1.1" 200 1831
2025-03-25 01:50:06,452 - INFO - No streamers found on page 92. Retrying in 2 seconds...
2025-03-25 01:50:08,453 - DEBUG - Fetching page 93...
2025-03-25 01:50:08,465 - DEBUG - Starting new HTTPS connection (1): api.twitch.tv:443
2025-03-25 01:50:09,736 - DEBUG - https://api.twitch.tv:443 "GET /helix/streams?first=9&after=eyJiIjp7IkN1cnNvciI6ImV5SnpJam8xTmpFdU1EY3lNalEyTURFek5EVTRPU3dpWkNJNlptRnNjMlVzSW5RaU9uUnlkV1Y5In0sImEiOnsiQ3Vyc29yIjoiZXlKeklqbzFOVE11TkRNNE5UY3pOVGswTXpjd01pd2laQ0k2Wm1Gc2MyVXNJblFpT25SeWRXVjkifX0 HTTP/1.1" 200 1637
2025-03-25 01:50:09,740 - INFO - No streamers found on page 93. Retrying in 2 seconds...
2025-03-25 01:50:11,742 - DEBUG - Fetching page 94...
2025-03-25 01:50:11,746 - DEBUG - Starting new HTTPS connection (1): api.twitch.tv:443
2025-03-25 01:50:13,203 - DEBUG - https://api.twitch.tv:443 "GET /helix/streams?first=9&after=eyJiIjp7IkN1cnNvciI6ImV5SnpJam8xTnprdU16UXlPRE15TnpFeE5qQTFNU3dpWkNJNlptRnNjMlVzSW5RaU9uUnlkV1Y5In0sImEiOnsiQ3Vyc29yIjoiZXlKeklqbzFORGt1TURFd05qQXlNRGd5TmpVM0xDSmtJanBtWVd4elpTd2lkQ0k2ZEhKMVpYMD0ifX0 HTTP/1.1" 200 1821
2025-03-25 01:50:13,206 - INFO - No streamers found on page 94. Retrying in 2 seconds...
2025-03-25 01:50:15,207 - DEBUG - Fetching page 95...
2025-03-25 01:50:15,212 - DEBUG - Starting new HTTPS connection (1): api.twitch.tv:443
2025-03-25 01:50:16,482 - DEBUG - https://api.twitch.tv:443 "GET /helix/streams?first=9&after=eyJiIjp7IkN1cnNvciI6ImV5SnpJam8xTkRndU1EazBOVEUwTVRjMU5UY3pNU3dpWkNJNlptRnNjMlVzSW5RaU9uUnlkV1Y5In0sImEiOnsiQ3Vyc29yIjoiZXlKeklqbzFORE11TXpZeE16QTRNVEU0TWpReU55d2laQ0k2Wm1Gc2MyVXNJblFpT25SeWRXVjkifX0 HTTP/1.1" 200 1948
2025-03-25 01:50:16,484 - INFO - No streamers found on page 95. Retrying in 2 seconds...
2025-03-25 01:50:18,485 - DEBUG - Fetching page 96...
2025-03-25 01:50:18,486 - DEBUG - Starting new HTTPS connection (1): api.twitch.tv:443
2025-03-25 01:50:19,869 - DEBUG - https://api.twitch.tv:443 "GET /helix/streams?first=9&after=eyJiIjp7IkN1cnNvciI6ImV5SnpJam8xTkRNdU1ERTJPVGc1T1Rjek5qRXdOU3dpWkNJNlptRnNjMlVzSW5RaU9uUnlkV1Y5In0sImEiOnsiQ3Vyc29yIjoiZXlKeklqbzFOREF1T0Rjek9UVTNNVEV3TVRNMk9Td2laQ0k2Wm1Gc2MyVXNJblFpT25SeWRXVjkifX0 HTTP/1.1" 200 1793
2025-03-25 01:50:19,872 - INFO - No streamers found on page 96. Retrying in 2 seconds...
2025-03-25 01:50:21,873 - DEBUG - Fetching page 97...
2025-03-25 01:50:21,878 - DEBUG - Starting new HTTPS connection (1): api.twitch.tv:443
2025-03-25 01:50:23,251 - DEBUG - https://api.twitch.tv:443 "GET /helix/streams?first=9&after=eyJiIjp7IkN1cnNvciI6ImV5SnpJam8xTkRBdU1EWTFPVFkyTmpjNE1UQXdNaXdpWkNJNlptRnNjMlVzSW5RaU9uUnlkV1Y5In0sImEiOnsiQ3Vyc29yIjoiZXlKeklqbzFNekl1TnpJd01qRXhOVGcxTnpRNE5pd2laQ0k2Wm1Gc2MyVXNJblFpT25SeWRXVjkifX0 HTTP/1.1" 200 1759
2025-03-25 01:50:23,253 - INFO - No streamers found on page 97. Retrying in 2 seconds...
2025-03-25 01:50:25,254 - DEBUG - Fetching page 98...
2025-03-25 01:50:25,259 - DEBUG - Starting new HTTPS connection (1): api.twitch.tv:443
2025-03-25 01:50:26,883 - DEBUG - https://api.twitch.tv:443 "GET /helix/streams?first=9&after=eyJiIjp7IkN1cnNvciI6ImV5SnpJam8xTXpFdU1EYzFPRFl4TnpRNU1qVTJPU3dpWkNJNlptRnNjMlVzSW5RaU9uUnlkV1Y5In0sImEiOnsiQ3Vyc29yIjoiZXlKeklqbzFNakl1TnpZeE5qWXpNemsxTmpnMk1Td2laQ0k2Wm1Gc2MyVXNJblFpT25SeWRXVjkifX0 HTTP/1.1" 200 1989
2025-03-25 01:50:26,885 - INFO - No streamers found on page 98. Retrying in 2 seconds...
2025-03-25 01:50:28,887 - DEBUG - Fetching page 99...
2025-03-25 01:50:28,888 - DEBUG - Starting new HTTPS connection (1): api.twitch.tv:443
2025-03-25 01:50:30,716 - DEBUG - https://api.twitch.tv:443 "GET /helix/streams?first=9&after=eyJiIjp7IkN1cnNvciI6ImV5SnpJam8xTWpJdU5qa3hPVFk1TURVME9URXlNaXdpWkNJNlptRnNjMlVzSW5RaU9uUnlkV1Y5In0sImEiOnsiQ3Vyc29yIjoiZXlKeklqbzFNVGt1TWpZMk56STBPREU0TlRFeE1pd2laQ0k2Wm1Gc2MyVXNJblFpT25SeWRXVjkifX0 HTTP/1.1" 200 1665
2025-03-25 01:50:30,718 - INFO - No streamers found on page 99. Retrying in 2 seconds...
2025-03-25 01:50:32,720 - DEBUG - Fetching page 100...
2025-03-25 01:50:32,722 - DEBUG - Starting new HTTPS connection (1): api.twitch.tv:443
2025-03-25 01:50:33,882 - DEBUG - https://api.twitch.tv:443 "GET /helix/streams?first=9&after=eyJiIjp7IkN1cnNvciI6ImV5SnpJam8xTVRndU9UWTBOemt5T0RrMk9UZzFNeXdpWkNJNlptRnNjMlVzSW5RaU9uUnlkV1Y5In0sImEiOnsiQ3Vyc29yIjoiZXlKeklqbzFNVFV1TVRrNU5UUTVOekEzTWpJM09Td2laQ0k2Wm1Gc2MyVXNJblFpT25SeWRXVjkifX0 HTTP/1.1" 200 1734
2025-03-25 01:50:33,884 - INFO - No streamers found on page 100. Retrying in 2 seconds...
2025-03-25 01:50:35,884 - ERROR - Reached max pages but found no streamers.
2025-03-25 01:50:35,886 - INFO - No streamers found matching criteria.
