2025-03-25 05:36:56,861 - DEBUG - Fetching page 1...
2025-03-25 05:36:56,877 - DEBUG - Starting new HTTPS connection (1): api.twitch.tv:443
2025-03-25 05:36:58,328 - DEBUG - https://api.twitch.tv:443 "GET /helix/streams?first=100 HTTP/1.1" 200 None
2025-03-25 05:36:58,586 - INFO - No streamers found on page 1. Retrying in 2 seconds...
2025-03-25 05:37:00,588 - DEBUG - Fetching page 2...
2025-03-25 05:37:00,590 - DEBUG - Starting new HTTPS connection (1): api.twitch.tv:443
2025-03-25 05:37:01,728 - DEBUG - https://api.twitch.tv:443 "GET /helix/streams?first=100&after=eyJiIjp7IkN1cnNvciI6ImV5SnpJam8wTkRVd01DNHlPRGN4TnpZNE16a3hOQ3dpWkNJNlptRnNjMlVzSW5RaU9uUnlkV1Y5In0sImEiOnsiQ3Vyc29yIjoiZXlKeklqb3pNREF6TGpFek1UVXdOemcyT1RZM01ETXNJbVFpT21aaGJITmxMQ0owSWpwMGNuVmxmUT09In19 HTTP/1.1" 200 None
2025-03-25 05:37:01,734 - INFO - No streamers found on page 2. Retrying in 2 seconds...
2025-03-25 05:37:03,735 - DEBUG - Fetching page 3...
2025-03-25 05:37:03,735 - DEBUG - Starting new HTTPS connection (1): api.twitch.tv:443
2025-03-25 05:37:04,989 - DEBUG - https://api.twitch.tv:443 "GET /helix/streams?first=100&after=eyJiIjp7IkN1cnNvciI6ImV5SnpJam95T1RreExqVTRNakE1TURFd01EZzNORGNzSW1RaU9tWmhiSE5sTENKMElqcDBjblZsZlE9PSJ9LCJhIjp7IkN1cnNvciI6ImV5SnpJam94TmpBMUxqY3dOREV5T1RneE5UTXlPRFVzSW1RaU9tWmhiSE5sTENKMElqcDBjblZsZlE9PSJ9fQ HTTP/1.1" 200 None
2025-03-25 05:37:04,993 - INFO - No streamers found on page 3. Retrying in 2 seconds...
2025-03-25 05:37:07,003 - DEBUG - Fetching page 4...
2025-03-25 05:37:07,003 - DEBUG - Starting new HTTPS connection (1): api.twitch.tv:443
2025-03-25 05:37:07,982 - DEBUG - https://api.twitch.tv:443 "GET /helix/streams?first=100&after=eyJiIjp7IkN1cnNvciI6ImV5SnpJam94TmpBekxqUTROVEV3T1RnME5UYzFOU3dpWkNJNlptRnNjMlVzSW5RaU9uUnlkV1Y5In0sImEiOnsiQ3Vyc29yIjoiZXlKeklqb3hNVEF4TGpRMk5EVTVOakF3TXprek1Ea3NJbVFpT21aaGJITmxMQ0owSWpwMGNuVmxmUT09In19 HTTP/1.1" 200 None
2025-03-25 05:37:07,982 - INFO - No streamers found on page 4. Retrying in 2 seconds...
2025-03-25 05:37:09,994 - DEBUG - Fetching page 5...
2025-03-25 05:37:09,994 - DEBUG - Starting new HTTPS connection (1): api.twitch.tv:443
2025-03-25 05:37:11,072 - DEBUG - https://api.twitch.tv:443 "GET /helix/streams?first=100&after=eyJiIjp7IkN1cnNvciI6ImV5SnpJam94TVRBeExqSXhORFExTnpJek1UWXlNemdzSW1RaU9tWmhiSE5sTENKMElqcDBjblZsZlE9PSJ9LCJhIjp7IkN1cnNvciI6ImV5SnpJam80TlRZdU16WXlNRGN4TlRBMk5Ua3pOaXdpWkNJNlptRnNjMlVzSW5RaU9uUnlkV1Y5In19 HTTP/1.1" 200 None
2025-03-25 05:37:11,088 - INFO - No streamers found on page 5. Retrying in 2 seconds...
2025-03-25 05:37:13,097 - DEBUG - Fetching page 6...
2025-03-25 05:37:13,097 - DEBUG - Starting new HTTPS connection (1): api.twitch.tv:443
2025-03-25 05:37:14,196 - DEBUG - https://api.twitch.tv:443 "GET /helix/streams?first=100&after=eyJiIjp7IkN1cnNvciI6ImV5SnpJam80TlRRdU16TTRNRFF6TVRNNU16azBPQ3dpWkNJNlptRnNjMlVzSW5RaU9uUnlkV1Y5In0sImEiOnsiQ3Vyc29yIjoiZXlKeklqbzJPRFV1TnpNeE5qSTNPRE0xTVRrME1pd2laQ0k2Wm1Gc2MyVXNJblFpT25SeWRXVjkifX0 HTTP/1.1" 200 None
2025-03-25 05:37:14,471 - INFO - No streamers found on page 6. Retrying in 2 seconds...
2025-03-25 05:37:16,471 - DEBUG - Fetching page 7...
2025-03-25 05:37:16,479 - DEBUG - Starting new HTTPS connection (1): api.twitch.tv:443
2025-03-25 05:37:17,543 - DEBUG - https://api.twitch.tv:443 "GET /helix/streams?first=100&after=eyJiIjp7IkN1cnNvciI6ImV5SnpJam8yT0RRdU5UVTJNakk1TURRNE5UTTRNU3dpWkNJNlptRnNjMlVzSW5RaU9uUnlkV1Y5In0sImEiOnsiQ3Vyc29yIjoiZXlKeklqbzFOalF1TURjMU56WXhOelE1TWpVMk9Td2laQ0k2Wm1Gc2MyVXNJblFpT25SeWRXVjkifX0 HTTP/1.1" 200 None
2025-03-25 05:37:17,813 - INFO - No streamers found on page 7. Retrying in 2 seconds...
2025-03-25 05:37:19,815 - DEBUG - Fetching page 8...
2025-03-25 05:37:19,828 - DEBUG - Starting new HTTPS connection (1): api.twitch.tv:443
2025-03-25 05:37:21,367 - DEBUG - https://api.twitch.tv:443 "GET /helix/streams?first=100&after=eyJiIjp7IkN1cnNvciI6ImV5SnpJam8xTmpNdU56a3hNRE16TmpBek5qWTRMQ0prSWpwbVlXeHpaU3dpZENJNmRISjFaWDA9In0sImEiOnsiQ3Vyc29yIjoiZXlKeklqbzBPREF1TnpZM01UUTVOVEU0TnpFNE5EUXNJbVFpT21aaGJITmxMQ0owSWpwMGNuVmxmUT09In19 HTTP/1.1" 200 None
2025-03-25 05:37:21,383 - INFO - No streamers found on page 8. Retrying in 2 seconds...
2025-03-25 05:37:23,390 - DEBUG - Fetching page 9...
2025-03-25 05:37:23,394 - DEBUG - Starting new HTTPS connection (1): api.twitch.tv:443
2025-03-25 05:37:24,412 - DEBUG - https://api.twitch.tv:443 "GET /helix/streams?first=100&after=eyJiIjp7IkN1cnNvciI6ImV5SnpJam8wT0RBdU1EZ3dORFF3TVRBNU1UUTROeXdpWkNJNlptRnNjMlVzSW5RaU9uUnlkV1Y5In0sImEiOnsiQ3Vyc29yIjoiZXlKeklqbzBNRGd1T0RZNE1EWXpNVEk1TnpRNU56Y3NJbVFpT21aaGJITmxMQ0owSWpwMGNuVmxmUT09In19 HTTP/1.1" 200 None
2025-03-25 05:37:24,675 - INFO - No streamers found on page 9. Retrying in 2 seconds...
2025-03-25 05:37:26,689 - DEBUG - Fetching page 10...
2025-03-25 05:37:26,689 - DEBUG - Starting new HTTPS connection (1): api.twitch.tv:443
2025-03-25 05:37:27,721 - DEBUG - https://api.twitch.tv:443 "GET /helix/streams?first=100&after=eyJiIjp7IkN1cnNvciI6ImV5SnpJam8wTURndU5UUTRNREUyTVRJNU5ESXlMQ0prSWpwbVlXeHpaU3dpZENJNmRISjFaWDA9In0sImEiOnsiQ3Vyc29yIjoiZXlKeklqb3pOVGd1TlRNeE5EZzNNamd5TXpFNU5EWXNJbVFpT21aaGJITmxMQ0owSWpwMGNuVmxmUT09In19 HTTP/1.1" 200 None
2025-03-25 05:37:27,989 - INFO - No streamers found on page 10. Retrying in 2 seconds...
2025-03-25 05:37:29,998 - DEBUG - Fetching page 11...
2025-03-25 05:37:29,998 - DEBUG - Starting new HTTPS connection (1): api.twitch.tv:443
2025-03-25 05:37:30,993 - DEBUG - https://api.twitch.tv:443 "GET /helix/streams?first=100&after=eyJiIjp7IkN1cnNvciI6ImV5SnpJam96TlRndU5ERXhPVFEyTXpZeE56UTNOVFFzSW1RaU9tWmhiSE5sTENKMElqcDBjblZsZlE9PSJ9LCJhIjp7IkN1cnNvciI6ImV5SnpJam96TWpFdU5Ea3hORFE1T0RNeE5qazJOeXdpWkNJNlptRnNjMlVzSW5RaU9uUnlkV1Y5In19 HTTP/1.1" 200 None
2025-03-25 05:37:31,010 - INFO - No streamers found on page 11. Retrying in 2 seconds...
2025-03-25 05:37:33,012 - DEBUG - Fetching page 12...
2025-03-25 05:37:33,012 - DEBUG - Starting new HTTPS connection (1): api.twitch.tv:443
2025-03-25 05:37:34,093 - DEBUG - https://api.twitch.tv:443 "GET /helix/streams?first=100&after=eyJiIjp7IkN1cnNvciI6ImV5SnpJam96TWpBdU9UYzJPVEUwTmpRM01ESTVPU3dpWkNJNlptRnNjMlVzSW5RaU9uUnlkV1Y5In0sImEiOnsiQ3Vyc29yIjoiZXlKeklqb3lPVEV1T0RNME56azBORGsxTWpjNU15d2laQ0k2Wm1Gc2MyVXNJblFpT25SeWRXVjkifX0 HTTP/1.1" 200 None
2025-03-25 05:37:34,376 - INFO - No streamers found on page 12. Retrying in 2 seconds...
2025-03-25 05:37:36,376 - DEBUG - Fetching page 13...
2025-03-25 05:37:36,376 - DEBUG - Starting new HTTPS connection (1): api.twitch.tv:443
2025-03-25 05:37:37,523 - DEBUG - https://api.twitch.tv:443 "GET /helix/streams?first=100&after=eyJiIjp7IkN1cnNvciI6ImV5SnpJam95T1RFdU5EWTJNVGcyTURNNU1qVTRNeXdpWkNJNlptRnNjMlVzSW5RaU9uUnlkV1Y5In0sImEiOnsiQ3Vyc29yIjoiZXlKeklqb3lOalV1TkRZek1EUTNORGt4TlRVM016VXNJbVFpT21aaGJITmxMQ0owSWpwMGNuVmxmUT09In19 HTTP/1.1" 200 None
2025-03-25 05:37:37,804 - INFO - No streamers found on page 13. Retrying in 2 seconds...
2025-03-25 05:37:39,805 - DEBUG - Fetching page 14...
2025-03-25 05:37:39,808 - DEBUG - Starting new HTTPS connection (1): api.twitch.tv:443
2025-03-25 05:37:41,610 - DEBUG - https://api.twitch.tv:443 "GET /helix/streams?first=100&after=eyJiIjp7IkN1cnNvciI6ImV5SnpJam95TmpRdU5qVTFOVGs0TURnME16WXlNU3dpWkNJNlptRnNjMlVzSW5RaU9uUnlkV1Y5In0sImEiOnsiQ3Vyc29yIjoiZXlKeklqb3lNemt1T0RJeU9EZ3dNVEEyTXpBeE16Y3NJbVFpT21aaGJITmxMQ0owSWpwMGNuVmxmUT09In19 HTTP/1.1" 200 None
2025-03-25 05:37:41,873 - INFO - No streamers found on page 14. Retrying in 2 seconds...
2025-03-25 05:37:43,882 - DEBUG - Fetching page 15...
2025-03-25 05:37:43,884 - DEBUG - Starting new HTTPS connection (1): api.twitch.tv:443
2025-03-25 05:37:45,225 - DEBUG - https://api.twitch.tv:443 "GET /helix/streams?first=100&after=eyJiIjp7IkN1cnNvciI6ImV5SnpJam95TXprdU56TXhPVGM1TlRBd01qQTNNU3dpWkNJNlptRnNjMlVzSW5RaU9uUnlkV1Y5In0sImEiOnsiQ3Vyc29yIjoiZXlKeklqb3lNVGt1TnpZMk56QXlPRE0yTXpnNE1EZ3NJbVFpT21aaGJITmxMQ0owSWpwMGNuVmxmUT09In19 HTTP/1.1" 200 None
2025-03-25 05:37:45,231 - INFO - No streamers found on page 15. Retrying in 2 seconds...
2025-03-25 05:37:47,235 - DEBUG - Fetching page 16...
2025-03-25 05:37:47,238 - DEBUG - Starting new HTTPS connection (1): api.twitch.tv:443
2025-03-25 05:37:48,309 - DEBUG - https://api.twitch.tv:443 "GET /helix/streams?first=100&after=eyJiIjp7IkN1cnNvciI6ImV5SnpJam95TVRrdU5qVTVNamMyTkRnMU16WXpPQ3dpWkNJNlptRnNjMlVzSW5RaU9uUnlkV1Y5In0sImEiOnsiQ3Vyc29yIjoiZXlKeklqb3lNRE11TmpReE5EVTNORE0xTmpVME5EY3NJbVFpT21aaGJITmxMQ0owSWpwMGNuVmxmUT09In19 HTTP/1.1" 200 None
2025-03-25 05:37:48,309 - INFO - No streamers found on page 16. Retrying in 2 seconds...
2025-03-25 05:37:50,316 - DEBUG - Fetching page 17...
2025-03-25 05:37:50,317 - DEBUG - Starting new HTTPS connection (1): api.twitch.tv:443
2025-03-25 05:37:51,514 - DEBUG - https://api.twitch.tv:443 "GET /helix/streams?first=100&after=eyJiIjp7IkN1cnNvciI6ImV5SnpJam95TURNdU5qQXhNakE1TURJek9EYzBOVE1zSW1RaU9tWmhiSE5sTENKMElqcDBjblZsZlE9PSJ9LCJhIjp7IkN1cnNvciI6ImV5SnpJam94T0RrdU16RTFORGswT0Rrek5EZzRMQ0prSWpwbVlXeHpaU3dpZENJNmRISjFaWDA9In19 HTTP/1.1" 200 None
2025-03-25 05:37:51,514 - INFO - No streamers found on page 17. Retrying in 2 seconds...
2025-03-25 05:37:53,522 - DEBUG - Fetching page 18...
2025-03-25 05:37:53,526 - DEBUG - Starting new HTTPS connection (1): api.twitch.tv:443
2025-03-25 05:37:54,733 - DEBUG - https://api.twitch.tv:443 "GET /helix/streams?first=100&after=eyJiIjp7IkN1cnNvciI6ImV5SnpJam94T0RrdU1qZzJORFUxTkRZM05qUXlPRGNzSW1RaU9tWmhiSE5sTENKMElqcDBjblZsZlE9PSJ9LCJhIjp7IkN1cnNvciI6ImV5SnpJam94TnpVdU1qRTFOREV6TkRZMk1qQTVNRFFzSW1RaU9tWmhiSE5sTENKMElqcDBjblZsZlE9PSJ9fQ HTTP/1.1" 200 None
2025-03-25 05:37:54,996 - INFO - No streamers found on page 18. Retrying in 2 seconds...
2025-03-25 05:37:56,996 - DEBUG - Fetching page 19...
2025-03-25 05:37:56,996 - DEBUG - Starting new HTTPS connection (1): api.twitch.tv:443
2025-03-25 05:37:58,171 - DEBUG - https://api.twitch.tv:443 "GET /helix/streams?first=100&after=eyJiIjp7IkN1cnNvciI6ImV5SnpJam94TnpVdU1UWXpNamcxTURJeE1qUXlOVE1zSW1RaU9tWmhiSE5sTENKMElqcDBjblZsZlE9PSJ9LCJhIjp7IkN1cnNvciI6ImV5SnpJam94TmpNdU5EWTRORGM1TWpFMU1UQTJOeXdpWkNJNlptRnNjMlVzSW5RaU9uUnlkV1Y5In19 HTTP/1.1" 200 None
2025-03-25 05:37:58,430 - INFO - No streamers found on page 19. Retrying in 2 seconds...
2025-03-25 05:38:00,444 - DEBUG - Fetching page 20...
2025-03-25 05:38:00,444 - DEBUG - Starting new HTTPS connection (1): api.twitch.tv:443
2025-03-25 05:38:01,670 - DEBUG - https://api.twitch.tv:443 "GET /helix/streams?first=100&after=eyJiIjp7IkN1cnNvciI6ImV5SnpJam94TmpNdU1qazFOVEExTVRVME9UUTJOeXdpWkNJNlptRnNjMlVzSW5RaU9uUnlkV1Y5In0sImEiOnsiQ3Vyc29yIjoiZXlKeklqb3hOVFF1TlRBME9UQTFNemszTURJd01UUXNJbVFpT21aaGJITmxMQ0owSWpwMGNuVmxmUT09In19 HTTP/1.1" 200 None
2025-03-25 05:38:01,928 - INFO - No streamers found on page 20. Retrying in 2 seconds...
2025-03-25 05:38:03,937 - DEBUG - Fetching page 21...
2025-03-25 05:38:03,937 - DEBUG - Starting new HTTPS connection (1): api.twitch.tv:443
2025-03-25 05:38:04,982 - DEBUG - https://api.twitch.tv:443 "GET /helix/streams?first=100&after=eyJiIjp7IkN1cnNvciI6ImV5SnpJam94TlRRdU16SXpNRFF3TkRZNE9USTJNeXdpWkNJNlptRnNjMlVzSW5RaU9uUnlkV1Y5In0sImEiOnsiQ3Vyc29yIjoiZXlKeklqb3hORFl1TURBMU1qQTFNVEkwTmpnd09Dd2laQ0k2Wm1Gc2MyVXNJblFpT25SeWRXVjkifX0 HTTP/1.1" 200 None
2025-03-25 05:38:05,247 - INFO - No streamers found on page 21. Retrying in 2 seconds...
2025-03-25 05:38:07,248 - DEBUG - Fetching page 22...
2025-03-25 05:38:07,254 - DEBUG - Starting new HTTPS connection (1): api.twitch.tv:443
2025-03-25 05:38:08,372 - DEBUG - https://api.twitch.tv:443 "GET /helix/streams?first=100&after=eyJiIjp7IkN1cnNvciI6ImV5SnpJam94TkRVdU9UUTRNVEF4TWpreU16VXlNaklzSW1RaU9tWmhiSE5sTENKMElqcDBjblZsZlE9PSJ9LCJhIjp7IkN1cnNvciI6ImV5SnpJam94TXpjdU9EazRORGczTlRZME5qZ3hNeklzSW1RaU9tWmhiSE5sTENKMElqcDBjblZsZlE9PSJ9fQ HTTP/1.1" 200 None
2025-03-25 05:38:08,638 - INFO - No streamers found on page 22. Retrying in 2 seconds...
2025-03-25 05:38:10,648 - DEBUG - Fetching page 23...
2025-03-25 05:38:10,648 - DEBUG - Starting new HTTPS connection (1): api.twitch.tv:443
2025-03-25 05:38:11,626 - DEBUG - https://api.twitch.tv:443 "GET /helix/streams?first=100&after=eyJiIjp7IkN1cnNvciI6ImV5SnpJam94TkRNdU1qVTFOamswTURrM01qQXdNelVzSW1RaU9tWmhiSE5sTENKMElqcDBjblZsZlE9PSJ9LCJhIjp7IkN1cnNvciI6ImV5SnpJam94TXpFdU1EZzNNakF5TlRBME16WXdOU3dpWkNJNlptRnNjMlVzSW5RaU9uUnlkV1Y5In19 HTTP/1.1" 200 None
2025-03-25 05:38:11,890 - INFO - No streamers found on page 23. Retrying in 2 seconds...
2025-03-25 05:38:13,899 - DEBUG - Fetching page 24...
2025-03-25 05:38:13,899 - DEBUG - Starting new HTTPS connection (1): api.twitch.tv:443
2025-03-25 05:38:14,987 - DEBUG - https://api.twitch.tv:443 "GET /helix/streams?first=100&after=eyJiIjp7IkN1cnNvciI6ImV5SnpJam94TXpZdU1UYzNNekl3TlRVME5qWXdPVFVzSW1RaU9tWmhiSE5sTENKMElqcDBjblZsZlE9PSJ9LCJhIjp7IkN1cnNvciI6ImV5SnpJam94TWpVdU5ETTRPVEUxTmpreU9UQXdOalFzSW1RaU9tWmhiSE5sTENKMElqcDBjblZsZlE9PSJ9fQ HTTP/1.1" 200 None
2025-03-25 05:38:15,004 - INFO - No streamers found on page 24. Retrying in 2 seconds...
2025-03-25 05:38:17,007 - DEBUG - Fetching page 25...
2025-03-25 05:38:17,007 - DEBUG - Starting new HTTPS connection (1): api.twitch.tv:443
2025-03-25 05:38:18,103 - DEBUG - https://api.twitch.tv:443 "GET /helix/streams?first=100&after=eyJiIjp7IkN1cnNvciI6ImV5SnpJam94TWpVdU16YzROamt4TURNNE5ETTNPREVzSW1RaU9tWmhiSE5sTENKMElqcDBjblZsZlE9PSJ9LCJhIjp7IkN1cnNvciI6ImV5SnpJam94TVRrdU1URXlNVEl3T0RFd09UZzFNalVzSW1RaU9tWmhiSE5sTENKMElqcDBjblZsZlE9PSJ9fQ HTTP/1.1" 200 None
2025-03-25 05:38:18,350 - INFO - No streamers found on page 25. Retrying in 2 seconds...
2025-03-25 05:38:20,360 - DEBUG - Fetching page 26...
2025-03-25 05:38:20,360 - DEBUG - Starting new HTTPS connection (1): api.twitch.tv:443
2025-03-25 05:38:22,036 - DEBUG - https://api.twitch.tv:443 "GET /helix/streams?first=100&after=eyJiIjp7IkN1cnNvciI6ImV5SnpJam94TVRrdU1EYzVOalV3TVRVek5ESTBOVEVzSW1RaU9tWmhiSE5sTENKMElqcDBjblZsZlE9PSJ9LCJhIjp7IkN1cnNvciI6ImV5SnpJam94TVRNdU5qa3lNVFV3TWpFek56UTJPVGNzSW1RaU9tWmhiSE5sTENKMElqcDBjblZsZlE9PSJ9fQ HTTP/1.1" 200 None
2025-03-25 05:38:22,314 - ERROR - Error logging streamer grayhairandtattoos_: 'charmap' codec can't encode character '\u0131' in position 112: character maps to <undefined>
2025-03-25 05:38:22,315 - INFO - No streamers found on page 26. Retrying in 2 seconds...
2025-03-25 05:38:24,316 - DEBUG - Fetching page 27...
2025-03-25 05:38:24,323 - DEBUG - Starting new HTTPS connection (1): api.twitch.tv:443
2025-03-25 05:38:25,661 - DEBUG - https://api.twitch.tv:443 "GET /helix/streams?first=100&after=eyJiIjp7IkN1cnNvciI6ImV5SnpJam94TVRNdU5qZzNNRGc0TmpFNE9URXpORFVzSW1RaU9tWmhiSE5sTENKMElqcDBjblZsZlE9PSJ9LCJhIjp7IkN1cnNvciI6ImV5SnpJam94TURndU9EZ3pNakU1TmpBM09UQTROamNzSW1RaU9tWmhiSE5sTENKMElqcDBjblZsZlE9PSJ9fQ HTTP/1.1" 200 None
2025-03-25 05:38:25,673 - INFO - No streamers found on page 27. Retrying in 2 seconds...
2025-03-25 05:38:27,674 - DEBUG - Fetching page 28...
2025-03-25 05:38:27,675 - DEBUG - Starting new HTTPS connection (1): api.twitch.tv:443
2025-03-25 05:38:28,854 - DEBUG - https://api.twitch.tv:443 "GET /helix/streams?first=100&after=eyJiIjp7IkN1cnNvciI6ImV5SnpJam94TURndU56WTJPVE13TnpNd09UVTVNVFVzSW1RaU9tWmhiSE5sTENKMElqcDBjblZsZlE9PSJ9LCJhIjp7IkN1cnNvciI6ImV5SnpJam94TURVdU1qVTBNRE00TXpRMk9ESXdOalFzSW1RaU9tWmhiSE5sTENKMElqcDBjblZsZlE9PSJ9fQ HTTP/1.1" 200 None
2025-03-25 05:38:28,870 - INFO - No streamers found on page 28. Retrying in 2 seconds...
2025-03-25 05:38:30,873 - DEBUG - Fetching page 29...
2025-03-25 05:38:30,873 - DEBUG - Starting new HTTPS connection (1): api.twitch.tv:443
2025-03-25 05:38:32,022 - DEBUG - https://api.twitch.tv:443 "GET /helix/streams?first=100&after=eyJiIjp7IkN1cnNvciI6ImV5SnpJam94TURVdU1qSTBOVE13TmpBM05URTBNakVzSW1RaU9tWmhiSE5sTENKMElqcDBjblZsZlE9PSJ9LCJhIjp7IkN1cnNvciI6ImV5SnpJam94TURFdU5qSTFOamt3T1RFM05EWXdNamtzSW1RaU9tWmhiSE5sTENKMElqcDBjblZsZlE9PSJ9fQ HTTP/1.1" 200 None
2025-03-25 05:38:32,036 - INFO - No streamers found on page 29. Retrying in 2 seconds...
2025-03-25 05:38:34,044 - DEBUG - Fetching page 30...
2025-03-25 05:38:34,044 - DEBUG - Starting new HTTPS connection (1): api.twitch.tv:443
2025-03-25 05:38:35,159 - DEBUG - https://api.twitch.tv:443 "GET /helix/streams?first=100&after=eyJiIjp7IkN1cnNvciI6ImV5SnpJam94TURFdU5Ua3lNakExTkRjM056Z3pOVEVzSW1RaU9tWmhiSE5sTENKMElqcDBjblZsZlE9PSJ9LCJhIjp7IkN1cnNvciI6ImV5SnpJam81T0M0ME5EZzVORGMzTmpnek5qQXlOQ3dpWkNJNlptRnNjMlVzSW5RaU9uUnlkV1Y5In19 HTTP/1.1" 200 None
2025-03-25 05:38:35,174 - INFO - No streamers found on page 30. Retrying in 2 seconds...
2025-03-25 05:38:37,176 - DEBUG - Fetching page 31...
2025-03-25 05:38:37,176 - DEBUG - Starting new HTTPS connection (1): api.twitch.tv:443
2025-03-25 05:38:38,318 - DEBUG - https://api.twitch.tv:443 "GET /helix/streams?first=100&after=eyJiIjp7IkN1cnNvciI6ImV5SnpJam81T0M0ek1EZ3hOVEl6T1RJMU56Z3pOU3dpWkNJNlptRnNjMlVzSW5RaU9uUnlkV1Y5In0sImEiOnsiQ3Vyc29yIjoiZXlKeklqbzVOUzR3TlRZeE5UWXdPVGN5T0RnNE5pd2laQ0k2Wm1Gc2MyVXNJblFpT25SeWRXVjkifX0 HTTP/1.1" 200 None
2025-03-25 05:38:38,320 - INFO - No streamers found on page 31. Retrying in 2 seconds...
2025-03-25 05:38:40,328 - DEBUG - Fetching page 32...
2025-03-25 05:38:40,328 - DEBUG - Starting new HTTPS connection (1): api.twitch.tv:443
2025-03-25 05:38:41,444 - DEBUG - https://api.twitch.tv:443 "GET /helix/streams?first=100&after=eyJiIjp7IkN1cnNvciI6ImV5SnpJam81TkM0NU9UazBORGs0TlRBeU9USTNOU3dpWkNJNlptRnNjMlVzSW5RaU9uUnlkV1Y5In0sImEiOnsiQ3Vyc29yIjoiZXlKeklqbzVNUzQ0TkRJeE9EZzBOVE16TWpnd01pd2laQ0k2Wm1Gc2MyVXNJblFpT25SeWRXVjkifX0 HTTP/1.1" 200 None
2025-03-25 05:38:41,710 - INFO - No streamers found on page 32. Retrying in 2 seconds...
2025-03-25 05:38:43,712 - DEBUG - Fetching page 33...
2025-03-25 05:38:43,715 - DEBUG - Starting new HTTPS connection (1): api.twitch.tv:443
2025-03-25 05:38:44,985 - DEBUG - https://api.twitch.tv:443 "GET /helix/streams?first=100&after=eyJiIjp7IkN1cnNvciI6ImV5SnpJam81TVM0NE5EQTNOemt3TkRVM09USTBOeXdpWkNJNlptRnNjMlVzSW5RaU9uUnlkV1Y5In0sImEiOnsiQ3Vyc29yIjoiZXlKeklqbzRPQzR3TWpnNU56STVPRFkwTlRZNE1Td2laQ0k2Wm1Gc2MyVXNJblFpT25SeWRXVjkifX0 HTTP/1.1" 200 None
2025-03-25 05:38:45,249 - INFO - No streamers found on page 33. Retrying in 2 seconds...
2025-03-25 05:38:47,256 - DEBUG - Fetching page 34...
2025-03-25 05:38:47,264 - DEBUG - Starting new HTTPS connection (1): api.twitch.tv:443
2025-03-25 05:38:48,398 - DEBUG - https://api.twitch.tv:443 "GET /helix/streams?first=100&after=eyJiIjp7IkN1cnNvciI6ImV5SnpJam80T0M0d01ERXhNamN4TVRZMk1UVXlNU3dpWkNJNlptRnNjMlVzSW5RaU9uUnlkV1Y5In0sImEiOnsiQ3Vyc29yIjoiZXlKeklqbzROQzQ0TXpZNE1EazVNRGczTmpNek5Dd2laQ0k2Wm1Gc2MyVXNJblFpT25SeWRXVjkifX0 HTTP/1.1" 200 None
2025-03-25 05:38:48,685 - INFO - No streamers found on page 34. Retrying in 2 seconds...
2025-03-25 05:38:50,687 - DEBUG - Fetching page 35...
2025-03-25 05:38:50,692 - DEBUG - Starting new HTTPS connection (1): api.twitch.tv:443
2025-03-25 05:38:51,966 - DEBUG - https://api.twitch.tv:443 "GET /helix/streams?first=100&after=eyJiIjp7IkN1cnNvciI6ImV5SnpJam80TkM0NE16VXpNak13TWpFd01UQXpOQ3dpWkNJNlptRnNjMlVzSW5RaU9uUnlkV1Y5In0sImEiOnsiQ3Vyc29yIjoiZXlKeklqbzRNUzQ0TWprd05qVTFNelExTkRJeU1Td2laQ0k2Wm1Gc2MyVXNJblFpT25SeWRXVjkifX0 HTTP/1.1" 200 None
2025-03-25 05:38:51,973 - INFO - No streamers found on page 35. Retrying in 2 seconds...
2025-03-25 05:38:53,974 - DEBUG - Fetching page 36...
2025-03-25 05:38:53,974 - DEBUG - Starting new HTTPS connection (1): api.twitch.tv:443
2025-03-25 05:38:55,549 - DEBUG - https://api.twitch.tv:443 "GET /helix/streams?first=100&after=eyJiIjp7IkN1cnNvciI6ImV5SnpJam80TVM0M016WXlNVFE1T0RBMk5UUTBOeXdpWkNJNlptRnNjMlVzSW5RaU9uUnlkV1Y5In0sImEiOnsiQ3Vyc29yIjoiZXlKeklqbzNPUzQwTVRReE56a3lNRGMyT0RNM0xDSmtJanBtWVd4elpTd2lkQ0k2ZEhKMVpYMD0ifX0 HTTP/1.1" 200 None
2025-03-25 05:38:55,808 - INFO - No streamers found on page 36. Retrying in 2 seconds...
2025-03-25 05:38:57,811 - DEBUG - Fetching page 37...
2025-03-25 05:38:57,815 - DEBUG - Starting new HTTPS connection (1): api.twitch.tv:443
2025-03-25 05:38:59,531 - DEBUG - https://api.twitch.tv:443 "GET /helix/streams?first=100&after=eyJiIjp7IkN1cnNvciI6ImV5SnpJam8zT1M0ME1URTVPVE0yT1RBNE5qSXpNaXdpWkNJNlptRnNjMlVzSW5RaU9uUnlkV1Y5In0sImEiOnsiQ3Vyc29yIjoiZXlKeklqbzNOaTQ1TURnMk1qVXlNVGd4TWpjMk5Td2laQ0k2Wm1Gc2MyVXNJblFpT25SeWRXVjkifX0 HTTP/1.1" 200 None
2025-03-25 05:38:59,548 - INFO - No streamers found on page 37. Retrying in 2 seconds...
2025-03-25 05:39:01,549 - DEBUG - Fetching page 38...
2025-03-25 05:39:01,551 - DEBUG - Starting new HTTPS connection (1): api.twitch.tv:443
2025-03-25 05:39:02,787 - DEBUG - https://api.twitch.tv:443 "GET /helix/streams?first=100&after=eyJiIjp7IkN1cnNvciI6ImV5SnpJam8zTmk0NE5qTTFPRGMyTVRJME9EY3lPQ3dpWkNJNlptRnNjMlVzSW5RaU9uUnlkV1Y5In0sImEiOnsiQ3Vyc29yIjoiZXlKeklqbzNOQzQyTWpReE5qUXpNalkxTlRjMU9Dd2laQ0k2Wm1Gc2MyVXNJblFpT25SeWRXVjkifX0 HTTP/1.1" 200 None
2025-03-25 05:39:03,057 - INFO - No streamers found on page 38. Retrying in 2 seconds...
2025-03-25 05:39:05,064 - DEBUG - Fetching page 39...
2025-03-25 05:39:05,064 - DEBUG - Starting new HTTPS connection (1): api.twitch.tv:443
2025-03-25 05:39:06,482 - DEBUG - https://api.twitch.tv:443 "GET /helix/streams?first=100&after=eyJiIjp7IkN1cnNvciI6ImV5SnpJam8zTkM0Mk1EUTVOelV6TVRNMU5UUTNOU3dpWkNJNlptRnNjMlVzSW5RaU9uUnlkV1Y5In0sImEiOnsiQ3Vyc29yIjoiZXlKeklqbzNNaTR4T1RNNU16YzNORFF6TlRRNU15d2laQ0k2Wm1Gc2MyVXNJblFpT25SeWRXVjkifX0 HTTP/1.1" 200 None
2025-03-25 05:39:06,482 - INFO - No streamers found on page 39. Retrying in 2 seconds...
2025-03-25 05:39:08,493 - DEBUG - Fetching page 40...
2025-03-25 05:39:08,493 - DEBUG - Starting new HTTPS connection (1): api.twitch.tv:443
2025-03-25 05:39:09,524 - DEBUG - https://api.twitch.tv:443 "GET /helix/streams?first=100&after=eyJiIjp7IkN1cnNvciI6ImV5SnpJam8zTWk0eE56RTBNamsyTURJd01ETTFNeXdpWkNJNlptRnNjMlVzSW5RaU9uUnlkV1Y5In0sImEiOnsiQ3Vyc29yIjoiZXlKeklqbzJPUzQ0T1RneE5qSTVNakkyTWpnek55d2laQ0k2Wm1Gc2MyVXNJblFpT25SeWRXVjkifX0 HTTP/1.1" 200 None
2025-03-25 05:39:09,799 - INFO - No streamers found on page 40. Retrying in 2 seconds...
2025-03-25 05:39:11,806 - DEBUG - Fetching page 41...
2025-03-25 05:39:11,809 - DEBUG - Starting new HTTPS connection (1): api.twitch.tv:443
2025-03-25 05:39:12,914 - DEBUG - https://api.twitch.tv:443 "GET /helix/streams?first=100&after=eyJiIjp7IkN1cnNvciI6ImV5SnpJam94TWpRdU1UYzNNamd3TXpJMk5qUTNPVGtzSW1RaU9tWmhiSE5sTENKMElqcDBjblZsZlE9PSJ9LCJhIjp7IkN1cnNvciI6ImV5SnpJam8yT0M0d09UTXpNak00TmpVM05UY3lPQ3dpWkNJNlptRnNjMlVzSW5RaU9uUnlkV1Y5In19 HTTP/1.1" 200 None
2025-03-25 05:39:13,178 - INFO - No streamers found on page 41. Retrying in 2 seconds...
2025-03-25 05:39:15,189 - DEBUG - Fetching page 42...
2025-03-25 05:39:15,190 - DEBUG - Starting new HTTPS connection (1): api.twitch.tv:443
2025-03-25 05:39:16,891 - DEBUG - https://api.twitch.tv:443 "GET /helix/streams?first=100&after=eyJiIjp7IkN1cnNvciI6ImV5SnpJam8yT0M0d05EY3lNVFF5TkRBMU5EVXlNeXdpWkNJNlptRnNjMlVzSW5RaU9uUnlkV1Y5In0sImEiOnsiQ3Vyc29yIjoiZXlKeklqbzJOUzQ0T0RRd09EQTRNREUyTmpBM09Td2laQ0k2Wm1Gc2MyVXNJblFpT25SeWRXVjkifX0 HTTP/1.1" 200 None
2025-03-25 05:39:16,908 - INFO - No streamers found on page 42. Retrying in 2 seconds...
2025-03-25 05:39:18,912 - DEBUG - Fetching page 43...
2025-03-25 05:39:18,914 - DEBUG - Starting new HTTPS connection (1): api.twitch.tv:443
2025-03-25 05:39:20,663 - DEBUG - https://api.twitch.tv:443 "GET /helix/streams?first=100&after=eyJiIjp7IkN1cnNvciI6ImV5SnpJam8yTlM0NE5UQXhPVFEwTURRd09UazJOU3dpWkNJNlptRnNjMlVzSW5RaU9uUnlkV1Y5In0sImEiOnsiQ3Vyc29yIjoiZXlKeklqbzJNeTQzTVRBMk9UVTVNVGt6TkRNMU5Dd2laQ0k2Wm1Gc2MyVXNJblFpT25SeWRXVjkifX0 HTTP/1.1" 200 None
2025-03-25 05:39:20,663 - INFO - No streamers found on page 43. Retrying in 2 seconds...
2025-03-25 05:39:22,675 - DEBUG - Fetching page 44...
2025-03-25 05:39:22,675 - DEBUG - Starting new HTTPS connection (1): api.twitch.tv:443
2025-03-25 05:39:24,503 - DEBUG - https://api.twitch.tv:443 "GET /helix/streams?first=100&after=eyJiIjp7IkN1cnNvciI6ImV5SnpJam8yTXk0M01EWTJPVFF5TmpReE1qazBNeXdpWkNJNlptRnNjMlVzSW5RaU9uUnlkV1Y5In0sImEiOnsiQ3Vyc29yIjoiZXlKeklqbzJNUzQ1TXpBeU56ZzBOVGt6TnpjM055d2laQ0k2Wm1Gc2MyVXNJblFpT25SeWRXVjkifX0 HTTP/1.1" 200 None
2025-03-25 05:39:24,522 - INFO - No streamers found on page 44. Retrying in 2 seconds...
2025-03-25 05:39:26,524 - DEBUG - Fetching page 45...
2025-03-25 05:39:26,528 - DEBUG - Starting new HTTPS connection (1): api.twitch.tv:443
2025-03-25 05:39:27,845 - DEBUG - https://api.twitch.tv:443 "GET /helix/streams?first=100&after=eyJiIjp7IkN1cnNvciI6ImV5SnpJam8yTVM0NU1qSTRPRGd5TlRNMU5qUTJPRFlzSW1RaU9tWmhiSE5sTENKMElqcDBjblZsZlE9PSJ9LCJhIjp7IkN1cnNvciI6ImV5SnpJam8yTUM0d056WTFOVGs1TlRReE56QTROU3dpWkNJNlptRnNjMlVzSW5RaU9uUnlkV1Y5In19 HTTP/1.1" 200 None
2025-03-25 05:39:27,850 - INFO - Logged details of 12 streamers below 1000000 viewers.
2025-03-25 05:39:27,854 - INFO - PewDiePie - 744 viewers - Minecraft
2025-03-25 05:39:27,854 - INFO - Tags: ['Minecraft', 'YouTube', 'AlwaysOn', 'English', 'ViewerRewards', 'Rerun']
2025-03-25 05:39:27,854 - INFO - MRLUST - 479 viewers - Fortnite
2025-03-25 05:39:27,854 - INFO - Tags: ['xqc', 'kaicenat', 'ASMR', 'English', 'Fortnite', 'KingsLeague', 'Asmongold', 'valorant', 'minecraft', 'dota2']
2025-03-25 05:39:27,854 - INFO - wendilunar - 414 viewers - Just Chatting
2025-03-25 05:39:27,854 - INFO - Tags: ['funny', 'minecraft', 'chatting', 'repo', 'English']
2025-03-25 05:39:27,854 - INFO - scotteh - 147 viewers - Minecraft
2025-03-25 05:39:27,854 - INFO - Tags: ['Minecraft', 'English', 'ViewerRewards']
2025-03-25 05:39:27,854 - INFO - JaayMC - 142 viewers - Minecraft
2025-03-25 05:39:27,854 - INFO - Tags: ['Survival', 'LGBTQ', 'SafeSpace', 'Cape', 'Drops', 'PlayingWithViewers', 'Chill', 'SMP', 'subathon', 'Minecraft']
2025-03-25 05:39:27,854 - INFO - grayhairandtattoos_ - 113 viewers - Minecraft
2025-03-25 05:39:27,854 - INFO - Tags: ['English', 'gamer', 'ChattingAndGaming', 'cozygamer', 's\u0131mulator', 'minecraft', 'minecraftsurivial', 'minecraftlivestremaing', 'minecraftbuilds', 'ViewerRewards']
2025-03-25 05:39:27,854 - INFO - EZ_CLAPS09 - 96 viewers - Minecraft
2025-03-25 05:39:27,854 - INFO - Tags: ['chill', 'LOUD', 'PlayingwithViewers', 'English', 'minecraft', 'FamilyFriendly', 'underratedstreamer', 'Interactive', 'justchatting', 'DropsEnabled']
2025-03-25 05:39:27,854 - INFO - infume - 93 viewers - Minecraft
2025-03-25 05:39:27,854 - INFO - Tags: ['English', 'minecraft', 'Speedrun', 'ViewerRewards']
2025-03-25 05:39:27,854 - INFO - xShatter - 87 viewers - Minecraft
2025-03-25 05:39:27,854 - INFO - Tags: ['shatter', 'xshatter', 'minecraft', 'Ally', 'English', 'Speedrun', 'Ranked', 'PvP', 'Hoplite', 'ViewerRewards']
2025-03-25 05:39:27,854 - INFO - TheMCDoer - 80 viewers - Minecraft
2025-03-25 05:39:27,854 - INFO - Tags: ['minecraft', 'gaming', 'europe', 'english', 'chill', 'sleeping', 'newstreamer', 'English', 'ViewerRewards']
2025-03-25 05:39:27,854 - INFO - TheSilverMullet - 63 viewers - Minecraft
2025-03-25 05:39:27,854 - INFO - Tags: ['English', 'minecraft', 'clockcraft', 'clockcraftsmp', 'ViewerRewards']
2025-03-25 05:39:27,854 - INFO - Azura_RL - 61 viewers - Rocket League
2025-03-25 05:39:27,854 - INFO - Tags: ['English', 'rocketleague', 'tiktok', 'azura', 'rocksniffer', 'minecraft']
2025-03-25 05:39:27,854 - INFO - pharolen - 58 viewers - Minecraft
2025-03-25 05:39:27,854 - INFO - Tags: ['English', 'Minecraft', 'Pharolen', 'minecraft', 'ViewerRewards']
