2025-03-25 03:56:09,051 - DEBUG - Fetching page 1...
2025-03-25 03:56:09,056 - DEBUG - Starting new HTTPS connection (1): api.twitch.tv:443
2025-03-25 03:56:10,792 - DEBUG - https://api.twitch.tv:443 "GET /helix/streams?first=100 HTTP/1.1" 200 None
2025-03-25 03:56:10,795 - INFO - No streamers found on page 1. Retrying in 2 seconds...
2025-03-25 03:56:12,796 - DEBUG - Fetching page 2...
2025-03-25 03:56:12,802 - DEBUG - Starting new HTTPS connection (1): api.twitch.tv:443
2025-03-25 03:56:14,730 - DEBUG - https://api.twitch.tv:443 "GET /helix/streams?first=100&after=eyJiIjp7IkN1cnNvciI6ImV5SnpJam8xTkRFM09TNDRORFkwTVRZMk1qVXhOaXdpWkNJNlptRnNjMlVzSW5RaU9uUnlkV1Y5In0sImEiOnsiQ3Vyc29yIjoiZXlKeklqb3pOemswTGpnek5UUXpOVEV6T1RBMExDSmtJanBtWVd4elpTd2lkQ0k2ZEhKMVpYMD0ifX0 HTTP/1.1" 200 None
2025-03-25 03:56:14,738 - INFO - No streamers found on page 2. Retrying in 2 seconds...
2025-03-25 03:56:16,739 - DEBUG - Fetching page 3...
2025-03-25 03:56:16,743 - DEBUG - Starting new HTTPS connection (1): api.twitch.tv:443
2025-03-25 03:56:18,851 - DEBUG - https://api.twitch.tv:443 "GET /helix/streams?first=100&after=eyJiIjp7IkN1cnNvciI6ImV5SnpJam96TnpneUxqYzRPREUyTkRnd05qSTNNRE1zSW1RaU9tWmhiSE5sTENKMElqcDBjblZsZlE9PSJ9LCJhIjp7IkN1cnNvciI6ImV5SnpJam94T1RVd0xqazNPREExT1RrM05ETXlORElzSW1RaU9tWmhiSE5sTENKMElqcDBjblZsZlE9PSJ9fQ HTTP/1.1" 200 None
2025-03-25 03:56:18,861 - INFO - No streamers found on page 3. Retrying in 2 seconds...
2025-03-25 03:56:20,862 - DEBUG - Fetching page 4...
2025-03-25 03:56:20,867 - DEBUG - Starting new HTTPS connection (1): api.twitch.tv:443
2025-03-25 03:56:22,836 - DEBUG - https://api.twitch.tv:443 "GET /helix/streams?first=100&after=eyJiIjp7IkN1cnNvciI6ImV5SnpJam94T1RRNExqVTFORFF6TnpBME16VXdOek1zSW1RaU9tWmhiSE5sTENKMElqcDBjblZsZlE9PSJ9LCJhIjp7IkN1cnNvciI6ImV5SnpJam94TXpNeExqVXdPVFV4TlRRek16YzFOQ3dpWkNJNlptRnNjMlVzSW5RaU9uUnlkV1Y5In19 HTTP/1.1" 200 None
2025-03-25 03:56:23,106 - INFO - No streamers found on page 4. Retrying in 2 seconds...
2025-03-25 03:56:25,136 - DEBUG - Fetching page 5...
2025-03-25 03:56:25,154 - DEBUG - Starting new HTTPS connection (1): api.twitch.tv:443
2025-03-25 03:56:29,469 - DEBUG - https://api.twitch.tv:443 "GET /helix/streams?first=100&after=eyJiIjp7IkN1cnNvciI6ImV5SnpJam94TXpNd0xqUTJOakF5TWpnNU5USTVNVGtzSW1RaU9tWmhiSE5sTENKMElqcDBjblZsZlE9PSJ9LCJhIjp7IkN1cnNvciI6ImV5SnpJam94TURRMExqQXlOVFEwTURZek1UazJPRGtzSW1RaU9tWmhiSE5sTENKMElqcDBjblZsZlE9PSJ9fQ HTTP/1.1" 200 None
2025-03-25 03:56:29,474 - INFO - No streamers found on page 5. Retrying in 2 seconds...
2025-03-25 03:56:31,476 - DEBUG - Fetching page 6...
2025-03-25 03:56:31,482 - DEBUG - Starting new HTTPS connection (1): api.twitch.tv:443
2025-03-25 03:56:34,001 - DEBUG - https://api.twitch.tv:443 "GET /helix/streams?first=100&after=eyJiIjp7IkN1cnNvciI6ImV5SnpJam94TURRd0xqQTFNakl3TmpRek16RTFOelFzSW1RaU9tWmhiSE5sTENKMElqcDBjblZsZlE9PSJ9LCJhIjp7IkN1cnNvciI6ImV5SnpJam80TXpNdU5qSTBOVFEwTWpFek9UWTNNaXdpWkNJNlptRnNjMlVzSW5RaU9uUnlkV1Y5In19 HTTP/1.1" 200 None
2025-03-25 03:56:34,307 - INFO - No streamers found on page 6. Retrying in 2 seconds...
2025-03-25 03:56:36,308 - DEBUG - Fetching page 7...
2025-03-25 03:56:36,324 - DEBUG - Starting new HTTPS connection (1): api.twitch.tv:443
2025-03-25 03:56:38,138 - DEBUG - https://api.twitch.tv:443 "GET /helix/streams?first=100&after=eyJiIjp7IkN1cnNvciI6ImV5SnpJam80TXpNdU1URTNORGd6TmpBek16STVPQ3dpWkNJNlptRnNjMlVzSW5RaU9uUnlkV1Y5In0sImEiOnsiQ3Vyc29yIjoiZXlKeklqbzJPVGN1TURRNU5ESXhNVEEwT1RBNU9Dd2laQ0k2Wm1Gc2MyVXNJblFpT25SeWRXVjkifX0 HTTP/1.1" 200 None
2025-03-25 03:56:38,151 - INFO - No streamers found on page 7. Retrying in 2 seconds...
2025-03-25 03:56:40,152 - DEBUG - Fetching page 8...
2025-03-25 03:56:40,157 - DEBUG - Starting new HTTPS connection (1): api.twitch.tv:443
2025-03-25 03:56:42,918 - DEBUG - https://api.twitch.tv:443 "GET /helix/streams?first=100&after=eyJiIjp7IkN1cnNvciI6ImV5SnpJam8yT1RZdU5qVTFNelV6TXpnMk9EQTJNaXdpWkNJNlptRnNjMlVzSW5RaU9uUnlkV1Y5In0sImEiOnsiQ3Vyc29yIjoiZXlKeklqbzFPRGd1TkRRME16Z3lPREkzTkRJNU9Dd2laQ0k2Wm1Gc2MyVXNJblFpT25SeWRXVjkifX0 HTTP/1.1" 200 None
2025-03-25 03:56:43,131 - INFO - No streamers found on page 8. Retrying in 2 seconds...
2025-03-25 03:56:45,133 - DEBUG - Fetching page 9...
2025-03-25 03:56:45,137 - DEBUG - Starting new HTTPS connection (1): api.twitch.tv:443
2025-03-25 03:56:48,217 - DEBUG - https://api.twitch.tv:443 "GET /helix/streams?first=100&after=eyJiIjp7IkN1cnNvciI6ImV5SnpJam8xT0RjdU5UVXdOREEyTkRVNU9EUTNNU3dpWkNJNlptRnNjMlVzSW5RaU9uUnlkV1Y5In0sImEiOnsiQ3Vyc29yIjoiZXlKeklqbzFNRE11TWpReE1UTTVNRFE0TlRrMk9Dd2laQ0k2Wm1Gc2MyVXNJblFpT25SeWRXVjkifX0 HTTP/1.1" 200 None
2025-03-25 03:56:48,223 - INFO - No streamers found on page 9. Retrying in 2 seconds...
2025-03-25 03:56:50,223 - DEBUG - Fetching page 10...
2025-03-25 03:56:50,224 - DEBUG - Starting new HTTPS connection (1): api.twitch.tv:443
2025-03-25 03:56:52,372 - DEBUG - https://api.twitch.tv:443 "GET /helix/streams?first=100&after=eyJiIjp7IkN1cnNvciI6ImV5SnpJam8xTURNdU1UazJNekF5TkRVNU16ZzRNU3dpWkNJNlptRnNjMlVzSW5RaU9uUnlkV1Y5In0sImEiOnsiQ3Vyc29yIjoiZXlKeklqbzBNemd1T1RrMk56RTBPRFkyTlRRNU5UVXNJbVFpT21aaGJITmxMQ0owSWpwMGNuVmxmUT09In19 HTTP/1.1" 200 None
2025-03-25 03:56:52,424 - INFO - No streamers found on page 10. Retrying in 2 seconds...
2025-03-25 03:56:54,425 - DEBUG - Fetching page 11...
2025-03-25 03:56:54,428 - DEBUG - Starting new HTTPS connection (1): api.twitch.tv:443
2025-03-25 03:56:56,216 - DEBUG - https://api.twitch.tv:443 "GET /helix/streams?first=100&after=eyJiIjp7IkN1cnNvciI6ImV5SnpJam8wTXpndU9UTXpPRGs1TWpJek5UVTJNalFzSW1RaU9tWmhiSE5sTENKMElqcDBjblZsZlE9PSJ9LCJhIjp7IkN1cnNvciI6ImV5SnpJam96T0RjdU5UQXlORFV5TVRReU1ERTRNU3dpWkNJNlptRnNjMlVzSW5RaU9uUnlkV1Y5In19 HTTP/1.1" 200 None
2025-03-25 03:56:56,235 - INFO - No streamers found on page 11. Retrying in 2 seconds...
2025-03-25 03:56:58,236 - DEBUG - Fetching page 12...
2025-03-25 03:56:58,241 - DEBUG - Starting new HTTPS connection (1): api.twitch.tv:443
2025-03-25 03:57:01,230 - DEBUG - https://api.twitch.tv:443 "GET /helix/streams?first=100&after=eyJiIjp7IkN1cnNvciI6ImV5SnpJam96T0RZdU9EQTNOVFl6TlRVM05EYzNOaXdpWkNJNlptRnNjMlVzSW5RaU9uUnlkV1Y5In0sImEiOnsiQ3Vyc29yIjoiZXlKeklqb3pOVE11TlRFeU1EY3dOemc0TWpVeU9Dd2laQ0k2Wm1Gc2MyVXNJblFpT25SeWRXVjkifX0 HTTP/1.1" 200 None
2025-03-25 03:57:01,247 - INFO - No streamers found on page 12. Retrying in 2 seconds...
2025-03-25 03:57:03,248 - DEBUG - Fetching page 13...
2025-03-25 03:57:03,251 - DEBUG - Starting new HTTPS connection (1): api.twitch.tv:443
2025-03-25 03:57:05,585 - DEBUG - https://api.twitch.tv:443 "GET /helix/streams?first=100&after=eyJiIjp7IkN1cnNvciI6ImV5SnpJam96TlRNdU1URTROakV5TXpnd05Ea3pNU3dpWkNJNlptRnNjMlVzSW5RaU9uUnlkV1Y5In0sImEiOnsiQ3Vyc29yIjoiZXlKeklqb3pNVFF1TURJM05qWXhOak0yTURjMU5UVXNJbVFpT21aaGJITmxMQ0owSWpwMGNuVmxmUT09In19 HTTP/1.1" 200 None
2025-03-25 03:57:05,592 - INFO - No streamers found on page 13. Retrying in 2 seconds...
2025-03-25 03:57:07,593 - DEBUG - Fetching page 14...
2025-03-25 03:57:07,599 - DEBUG - Starting new HTTPS connection (1): api.twitch.tv:443
2025-03-25 03:57:09,691 - DEBUG - https://api.twitch.tv:443 "GET /helix/streams?first=100&after=eyJiIjp7IkN1cnNvciI6ImV5SnpJam96TVRNdU9UZzFNak15TXpZMU56YzVPU3dpWkNJNlptRnNjMlVzSW5RaU9uUnlkV1Y5In0sImEiOnsiQ3Vyc29yIjoiZXlKeklqb3lPRGN1T0RjM056TXdNelk1TXpZNU5pd2laQ0k2Wm1Gc2MyVXNJblFpT25SeWRXVjkifX0 HTTP/1.1" 200 None
2025-03-25 03:57:09,702 - INFO - No streamers found on page 14. Retrying in 2 seconds...
2025-03-25 03:57:11,704 - DEBUG - Fetching page 15...
2025-03-25 03:57:11,712 - DEBUG - Starting new HTTPS connection (1): api.twitch.tv:443
2025-03-25 03:57:13,667 - DEBUG - https://api.twitch.tv:443 "GET /helix/streams?first=100&after=eyJiIjp7IkN1cnNvciI6ImV5SnpJam96TXpJdU56YzROakUzTnprNU5qazJNaXdpWkNJNlptRnNjMlVzSW5RaU9uUnlkV1Y5In0sImEiOnsiQ3Vyc29yIjoiZXlKeklqb3lOall1TXpBMU9EYzVPVFUyT1RRMExDSmtJanBtWVd4elpTd2lkQ0k2ZEhKMVpYMD0ifX0 HTTP/1.1" 200 None
2025-03-25 03:57:14,063 - INFO - No streamers found on page 15. Retrying in 2 seconds...
2025-03-25 03:57:16,065 - DEBUG - Fetching page 16...
2025-03-25 03:57:16,068 - DEBUG - Starting new HTTPS connection (1): api.twitch.tv:443
2025-03-25 03:57:18,672 - DEBUG - https://api.twitch.tv:443 "GET /helix/streams?first=100&after=eyJiIjp7IkN1cnNvciI6ImV5SnpJam95TmpZdU1UVTFPRGt6T1RnME5URTVPU3dpWkNJNlptRnNjMlVzSW5RaU9uUnlkV1Y5In0sImEiOnsiQ3Vyc29yIjoiZXlKeklqb3lORGN1TVRBeU9UVXhNelEwTkRJeU5Dd2laQ0k2Wm1Gc2MyVXNJblFpT25SeWRXVjkifX0 HTTP/1.1" 200 None
2025-03-25 03:57:18,685 - INFO - No streamers found on page 16. Retrying in 2 seconds...
2025-03-25 03:57:20,686 - DEBUG - Fetching page 17...
2025-03-25 03:57:20,693 - DEBUG - Starting new HTTPS connection (1): api.twitch.tv:443
2025-03-25 03:57:22,759 - DEBUG - https://api.twitch.tv:443 "GET /helix/streams?first=100&after=eyJiIjp7IkN1cnNvciI6ImV5SnpJam95TkRZdU9URXlOVFU1T1RZd09UUTRORFFzSW1RaU9tWmhiSE5sTENKMElqcDBjblZsZlE9PSJ9LCJhIjp7IkN1cnNvciI6ImV5SnpJam95TWpndU5ESTFPVGM0TmpZNE9EazBOekVzSW1RaU9tWmhiSE5sTENKMElqcDBjblZsZlE9PSJ9fQ HTTP/1.1" 200 None
2025-03-25 03:57:23,025 - INFO - No streamers found on page 17. Retrying in 2 seconds...
2025-03-25 03:57:25,026 - DEBUG - Fetching page 18...
2025-03-25 03:57:25,030 - DEBUG - Starting new HTTPS connection (1): api.twitch.tv:443
2025-03-25 03:57:27,241 - DEBUG - https://api.twitch.tv:443 "GET /helix/streams?first=100&after=eyJiIjp7IkN1cnNvciI6ImV5SnpJam95TWpjdU1EZzFNVEl6TlRVek5ESTJNallzSW1RaU9tWmhiSE5sTENKMElqcDBjblZsZlE9PSJ9LCJhIjp7IkN1cnNvciI6ImV5SnpJam95TVRFdU5Ea3dOek14TmpFMU5URTNOVGNzSW1RaU9tWmhiSE5sTENKMElqcDBjblZsZlE9PSJ9fQ HTTP/1.1" 200 None
2025-03-25 03:57:27,247 - INFO - No streamers found on page 18. Retrying in 2 seconds...
2025-03-25 03:57:29,248 - DEBUG - Fetching page 19...
2025-03-25 03:57:29,252 - DEBUG - Starting new HTTPS connection (1): api.twitch.tv:443
2025-03-25 03:57:31,299 - DEBUG - https://api.twitch.tv:443 "GET /helix/streams?first=100&after=eyJiIjp7IkN1cnNvciI6ImV5SnpJam95TVRFdU5ETTBPVGswTnpFeE9EYzBOelFzSW1RaU9tWmhiSE5sTENKMElqcDBjblZsZlE9PSJ9LCJhIjp7IkN1cnNvciI6ImV5SnpJam94T1RZdU56WXdNVFF6TURZeU5UY3lOaXdpWkNJNlptRnNjMlVzSW5RaU9uUnlkV1Y5In19 HTTP/1.1" 200 None
2025-03-25 03:57:31,567 - INFO - No streamers found on page 19. Retrying in 2 seconds...
2025-03-25 03:57:33,568 - DEBUG - Fetching page 20...
2025-03-25 03:57:33,573 - DEBUG - Starting new HTTPS connection (1): api.twitch.tv:443
2025-03-25 03:57:35,153 - DEBUG - https://api.twitch.tv:443 "GET /helix/streams?first=100&after=eyJiIjp7IkN1cnNvciI6ImV5SnpJam94T1RZdU5qTXdOalExTnpZeU16UTBOU3dpWkNJNlptRnNjMlVzSW5RaU9uUnlkV1Y5In0sImEiOnsiQ3Vyc29yIjoiZXlKeklqb3hPRFV1T1RNek9UZzNPRGsxTXpBM01qUXNJbVFpT21aaGJITmxMQ0owSWpwMGNuVmxmUT09In19 HTTP/1.1" 200 None
2025-03-25 03:57:35,420 - INFO - No streamers found on page 20. Retrying in 2 seconds...
2025-03-25 03:57:37,421 - DEBUG - Fetching page 21...
2025-03-25 03:57:37,425 - DEBUG - Starting new HTTPS connection (1): api.twitch.tv:443
2025-03-25 03:57:39,150 - DEBUG - https://api.twitch.tv:443 "GET /helix/streams?first=100&after=eyJiIjp7IkN1cnNvciI6ImV5SnpJam94T0RVdU9ESTVNemszTmpVeU9UVTJPVGNzSW1RaU9tWmhiSE5sTENKMElqcDBjblZsZlE9PSJ9LCJhIjp7IkN1cnNvciI6ImV5SnpJam94TnpRdU9UTTFOekV3TWprNE1UYzRNeXdpWkNJNlptRnNjMlVzSW5RaU9uUnlkV1Y5In19 HTTP/1.1" 200 None
2025-03-25 03:57:39,373 - INFO - No streamers found on page 21. Retrying in 2 seconds...
2025-03-25 03:57:41,375 - DEBUG - Fetching page 22...
2025-03-25 03:57:41,377 - DEBUG - Starting new HTTPS connection (1): api.twitch.tv:443
2025-03-25 03:57:43,456 - DEBUG - https://api.twitch.tv:443 "GET /helix/streams?first=100&after=eyJiIjp7IkN1cnNvciI6ImV5SnpJam94TnpRdU9ETXlNelk1T0RrMk16RXhOQ3dpWkNJNlptRnNjMlVzSW5RaU9uUnlkV1Y5In0sImEiOnsiQ3Vyc29yIjoiZXlKeklqb3hOalV1TmpNeE16SXpPRE13T1RBd01qRXNJbVFpT21aaGJITmxMQ0owSWpwMGNuVmxmUT09In19 HTTP/1.1" 200 None
2025-03-25 03:57:43,731 - INFO - No streamers found on page 22. Retrying in 2 seconds...
2025-03-25 03:57:45,732 - DEBUG - Fetching page 23...
2025-03-25 03:57:45,736 - DEBUG - Starting new HTTPS connection (1): api.twitch.tv:443
2025-03-25 03:57:47,609 - DEBUG - https://api.twitch.tv:443 "GET /helix/streams?first=100&after=eyJiIjp7IkN1cnNvciI6ImV5SnpJam94TmpVdU5qRTVNakEwT1RNMU9UazBOellzSW1RaU9tWmhiSE5sTENKMElqcDBjblZsZlE9PSJ9LCJhIjp7IkN1cnNvciI6ImV5SnpJam94TlRZdU5ERXdPVGt4TVRZd016VTNOeklzSW1RaU9tWmhiSE5sTENKMElqcDBjblZsZlE9PSJ9fQ HTTP/1.1" 200 None
2025-03-25 03:57:47,615 - INFO - No streamers found on page 23. Retrying in 2 seconds...
2025-03-25 03:57:49,618 - DEBUG - Fetching page 24...
2025-03-25 03:57:49,622 - DEBUG - Starting new HTTPS connection (1): api.twitch.tv:443
2025-03-25 03:57:52,356 - DEBUG - https://api.twitch.tv:443 "GET /helix/streams?first=100&after=eyJiIjp7IkN1cnNvciI6ImV5SnpJam94TlRZdU16VTRNRFUwTmpZME16QXlNVFlzSW1RaU9tWmhiSE5sTENKMElqcDBjblZsZlE9PSJ9LCJhIjp7IkN1cnNvciI6ImV5SnpJam94TlRBdU1EVXpNVEV5TmpBMk1USTNOallzSW1RaU9tWmhiSE5sTENKMElqcDBjblZsZlE9PSJ9fQ HTTP/1.1" 200 None
2025-03-25 03:57:52,623 - INFO - No streamers found on page 24. Retrying in 2 seconds...
2025-03-25 03:57:54,623 - DEBUG - Fetching page 25...
2025-03-25 03:57:54,626 - DEBUG - Starting new HTTPS connection (1): api.twitch.tv:443
2025-03-25 03:57:56,253 - DEBUG - https://api.twitch.tv:443 "GET /helix/streams?first=100&after=eyJiIjp7IkN1cnNvciI6ImV5SnpJam94TkRrdU9ESXdOekEyTnpZMU16VTROU3dpWkNJNlptRnNjMlVzSW5RaU9uUnlkV1Y5In0sImEiOnsiQ3Vyc29yIjoiZXlKeklqb3hORE11TXpZeU56YzVNVFEwTlRjM09UZ3NJbVFpT21aaGJITmxMQ0owSWpwMGNuVmxmUT09In19 HTTP/1.1" 200 None
2025-03-25 03:57:56,517 - INFO - No streamers found on page 25. Retrying in 2 seconds...
2025-03-25 03:57:58,519 - DEBUG - Fetching page 26...
2025-03-25 03:57:58,524 - DEBUG - Starting new HTTPS connection (1): api.twitch.tv:443
2025-03-25 03:58:00,013 - DEBUG - https://api.twitch.tv:443 "GET /helix/streams?first=100&after=eyJiIjp7IkN1cnNvciI6ImV5SnpJam94TkRNdU1UWXlOVEl6TlRRMk5USTJOemdzSW1RaU9tWmhiSE5sTENKMElqcDBjblZsZlE9PSJ9LCJhIjp7IkN1cnNvciI6ImV5SnpJam94TXpZdU5ESTBOelU1TmpVM09UZ3lOVFVzSW1RaU9tWmhiSE5sTENKMElqcDBjblZsZlE9PSJ9fQ HTTP/1.1" 200 None
2025-03-25 03:58:00,281 - INFO - No streamers found on page 26. Retrying in 2 seconds...
2025-03-25 03:58:02,282 - DEBUG - Fetching page 27...
2025-03-25 03:58:02,283 - DEBUG - Starting new HTTPS connection (1): api.twitch.tv:443
2025-03-25 03:58:04,226 - DEBUG - https://api.twitch.tv:443 "GET /helix/streams?first=100&after=eyJiIjp7IkN1cnNvciI6ImV5SnpJam94TXpZdU16VTJPVGcwTWprME16TTFOVGdzSW1RaU9tWmhiSE5sTENKMElqcDBjblZsZlE9PSJ9LCJhIjp7IkN1cnNvciI6ImV5SnpJam94TXpBdU56TTNOemsyT0RjME56RTRPQ3dpWkNJNlptRnNjMlVzSW5RaU9uUnlkV1Y5In19 HTTP/1.1" 200 None
2025-03-25 03:58:04,233 - INFO - No streamers found on page 27. Retrying in 2 seconds...
2025-03-25 03:58:06,237 - DEBUG - Fetching page 28...
2025-03-25 03:58:06,242 - DEBUG - Starting new HTTPS connection (1): api.twitch.tv:443
2025-03-25 03:58:08,475 - DEBUG - https://api.twitch.tv:443 "GET /helix/streams?first=100&after=eyJiIjp7IkN1cnNvciI6ImV5SnpJam94TXpZdU5UZzJPRFF6TkRJME16Z3dORGdzSW1RaU9tWmhiSE5sTENKMElqcDBjblZsZlE9PSJ9LCJhIjp7IkN1cnNvciI6ImV5SnpJam94TWpVdU5ERXdNelE0TlRZeE1qZzFNallzSW1RaU9tWmhiSE5sTENKMElqcDBjblZsZlE9PSJ9fQ HTTP/1.1" 200 None
2025-03-25 03:58:08,743 - INFO - No streamers found on page 28. Retrying in 2 seconds...
2025-03-25 03:58:10,744 - DEBUG - Fetching page 29...
2025-03-25 03:58:10,749 - DEBUG - Starting new HTTPS connection (1): api.twitch.tv:443
2025-03-25 03:58:12,736 - DEBUG - https://api.twitch.tv:443 "GET /helix/streams?first=100&after=eyJiIjp7IkN1cnNvciI6ImV5SnpJam94TWpVdU5ERXdNVEF4TlRreU9EWTVNRFVzSW1RaU9tWmhiSE5sTENKMElqcDBjblZsZlE9PSJ9LCJhIjp7IkN1cnNvciI6ImV5SnpJam94TWpBdU5URXdOREl3T1Rnd05UYzVORE1zSW1RaU9tWmhiSE5sTENKMElqcDBjblZsZlE9PSJ9fQ HTTP/1.1" 200 None
2025-03-25 03:58:13,076 - INFO - No streamers found on page 29. Retrying in 2 seconds...
2025-03-25 03:58:15,081 - DEBUG - Fetching page 30...
2025-03-25 03:58:15,085 - DEBUG - Starting new HTTPS connection (1): api.twitch.tv:443
2025-03-25 03:58:17,323 - DEBUG - https://api.twitch.tv:443 "GET /helix/streams?first=100&after=eyJiIjp7IkN1cnNvciI6ImV5SnpJam94TWpBdU5UQTJNRGt4TkRBM01UVXlNemdzSW1RaU9tWmhiSE5sTENKMElqcDBjblZsZlE9PSJ9LCJhIjp7IkN1cnNvciI6ImV5SnpJam94TVRVdU5EUXhOVEl5TkRZeU5qa3lNVElzSW1RaU9tWmhiSE5sTENKMElqcDBjblZsZlE9PSJ9fQ HTTP/1.1" 200 None
2025-03-25 03:58:17,331 - INFO - No streamers found on page 30. Retrying in 2 seconds...
2025-03-25 03:58:19,333 - DEBUG - Fetching page 31...
2025-03-25 03:58:19,333 - DEBUG - Starting new HTTPS connection (1): api.twitch.tv:443
2025-03-25 03:58:22,140 - DEBUG - https://api.twitch.tv:443 "GET /helix/streams?first=100&after=eyJiIjp7IkN1cnNvciI6ImV5SnpJam94TVRVdU5EQXpOekU1TWpVMU5UWXhPRGdzSW1RaU9tWmhiSE5sTENKMElqcDBjblZsZlE9PSJ9LCJhIjp7IkN1cnNvciI6ImV5SnpJam94TVRFdU5qRTNOVGd4TXpJNE9ERTJOek1zSW1RaU9tWmhiSE5sTENKMElqcDBjblZsZlE9PSJ9fQ HTTP/1.1" 200 None
2025-03-25 03:58:22,146 - INFO - No streamers found on page 31. Retrying in 2 seconds...
2025-03-25 03:58:24,147 - DEBUG - Fetching page 32...
2025-03-25 03:58:24,151 - DEBUG - Starting new HTTPS connection (1): api.twitch.tv:443
2025-03-25 03:58:25,774 - DEBUG - https://api.twitch.tv:443 "GET /helix/streams?first=100&after=eyJiIjp7IkN1cnNvciI6ImV5SnpJam94TVRFdU5qQTBNVGMwTURJMU9UWXpNU3dpWkNJNlptRnNjMlVzSW5RaU9uUnlkV1Y5In0sImEiOnsiQ3Vyc29yIjoiZXlKeklqb3hNRGN1TlRFd05qa3lOVFExTXprME5qa3NJbVFpT21aaGJITmxMQ0owSWpwMGNuVmxmUT09In19 HTTP/1.1" 200 None
2025-03-25 03:58:26,036 - INFO - No streamers found on page 32. Retrying in 2 seconds...
2025-03-25 03:58:28,038 - DEBUG - Fetching page 33...
2025-03-25 03:58:28,041 - DEBUG - Starting new HTTPS connection (1): api.twitch.tv:443
2025-03-25 03:58:30,738 - DEBUG - https://api.twitch.tv:443 "GET /helix/streams?first=100&after=eyJiIjp7IkN1cnNvciI6ImV5SnpJam94TURjdU5Ea3hNamMyT0RnME56azROeklzSW1RaU9tWmhiSE5sTENKMElqcDBjblZsZlE9PSJ9LCJhIjp7IkN1cnNvciI6ImV5SnpJam94TURNdU9UazVPVGMyTURFNU9UQXpOallzSW1RaU9tWmhiSE5sTENKMElqcDBjblZsZlE9PSJ9fQ HTTP/1.1" 200 None
2025-03-25 03:58:31,003 - INFO - No streamers found on page 33. Retrying in 2 seconds...
2025-03-25 03:58:33,004 - DEBUG - Fetching page 34...
2025-03-25 03:58:33,012 - DEBUG - Starting new HTTPS connection (1): api.twitch.tv:443
2025-03-25 03:58:34,587 - DEBUG - https://api.twitch.tv:443 "GET /helix/streams?first=100&after=eyJiIjp7IkN1cnNvciI6ImV5SnpJam94TURNdU9UWXdOalExTmpRd056STFORElzSW1RaU9tWmhiSE5sTENKMElqcDBjblZsZlE9PSJ9LCJhIjp7IkN1cnNvciI6ImV5SnpJam94TURFdU1EazBNRFF5TURVMk1Ea3lNVGdzSW1RaU9tWmhiSE5sTENKMElqcDBjblZsZlE9PSJ9fQ HTTP/1.1" 200 None
2025-03-25 03:58:34,605 - INFO - No streamers found on page 34. Retrying in 2 seconds...
2025-03-25 03:58:36,606 - DEBUG - Fetching page 35...
2025-03-25 03:58:36,612 - DEBUG - Starting new HTTPS connection (1): api.twitch.tv:443
2025-03-25 03:58:38,196 - DEBUG - https://api.twitch.tv:443 "GET /helix/streams?first=100&after=eyJiIjp7IkN1cnNvciI6ImV5SnpJam94TURFdU1EY3lNREkwTVRnek16WTBOVGtzSW1RaU9tWmhiSE5sTENKMElqcDBjblZsZlE9PSJ9LCJhIjp7IkN1cnNvciI6ImV5SnpJam81T0M0eU56WXhPVFV3TVRNek1qUTBNeXdpWkNJNlptRnNjMlVzSW5RaU9uUnlkV1Y5In19 HTTP/1.1" 200 None
2025-03-25 03:58:38,471 - INFO - No streamers found on page 35. Retrying in 2 seconds...
2025-03-25 03:58:40,473 - DEBUG - Fetching page 36...
2025-03-25 03:58:40,476 - DEBUG - Starting new HTTPS connection (1): api.twitch.tv:443
2025-03-25 03:58:42,024 - DEBUG - https://api.twitch.tv:443 "GET /helix/streams?first=100&after=eyJiIjp7IkN1cnNvciI6ImV5SnpJam81T0M0eU1UZ3dOVGt6TXpFNU1qYzVNeXdpWkNJNlptRnNjMlVzSW5RaU9uUnlkV1Y5In0sImEiOnsiQ3Vyc29yIjoiZXlKeklqbzVOQzR4T0Rrek16RTVORFE1TURZeE1pd2laQ0k2Wm1Gc2MyVXNJblFpT25SeWRXVjkifX0 HTTP/1.1" 200 None
2025-03-25 03:58:42,292 - INFO - No streamers found on page 36. Retrying in 2 seconds...
2025-03-25 03:58:44,293 - DEBUG - Fetching page 37...
2025-03-25 03:58:44,300 - DEBUG - Starting new HTTPS connection (1): api.twitch.tv:443
2025-03-25 03:58:46,440 - DEBUG - https://api.twitch.tv:443 "GET /helix/streams?first=100&after=eyJiIjp7IkN1cnNvciI6ImV5SnpJam81TkM0d09EWTJOVFl4T0RVek5USTROeXdpWkNJNlptRnNjMlVzSW5RaU9uUnlkV1Y5In0sImEiOnsiQ3Vyc29yIjoiZXlKeklqbzVNUzQyTmpRMk1qazJOREF5TnpVME1Td2laQ0k2Wm1Gc2MyVXNJblFpT25SeWRXVjkifX0 HTTP/1.1" 200 None
2025-03-25 03:58:46,717 - INFO - No streamers found on page 37. Retrying in 2 seconds...
2025-03-25 03:58:48,719 - DEBUG - Fetching page 38...
2025-03-25 03:58:48,723 - DEBUG - Starting new HTTPS connection (1): api.twitch.tv:443
2025-03-25 03:58:51,486 - DEBUG - https://api.twitch.tv:443 "GET /helix/streams?first=100&after=eyJiIjp7IkN1cnNvciI6ImV5SnpJam81TVM0Mk5EUTRNRFl4TWpFNE5UZzVOU3dpWkNJNlptRnNjMlVzSW5RaU9uUnlkV1Y5In0sImEiOnsiQ3Vyc29yIjoiZXlKeklqbzRPQzQ0TVRrMk5UZzJPRGMxT1RJd05Td2laQ0k2Wm1Gc2MyVXNJblFpT25SeWRXVjkifX0 HTTP/1.1" 200 None
2025-03-25 03:58:51,495 - INFO - No streamers found on page 38. Retrying in 2 seconds...
2025-03-25 03:58:53,497 - DEBUG - Fetching page 39...
2025-03-25 03:58:53,500 - DEBUG - Starting new HTTPS connection (1): api.twitch.tv:443
2025-03-25 03:58:55,782 - DEBUG - https://api.twitch.tv:443 "GET /helix/streams?first=100&after=eyJiIjp7IkN1cnNvciI6ImV5SnpJam80T0M0M09EYzVNRFU1TVRNNU5qRXhMQ0prSWpwbVlXeHpaU3dpZENJNmRISjFaWDA9In0sImEiOnsiQ3Vyc29yIjoiZXlKeklqbzROUzQ1TURFek16Z3lNRFUzTVRJNExDSmtJanBtWVd4elpTd2lkQ0k2ZEhKMVpYMD0ifX0 HTTP/1.1" 200 None
2025-03-25 03:58:56,053 - INFO - No streamers found on page 39. Retrying in 2 seconds...
2025-03-25 03:58:58,054 - DEBUG - Fetching page 40...
2025-03-25 03:58:58,057 - DEBUG - Starting new HTTPS connection (1): api.twitch.tv:443
2025-03-25 03:59:00,198 - DEBUG - https://api.twitch.tv:443 "GET /helix/streams?first=100&after=eyJiIjp7IkN1cnNvciI6ImV5SnpJam80TlM0NE5UZzBPVFF4TlRFNE1UWXpOaXdpWkNJNlptRnNjMlVzSW5RaU9uUnlkV1Y5In0sImEiOnsiQ3Vyc29yIjoiZXlKeklqbzRNeTR4TVRjME1qRTNNVFE1TVRJeE5Dd2laQ0k2Wm1Gc2MyVXNJblFpT25SeWRXVjkifX0 HTTP/1.1" 200 None
2025-03-25 03:59:00,439 - INFO - No streamers found on page 40. Retrying in 2 seconds...
2025-03-25 03:59:02,439 - DEBUG - Fetching page 41...
2025-03-25 03:59:02,443 - DEBUG - Starting new HTTPS connection (1): api.twitch.tv:443
2025-03-25 03:59:04,486 - DEBUG - https://api.twitch.tv:443 "GET /helix/streams?first=100&after=eyJiIjp7IkN1cnNvciI6ImV5SnpJam80TXk0eE1EVTRPRE0zTURrNE56Z3hOeXdpWkNJNlptRnNjMlVzSW5RaU9uUnlkV1Y5In0sImEiOnsiQ3Vyc29yIjoiZXlKeklqbzRNQzQ1TmpjMU1ETXlNelF4TURBNU9Td2laQ0k2Wm1Gc2MyVXNJblFpT25SeWRXVjkifX0 HTTP/1.1" 200 None
2025-03-25 03:59:04,505 - INFO - No streamers found on page 41. Retrying in 2 seconds...
2025-03-25 03:59:06,506 - DEBUG - Fetching page 42...
2025-03-25 03:59:06,509 - DEBUG - Starting new HTTPS connection (1): api.twitch.tv:443
2025-03-25 03:59:08,907 - DEBUG - https://api.twitch.tv:443 "GET /helix/streams?first=100&after=eyJiIjp7IkN1cnNvciI6ImV5SnpJam80TUM0NU5qSTBNekk1TXpnNE5URTVPQ3dpWkNJNlptRnNjMlVzSW5RaU9uUnlkV1Y5In0sImEiOnsiQ3Vyc29yIjoiZXlKeklqbzNPQzQyTXpRNE5EVTJOekUyT0RjMU9Td2laQ0k2Wm1Gc2MyVXNJblFpT25SeWRXVjkifX0 HTTP/1.1" 200 None
2025-03-25 03:59:08,919 - INFO - No streamers found on page 42. Retrying in 2 seconds...
2025-03-25 03:59:10,919 - DEBUG - Fetching page 43...
2025-03-25 03:59:10,926 - DEBUG - Starting new HTTPS connection (1): api.twitch.tv:443
2025-03-25 03:59:13,098 - DEBUG - https://api.twitch.tv:443 "GET /helix/streams?first=100&after=eyJiIjp7IkN1cnNvciI6ImV5SnpJam81TWk0NU1EVTJOREU1TURNMk1UTXhOQ3dpWkNJNlptRnNjMlVzSW5RaU9uUnlkV1Y5In0sImEiOnsiQ3Vyc29yIjoiZXlKeklqbzNOaTQxTWpjMk1qRTBOVGt4TmpnNE55d2laQ0k2Wm1Gc2MyVXNJblFpT25SeWRXVjkifX0 HTTP/1.1" 200 None
2025-03-25 03:59:13,367 - INFO - No streamers found on page 43. Retrying in 2 seconds...
2025-03-25 03:59:15,369 - DEBUG - Fetching page 44...
2025-03-25 03:59:15,373 - DEBUG - Starting new HTTPS connection (1): api.twitch.tv:443
2025-03-25 03:59:18,410 - DEBUG - https://api.twitch.tv:443 "GET /helix/streams?first=100&after=eyJiIjp7IkN1cnNvciI6ImV5SnpJam8zTmk0MU1EZzJNREkxTWprMk5EazNOaXdpWkNJNlptRnNjMlVzSW5RaU9uUnlkV1Y5In0sImEiOnsiQ3Vyc29yIjoiZXlKeklqbzNOQzR4TnpFNU16azVOelU1TVRjNU1Td2laQ0k2Wm1Gc2MyVXNJblFpT25SeWRXVjkifX0 HTTP/1.1" 200 None
2025-03-25 03:59:18,726 - INFO - No streamers found on page 44. Retrying in 2 seconds...
2025-03-25 03:59:20,729 - DEBUG - Fetching page 45...
2025-03-25 03:59:20,732 - DEBUG - Starting new HTTPS connection (1): api.twitch.tv:443
2025-03-25 03:59:24,006 - DEBUG - https://api.twitch.tv:443 "GET /helix/streams?first=100&after=eyJiIjp7IkN1cnNvciI6ImV5SnpJam8zTkM0eE5qVXpNakkyT1RnME5UZzBNU3dpWkNJNlptRnNjMlVzSW5RaU9uUnlkV1Y5In0sImEiOnsiQ3Vyc29yIjoiZXlKeklqbzNNUzQyTlRjNE1qYzFORGt6TmpRME9Dd2laQ0k2Wm1Gc2MyVXNJblFpT25SeWRXVjkifX0 HTTP/1.1" 200 None
2025-03-25 03:59:24,020 - INFO - No streamers found on page 45. Retrying in 2 seconds...
2025-03-25 03:59:26,021 - DEBUG - Fetching page 46...
2025-03-25 03:59:26,025 - DEBUG - Starting new HTTPS connection (1): api.twitch.tv:443
2025-03-25 03:59:28,040 - DEBUG - https://api.twitch.tv:443 "GET /helix/streams?first=100&after=eyJiIjp7IkN1cnNvciI6ImV5SnpJam8zTVM0MU56azNORFEzTVRrNE1ESXpOU3dpWkNJNlptRnNjMlVzSW5RaU9uUnlkV1Y5In0sImEiOnsiQ3Vyc29yIjoiZXlKeklqbzJPUzQwTWpJNE9ESTFNRFl3T0RZNE1Td2laQ0k2Wm1Gc2MyVXNJblFpT25SeWRXVjkifX0 HTTP/1.1" 200 None
2025-03-25 03:59:28,300 - INFO - No streamers found on page 46. Retrying in 2 seconds...
2025-03-25 03:59:30,301 - DEBUG - Fetching page 47...
2025-03-25 03:59:30,304 - DEBUG - Starting new HTTPS connection (1): api.twitch.tv:443
2025-03-25 03:59:32,425 - DEBUG - https://api.twitch.tv:443 "GET /helix/streams?first=100&after=eyJiIjp7IkN1cnNvciI6ImV5SnpJam8yT1M0ek9UVXlOVGt4T0RRek9Ea3lMQ0prSWpwbVlXeHpaU3dpZENJNmRISjFaWDA9In0sImEiOnsiQ3Vyc29yIjoiZXlKeklqbzJOeTR6T1RNNU5qSXlOVGt6TWpZeU15d2laQ0k2Wm1Gc2MyVXNJblFpT25SeWRXVjkifX0 HTTP/1.1" 200 None
2025-03-25 03:59:32,686 - INFO - No streamers found on page 47. Retrying in 2 seconds...
2025-03-25 03:59:34,691 - DEBUG - Fetching page 48...
2025-03-25 03:59:34,703 - DEBUG - Starting new HTTPS connection (1): api.twitch.tv:443
2025-03-25 03:59:37,595 - DEBUG - https://api.twitch.tv:443 "GET /helix/streams?first=100&after=eyJiIjp7IkN1cnNvciI6ImV5SnpJam8yTnk0ek5UTTRPVGMyTlRrME1qTXlOeXdpWkNJNlptRnNjMlVzSW5RaU9uUnlkV1Y5In0sImEiOnsiQ3Vyc29yIjoiZXlKeklqbzJOUzQxT0RBd05qZzVPREUzTURVNE1pd2laQ0k2Wm1Gc2MyVXNJblFpT25SeWRXVjkifX0 HTTP/1.1" 200 None
2025-03-25 03:59:37,801 - INFO - No streamers found on page 48. Retrying in 2 seconds...
2025-03-25 03:59:39,802 - DEBUG - Fetching page 49...
2025-03-25 03:59:39,805 - DEBUG - Starting new HTTPS connection (1): api.twitch.tv:443
2025-03-25 03:59:42,306 - DEBUG - https://api.twitch.tv:443 "GET /helix/streams?first=100&after=eyJiIjp7IkN1cnNvciI6ImV5SnpJam8yTlM0MU5qYzJNek0wTlRjMk1UUXdNaXdpWkNJNlptRnNjMlVzSW5RaU9uUnlkV1Y5In0sImEiOnsiQ3Vyc29yIjoiZXlKeklqbzJNeTQ0TnpBeU56WTVPVFkwTXpJNU9EVXNJbVFpT21aaGJITmxMQ0owSWpwMGNuVmxmUT09In19 HTTP/1.1" 200 None
2025-03-25 03:59:42,587 - INFO - No streamers found on page 49. Retrying in 2 seconds...
2025-03-25 03:59:44,589 - DEBUG - Fetching page 50...
2025-03-25 03:59:44,593 - DEBUG - Starting new HTTPS connection (1): api.twitch.tv:443
2025-03-25 03:59:47,243 - DEBUG - https://api.twitch.tv:443 "GET /helix/streams?first=100&after=eyJiIjp7IkN1cnNvciI6ImV5SnpJam8yTXk0NE5UTTNPREV3TWpNM01qY3lNVFVzSW1RaU9tWmhiSE5sTENKMElqcDBjblZsZlE9PSJ9LCJhIjp7IkN1cnNvciI6ImV5SnpJam8yTWk0d09EWTNOakE1T0Rnd056WTFNRFlzSW1RaU9tWmhiSE5sTENKMElqcDBjblZsZlE9PSJ9fQ HTTP/1.1" 200 None
2025-03-25 03:59:47,248 - INFO - No streamers found on page 50. Retrying in 2 seconds...
2025-03-25 03:59:49,249 - DEBUG - Fetching page 51...
2025-03-25 03:59:49,251 - DEBUG - Starting new HTTPS connection (1): api.twitch.tv:443
2025-03-25 03:59:51,753 - DEBUG - https://api.twitch.tv:443 "GET /helix/streams?first=100&after=eyJiIjp7IkN1cnNvciI6ImV5SnpJam8yTWk0d05EWXhOVGMxTlRNNE1ESTNOQ3dpWkNJNlptRnNjMlVzSW5RaU9uUnlkV1Y5In0sImEiOnsiQ3Vyc29yIjoiZXlKeklqbzJNQzR3T0RZNE5qTXhNek0wTkRFd05Dd2laQ0k2Wm1Gc2MyVXNJblFpT25SeWRXVjkifX0 HTTP/1.1" 200 None
2025-03-25 03:59:52,019 - INFO - No streamers found on page 51. Retrying in 2 seconds...
2025-03-25 03:59:54,020 - DEBUG - Fetching page 52...
2025-03-25 03:59:54,023 - DEBUG - Starting new HTTPS connection (1): api.twitch.tv:443
2025-03-25 03:59:56,709 - DEBUG - https://api.twitch.tv:443 "GET /helix/streams?first=100&after=eyJiIjp7IkN1cnNvciI6ImV5SnpJam8yTUM0d09EUTJORGd5TlRBNE5UUTNNeXdpWkNJNlptRnNjMlVzSW5RaU9uUnlkV1Y5In0sImEiOnsiQ3Vyc29yIjoiZXlKeklqbzFPQzR3TnpVeE1qVTVPVFEzTURZNUxDSmtJanBtWVd4elpTd2lkQ0k2ZEhKMVpYMD0ifX0 HTTP/1.1" 200 None
2025-03-25 03:59:56,714 - INFO - No streamers found on page 52. Retrying in 2 seconds...
2025-03-25 03:59:58,716 - DEBUG - Fetching page 53...
2025-03-25 03:59:58,719 - DEBUG - Starting new HTTPS connection (1): api.twitch.tv:443
2025-03-25 04:00:01,772 - DEBUG - https://api.twitch.tv:443 "GET /helix/streams?first=100&after=eyJiIjp7IkN1cnNvciI6ImV5SnpJam8xT0M0d056RTROakF3TWpZeE1Ua3lORFlzSW1RaU9tWmhiSE5sTENKMElqcDBjblZsZlE9PSJ9LCJhIjp7IkN1cnNvciI6ImV5SnpJam8xTmk0MU9EazBOamN4T0RFMU5UZzNNU3dpWkNJNlptRnNjMlVzSW5RaU9uUnlkV1Y5In19 HTTP/1.1" 200 None
2025-03-25 04:00:01,783 - INFO - No streamers found on page 53. Retrying in 2 seconds...
2025-03-25 04:00:03,784 - DEBUG - Fetching page 54...
2025-03-25 04:00:03,790 - DEBUG - Starting new HTTPS connection (1): api.twitch.tv:443
2025-03-25 04:00:07,932 - DEBUG - https://api.twitch.tv:443 "GET /helix/streams?first=100&after=eyJiIjp7IkN1cnNvciI6ImV5SnpJam8xTmk0MU16RTJNemczTWpJMU1qUTRPVFlzSW1RaU9tWmhiSE5sTENKMElqcDBjblZsZlE9PSJ9LCJhIjp7IkN1cnNvciI6ImV5SnpJam8xTlM0ek5EWTVNekUyTURRNE1USXlOVFVzSW1RaU9tWmhiSE5sTENKMElqcDBjblZsZlE9PSJ9fQ HTTP/1.1" 200 None
2025-03-25 04:00:07,941 - INFO - No streamers found on page 54. Retrying in 2 seconds...
2025-03-25 04:00:09,942 - DEBUG - Fetching page 55...
2025-03-25 04:00:09,946 - DEBUG - Starting new HTTPS connection (1): api.twitch.tv:443
2025-03-25 04:00:13,380 - DEBUG - https://api.twitch.tv:443 "GET /helix/streams?first=100&after=eyJiIjp7IkN1cnNvciI6ImV5SnpJam8xT0M0ME9EUTNNVFV3T0RjeU1Ua3pNU3dpWkNJNlptRnNjMlVzSW5RaU9uUnlkV1Y5In0sImEiOnsiQ3Vyc29yIjoiZXlKeklqbzFNeTQ0TlRnek16TTNORGcxTmpJME5Td2laQ0k2Wm1Gc2MyVXNJblFpT25SeWRXVjkifX0 HTTP/1.1" 200 None
2025-03-25 04:00:13,669 - INFO - No streamers found on page 55. Retrying in 2 seconds...
2025-03-25 04:00:15,670 - DEBUG - Fetching page 56...
2025-03-25 04:00:15,674 - DEBUG - Starting new HTTPS connection (1): api.twitch.tv:443
2025-03-25 04:00:17,900 - DEBUG - https://api.twitch.tv:443 "GET /helix/streams?first=100&after=eyJiIjp7IkN1cnNvciI6ImV5SnpJam8xTXk0NE5Ea3lNamd4TWpJM01ESXhOaXdpWkNJNlptRnNjMlVzSW5RaU9uUnlkV1Y5In0sImEiOnsiQ3Vyc29yIjoiZXlKeklqbzFNaTQxTWpnM016SXhOems0TlRBeE5pd2laQ0k2Wm1Gc2MyVXNJblFpT25SeWRXVjkifX0 HTTP/1.1" 200 None
2025-03-25 04:00:17,912 - INFO - No streamers found on page 56. Retrying in 2 seconds...
2025-03-25 04:00:19,913 - DEBUG - Fetching page 57...
2025-03-25 04:00:19,921 - DEBUG - Starting new HTTPS connection (1): api.twitch.tv:443
2025-03-25 04:00:23,673 - DEBUG - https://api.twitch.tv:443 "GET /helix/streams?first=100&after=eyJiIjp7IkN1cnNvciI6ImV5SnpJam8xTWk0MU1qRXhPREUzTXpJM056QXpNeXdpWkNJNlptRnNjMlVzSW5RaU9uUnlkV1Y5In0sImEiOnsiQ3Vyc29yIjoiZXlKeklqbzFNUzR6TWpnNU1ERTJNVGt6TWpRek1pd2laQ0k2Wm1Gc2MyVXNJblFpT25SeWRXVjkifX0 HTTP/1.1" 200 None
2025-03-25 04:00:23,898 - INFO - No streamers found on page 57. Retrying in 2 seconds...
2025-03-25 04:00:25,899 - DEBUG - Fetching page 58...
2025-03-25 04:00:25,902 - DEBUG - Starting new HTTPS connection (1): api.twitch.tv:443
2025-03-25 04:00:27,979 - DEBUG - https://api.twitch.tv:443 "GET /helix/streams?first=100&after=eyJiIjp7IkN1cnNvciI6ImV5SnpJam8xTVM0ek1UazJORGd3T1RZMk5EVXhOeXdpWkNJNlptRnNjMlVzSW5RaU9uUnlkV1Y5In0sImEiOnsiQ3Vyc29yIjoiZXlKeklqbzFNQzR6TURBME9EWTVNRGMwT1RVNE9Dd2laQ0k2Wm1Gc2MyVXNJblFpT25SeWRXVjkifX0 HTTP/1.1" 200 None
2025-03-25 04:00:27,985 - INFO - No streamers found on page 58. Retrying in 2 seconds...
2025-03-25 04:00:29,987 - DEBUG - Fetching page 59...
2025-03-25 04:00:29,991 - DEBUG - Starting new HTTPS connection (1): api.twitch.tv:443
2025-03-25 04:00:32,559 - DEBUG - https://api.twitch.tv:443 "GET /helix/streams?first=100&after=eyJiIjp7IkN1cnNvciI6ImV5SnpJam8xTUM0eU9UUXhNRGd5TmpBeU5UZzFPU3dpWkNJNlptRnNjMlVzSW5RaU9uUnlkV1Y5In0sImEiOnsiQ3Vyc29yIjoiZXlKeklqbzBPUzR5T0RjNU1EazBNRFEzTXpjMUxDSmtJanBtWVd4elpTd2lkQ0k2ZEhKMVpYMD0ifX0 HTTP/1.1" 200 None
2025-03-25 04:00:32,826 - INFO - No streamers found on page 59. Retrying in 2 seconds...
2025-03-25 04:00:34,827 - DEBUG - Fetching page 60...
2025-03-25 04:00:34,831 - DEBUG - Starting new HTTPS connection (1): api.twitch.tv:443
2025-03-25 04:00:38,534 - DEBUG - https://api.twitch.tv:443 "GET /helix/streams?first=100&after=eyJiIjp7IkN1cnNvciI6ImV5SnpJam8wT1M0eU56WTROalV6TmpFek1qSTROU3dpWkNJNlptRnNjMlVzSW5RaU9uUnlkV1Y5In0sImEiOnsiQ3Vyc29yIjoiZXlKeklqbzBPQzR5TURBeU1qa3hOVGt5TURBeU5pd2laQ0k2Wm1Gc2MyVXNJblFpT25SeWRXVjkifX0 HTTP/1.1" 200 None
2025-03-25 04:00:38,547 - INFO - No streamers found on page 60. Retrying in 2 seconds...
2025-03-25 04:00:40,547 - DEBUG - Fetching page 61...
2025-03-25 04:00:40,551 - DEBUG - Starting new HTTPS connection (1): api.twitch.tv:443
2025-03-25 04:00:43,245 - DEBUG - https://api.twitch.tv:443 "GET /helix/streams?first=100&after=eyJiIjp7IkN1cnNvciI6ImV5SnpJam8wT0M0eE9UUTNPRGN5TURreU1EQXpPU3dpWkNJNlptRnNjMlVzSW5RaU9uUnlkV1Y5In0sImEiOnsiQ3Vyc29yIjoiZXlKeklqbzBOeTR3TXpFME56UTNOVEUwT1RBMk15d2laQ0k2Wm1Gc2MyVXNJblFpT25SeWRXVjkifX0 HTTP/1.1" 200 None
2025-03-25 04:00:43,509 - INFO - No streamers found on page 61. Retrying in 2 seconds...
2025-03-25 04:00:45,510 - DEBUG - Fetching page 62...
2025-03-25 04:00:45,514 - DEBUG - Starting new HTTPS connection (1): api.twitch.tv:443
2025-03-25 04:00:47,733 - DEBUG - https://api.twitch.tv:443 "GET /helix/streams?first=100&after=eyJiIjp7IkN1cnNvciI6ImV5SnpJam8wTnk0d01EY3pNamMyT0RZM05qUXhOQ3dpWkNJNlptRnNjMlVzSW5RaU9uUnlkV1Y5In0sImEiOnsiQ3Vyc29yIjoiZXlKeklqbzBOUzQzTnpZM01UWTRNRFUxTXprNE5Dd2laQ0k2Wm1Gc2MyVXNJblFpT25SeWRXVjkifX0 HTTP/1.1" 200 None
2025-03-25 04:00:47,738 - INFO - No streamers found on page 62. Retrying in 2 seconds...
2025-03-25 04:00:49,739 - DEBUG - Fetching page 63...
2025-03-25 04:00:49,744 - DEBUG - Starting new HTTPS connection (1): api.twitch.tv:443
2025-03-25 04:00:51,861 - DEBUG - https://api.twitch.tv:443 "GET /helix/streams?first=100&after=eyJiIjp7IkN1cnNvciI6ImV5SnpJam8wTlM0M05qYzFORGt6TkRZek56azRNeXdpWkNJNlptRnNjMlVzSW5RaU9uUnlkV1Y5In0sImEiOnsiQ3Vyc29yIjoiZXlKeklqbzBOQzQ0TkRrM056SXpNRFl4T0RjeE5Dd2laQ0k2Wm1Gc2MyVXNJblFpT25SeWRXVjkifX0 HTTP/1.1" 200 None
2025-03-25 04:00:52,132 - INFO - No streamers found on page 63. Retrying in 2 seconds...
2025-03-25 04:00:54,135 - DEBUG - Fetching page 64...
2025-03-25 04:00:54,137 - DEBUG - Starting new HTTPS connection (1): api.twitch.tv:443
2025-03-25 04:00:56,633 - DEBUG - https://api.twitch.tv:443 "GET /helix/streams?first=100&after=eyJiIjp7IkN1cnNvciI6ImV5SnpJam8wTkM0NE16a3lOVE14TnpBMk1URXhOalVzSW1RaU9tWmhiSE5sTENKMElqcDBjblZsZlE9PSJ9LCJhIjp7IkN1cnNvciI6ImV5SnpJam8wTXk0M05qYzJPRE0xTVRZeU5qVTBMQ0prSWpwbVlXeHpaU3dpZENJNmRISjFaWDA9In19 HTTP/1.1" 200 None
2025-03-25 04:00:56,930 - INFO - No streamers found on page 64. Retrying in 2 seconds...
2025-03-25 04:00:58,931 - DEBUG - Fetching page 65...
2025-03-25 04:00:58,934 - DEBUG - Starting new HTTPS connection (1): api.twitch.tv:443
2025-03-25 04:01:01,163 - DEBUG - https://api.twitch.tv:443 "GET /helix/streams?first=100&after=eyJiIjp7IkN1cnNvciI6ImV5SnpJam8wTXk0M05EQXpOVEE0TWpZMU9ESTVOVFFzSW1RaU9tWmhiSE5sTENKMElqcDBjblZsZlE9PSJ9LCJhIjp7IkN1cnNvciI6ImV5SnpJam8wTWk0NE16QTFORFU1TXpBNU1UTTRPU3dpWkNJNlptRnNjMlVzSW5RaU9uUnlkV1Y5In19 HTTP/1.1" 200 None
2025-03-25 04:01:01,266 - INFO - No streamers found on page 65. Retrying in 2 seconds...
2025-03-25 04:01:03,267 - DEBUG - Fetching page 66...
2025-03-25 04:01:03,270 - DEBUG - Starting new HTTPS connection (1): api.twitch.tv:443
2025-03-25 04:01:05,893 - DEBUG - https://api.twitch.tv:443 "GET /helix/streams?first=100&after=eyJiIjp7IkN1cnNvciI6ImV5SnpJam8wTWk0NE1qZzRPREk0TWpZME5USXpOU3dpWkNJNlptRnNjMlVzSW5RaU9uUnlkV1Y5In0sImEiOnsiQ3Vyc29yIjoiZXlKeklqbzBNUzQzT1RVM05Ua3hNVGt4TURnNE5EUXNJbVFpT21aaGJITmxMQ0owSWpwMGNuVmxmUT09In19 HTTP/1.1" 200 None
2025-03-25 04:01:05,899 - INFO - No streamers found on page 66. Retrying in 2 seconds...
2025-03-25 04:01:07,902 - DEBUG - Fetching page 67...
2025-03-25 04:01:07,905 - DEBUG - Starting new HTTPS connection (1): api.twitch.tv:443
2025-03-25 04:01:10,244 - DEBUG - https://api.twitch.tv:443 "GET /helix/streams?first=100&after=eyJiIjp7IkN1cnNvciI6ImV5SnpJam8wT1M0eE9UTXlNREV6TXprMk1UVTNPU3dpWkNJNlptRnNjMlVzSW5RaU9uUnlkV1Y5In0sImEiOnsiQ3Vyc29yIjoiZXlKeklqbzBNUzR4TWpJNE1qTXdNakF3TmpreU16UXNJbVFpT21aaGJITmxMQ0owSWpwMGNuVmxmUT09In19 HTTP/1.1" 200 None
2025-03-25 04:01:10,250 - INFO - No streamers found on page 67. Retrying in 2 seconds...
2025-03-25 04:01:12,252 - DEBUG - Fetching page 68...
2025-03-25 04:01:12,261 - DEBUG - Starting new HTTPS connection (1): api.twitch.tv:443
2025-03-25 04:01:14,422 - DEBUG - https://api.twitch.tv:443 "GET /helix/streams?first=100&after=eyJiIjp7IkN1cnNvciI6ImV5SnpJam8wTmk0NE1qQTJNalU1T1RJME5UQXdOellzSW1RaU9tWmhiSE5sTENKMElqcDBjblZsZlE9PSJ9LCJhIjp7IkN1cnNvciI6ImV5SnpJam8wTUM0ek1EVTJOamMxTlRRek9UVXpNRFlzSW1RaU9tWmhiSE5sTENKMElqcDBjblZsZlE9PSJ9fQ HTTP/1.1" 200 None
2025-03-25 04:01:14,438 - INFO - No streamers found on page 68. Retrying in 2 seconds...
2025-03-25 04:01:16,440 - DEBUG - Fetching page 69...
2025-03-25 04:01:16,446 - DEBUG - Starting new HTTPS connection (1): api.twitch.tv:443
2025-03-25 04:01:18,360 - DEBUG - https://api.twitch.tv:443 "GET /helix/streams?first=100&after=eyJiIjp7IkN1cnNvciI6ImV5SnpJam8wTUM0eU5qZ3pNalkwT0RVeE1qWXpOaXdpWkNJNlptRnNjMlVzSW5RaU9uUnlkV1Y5In0sImEiOnsiQ3Vyc29yIjoiZXlKeklqb3pPUzQwTVRZek1qWTVOakF3TVRBeE56UXNJbVFpT21aaGJITmxMQ0owSWpwMGNuVmxmUT09In19 HTTP/1.1" 200 None
2025-03-25 04:01:18,629 - INFO - No streamers found on page 69. Retrying in 2 seconds...
2025-03-25 04:01:20,631 - DEBUG - Fetching page 70...
2025-03-25 04:01:20,637 - DEBUG - Starting new HTTPS connection (1): api.twitch.tv:443
2025-03-25 04:01:22,913 - DEBUG - https://api.twitch.tv:443 "GET /helix/streams?first=100&after=eyJiIjp7IkN1cnNvciI6ImV5SnpJam96T1M0ME1USXhNVE0zTVRJME9UZ3dNU3dpWkNJNlptRnNjMlVzSW5RaU9uUnlkV1Y5In0sImEiOnsiQ3Vyc29yIjoiZXlKeklqb3pPQzQyTmpNek5UVTROamN4TXpBeE9Dd2laQ0k2Wm1Gc2MyVXNJblFpT25SeWRXVjkifX0 HTTP/1.1" 200 None
2025-03-25 04:01:23,177 - INFO - No streamers found on page 70. Retrying in 2 seconds...
2025-03-25 04:01:25,178 - DEBUG - Fetching page 71...
2025-03-25 04:01:25,182 - DEBUG - Starting new HTTPS connection (1): api.twitch.tv:443
2025-03-25 04:01:26,945 - DEBUG - https://api.twitch.tv:443 "GET /helix/streams?first=100&after=eyJiIjp7IkN1cnNvciI6ImV5SnpJam96T0M0Mk5qSTBOVGN4TXpJMk16TTBNU3dpWkNJNlptRnNjMlVzSW5RaU9uUnlkV1Y5In0sImEiOnsiQ3Vyc29yIjoiZXlKeklqb3pOeTQ1TnpBME1ETXhOamd4TnpNM01Td2laQ0k2Wm1Gc2MyVXNJblFpT25SeWRXVjkifX0 HTTP/1.1" 200 None
2025-03-25 04:01:26,962 - INFO - No streamers found on page 71. Retrying in 2 seconds...
2025-03-25 04:01:28,964 - DEBUG - Fetching page 72...
2025-03-25 04:01:28,969 - DEBUG - Starting new HTTPS connection (1): api.twitch.tv:443
2025-03-25 04:01:31,989 - DEBUG - https://api.twitch.tv:443 "GET /helix/streams?first=100&after=eyJiIjp7IkN1cnNvciI6ImV5SnpJam96Tnk0NU5qa3lOemcyTkRJeU1ESXdPU3dpWkNJNlptRnNjMlVzSW5RaU9uUnlkV1Y5In0sImEiOnsiQ3Vyc29yIjoiZXlKeklqb3pOeTR4T0RJek5qRTFNelU0TXpNME1UVXNJbVFpT21aaGJITmxMQ0owSWpwMGNuVmxmUT09In19 HTTP/1.1" 200 None
2025-03-25 04:01:32,261 - INFO - No streamers found on page 72. Retrying in 2 seconds...
2025-03-25 04:01:34,262 - DEBUG - Fetching page 73...
2025-03-25 04:01:34,264 - DEBUG - Starting new HTTPS connection (1): api.twitch.tv:443
2025-03-25 04:01:36,675 - DEBUG - https://api.twitch.tv:443 "GET /helix/streams?first=100&after=eyJiIjp7IkN1cnNvciI6ImV5SnpJam96Tnk0eE9EQTNNelU0TXpNeU9EWTBPQ3dpWkNJNlptRnNjMlVzSW5RaU9uUnlkV1Y5In0sImEiOnsiQ3Vyc29yIjoiZXlKeklqb3pOaTR6TmpVeU9URTNPVGM1TXpZNE5Dd2laQ0k2Wm1Gc2MyVXNJblFpT25SeWRXVjkifX0 HTTP/1.1" 200 None
2025-03-25 04:01:36,936 - INFO - No streamers found on page 73. Retrying in 2 seconds...
2025-03-25 04:01:38,938 - DEBUG - Fetching page 74...
2025-03-25 04:01:38,942 - DEBUG - Starting new HTTPS connection (1): api.twitch.tv:443
2025-03-25 04:01:41,617 - DEBUG - https://api.twitch.tv:443 "GET /helix/streams?first=100&after=eyJiIjp7IkN1cnNvciI6ImV5SnpJam96Tmk0ek5qQTBNVGcxTnpRM016VTJNaXdpWkNJNlptRnNjMlVzSW5RaU9uUnlkV1Y5In0sImEiOnsiQ3Vyc29yIjoiZXlKeklqb3pOUzQzTmpZME1UWTRNemM1TXpVMU5EUXNJbVFpT21aaGJITmxMQ0owSWpwMGNuVmxmUT09In19 HTTP/1.1" 200 None
2025-03-25 04:01:41,881 - INFO - No streamers found on page 74. Retrying in 2 seconds...
2025-03-25 04:01:43,882 - DEBUG - Fetching page 75...
2025-03-25 04:01:43,888 - DEBUG - Starting new HTTPS connection (1): api.twitch.tv:443
2025-03-25 04:01:46,688 - DEBUG - https://api.twitch.tv:443 "GET /helix/streams?first=100&after=eyJiIjp7IkN1cnNvciI6ImV5SnpJam96TlM0M05Ua3dOekl5TlRrM01UQTRPRFFzSW1RaU9tWmhiSE5sTENKMElqcDBjblZsZlE9PSJ9LCJhIjp7IkN1cnNvciI6ImV5SnpJam96TlM0d01qRTNPVEkyTWpNMU1UVXpMQ0prSWpwbVlXeHpaU3dpZENJNmRISjFaWDA9In19 HTTP/1.1" 200 None
2025-03-25 04:01:46,703 - INFO - No streamers found on page 75. Retrying in 2 seconds...
2025-03-25 04:01:48,705 - DEBUG - Fetching page 76...
2025-03-25 04:01:48,710 - DEBUG - Starting new HTTPS connection (1): api.twitch.tv:443
2025-03-25 04:01:50,744 - DEBUG - https://api.twitch.tv:443 "GET /helix/streams?first=100&after=eyJiIjp7IkN1cnNvciI6ImV5SnpJam96TlM0d01UY3lPREUwTVRjNU56RTNOeXdpWkNJNlptRnNjMlVzSW5RaU9uUnlkV1Y5In0sImEiOnsiQ3Vyc29yIjoiZXlKeklqb3pOQzQwTXpnMU1qUTRPRE0yTXpnek55d2laQ0k2Wm1Gc2MyVXNJblFpT25SeWRXVjkifX0 HTTP/1.1" 200 None
2025-03-25 04:01:51,003 - INFO - No streamers found on page 76. Retrying in 2 seconds...
2025-03-25 04:01:53,008 - DEBUG - Fetching page 77...
2025-03-25 04:01:53,013 - DEBUG - Starting new HTTPS connection (1): api.twitch.tv:443
2025-03-25 04:01:55,140 - DEBUG - https://api.twitch.tv:443 "GET /helix/streams?first=100&after=eyJiIjp7IkN1cnNvciI6ImV5SnpJam96TkM0ME16YzNOVEk0TmpZeU9EZ3hNaXdpWkNJNlptRnNjMlVzSW5RaU9uUnlkV1Y5In0sImEiOnsiQ3Vyc29yIjoiZXlKeklqb3pNeTQ0T0RBNE56YzJNVFU1TVRreE9Td2laQ0k2Wm1Gc2MyVXNJblFpT25SeWRXVjkifX0 HTTP/1.1" 200 None
2025-03-25 04:01:55,410 - INFO - No streamers found on page 77. Retrying in 2 seconds...
2025-03-25 04:01:57,474 - DEBUG - Fetching page 78...
2025-03-25 04:01:57,495 - DEBUG - Starting new HTTPS connection (1): api.twitch.tv:443
2025-03-25 04:02:00,143 - DEBUG - https://api.twitch.tv:443 "GET /helix/streams?first=100&after=eyJiIjp7IkN1cnNvciI6ImV5SnpJam96TXk0NE5qRXhNalkxTWpVMU1qZ3dOaXdpWkNJNlptRnNjMlVzSW5RaU9uUnlkV1Y5In0sImEiOnsiQ3Vyc29yIjoiZXlKeklqb3pNeTR4TWpFeE1ETTFPVGd6TmpFM05Dd2laQ0k2Wm1Gc2MyVXNJblFpT25SeWRXVjkifX0 HTTP/1.1" 200 None
2025-03-25 04:02:00,416 - INFO - No streamers found on page 78. Retrying in 2 seconds...
2025-03-25 04:02:02,417 - DEBUG - Fetching page 79...
2025-03-25 04:02:02,421 - DEBUG - Starting new HTTPS connection (1): api.twitch.tv:443
2025-03-25 04:02:04,563 - DEBUG - https://api.twitch.tv:443 "GET /helix/streams?first=100&after=eyJiIjp7IkN1cnNvciI6ImV5SnpJam96TXk0eE1UazBOemcxTkRBNU9EZzFNaXdpWkNJNlptRnNjMlVzSW5RaU9uUnlkV1Y5In0sImEiOnsiQ3Vyc29yIjoiZXlKeklqb3pNaTQyTlRZek5ETTJNRGd6Tnprd09Td2laQ0k2Wm1Gc2MyVXNJblFpT25SeWRXVjkifX0 HTTP/1.1" 200 None
2025-03-25 04:02:04,585 - INFO - No streamers found on page 79. Retrying in 2 seconds...
2025-03-25 04:02:06,586 - DEBUG - Fetching page 80...
2025-03-25 04:02:06,593 - DEBUG - Starting new HTTPS connection (1): api.twitch.tv:443
2025-03-25 04:02:08,667 - DEBUG - https://api.twitch.tv:443 "GET /helix/streams?first=100&after=eyJiIjp7IkN1cnNvciI6ImV5SnpJam8wTVM0Mk5ETXpOemd5TURjeE5EUXhPQ3dpWkNJNlptRnNjMlVzSW5RaU9uUnlkV1Y5In0sImEiOnsiQ3Vyc29yIjoiZXlKeklqb3pNaTR5TURRek56a3hOREk0TXpneU5pd2laQ0k2Wm1Gc2MyVXNJblFpT25SeWRXVjkifX0 HTTP/1.1" 200 None
2025-03-25 04:02:08,928 - INFO - No streamers found on page 80. Retrying in 2 seconds...
2025-03-25 04:02:10,929 - DEBUG - Fetching page 81...
2025-03-25 04:02:10,932 - DEBUG - Starting new HTTPS connection (1): api.twitch.tv:443
2025-03-25 04:02:13,320 - DEBUG - https://api.twitch.tv:443 "GET /helix/streams?first=100&after=eyJiIjp7IkN1cnNvciI6ImV5SnpJam8wTVM0eE56STFOak14T0RJME5qTXdOeXdpWkNJNlptRnNjMlVzSW5RaU9uUnlkV1Y5In0sImEiOnsiQ3Vyc29yIjoiZXlKeklqb3pNUzQyTkRBeU5ESTNOelkxTnprNE5qUXNJbVFpT21aaGJITmxMQ0owSWpwMGNuVmxmUT09In19 HTTP/1.1" 200 None
2025-03-25 04:02:13,329 - INFO - No streamers found on page 81. Retrying in 2 seconds...
2025-03-25 04:02:15,330 - DEBUG - Fetching page 82...
2025-03-25 04:02:15,333 - DEBUG - Starting new HTTPS connection (1): api.twitch.tv:443
2025-03-25 04:02:17,451 - DEBUG - https://api.twitch.tv:443 "GET /helix/streams?first=100&after=eyJiIjp7IkN1cnNvciI6ImV5SnpJam96TVM0Mk16WTBOVEUxTXpFMU9ESTJNVFVzSW1RaU9tWmhiSE5sTENKMElqcDBjblZsZlE9PSJ9LCJhIjp7IkN1cnNvciI6ImV5SnpJam96TVM0d016azNNVFk0T1RJeU5EazBOallzSW1RaU9tWmhiSE5sTENKMElqcDBjblZsZlE9PSJ9fQ HTTP/1.1" 200 None
2025-03-25 04:02:17,716 - INFO - No streamers found on page 82. Retrying in 2 seconds...
2025-03-25 04:02:19,717 - DEBUG - Fetching page 83...
2025-03-25 04:02:19,724 - DEBUG - Starting new HTTPS connection (1): api.twitch.tv:443
2025-03-25 04:02:22,128 - DEBUG - https://api.twitch.tv:443 "GET /helix/streams?first=100&after=eyJiIjp7IkN1cnNvciI6ImV5SnpJam96TVM0d016UTJPRGd4TlRRME56WXpPRGdzSW1RaU9tWmhiSE5sTENKMElqcDBjblZsZlE9PSJ9LCJhIjp7IkN1cnNvciI6ImV5SnpJam96TUM0MU9ETTJNek0wTVRrMU5UYzVOek1zSW1RaU9tWmhiSE5sTENKMElqcDBjblZsZlE9PSJ9fQ HTTP/1.1" 200 None
2025-03-25 04:02:22,341 - INFO - No streamers found on page 83. Retrying in 2 seconds...
2025-03-25 04:02:24,342 - DEBUG - Fetching page 84...
2025-03-25 04:02:24,343 - DEBUG - Starting new HTTPS connection (1): api.twitch.tv:443
2025-03-25 04:02:26,557 - DEBUG - https://api.twitch.tv:443 "GET /helix/streams?first=100&after=eyJiIjp7IkN1cnNvciI6ImV5SnpJam96TUM0MU56VXpNelE0TURneU1qUTJOVGNzSW1RaU9tWmhiSE5sTENKMElqcDBjblZsZlE9PSJ9LCJhIjp7IkN1cnNvciI6ImV5SnpJam96TUM0d05EYzRORFF5TmpNMU5qWXlOeklzSW1RaU9tWmhiSE5sTENKMElqcDBjblZsZlE9PSJ9fQ HTTP/1.1" 200 None
2025-03-25 04:02:26,856 - INFO - No streamers found on page 84. Retrying in 2 seconds...
2025-03-25 04:02:28,860 - DEBUG - Fetching page 85...
2025-03-25 04:02:28,865 - DEBUG - Starting new HTTPS connection (1): api.twitch.tv:443
2025-03-25 04:02:31,403 - DEBUG - https://api.twitch.tv:443 "GET /helix/streams?first=100&after=eyJiIjp7IkN1cnNvciI6ImV5SnpJam96TUM0d05ESXlORFEzTWpnNE9UY3lPU3dpWkNJNlptRnNjMlVzSW5RaU9uUnlkV1Y5In0sImEiOnsiQ3Vyc29yIjoiZXlKeklqb3lPUzQyTVRneU1qZ3pORGMwT0RBME5qZ3NJbVFpT21aaGJITmxMQ0owSWpwMGNuVmxmUT09In19 HTTP/1.1" 200 None
2025-03-25 04:02:31,676 - INFO - No streamers found on page 85. Retrying in 2 seconds...
2025-03-25 04:02:33,678 - DEBUG - Fetching page 86...
2025-03-25 04:02:33,681 - DEBUG - Starting new HTTPS connection (1): api.twitch.tv:443
2025-03-25 04:02:35,890 - DEBUG - https://api.twitch.tv:443 "GET /helix/streams?first=100&after=eyJiIjp7IkN1cnNvciI6ImV5SnpJam95T1M0Mk1UUXhNREUwTmpVM01ERTJNVFlzSW1RaU9tWmhiSE5sTENKMElqcDBjblZsZlE9PSJ9LCJhIjp7IkN1cnNvciI6ImV5SnpJam95T1M0d09URTJORGMwTmpZeU5qTXpNRFFzSW1RaU9tWmhiSE5sTENKMElqcDBjblZsZlE9PSJ9fQ HTTP/1.1" 200 None
2025-03-25 04:02:36,185 - INFO - No streamers found on page 86. Retrying in 2 seconds...
2025-03-25 04:02:38,185 - DEBUG - Fetching page 87...
2025-03-25 04:02:38,190 - DEBUG - Starting new HTTPS connection (1): api.twitch.tv:443
2025-03-25 04:02:39,810 - DEBUG - https://api.twitch.tv:443 "GET /helix/streams?first=100&after=eyJiIjp7IkN1cnNvciI6ImV5SnpJam95T1M0d09EWXlNVGN5TXpFNE16VTNOVFFzSW1RaU9tWmhiSE5sTENKMElqcDBjblZsZlE9PSJ9LCJhIjp7IkN1cnNvciI6ImV5SnpJam95T0M0Mk56TXlORE00T1RjNU5UTTVOQ3dpWkNJNlptRnNjMlVzSW5RaU9uUnlkV1Y5In19 HTTP/1.1" 200 None
2025-03-25 04:02:39,816 - INFO - No streamers found on page 87. Retrying in 2 seconds...
2025-03-25 04:02:41,817 - DEBUG - Fetching page 88...
2025-03-25 04:02:41,825 - DEBUG - Starting new HTTPS connection (1): api.twitch.tv:443
2025-03-25 04:02:43,269 - DEBUG - https://api.twitch.tv:443 "GET /helix/streams?first=100&after=eyJiIjp7IkN1cnNvciI6ImV5SnpJam95T0M0Mk5qVTVNak0yTVRneE5qZ3dPRGNzSW1RaU9tWmhiSE5sTENKMElqcDBjblZsZlE9PSJ9LCJhIjp7IkN1cnNvciI6ImV5SnpJam95T0M0eE56TTVPRFE1TXpRNU1USXhOemNzSW1RaU9tWmhiSE5sTENKMElqcDBjblZsZlE9PSJ9fQ HTTP/1.1" 200 None
2025-03-25 04:02:43,276 - INFO - No streamers found on page 88. Retrying in 2 seconds...
2025-03-25 04:02:45,278 - DEBUG - Fetching page 89...
2025-03-25 04:02:45,282 - DEBUG - Starting new HTTPS connection (1): api.twitch.tv:443
2025-03-25 04:02:46,672 - DEBUG - https://api.twitch.tv:443 "GET /helix/streams?first=100&after=eyJiIjp7IkN1cnNvciI6ImV5SnpJam95T0M0eE5qZzNPVGN4TXpjeU5UVXdNelFzSW1RaU9tWmhiSE5sTENKMElqcDBjblZsZlE9PSJ9LCJhIjp7IkN1cnNvciI6ImV5SnpJam95Tnk0M056UTFOakkzTURJeU9URTRPU3dpWkNJNlptRnNjMlVzSW5RaU9uUnlkV1Y5In19 HTTP/1.1" 200 None
2025-03-25 04:02:46,682 - INFO - No streamers found on page 89. Retrying in 2 seconds...
2025-03-25 04:02:48,683 - DEBUG - Fetching page 90...
2025-03-25 04:02:48,688 - DEBUG - Starting new HTTPS connection (1): api.twitch.tv:443
2025-03-25 04:02:50,876 - DEBUG - https://api.twitch.tv:443 "GET /helix/streams?first=100&after=eyJiIjp7IkN1cnNvciI6ImV5SnpJam95Tnk0M056TTFOalk0TnpReE5UY3dOeXdpWkNJNlptRnNjMlVzSW5RaU9uUnlkV1Y5In0sImEiOnsiQ3Vyc29yIjoiZXlKeklqb3lOeTR6T1RnNE5Ea3dNelk1TXpNeU5Dd2laQ0k2Wm1Gc2MyVXNJblFpT25SeWRXVjkifX0 HTTP/1.1" 200 None
2025-03-25 04:02:51,102 - INFO - No streamers found on page 90. Retrying in 2 seconds...
2025-03-25 04:02:53,103 - DEBUG - Fetching page 91...
2025-03-25 04:02:53,107 - DEBUG - Starting new HTTPS connection (1): api.twitch.tv:443
2025-03-25 04:02:55,208 - DEBUG - https://api.twitch.tv:443 "GET /helix/streams?first=100&after=eyJiIjp7IkN1cnNvciI6ImV5SnpJam95Tnk0ek9UTTNNVEF5TXpJeE9UZzJNellzSW1RaU9tWmhiSE5sTENKMElqcDBjblZsZlE9PSJ9LCJhIjp7IkN1cnNvciI6ImV5SnpJam95Tnk0d05EQXpNakl5TVRnek9UVTBPVFVzSW1RaU9tWmhiSE5sTENKMElqcDBjblZsZlE9PSJ9fQ HTTP/1.1" 200 None
2025-03-25 04:02:55,484 - INFO - No streamers found on page 91. Retrying in 2 seconds...
2025-03-25 04:02:57,485 - DEBUG - Fetching page 92...
2025-03-25 04:02:57,489 - DEBUG - Starting new HTTPS connection (1): api.twitch.tv:443
2025-03-25 04:02:58,779 - DEBUG - https://api.twitch.tv:443 "GET /helix/streams?first=100&after=eyJiIjp7IkN1cnNvciI6ImV5SnpJam95Tnk0d016ZzNOakkzTXpnME56RTFOaXdpWkNJNlptRnNjMlVzSW5RaU9uUnlkV1Y5In0sImEiOnsiQ3Vyc29yIjoiZXlKeklqb3lOaTQzTURJM016VTRNelUyT0RBd09UVXNJbVFpT21aaGJITmxMQ0owSWpwMGNuVmxmUT09In19 HTTP/1.1" 200 None
2025-03-25 04:02:58,790 - INFO - No streamers found on page 92. Retrying in 2 seconds...
2025-03-25 04:03:00,792 - DEBUG - Fetching page 93...
2025-03-25 04:03:00,795 - DEBUG - Starting new HTTPS connection (1): api.twitch.tv:443
2025-03-25 04:03:02,275 - DEBUG - https://api.twitch.tv:443 "GET /helix/streams?first=100&after=eyJiIjp7IkN1cnNvciI6ImV5SnpJam95Tmk0Mk9UazRPVFkxTURnMU1qVXhMQ0prSWpwbVlXeHpaU3dpZENJNmRISjFaWDA9In0sImEiOnsiQ3Vyc29yIjoiZXlKeklqb3lOaTR6TmpReE1EZ3pNRGMyTmpjMk9EVXNJbVFpT21aaGJITmxMQ0owSWpwMGNuVmxmUT09In19 HTTP/1.1" 200 None
2025-03-25 04:03:02,283 - INFO - No streamers found on page 93. Retrying in 2 seconds...
2025-03-25 04:03:04,283 - DEBUG - Fetching page 94...
2025-03-25 04:03:04,286 - DEBUG - Starting new HTTPS connection (1): api.twitch.tv:443
2025-03-25 04:03:05,992 - DEBUG - https://api.twitch.tv:443 "GET /helix/streams?first=100&after=eyJiIjp7IkN1cnNvciI6ImV5SnpJam95Tmk0ek5qQTJOemsyTVRnek9UazNOU3dpWkNJNlptRnNjMlVzSW5RaU9uUnlkV1Y5In0sImEiOnsiQ3Vyc29yIjoiZXlKeklqb3lOUzQ1TnpZNU5ETTFOakUyTXpJd05pd2laQ0k2Wm1Gc2MyVXNJblFpT25SeWRXVjkifX0 HTTP/1.1" 200 None
2025-03-25 04:03:05,998 - INFO - No streamers found on page 94. Retrying in 2 seconds...
2025-03-25 04:03:08,000 - DEBUG - Fetching page 95...
2025-03-25 04:03:08,003 - DEBUG - Starting new HTTPS connection (1): api.twitch.tv:443
2025-03-25 04:03:09,636 - DEBUG - https://api.twitch.tv:443 "GET /helix/streams?first=100&after=eyJiIjp7IkN1cnNvciI6ImV5SnpJam96TUM0Mk56Y3pPRE16TVRJMk5EYzFOVE1zSW1RaU9tWmhiSE5sTENKMElqcDBjblZsZlE9PSJ9LCJhIjp7IkN1cnNvciI6ImV5SnpJam95TlM0Mk5qUXlNalEwTnprek16SXlOeXdpWkNJNlptRnNjMlVzSW5RaU9uUnlkV1Y5In19 HTTP/1.1" 200 None
2025-03-25 04:03:09,902 - INFO - No streamers found on page 95. Retrying in 2 seconds...
2025-03-25 04:03:11,903 - DEBUG - Fetching page 96...
2025-03-25 04:03:11,905 - DEBUG - Starting new HTTPS connection (1): api.twitch.tv:443
2025-03-25 04:03:13,858 - DEBUG - https://api.twitch.tv:443 "GET /helix/streams?first=100&after=eyJiIjp7IkN1cnNvciI6ImV5SnpJam95TlM0Mk5qSTJNalV3T0RZMk5EZ3dOeXdpWkNJNlptRnNjMlVzSW5RaU9uUnlkV1Y5In0sImEiOnsiQ3Vyc29yIjoiZXlKeklqb3lOUzR6TXpnNU9USTFOVEV6TkRNNE5qUXNJbVFpT21aaGJITmxMQ0owSWpwMGNuVmxmUT09In19 HTTP/1.1" 200 None
2025-03-25 04:03:14,125 - INFO - No streamers found on page 96. Retrying in 2 seconds...
2025-03-25 04:03:16,128 - DEBUG - Fetching page 97...
2025-03-25 04:03:16,133 - DEBUG - Starting new HTTPS connection (1): api.twitch.tv:443
2025-03-25 04:03:19,568 - DEBUG - https://api.twitch.tv:443 "GET /helix/streams?first=100&after=eyJiIjp7IkN1cnNvciI6ImV5SnpJam95TlM0ek16ZzVOamMwTXpFeE9ESTNNelFzSW1RaU9tWmhiSE5sTENKMElqcDBjblZsZlE9PSJ9LCJhIjp7IkN1cnNvciI6ImV5SnpJam95TlM0d05EazFNRFV5TlRZeE9UQTRPVGdzSW1RaU9tWmhiSE5sTENKMElqcDBjblZsZlE9PSJ9fQ HTTP/1.1" 200 None
2025-03-25 04:03:19,579 - INFO - No streamers found on page 97. Retrying in 2 seconds...
2025-03-25 04:03:21,580 - DEBUG - Fetching page 98...
2025-03-25 04:03:21,585 - DEBUG - Starting new HTTPS connection (1): api.twitch.tv:443
2025-03-25 04:03:24,116 - DEBUG - https://api.twitch.tv:443 "GET /helix/streams?first=100&after=eyJiIjp7IkN1cnNvciI6ImV5SnpJam95TlM0d05EYzFNVFEzTlRJME9UVTVNaXdpWkNJNlptRnNjMlVzSW5RaU9uUnlkV1Y5In0sImEiOnsiQ3Vyc29yIjoiZXlKeklqb3lOQzQyTnpjd01EUTVNVFk0TVRRd05Dd2laQ0k2Wm1Gc2MyVXNJblFpT25SeWRXVjkifX0 HTTP/1.1" 200 None
2025-03-25 04:03:24,124 - INFO - No streamers found on page 98. Retrying in 2 seconds...
2025-03-25 04:03:26,124 - DEBUG - Fetching page 99...
2025-03-25 04:03:26,131 - DEBUG - Starting new HTTPS connection (1): api.twitch.tv:443
2025-03-25 04:03:28,693 - DEBUG - https://api.twitch.tv:443 "GET /helix/streams?first=100&after=eyJiIjp7IkN1cnNvciI6ImV5SnpJam95TkM0Mk5qUXlNek13TlRFNE5qQTNOaXdpWkNJNlptRnNjMlVzSW5RaU9uUnlkV1Y5In0sImEiOnsiQ3Vyc29yIjoiZXlKeklqb3lOQzR6TkRJeE5ESTVNamN6TnpBeE9ETXNJbVFpT21aaGJITmxMQ0owSWpwMGNuVmxmUT09In19 HTTP/1.1" 200 None
2025-03-25 04:03:29,004 - INFO - No streamers found on page 99. Retrying in 2 seconds...
2025-03-25 04:03:31,011 - DEBUG - Fetching page 100...
2025-03-25 04:03:31,014 - DEBUG - Starting new HTTPS connection (1): api.twitch.tv:443
2025-03-25 04:03:34,120 - DEBUG - https://api.twitch.tv:443 "GET /helix/streams?first=100&after=eyJiIjp7IkN1cnNvciI6ImV5SnpJam95TkM0ek5EQXlOVGszT0RnNE5qazVOQ3dpWkNJNlptRnNjMlVzSW5RaU9uUnlkV1Y5In0sImEiOnsiQ3Vyc29yIjoiZXlKeklqb3lOQzR3TkRnNU1ESTRPVEF5TlRNMk55d2laQ0k2Wm1Gc2MyVXNJblFpT25SeWRXVjkifX0 HTTP/1.1" 200 None
2025-03-25 04:03:34,395 - INFO - No streamers found on page 100. Retrying in 2 seconds...
2025-03-25 04:03:36,396 - ERROR - Reached max pages but found no streamers.
2025-03-25 04:03:36,400 - INFO - No streamers found matching criteria.
