2025-03-25 01:57:02,982 - DEBUG - Fetching page 1...
2025-03-25 01:57:02,987 - DEBUG - Starting new HTTPS connection (1): api.twitch.tv:443
2025-03-25 01:57:04,925 - DEBUG - https://api.twitch.tv:443 "GET /helix/streams?first=10 HTTP/1.1" 200 1747
2025-03-25 01:57:04,930 - INFO - No streamers found on page 1. Retrying in 2 seconds...
2025-03-25 01:57:06,931 - DEBUG - Fetching page 2...
2025-03-25 01:57:06,933 - DEBUG - Starting new HTTPS connection (1): api.twitch.tv:443
2025-03-25 01:57:09,789 - DEBUG - https://api.twitch.tv:443 "GET /helix/streams?first=10&after=eyJiIjp7IkN1cnNvciI6ImV5SnpJam94TlRrek16a3VPVE0zTURBME5qZ3pNRFFzSW1RaU9tWmhiSE5sTENKMElqcDBjblZsZlE9PSJ9LCJhIjp7IkN1cnNvciI6ImV5SnpJam95TmpRME9DNDJNekk1TVRnMk1URTRORFlzSW1RaU9tWmhiSE5sTENKMElqcDBjblZsZlE9PSJ9fQ HTTP/1.1" 200 1945
2025-03-25 01:57:09,793 - INFO - No streamers found on page 2. Retrying in 2 seconds...
2025-03-25 01:57:11,794 - DEBUG - Fetching page 3...
2025-03-25 01:57:11,797 - DEBUG - Starting new HTTPS connection (1): api.twitch.tv:443
2025-03-25 01:57:13,590 - DEBUG - https://api.twitch.tv:443 "GET /helix/streams?first=10&after=eyJiIjp7IkN1cnNvciI6ImV5SnpJam95TmpNMk5pNDJNek13TVRnMk1URTRORGNzSW1RaU9tWmhiSE5sTENKMElqcDBjblZsZlE9PSJ9LCJhIjp7IkN1cnNvciI6ImV5SnpJam94TlRVNU5pNDNOamMxTVRFMU1URTVNeXdpWkNJNlptRnNjMlVzSW5RaU9uUnlkV1Y5In19 HTTP/1.1" 200 1763
2025-03-25 01:57:13,594 - INFO - No streamers found on page 3. Retrying in 2 seconds...
2025-03-25 01:57:15,595 - DEBUG - Fetching page 4...
2025-03-25 01:57:15,597 - DEBUG - Starting new HTTPS connection (1): api.twitch.tv:443
2025-03-25 01:57:17,210 - DEBUG - https://api.twitch.tv:443 "GET /helix/streams?first=10&after=eyJiIjp7IkN1cnNvciI6ImV5SnpJam94TlRRd05DNHlPRE01T0RNNE5UZ3pOamdzSW1RaU9tWmhiSE5sTENKMElqcDBjblZsZlE9PSJ9LCJhIjp7IkN1cnNvciI6ImV5SnpJam94TWpRM055NHdPVFE0TnpNeU56UTFNeXdpWkNJNlptRnNjMlVzSW5RaU9uUnlkV1Y5In19 HTTP/1.1" 200 1829
2025-03-25 01:57:17,213 - INFO - No streamers found on page 4. Retrying in 2 seconds...
2025-03-25 01:57:19,214 - DEBUG - Fetching page 5...
2025-03-25 01:57:19,216 - DEBUG - Starting new HTTPS connection (1): api.twitch.tv:443
2025-03-25 01:57:20,530 - DEBUG - https://api.twitch.tv:443 "GET /helix/streams?first=10&after=eyJiIjp7IkN1cnNvciI6ImV5SnpJam94TWpRME55NHhPREExTlRjeE1UVXlOemdzSW1RaU9tWmhiSE5sTENKMElqcDBjblZsZlE9PSJ9LCJhIjp7IkN1cnNvciI6ImV5SnpJam94TURBd05TNHlNak0yT1RFMk5qZzBOemdzSW1RaU9tWmhiSE5sTENKMElqcDBjblZsZlE9PSJ9fQ HTTP/1.1" 200 1645
2025-03-25 01:57:20,534 - INFO - No streamers found on page 5. Retrying in 2 seconds...
2025-03-25 01:57:22,535 - DEBUG - Fetching page 6...
2025-03-25 01:57:22,538 - DEBUG - Starting new HTTPS connection (1): api.twitch.tv:443
2025-03-25 01:57:23,917 - DEBUG - https://api.twitch.tv:443 "GET /helix/streams?first=10&after=eyJiIjp7IkN1cnNvciI6ImV5SnpJam81TmpRNUxqRTNNems0T1RjMU5qVXpPU3dpWkNJNlptRnNjMlVzSW5RaU9uUnlkV1Y5In0sImEiOnsiQ3Vyc29yIjoiZXlKeklqbzRNek13TGpBNE56Y3dOelkxTWpNeU9Dd2laQ0k2Wm1Gc2MyVXNJblFpT25SeWRXVjkifX0 HTTP/1.1" 200 1976
2025-03-25 01:57:23,927 - INFO - No streamers found on page 6. Retrying in 2 seconds...
2025-03-25 01:57:25,929 - DEBUG - Fetching page 7...
2025-03-25 01:57:25,932 - DEBUG - Starting new HTTPS connection (1): api.twitch.tv:443
2025-03-25 01:57:27,085 - DEBUG - https://api.twitch.tv:443 "GET /helix/streams?first=10&after=eyJiIjp7IkN1cnNvciI6ImV5SnpJam80TWpNM0xqZzRNVFU0TnprMk5qTXhPQ3dpWkNJNlptRnNjMlVzSW5RaU9uUnlkV1Y5In0sImEiOnsiQ3Vyc29yIjoiZXlKeklqbzNNVEU0TGpJM01qZ3hNakE0TnpZNE1Td2laQ0k2Wm1Gc2MyVXNJblFpT25SeWRXVjkifX0 HTTP/1.1" 200 1885
2025-03-25 01:57:27,088 - INFO - No streamers found on page 7. Retrying in 2 seconds...
2025-03-25 01:57:29,089 - DEBUG - Fetching page 8...
2025-03-25 01:57:29,091 - DEBUG - Starting new HTTPS connection (1): api.twitch.tv:443
2025-03-25 01:57:30,192 - DEBUG - https://api.twitch.tv:443 "GET /helix/streams?first=10&after=eyJiIjp7IkN1cnNvciI6ImV5SnpJam8zTVRBMUxqWXlNRFEwTkRZek16WTNOeXdpWkNJNlptRnNjMlVzSW5RaU9uUnlkV1Y5In0sImEiOnsiQ3Vyc29yIjoiZXlKeklqbzJNalV6TGpNMU56STROREUxTURRMk5Td2laQ0k2Wm1Gc2MyVXNJblFpT25SeWRXVjkifX0 HTTP/1.1" 200 1946
2025-03-25 01:57:30,196 - INFO - No streamers found on page 8. Retrying in 2 seconds...
2025-03-25 01:57:32,197 - DEBUG - Fetching page 9...
2025-03-25 01:57:32,199 - DEBUG - Starting new HTTPS connection (1): api.twitch.tv:443
2025-03-25 01:57:33,540 - DEBUG - https://api.twitch.tv:443 "GET /helix/streams?first=10&after=eyJiIjp7IkN1cnNvciI6ImV5SnpJam8yTVRRMUxqZ3hNemc0TVRrd016RTBOU3dpWkNJNlptRnNjMlVzSW5RaU9uUnlkV1Y5In0sImEiOnsiQ3Vyc29yIjoiZXlKeklqbzFNVGsxTGpFM01EZzFNalV4TkRjNE5Td2laQ0k2Wm1Gc2MyVXNJblFpT25SeWRXVjkifX0 HTTP/1.1" 200 None
2025-03-25 01:57:33,545 - INFO - No streamers found on page 9. Retrying in 2 seconds...
2025-03-25 01:57:35,546 - DEBUG - Fetching page 10...
2025-03-25 01:57:35,548 - DEBUG - Starting new HTTPS connection (1): api.twitch.tv:443
2025-03-25 01:57:36,768 - DEBUG - https://api.twitch.tv:443 "GET /helix/streams?first=10&after=eyJiIjp7IkN1cnNvciI6ImV5SnpJam8xTVRjNExqZzVORFUzTURZNU5EVXhNeXdpWkNJNlptRnNjMlVzSW5RaU9uUnlkV1Y5In0sImEiOnsiQ3Vyc29yIjoiZXlKeklqbzBOelV5TGpjNE5UQXpNemsyTURZd055d2laQ0k2Wm1Gc2MyVXNJblFpT25SeWRXVjkifX0 HTTP/1.1" 200 1912
2025-03-25 01:57:36,772 - INFO - No streamers found on page 10. Retrying in 2 seconds...
2025-03-25 01:57:38,773 - DEBUG - Fetching page 11...
2025-03-25 01:57:38,777 - DEBUG - Starting new HTTPS connection (1): api.twitch.tv:443
2025-03-25 01:57:40,921 - DEBUG - https://api.twitch.tv:443 "GET /helix/streams?first=10&after=eyJiIjp7IkN1cnNvciI6ImV5SnpJam8wTnpBMkxqVXpOVE15TkRReU16a3pNU3dpWkNJNlptRnNjMlVzSW5RaU9uUnlkV1Y5In0sImEiOnsiQ3Vyc29yIjoiZXlKeklqbzBOVEF4TGpVNE1UazVNREV3TURnM05EVXNJbVFpT21aaGJITmxMQ0owSWpwMGNuVmxmUT09In19 HTTP/1.1" 200 1916
2025-03-25 01:57:40,924 - INFO - No streamers found on page 11. Retrying in 2 seconds...
2025-03-25 01:57:42,925 - DEBUG - Fetching page 12...
2025-03-25 01:57:42,927 - DEBUG - Starting new HTTPS connection (1): api.twitch.tv:443
2025-03-25 01:57:44,856 - DEBUG - https://api.twitch.tv:443 "GET /helix/streams?first=10&after=eyJiIjp7IkN1cnNvciI6ImV5SnpJam8wTkRZeUxqTXhNVGMxTmpFM01ERTVOU3dpWkNJNlptRnNjMlVzSW5RaU9uUnlkV1Y5In0sImEiOnsiQ3Vyc29yIjoiZXlKeklqb3pPVGMyTGpRNE1UWXpNek16TkRFekxDSmtJanBtWVd4elpTd2lkQ0k2ZEhKMVpYMD0ifX0 HTTP/1.1" 200 1963
2025-03-25 01:57:44,860 - INFO - No streamers found on page 12. Retrying in 2 seconds...
2025-03-25 01:57:46,862 - DEBUG - Fetching page 13...
2025-03-25 01:57:46,868 - DEBUG - Starting new HTTPS connection (1): api.twitch.tv:443
2025-03-25 01:57:48,141 - DEBUG - https://api.twitch.tv:443 "GET /helix/streams?first=10&after=eyJiIjp7IkN1cnNvciI6ImV5SnpJam96T1RReExqQXlOVEU0T1RVek1UVXdOek1zSW1RaU9tWmhiSE5sTENKMElqcDBjblZsZlE9PSJ9LCJhIjp7IkN1cnNvciI6ImV5SnpJam96TmpjNUxqY3lPRFF5TXprMk16YzJOaXdpWkNJNlptRnNjMlVzSW5RaU9uUnlkV1Y5In19 HTTP/1.1" 200 1936
2025-03-25 01:57:48,144 - INFO - No streamers found on page 13. Retrying in 2 seconds...
2025-03-25 01:57:50,144 - DEBUG - Fetching page 14...
2025-03-25 01:57:50,150 - DEBUG - Starting new HTTPS connection (1): api.twitch.tv:443
2025-03-25 01:57:51,866 - DEBUG - https://api.twitch.tv:443 "GET /helix/streams?first=10&after=eyJiIjp7IkN1cnNvciI6ImV5SnpJam96TmpVM0xqZzNORFUwTWpVek16TTVNU3dpWkNJNlptRnNjMlVzSW5RaU9uUnlkV1Y5In0sImEiOnsiQ3Vyc29yIjoiZXlKeklqb3pOVEV6TGpRME16azBORFF3T0RRNU1UVXNJbVFpT21aaGJITmxMQ0owSWpwMGNuVmxmUT09In19 HTTP/1.1" 200 1722
2025-03-25 01:57:51,873 - INFO - No streamers found on page 14. Retrying in 2 seconds...
2025-03-25 01:57:53,874 - DEBUG - Fetching page 15...
2025-03-25 01:57:53,877 - DEBUG - Starting new HTTPS connection (1): api.twitch.tv:443
2025-03-25 01:57:55,707 - DEBUG - https://api.twitch.tv:443 "GET /helix/streams?first=10&after=eyJiIjp7IkN1cnNvciI6ImV5SnpJam96TlRFeExqQTNOVFUxT1RnM01qSXlNRE1zSW1RaU9tWmhiSE5sTENKMElqcDBjblZsZlE9PSJ9LCJhIjp7IkN1cnNvciI6ImV5SnpJam96TWpNNExqZ3hNakU1TURjNU1ESXhOQ3dpWkNJNlptRnNjMlVzSW5RaU9uUnlkV1Y5In19 HTTP/1.1" 200 1932
2025-03-25 01:57:55,711 - INFO - No streamers found on page 15. Retrying in 2 seconds...
2025-03-25 01:57:57,713 - DEBUG - Fetching page 16...
2025-03-25 01:57:57,716 - DEBUG - Starting new HTTPS connection (1): api.twitch.tv:443
2025-03-25 01:57:59,222 - DEBUG - https://api.twitch.tv:443 "GET /helix/streams?first=10&after=eyJiIjp7IkN1cnNvciI6ImV5SnpJam96TWpJMUxqRTNNVEV6TmpFek9USXpNellzSW1RaU9tWmhiSE5sTENKMElqcDBjblZsZlE9PSJ9LCJhIjp7IkN1cnNvciI6ImV5SnpJam96TVRVMExqYzBPVGs0TVRreE5EZzRORE1zSW1RaU9tWmhiSE5sTENKMElqcDBjblZsZlE9PSJ9fQ HTTP/1.1" 200 1943
2025-03-25 01:57:59,225 - INFO - No streamers found on page 16. Retrying in 2 seconds...
2025-03-25 01:58:01,226 - DEBUG - Fetching page 17...
2025-03-25 01:58:01,227 - DEBUG - Starting new HTTPS connection (1): api.twitch.tv:443
2025-03-25 01:58:02,624 - DEBUG - https://api.twitch.tv:443 "GET /helix/streams?first=10&after=eyJiIjp7IkN1cnNvciI6ImV5SnpJam96TVRNd0xqTXdNRGN4T1RRMU16YzVNRFFzSW1RaU9tWmhiSE5sTENKMElqcDBjblZsZlE9PSJ9LCJhIjp7IkN1cnNvciI6ImV5SnpJam96TURFekxqa3lNREV6TVRjMU1qQTNPRGdzSW1RaU9tWmhiSE5sTENKMElqcDBjblZsZlE9PSJ9fQ HTTP/1.1" 200 1847
2025-03-25 01:58:02,639 - INFO - No streamers found on page 17. Retrying in 2 seconds...
2025-03-25 01:58:04,641 - DEBUG - Fetching page 18...
2025-03-25 01:58:04,644 - DEBUG - Starting new HTTPS connection (1): api.twitch.tv:443
2025-03-25 01:58:06,199 - DEBUG - https://api.twitch.tv:443 "GET /helix/streams?first=10&after=eyJiIjp7IkN1cnNvciI6ImV5SnpJam96TURBNExqQTJPVFUyTkRnNE5qRTNORGNzSW1RaU9tWmhiSE5sTENKMElqcDBjblZsZlE9PSJ9LCJhIjp7IkN1cnNvciI6ImV5SnpJam95TnpjekxqY3pNREkyTmpVeU5qVTNORE1zSW1RaU9tWmhiSE5sTENKMElqcDBjblZsZlE9PSJ9fQ HTTP/1.1" 200 2043
2025-03-25 01:58:06,202 - INFO - No streamers found on page 18. Retrying in 2 seconds...
2025-03-25 01:58:08,203 - DEBUG - Fetching page 19...
2025-03-25 01:58:08,205 - DEBUG - Starting new HTTPS connection (1): api.twitch.tv:443
2025-03-25 01:58:09,347 - DEBUG - https://api.twitch.tv:443 "GET /helix/streams?first=10&after=eyJiIjp7IkN1cnNvciI6ImV5SnpJam95TnpZeUxqVXhNVFF5TWpVd01UYzJNek1zSW1RaU9tWmhiSE5sTENKMElqcDBjblZsZlE9PSJ9LCJhIjp7IkN1cnNvciI6ImV5SnpJam95TlRFMkxqWTROakUxT1RrMk5EWTBNRFFzSW1RaU9tWmhiSE5sTENKMElqcDBjblZsZlE9PSJ9fQ HTTP/1.1" 200 None
2025-03-25 01:58:09,350 - INFO - No streamers found on page 19. Retrying in 2 seconds...
2025-03-25 01:58:11,350 - DEBUG - Fetching page 20...
2025-03-25 01:58:11,353 - DEBUG - Starting new HTTPS connection (1): api.twitch.tv:443
2025-03-25 01:58:12,900 - DEBUG - https://api.twitch.tv:443 "GET /helix/streams?first=10&after=eyJiIjp7IkN1cnNvciI6ImV5SnpJam95TnpNMUxqQTFOalV6TlRnd01qTXlPU3dpWkNJNlptRnNjMlVzSW5RaU9uUnlkV1Y5In0sImEiOnsiQ3Vyc29yIjoiZXlKeklqb3lOREV5TGpjNU9EZzVOemMwTmpJMk9Dd2laQ0k2Wm1Gc2MyVXNJblFpT25SeWRXVjkifX0 HTTP/1.1" 200 1864
2025-03-25 01:58:12,903 - INFO - No streamers found on page 20. Retrying in 2 seconds...
2025-03-25 01:58:14,904 - DEBUG - Fetching page 21...
2025-03-25 01:58:14,907 - DEBUG - Starting new HTTPS connection (1): api.twitch.tv:443
2025-03-25 01:58:16,762 - DEBUG - https://api.twitch.tv:443 "GET /helix/streams?first=10&after=eyJiIjp7IkN1cnNvciI6ImV5SnpJam95TkRFd0xqWTNOakkzTVRFeE1UWXlPU3dpWkNJNlptRnNjMlVzSW5RaU9uUnlkV1Y5In0sImEiOnsiQ3Vyc29yIjoiZXlKeklqb3lNamN3TGpVeU1Ua3lNalE0TXpVeU5pd2laQ0k2Wm1Gc2MyVXNJblFpT25SeWRXVjkifX0 HTTP/1.1" 200 1999
2025-03-25 01:58:16,766 - INFO - No streamers found on page 21. Retrying in 2 seconds...
2025-03-25 01:58:18,767 - DEBUG - Fetching page 22...
2025-03-25 01:58:18,770 - DEBUG - Starting new HTTPS connection (1): api.twitch.tv:443
2025-03-25 01:58:20,295 - DEBUG - https://api.twitch.tv:443 "GET /helix/streams?first=10&after=eyJiIjp7IkN1cnNvciI6ImV5SnpJam95TWpZMExqTXhOVGs1TXpNMk1EVTFNRElzSW1RaU9tWmhiSE5sTENKMElqcDBjblZsZlE9PSJ9LCJhIjp7IkN1cnNvciI6ImV5SnpJam95TVRnM0xqUTVNamMxTnpNMk5qWTRNaXdpWkNJNlptRnNjMlVzSW5RaU9uUnlkV1Y5In19 HTTP/1.1" 200 1795
2025-03-25 01:58:20,299 - INFO - No streamers found on page 22. Retrying in 2 seconds...
2025-03-25 01:58:22,305 - DEBUG - Fetching page 23...
2025-03-25 01:58:22,313 - DEBUG - Starting new HTTPS connection (1): api.twitch.tv:443
2025-03-25 01:58:23,514 - DEBUG - https://api.twitch.tv:443 "GET /helix/streams?first=10&after=eyJiIjp7IkN1cnNvciI6ImV5SnpJam95TVRZM0xqTTBOekE0TURrM05UTTROaklzSW1RaU9tWmhiSE5sTENKMElqcDBjblZsZlE9PSJ9LCJhIjp7IkN1cnNvciI6ImV5SnpJam95TVRBNExqUTBPRE15TWpneU5UazVPVFlzSW1RaU9tWmhiSE5sTENKMElqcDBjblZsZlE9PSJ9fQ HTTP/1.1" 200 1851
2025-03-25 01:58:23,520 - INFO - No streamers found on page 23. Retrying in 2 seconds...
2025-03-25 01:58:25,520 - DEBUG - Fetching page 24...
2025-03-25 01:58:25,522 - DEBUG - Starting new HTTPS connection (1): api.twitch.tv:443
2025-03-25 01:58:27,334 - DEBUG - https://api.twitch.tv:443 "GET /helix/streams?first=10&after=eyJiIjp7IkN1cnNvciI6ImV5SnpJam95TURrNUxqQTVOalUyTnpVME1qVTBOek1zSW1RaU9tWmhiSE5sTENKMElqcDBjblZsZlE9PSJ9LCJhIjp7IkN1cnNvciI6ImV5SnpJam95TURFMkxqWTBNRGsxTXpZd056RXpPQ3dpWkNJNlptRnNjMlVzSW5RaU9uUnlkV1Y5In19 HTTP/1.1" 200 None
2025-03-25 01:58:27,337 - INFO - No streamers found on page 24. Retrying in 2 seconds...
2025-03-25 01:58:29,338 - DEBUG - Fetching page 25...
2025-03-25 01:58:29,341 - DEBUG - Starting new HTTPS connection (1): api.twitch.tv:443
2025-03-25 01:58:31,319 - DEBUG - https://api.twitch.tv:443 "GET /helix/streams?first=10&after=eyJiIjp7IkN1cnNvciI6ImV5SnpJam95TURFeExqazJOalE0TWpFeE9EUTJNamtzSW1RaU9tWmhiSE5sTENKMElqcDBjblZsZlE9PSJ9LCJhIjp7IkN1cnNvciI6ImV5SnpJam94T1RZekxqRTJNekl4TkRJek5qTTJOaXdpWkNJNlptRnNjMlVzSW5RaU9uUnlkV1Y5In19 HTTP/1.1" 200 1771
2025-03-25 01:58:31,320 - INFO - No streamers found on page 25. Retrying in 2 seconds...
2025-03-25 01:58:33,322 - DEBUG - Fetching page 26...
2025-03-25 01:58:33,325 - DEBUG - Starting new HTTPS connection (1): api.twitch.tv:443
2025-03-25 01:58:34,569 - DEBUG - https://api.twitch.tv:443 "GET /helix/streams?first=10&after=eyJiIjp7IkN1cnNvciI6ImV5SnpJam94T1RNeExqWTROakV4TURrME5EUXhORElzSW1RaU9tWmhiSE5sTENKMElqcDBjblZsZlE9PSJ9LCJhIjp7IkN1cnNvciI6ImV5SnpJam94T0RneUxqZzFNVGd4TWpJMU1EUTNOU3dpWkNJNlptRnNjMlVzSW5RaU9uUnlkV1Y5In19 HTTP/1.1" 200 1896
2025-03-25 01:58:34,572 - INFO - No streamers found on page 26. Retrying in 2 seconds...
2025-03-25 01:58:36,574 - DEBUG - Fetching page 27...
2025-03-25 01:58:36,576 - DEBUG - Starting new HTTPS connection (1): api.twitch.tv:443
2025-03-25 01:58:37,779 - DEBUG - https://api.twitch.tv:443 "GET /helix/streams?first=10&after=eyJiIjp7IkN1cnNvciI6ImV5SnpJam94T0RjeUxqVTNOVEF5TmpZNE1UQTRNakVzSW1RaU9tWmhiSE5sTENKMElqcDBjblZsZlE9PSJ9LCJhIjp7IkN1cnNvciI6ImV5SnpJam94T0RBNUxqZ3dNVEl3TkRBNU9URXdNemtzSW1RaU9tWmhiSE5sTENKMElqcDBjblZsZlE9PSJ9fQ HTTP/1.1" 200 1775
2025-03-25 01:58:37,781 - INFO - No streamers found on page 27. Retrying in 2 seconds...
2025-03-25 01:58:39,782 - DEBUG - Fetching page 28...
2025-03-25 01:58:39,786 - DEBUG - Starting new HTTPS connection (1): api.twitch.tv:443
2025-03-25 01:58:41,188 - DEBUG - https://api.twitch.tv:443 "GET /helix/streams?first=10&after=eyJiIjp7IkN1cnNvciI6ImV5SnpJam94T0RBeExqSXhPRGN6TWpnd01UVTBPVGdzSW1RaU9tWmhiSE5sTENKMElqcDBjblZsZlE9PSJ9LCJhIjp7IkN1cnNvciI6ImV5SnpJam94TnpJMExqUXlNVGc1TnpjMU1EazNORGNzSW1RaU9tWmhiSE5sTENKMElqcDBjblZsZlE9PSJ9fQ HTTP/1.1" 200 1852
2025-03-25 01:58:41,192 - INFO - No streamers found on page 28. Retrying in 2 seconds...
2025-03-25 01:58:43,193 - DEBUG - Fetching page 29...
2025-03-25 01:58:43,195 - DEBUG - Starting new HTTPS connection (1): api.twitch.tv:443
2025-03-25 01:58:44,985 - DEBUG - https://api.twitch.tv:443 "GET /helix/streams?first=10&after=eyJiIjp7IkN1cnNvciI6ImV5SnpJam94TnpJekxqVTRNRFF4TlRNNE9EUTNNVFVzSW1RaU9tWmhiSE5sTENKMElqcDBjblZsZlE9PSJ9LCJhIjp7IkN1cnNvciI6ImV5SnpJam94TlRrNExqYzBOVFE0T0RJd05Ua3lPRE1zSW1RaU9tWmhiSE5sTENKMElqcDBjblZsZlE9PSJ9fQ HTTP/1.1" 200 None
2025-03-25 01:58:44,988 - INFO - No streamers found on page 29. Retrying in 2 seconds...
2025-03-25 01:58:46,990 - DEBUG - Fetching page 30...
2025-03-25 01:58:46,992 - DEBUG - Starting new HTTPS connection (1): api.twitch.tv:443
2025-03-25 01:58:48,346 - DEBUG - https://api.twitch.tv:443 "GET /helix/streams?first=10&after=eyJiIjp7IkN1cnNvciI6ImV5SnpJam94TlRrd0xqQTVNemt4T0RrMk16VTVMQ0prSWpwbVlXeHpaU3dpZENJNmRISjFaWDA9In0sImEiOnsiQ3Vyc29yIjoiZXlKeklqb3hOVEU1TGpRM056RTVNalk0TURVeU5UWXNJbVFpT21aaGJITmxMQ0owSWpwMGNuVmxmUT09In19 HTTP/1.1" 200 None
2025-03-25 01:58:48,348 - INFO - No streamers found on page 30. Retrying in 2 seconds...
2025-03-25 01:58:50,350 - DEBUG - Fetching page 31...
2025-03-25 01:58:50,352 - DEBUG - Starting new HTTPS connection (1): api.twitch.tv:443
2025-03-25 01:58:51,634 - DEBUG - https://api.twitch.tv:443 "GET /helix/streams?first=10&after=eyJiIjp7IkN1cnNvciI6ImV5SnpJam94TlRFMkxqTTBPVEU1TURReU5qTTNNek1zSW1RaU9tWmhiSE5sTENKMElqcDBjblZsZlE9PSJ9LCJhIjp7IkN1cnNvciI6ImV5SnpJam94TkRrMExqTTBNREkwTWpnMk5EY3dOalFzSW1RaU9tWmhiSE5sTENKMElqcDBjblZsZlE9PSJ9fQ HTTP/1.1" 200 1662
2025-03-25 01:58:51,637 - INFO - No streamers found on page 31. Retrying in 2 seconds...
2025-03-25 01:58:53,638 - DEBUG - Fetching page 32...
2025-03-25 01:58:53,641 - DEBUG - Starting new HTTPS connection (1): api.twitch.tv:443
2025-03-25 01:58:54,885 - DEBUG - https://api.twitch.tv:443 "GET /helix/streams?first=10&after=eyJiIjp7IkN1cnNvciI6ImV5SnpJam94TkRneUxqa3pPREk0T0RneU5EZzFNVE1zSW1RaU9tWmhiSE5sTENKMElqcDBjblZsZlE9PSJ9LCJhIjp7IkN1cnNvciI6ImV5SnpJam94TkRRd0xqRTBPVGcyTnpNNU1EWXhNek1zSW1RaU9tWmhiSE5sTENKMElqcDBjblZsZlE9PSJ9fQ HTTP/1.1" 200 None
2025-03-25 01:58:54,887 - INFO - No streamers found on page 32. Retrying in 2 seconds...
2025-03-25 01:58:56,888 - DEBUG - Fetching page 33...
2025-03-25 01:58:56,900 - DEBUG - Starting new HTTPS connection (1): api.twitch.tv:443
2025-03-25 01:58:58,831 - DEBUG - https://api.twitch.tv:443 "GET /helix/streams?first=10&after=eyJiIjp7IkN1cnNvciI6ImV5SnpJam94TkRNeExqTTJPVEE1TVRVMU1qYzJPRElzSW1RaU9tWmhiSE5sTENKMElqcDBjblZsZlE9PSJ9LCJhIjp7IkN1cnNvciI6ImV5SnpJam94TXprd0xqSTRNVE0wTmprM05qRTROeXdpWkNJNlptRnNjMlVzSW5RaU9uUnlkV1Y5In19 HTTP/1.1" 200 1677
2025-03-25 01:58:58,833 - INFO - No streamers found on page 33. Retrying in 2 seconds...
2025-03-25 01:59:00,835 - DEBUG - Fetching page 34...
2025-03-25 01:59:00,838 - DEBUG - Starting new HTTPS connection (1): api.twitch.tv:443
2025-03-25 01:59:02,075 - DEBUG - https://api.twitch.tv:443 "GET /helix/streams?first=10&after=eyJiIjp7IkN1cnNvciI6ImV5SnpJam94TXpnMUxqUXdOVFUzTXpBME1ETTBNVE1zSW1RaU9tWmhiSE5sTENKMElqcDBjblZsZlE9PSJ9LCJhIjp7IkN1cnNvciI6ImV5SnpJam94TXpVMExqZ3lOekE0TVRreU16ZzJNVFFzSW1RaU9tWmhiSE5sTENKMElqcDBjblZsZlE9PSJ9fQ HTTP/1.1" 200 2031
2025-03-25 01:59:02,078 - INFO - No streamers found on page 34. Retrying in 2 seconds...
2025-03-25 01:59:04,080 - DEBUG - Fetching page 35...
2025-03-25 01:59:04,082 - DEBUG - Starting new HTTPS connection (1): api.twitch.tv:443
2025-03-25 01:59:05,344 - DEBUG - https://api.twitch.tv:443 "GET /helix/streams?first=10&after=eyJiIjp7IkN1cnNvciI6ImV5SnpJam94TXpVeExqRTVNREl6TkRVek9UTTNOaklzSW1RaU9tWmhiSE5sTENKMElqcDBjblZsZlE9PSJ9LCJhIjp7IkN1cnNvciI6ImV5SnpJam94TXpJeExqWTBORFUxTnpjeU56STBPRElzSW1RaU9tWmhiSE5sTENKMElqcDBjblZsZlE9PSJ9fQ HTTP/1.1" 200 1817
2025-03-25 01:59:05,350 - INFO - No streamers found on page 35. Retrying in 2 seconds...
2025-03-25 01:59:07,352 - DEBUG - Fetching page 36...
2025-03-25 01:59:07,354 - DEBUG - Starting new HTTPS connection (1): api.twitch.tv:443
2025-03-25 01:59:09,033 - DEBUG - https://api.twitch.tv:443 "GET /helix/streams?first=10&after=eyJiIjp7IkN1cnNvciI6ImV5SnpJam94TXpBNUxqVXlNemsyTnpFMk16QTJNU3dpWkNJNlptRnNjMlVzSW5RaU9uUnlkV1Y5In0sImEiOnsiQ3Vyc29yIjoiZXlKeklqb3hNamd6TGpFd01ETXlOalEzTVRNMUxDSmtJanBtWVd4elpTd2lkQ0k2ZEhKMVpYMD0ifX0 HTTP/1.1" 200 1866
2025-03-25 01:59:09,036 - INFO - No streamers found on page 36. Retrying in 2 seconds...
2025-03-25 01:59:11,037 - DEBUG - Fetching page 37...
2025-03-25 01:59:11,039 - DEBUG - Starting new HTTPS connection (1): api.twitch.tv:443
2025-03-25 01:59:12,506 - DEBUG - https://api.twitch.tv:443 "GET /helix/streams?first=10&after=eyJiIjp7IkN1cnNvciI6ImV5SnpJam94TWpneUxqZzNOekF5T0RNME5UTXpORFlzSW1RaU9tWmhiSE5sTENKMElqcDBjblZsZlE9PSJ9LCJhIjp7IkN1cnNvciI6ImV5SnpJam94TWpVeExqRXdOakk0TmpNMk56Y3lNaXdpWkNJNlptRnNjMlVzSW5RaU9uUnlkV1Y5In19 HTTP/1.1" 200 1810
2025-03-25 01:59:12,510 - INFO - No streamers found on page 37. Retrying in 2 seconds...
2025-03-25 01:59:14,511 - DEBUG - Fetching page 38...
2025-03-25 01:59:14,513 - DEBUG - Starting new HTTPS connection (1): api.twitch.tv:443
2025-03-25 01:59:15,645 - DEBUG - https://api.twitch.tv:443 "GET /helix/streams?first=10&after=eyJiIjp7IkN1cnNvciI6ImV5SnpJam94TWpVd0xqRXdNRFF5TmpRM01UTTFMQ0prSWpwbVlXeHpaU3dpZENJNmRISjFaWDA9In0sImEiOnsiQ3Vyc29yIjoiZXlKeklqb3hNak0xTGpVd05EQXhOakUzT1RVek9Td2laQ0k2Wm1Gc2MyVXNJblFpT25SeWRXVjkifX0 HTTP/1.1" 200 None
2025-03-25 01:59:15,651 - INFO - No streamers found on page 38. Retrying in 2 seconds...
2025-03-25 01:59:17,654 - DEBUG - Fetching page 39...
2025-03-25 01:59:17,657 - DEBUG - Starting new HTTPS connection (1): api.twitch.tv:443
2025-03-25 01:59:19,773 - DEBUG - https://api.twitch.tv:443 "GET /helix/streams?first=10&after=eyJiIjp7IkN1cnNvciI6ImV5SnpJam94TWpJeExqSTFOemM1TkRjM09EWXlNVElzSW1RaU9tWmhiSE5sTENKMElqcDBjblZsZlE9PSJ9LCJhIjp7IkN1cnNvciI6ImV5SnpJam94TWpBeExqRTFOemN5TkRJNU5qVTBNVEVzSW1RaU9tWmhiSE5sTENKMElqcDBjblZsZlE9PSJ9fQ HTTP/1.1" 200 1940
2025-03-25 01:59:19,778 - INFO - No streamers found on page 39. Retrying in 2 seconds...
2025-03-25 01:59:21,780 - DEBUG - Fetching page 40...
2025-03-25 01:59:21,782 - DEBUG - Starting new HTTPS connection (1): api.twitch.tv:443
2025-03-25 01:59:23,616 - DEBUG - https://api.twitch.tv:443 "GET /helix/streams?first=10&after=eyJiIjp7IkN1cnNvciI6ImV5SnpJam94TWpBd0xqWXdNamMzTlRBNE9UVTRNeXdpWkNJNlptRnNjMlVzSW5RaU9uUnlkV1Y5In0sImEiOnsiQ3Vyc29yIjoiZXlKeklqb3hNVFU1TGprNE5qQXpPVGczTWpnd05qY3NJbVFpT21aaGJITmxMQ0owSWpwMGNuVmxmUT09In19 HTTP/1.1" 200 1825
2025-03-25 01:59:23,619 - INFO - No streamers found on page 40. Retrying in 2 seconds...
2025-03-25 01:59:25,620 - DEBUG - Fetching page 41...
2025-03-25 01:59:25,622 - DEBUG - Starting new HTTPS connection (1): api.twitch.tv:443
2025-03-25 01:59:26,899 - DEBUG - https://api.twitch.tv:443 "GET /helix/streams?first=10&after=eyJiIjp7IkN1cnNvciI6ImV5SnpJam94TVRVMkxqVTBOek0xTVRrMU5EWXpNaklzSW1RaU9tWmhiSE5sTENKMElqcDBjblZsZlE9PSJ9LCJhIjp7IkN1cnNvciI6ImV5SnpJam94TVRNMkxqUTROak0xTlRRNU9ERTBNemNzSW1RaU9tWmhiSE5sTENKMElqcDBjblZsZlE9PSJ9fQ HTTP/1.1" 200 None
2025-03-25 01:59:26,902 - INFO - No streamers found on page 41. Retrying in 2 seconds...
2025-03-25 01:59:28,903 - DEBUG - Fetching page 42...
2025-03-25 01:59:28,905 - DEBUG - Starting new HTTPS connection (1): api.twitch.tv:443
2025-03-25 01:59:30,253 - DEBUG - https://api.twitch.tv:443 "GET /helix/streams?first=10&after=eyJiIjp7IkN1cnNvciI6ImV5SnpJam94TVRNekxqTXdPVGN6T1RZeE1qVTRNRFlzSW1RaU9tWmhiSE5sTENKMElqcDBjblZsZlE9PSJ9LCJhIjp7IkN1cnNvciI6ImV5SnpJam94TVRFM0xqVTFORE16TnpBME16VXdOek1zSW1RaU9tWmhiSE5sTENKMElqcDBjblZsZlE9PSJ9fQ HTTP/1.1" 200 2028
2025-03-25 01:59:30,258 - INFO - No streamers found on page 42. Retrying in 2 seconds...
2025-03-25 01:59:32,259 - DEBUG - Fetching page 43...
2025-03-25 01:59:32,262 - DEBUG - Starting new HTTPS connection (1): api.twitch.tv:443
2025-03-25 01:59:33,722 - DEBUG - https://api.twitch.tv:443 "GET /helix/streams?first=10&after=eyJiIjp7IkN1cnNvciI6ImV5SnpJam94TVRFMkxqUTBPREF4TXpnd05UWTFOVGdzSW1RaU9tWmhiSE5sTENKMElqcDBjblZsZlE9PSJ9LCJhIjp7IkN1cnNvciI6ImV5SnpJam94TURrMUxqQTBPREF6TVRBek9UTTNOek1zSW1RaU9tWmhiSE5sTENKMElqcDBjblZsZlE9PSJ9fQ HTTP/1.1" 200 1904
2025-03-25 01:59:33,726 - INFO - No streamers found on page 43. Retrying in 2 seconds...
2025-03-25 01:59:35,728 - DEBUG - Fetching page 44...
2025-03-25 01:59:35,729 - DEBUG - Starting new HTTPS connection (1): api.twitch.tv:443
2025-03-25 01:59:36,944 - DEBUG - https://api.twitch.tv:443 "GET /helix/streams?first=10&after=eyJiIjp7IkN1cnNvciI6ImV5SnpJam94TURrekxqVTRPRFkzTkRJM01EUTFNaklzSW1RaU9tWmhiSE5sTENKMElqcDBjblZsZlE9PSJ9LCJhIjp7IkN1cnNvciI6ImV5SnpJam94TURZNUxqQXdPRFkxTVRJME9UWTBNVFFzSW1RaU9tWmhiSE5sTENKMElqcDBjblZsZlE9PSJ9fQ HTTP/1.1" 200 1818
2025-03-25 01:59:36,946 - INFO - No streamers found on page 44. Retrying in 2 seconds...
2025-03-25 01:59:38,947 - DEBUG - Fetching page 45...
2025-03-25 01:59:38,948 - DEBUG - Starting new HTTPS connection (1): api.twitch.tv:443
2025-03-25 01:59:40,318 - DEBUG - https://api.twitch.tv:443 "GET /helix/streams?first=10&after=eyJiIjp7IkN1cnNvciI6ImV5SnpJam94TURZMExqUTRNRFF4TnpVMk1ERTVPVFFzSW1RaU9tWmhiSE5sTENKMElqcDBjblZsZlE9PSJ9LCJhIjp7IkN1cnNvciI6ImV5SnpJam94TURNekxqSXpNams1T1RFNU5qZzFPU3dpWkNJNlptRnNjMlVzSW5RaU9uUnlkV1Y5In19 HTTP/1.1" 200 1916
2025-03-25 01:59:40,323 - INFO - No streamers found on page 45. Retrying in 2 seconds...
2025-03-25 01:59:42,323 - DEBUG - Fetching page 46...
2025-03-25 01:59:42,326 - DEBUG - Starting new HTTPS connection (1): api.twitch.tv:443
2025-03-25 01:59:44,341 - DEBUG - https://api.twitch.tv:443 "GET /helix/streams?first=10&after=eyJiIjp7IkN1cnNvciI6ImV5SnpJam94TURNeUxqZzNNRGM1TmpVd01EWTNOVElzSW1RaU9tWmhiSE5sTENKMElqcDBjblZsZlE9PSJ9LCJhIjp7IkN1cnNvciI6ImV5SnpJam94TURFMUxqazFOREkwTWpVNU56RTFNellzSW1RaU9tWmhiSE5sTENKMElqcDBjblZsZlE9PSJ9fQ HTTP/1.1" 200 1718
2025-03-25 01:59:44,343 - INFO - No streamers found on page 46. Retrying in 2 seconds...
2025-03-25 01:59:46,344 - DEBUG - Fetching page 47...
2025-03-25 01:59:46,347 - DEBUG - Starting new HTTPS connection (1): api.twitch.tv:443
2025-03-25 01:59:47,694 - DEBUG - https://api.twitch.tv:443 "GET /helix/streams?first=10&after=eyJiIjp7IkN1cnNvciI6ImV5SnpJam94TURBNExqZzJORFE0T0RRME56VXhPVEVzSW1RaU9tWmhiSE5sTENKMElqcDBjblZsZlE9PSJ9LCJhIjp7IkN1cnNvciI6ImV5SnpJam81T1RJdU56WTVPRGM0TnpjeE1UWTFOU3dpWkNJNlptRnNjMlVzSW5RaU9uUnlkV1Y5In19 HTTP/1.1" 200 1864
2025-03-25 01:59:47,697 - INFO - No streamers found on page 47. Retrying in 2 seconds...
2025-03-25 01:59:49,698 - DEBUG - Fetching page 48...
2025-03-25 01:59:49,699 - DEBUG - Starting new HTTPS connection (1): api.twitch.tv:443
2025-03-25 01:59:51,161 - DEBUG - https://api.twitch.tv:443 "GET /helix/streams?first=10&after=eyJiIjp7IkN1cnNvciI6ImV5SnpJam81T0RndU1EazBPRFV4TkRBNU1UQTNNaXdpWkNJNlptRnNjMlVzSW5RaU9uUnlkV1Y5In0sImEiOnsiQ3Vyc29yIjoiZXlKeklqbzVOVGN1TlRBNU5URTFORE16TnpVek9Td2laQ0k2Wm1Gc2MyVXNJblFpT25SeWRXVjkifX0 HTTP/1.1" 200 1832
2025-03-25 01:59:51,165 - INFO - No streamers found on page 48. Retrying in 2 seconds...
2025-03-25 01:59:53,166 - DEBUG - Fetching page 49...
2025-03-25 01:59:53,168 - DEBUG - Starting new HTTPS connection (1): api.twitch.tv:443
2025-03-25 01:59:54,259 - DEBUG - https://api.twitch.tv:443 "GET /helix/streams?first=10&after=eyJiIjp7IkN1cnNvciI6ImV5SnpJam81TlRjdU1UVXhNREEyTWpnME9UQXpOU3dpWkNJNlptRnNjMlVzSW5RaU9uUnlkV1Y5In0sImEiOnsiQ3Vyc29yIjoiZXlKeklqbzVORFV1TlRrMU5EUTFOalF6TVRRNExDSmtJanBtWVd4elpTd2lkQ0k2ZEhKMVpYMD0ifX0 HTTP/1.1" 200 1909
2025-03-25 01:59:54,261 - INFO - No streamers found on page 49. Retrying in 2 seconds...
2025-03-25 01:59:56,262 - DEBUG - Fetching page 50...
2025-03-25 01:59:56,264 - DEBUG - Starting new HTTPS connection (1): api.twitch.tv:443
2025-03-25 01:59:57,393 - DEBUG - https://api.twitch.tv:443 "GET /helix/streams?first=10&after=eyJiIjp7IkN1cnNvciI6ImV5SnpJam81TkRFdU1UQXhOalEzTmprMk56RTBNeXdpWkNJNlptRnNjMlVzSW5RaU9uUnlkV1Y5In0sImEiOnsiQ3Vyc29yIjoiZXlKeklqbzVNak11TnprNE1ETTBNRFF5TXpZNE9Dd2laQ0k2Wm1Gc2MyVXNJblFpT25SeWRXVjkifX0 HTTP/1.1" 200 1945
2025-03-25 01:59:57,395 - INFO - No streamers found on page 50. Retrying in 2 seconds...
2025-03-25 01:59:59,396 - DEBUG - Fetching page 51...
2025-03-25 01:59:59,412 - DEBUG - Starting new HTTPS connection (1): api.twitch.tv:443
2025-03-25 02:00:02,183 - DEBUG - https://api.twitch.tv:443 "GET /helix/streams?first=10&after=eyJiIjp7IkN1cnNvciI6ImV5SnpJam81TVRndU1EWTVOVEV4TnpnNE9URXpOQ3dpWkNJNlptRnNjMlVzSW5RaU9uUnlkV1Y5In0sImEiOnsiQ3Vyc29yIjoiZXlKeklqbzVNRGt1T1RJNU16ZzBNVEl5T0RneU1Td2laQ0k2Wm1Gc2MyVXNJblFpT25SeWRXVjkifX0 HTTP/1.1" 200 1969
2025-03-25 02:00:02,189 - INFO - No streamers found on page 51. Retrying in 2 seconds...
2025-03-25 02:00:04,192 - DEBUG - Fetching page 52...
2025-03-25 02:00:04,196 - DEBUG - Starting new HTTPS connection (1): api.twitch.tv:443
2025-03-25 02:00:06,449 - DEBUG - https://api.twitch.tv:443 "GET /helix/streams?first=10&after=eyJiIjp7IkN1cnNvciI6ImV5SnpJam81TURrdU5URTNNVFU0TWpZNU5UTTJPU3dpWkNJNlptRnNjMlVzSW5RaU9uUnlkV1Y5In0sImEiOnsiQ3Vyc29yIjoiZXlKeklqbzRPVFF1TWpBek5Ua3lOelEzTnprek1Td2laQ0k2Wm1Gc2MyVXNJblFpT25SeWRXVjkifX0 HTTP/1.1" 200 None
2025-03-25 02:00:06,453 - INFO - No streamers found on page 52. Retrying in 2 seconds...
2025-03-25 02:00:08,454 - DEBUG - Fetching page 53...
2025-03-25 02:00:08,457 - DEBUG - Starting new HTTPS connection (1): api.twitch.tv:443
2025-03-25 02:00:10,387 - DEBUG - https://api.twitch.tv:443 "GET /helix/streams?first=10&after=eyJiIjp7IkN1cnNvciI6ImV5SnpJam80T1RNdU5UQXdNemd3TWpjME9UVTJNaXdpWkNJNlptRnNjMlVzSW5RaU9uUnlkV1Y5In0sImEiOnsiQ3Vyc29yIjoiZXlKeklqbzROemt1TXpNM01USTVNalk1T0RZNE1Td2laQ0k2Wm1Gc2MyVXNJblFpT25SeWRXVjkifX0 HTTP/1.1" 200 None
2025-03-25 02:00:10,391 - INFO - No streamers found on page 53. Retrying in 2 seconds...
2025-03-25 02:00:12,393 - DEBUG - Fetching page 54...
2025-03-25 02:00:12,396 - DEBUG - Starting new HTTPS connection (1): api.twitch.tv:443
2025-03-25 02:00:14,701 - DEBUG - https://api.twitch.tv:443 "GET /helix/streams?first=10&after=eyJiIjp7IkN1cnNvciI6ImV5SnpJam80TnpjdU9EVTBNRFEzTURjMk5UQTVPQ3dpWkNJNlptRnNjMlVzSW5RaU9uUnlkV1Y5In0sImEiOnsiQ3Vyc29yIjoiZXlKeklqbzROVGt1TWpZM09UUXhPVE0xTlRjNUxDSmtJanBtWVd4elpTd2lkQ0k2ZEhKMVpYMD0ifX0 HTTP/1.1" 200 1901
2025-03-25 02:00:14,705 - INFO - No streamers found on page 54. Retrying in 2 seconds...
2025-03-25 02:00:16,706 - DEBUG - Fetching page 55...
2025-03-25 02:00:16,709 - DEBUG - Starting new HTTPS connection (1): api.twitch.tv:443
2025-03-25 02:00:18,269 - DEBUG - https://api.twitch.tv:443 "GET /helix/streams?first=10&after=eyJiIjp7IkN1cnNvciI6ImV5SnpJam80TlRVdU1qQTBOelk0TVRjMk9UTTJOeXdpWkNJNlptRnNjMlVzSW5RaU9uUnlkV1Y5In0sImEiOnsiQ3Vyc29yIjoiZXlKeklqbzROREl1TmpVeU56UTFOVFl4TVRrd055d2laQ0k2Wm1Gc2MyVXNJblFpT25SeWRXVjkifX0 HTTP/1.1" 200 1904
2025-03-25 02:00:18,272 - INFO - No streamers found on page 55. Retrying in 2 seconds...
2025-03-25 02:00:20,274 - DEBUG - Fetching page 56...
2025-03-25 02:00:20,277 - DEBUG - Starting new HTTPS connection (1): api.twitch.tv:443
2025-03-25 02:00:21,830 - DEBUG - https://api.twitch.tv:443 "GET /helix/streams?first=10&after=eyJiIjp7IkN1cnNvciI6ImV5SnpJam80TkRJdU5UVTVPVFEyTkRnMU5EVTVPQ3dpWkNJNlptRnNjMlVzSW5RaU9uUnlkV1Y5In0sImEiOnsiQ3Vyc29yIjoiZXlKeklqbzRNekV1TkRVNE5EWTRNak13TmpFeExDSmtJanBtWVd4elpTd2lkQ0k2ZEhKMVpYMD0ifX0 HTTP/1.1" 200 1910
2025-03-25 02:00:21,833 - INFO - No streamers found on page 56. Retrying in 2 seconds...
2025-03-25 02:00:23,834 - DEBUG - Fetching page 57...
2025-03-25 02:00:23,838 - DEBUG - Starting new HTTPS connection (1): api.twitch.tv:443
2025-03-25 02:00:26,106 - DEBUG - https://api.twitch.tv:443 "GET /helix/streams?first=10&after=eyJiIjp7IkN1cnNvciI6ImV5SnpJam80TXpBdU56UTRNVGd4T1RNeE5qRTFPQ3dpWkNJNlptRnNjMlVzSW5RaU9uUnlkV1Y5In0sImEiOnsiQ3Vyc29yIjoiZXlKeklqbzRNak11TkRJeE5qYzJNVEV5TlRBd01Td2laQ0k2Wm1Gc2MyVXNJblFpT25SeWRXVjkifX0 HTTP/1.1" 200 1925
2025-03-25 02:00:26,110 - INFO - No streamers found on page 57. Retrying in 2 seconds...
2025-03-25 02:00:28,111 - DEBUG - Fetching page 58...
2025-03-25 02:00:28,113 - DEBUG - Starting new HTTPS connection (1): api.twitch.tv:443
2025-03-25 02:00:30,312 - DEBUG - https://api.twitch.tv:443 "GET /helix/streams?first=10&after=eyJiIjp7IkN1cnNvciI6ImV5SnpJam80TWpNdU1URXlPRGN3TVRjMU9EZ3pOQ3dpWkNJNlptRnNjMlVzSW5RaU9uUnlkV1Y5In0sImEiOnsiQ3Vyc29yIjoiZXlKeklqbzRNRGt1T0RZMk5UTTBNRE16TVRJek55d2laQ0k2Wm1Gc2MyVXNJblFpT25SeWRXVjkifX0 HTTP/1.1" 200 None
2025-03-25 02:00:30,315 - INFO - No streamers found on page 58. Retrying in 2 seconds...
2025-03-25 02:00:32,316 - DEBUG - Fetching page 59...
2025-03-25 02:00:32,317 - DEBUG - Starting new HTTPS connection (1): api.twitch.tv:443
2025-03-25 02:00:33,709 - DEBUG - https://api.twitch.tv:443 "GET /helix/streams?first=10&after=eyJiIjp7IkN1cnNvciI6ImV5SnpJam80TURndU1qazBOek13TkRNMU1UazBNaXdpWkNJNlptRnNjMlVzSW5RaU9uUnlkV1Y5In0sImEiOnsiQ3Vyc29yIjoiZXlKeklqbzNPVGt1TVRVME16WXlPVFkyTkRBMU5Dd2laQ0k2Wm1Gc2MyVXNJblFpT25SeWRXVjkifX0 HTTP/1.1" 200 None
2025-03-25 02:00:33,711 - INFO - No streamers found on page 59. Retrying in 2 seconds...
2025-03-25 02:00:35,712 - DEBUG - Fetching page 60...
2025-03-25 02:00:35,717 - DEBUG - Starting new HTTPS connection (1): api.twitch.tv:443
2025-03-25 02:00:37,294 - DEBUG - https://api.twitch.tv:443 "GET /helix/streams?first=10&after=eyJiIjp7IkN1cnNvciI6ImV5SnpJam8zT1RndU5qSTRNekEzTmpRMk1qZzJPQ3dpWkNJNlptRnNjMlVzSW5RaU9uUnlkV1Y5In0sImEiOnsiQ3Vyc29yIjoiZXlKeklqbzNPRGN1TWpFMk9UVTFNamMxT0RVMExDSmtJanBtWVd4elpTd2lkQ0k2ZEhKMVpYMD0ifX0 HTTP/1.1" 200 1988
2025-03-25 02:00:37,299 - INFO - No streamers found on page 60. Retrying in 2 seconds...
2025-03-25 02:00:39,300 - DEBUG - Fetching page 61...
2025-03-25 02:00:39,304 - DEBUG - Starting new HTTPS connection (1): api.twitch.tv:443
2025-03-25 02:00:41,596 - DEBUG - https://api.twitch.tv:443 "GET /helix/streams?first=10&after=eyJiIjp7IkN1cnNvciI6ImV5SnpJam8zT0RZdU1UYzFOVFF3TmpJNE9EZ3pPU3dpWkNJNlptRnNjMlVzSW5RaU9uUnlkV1Y5In0sImEiOnsiQ3Vyc29yIjoiZXlKeklqbzNOelV1T0RnNU5UWTNNVGcxTkRZek5Dd2laQ0k2Wm1Gc2MyVXNJblFpT25SeWRXVjkifX0 HTTP/1.1" 200 None
2025-03-25 02:00:41,601 - INFO - No streamers found on page 61. Retrying in 2 seconds...
2025-03-25 02:00:43,603 - DEBUG - Fetching page 62...
2025-03-25 02:00:43,606 - DEBUG - Starting new HTTPS connection (1): api.twitch.tv:443
2025-03-25 02:00:45,134 - DEBUG - https://api.twitch.tv:443 "GET /helix/streams?first=10&after=eyJiIjp7IkN1cnNvciI6ImV5SnpJam8zTnpVdU1qSTVOakkwTnpVeU1qUXhOU3dpWkNJNlptRnNjMlVzSW5RaU9uUnlkV1Y5In0sImEiOnsiQ3Vyc29yIjoiZXlKeklqbzNOakF1TXpJMU1qazJORGswTnpneU9Dd2laQ0k2Wm1Gc2MyVXNJblFpT25SeWRXVjkifX0 HTTP/1.1" 200 1774
2025-03-25 02:00:45,138 - INFO - No streamers found on page 62. Retrying in 2 seconds...
