2025-03-25 04:08:43,427 - DEBUG - Fetching page 1...
2025-03-25 04:08:43,433 - DEBUG - Starting new HTTPS connection (1): api.twitch.tv:443
2025-03-25 04:08:45,166 - DEBUG - https://api.twitch.tv:443 "GET /helix/streams?first=100 HTTP/1.1" 200 None
2025-03-25 04:08:45,481 - INFO - No streamers found on page 1. Retrying in 2 seconds...
2025-03-25 04:08:47,482 - DEBUG - Fetching page 2...
2025-03-25 04:08:47,487 - DEBUG - Starting new HTTPS connection (1): api.twitch.tv:443
2025-03-25 04:08:50,041 - DEBUG - https://api.twitch.tv:443 "GET /helix/streams?first=100&after=eyJiIjp7IkN1cnNvciI6ImV5SnpJam8wT1RRNE9TNDRORFkwTVRZMk1qVXhOaXdpWkNJNlptRnNjMlVzSW5RaU9uUnlkV1Y5In0sImEiOnsiQ3Vyc29yIjoiZXlKeklqb3pOemcyTGpjMU9UTTVPRGt6TlRFek5qY3NJbVFpT21aaGJITmxMQ0owSWpwMGNuVmxmUT09In19 HTTP/1.1" 200 None
2025-03-25 04:08:50,318 - INFO - No streamers found on page 2. Retrying in 2 seconds...
2025-03-25 04:08:52,324 - DEBUG - Fetching page 3...
2025-03-25 04:08:52,334 - DEBUG - Starting new HTTPS connection (1): api.twitch.tv:443
2025-03-25 04:08:55,544 - DEBUG - https://api.twitch.tv:443 "GET /helix/streams?first=100&after=eyJiIjp7IkN1cnNvciI6ImV5SnpJam96TnpRNExqYzFPVFE1T0Rrek5URXpOeXdpWkNJNlptRnNjMlVzSW5RaU9uUnlkV1Y5In0sImEiOnsiQ3Vyc29yIjoiZXlKeklqb3hPVFExTGpJeE16STBNVGd5TmpZeU1qWXNJbVFpT21aaGJITmxMQ0owSWpwMGNuVmxmUT09In19 HTTP/1.1" 200 None
2025-03-25 04:08:55,552 - INFO - No streamers found on page 3. Retrying in 2 seconds...
2025-03-25 04:08:57,554 - DEBUG - Fetching page 4...
2025-03-25 04:08:57,557 - DEBUG - Starting new HTTPS connection (1): api.twitch.tv:443
2025-03-25 04:08:59,639 - DEBUG - https://api.twitch.tv:443 "GET /helix/streams?first=100&after=eyJiIjp7IkN1cnNvciI6ImV5SnpJam94T1RNMUxqSTNORFUxT1RJek1UVXpPU3dpWkNJNlptRnNjMlVzSW5RaU9uUnlkV1Y5In0sImEiOnsiQ3Vyc29yIjoiZXlKeklqb3hNekkxTGpFMU1Ea3dOakk0TkRrd016WXNJbVFpT21aaGJITmxMQ0owSWpwMGNuVmxmUT09In19 HTTP/1.1" 200 None
2025-03-25 04:08:59,646 - INFO - No streamers found on page 4. Retrying in 2 seconds...
2025-03-25 04:09:01,648 - DEBUG - Fetching page 5...
2025-03-25 04:09:01,652 - DEBUG - Starting new HTTPS connection (1): api.twitch.tv:443
2025-03-25 04:09:03,307 - DEBUG - https://api.twitch.tv:443 "GET /helix/streams?first=100&after=eyJiIjp7IkN1cnNvciI6ImV5SnpJam94TXpJekxqY3lOalV3TXprek1qQTROalFzSW1RaU9tWmhiSE5sTENKMElqcDBjblZsZlE9PSJ9LCJhIjp7IkN1cnNvciI6ImV5SnpJam94TURRd0xqa3dNalkyTlRJME16VXlORE1zSW1RaU9tWmhiSE5sTENKMElqcDBjblZsZlE9PSJ9fQ HTTP/1.1" 200 None
2025-03-25 04:09:03,571 - INFO - No streamers found on page 5. Retrying in 2 seconds...
2025-03-25 04:09:05,572 - DEBUG - Fetching page 6...
2025-03-25 04:09:05,577 - DEBUG - Starting new HTTPS connection (1): api.twitch.tv:443
2025-03-25 04:09:07,050 - DEBUG - https://api.twitch.tv:443 "GET /helix/streams?first=100&after=eyJiIjp7IkN1cnNvciI6ImV5SnpJam94TURRd0xqY3pPVFV5TVRjNU56WTROVGNzSW1RaU9tWmhiSE5sTENKMElqcDBjblZsZlE9PSJ9LCJhIjp7IkN1cnNvciI6ImV5SnpJam80TWpjdU1qUXpNekU1TURBek1qWTBMQ0prSWpwbVlXeHpaU3dpZENJNmRISjFaWDA9In19 HTTP/1.1" 200 None
2025-03-25 04:09:07,062 - INFO - No streamers found on page 6. Retrying in 2 seconds...
2025-03-25 04:09:09,064 - DEBUG - Fetching page 7...
2025-03-25 04:09:09,066 - DEBUG - Starting new HTTPS connection (1): api.twitch.tv:443
2025-03-25 04:09:10,539 - DEBUG - https://api.twitch.tv:443 "GET /helix/streams?first=100&after=eyJiIjp7IkN1cnNvciI6ImV5SnpJam81T1RrdU1ERTNPRE15TkRReE1ESTJPQ3dpWkNJNlptRnNjMlVzSW5RaU9uUnlkV1Y5In0sImEiOnsiQ3Vyc29yIjoiZXlKeklqbzJOelF1TmpFek5EYzBNVEk1TmpjeU1pd2laQ0k2Wm1Gc2MyVXNJblFpT25SeWRXVjkifX0 HTTP/1.1" 200 None
2025-03-25 04:09:10,544 - INFO - No streamers found on page 7. Retrying in 2 seconds...
2025-03-25 04:09:12,545 - DEBUG - Fetching page 8...
2025-03-25 04:09:12,545 - DEBUG - Starting new HTTPS connection (1): api.twitch.tv:443
2025-03-25 04:09:14,521 - DEBUG - https://api.twitch.tv:443 "GET /helix/streams?first=100&after=eyJiIjp7IkN1cnNvciI6ImV5SnpJam8yTnpNdU16STFPVEF4T0RneU5UWTJMQ0prSWpwbVlXeHpaU3dpZENJNmRISjFaWDA9In0sImEiOnsiQ3Vyc29yIjoiZXlKeklqbzFOekl1TnpJd05UWTFPVEF6TkRZME1Td2laQ0k2Wm1Gc2MyVXNJblFpT25SeWRXVjkifX0 HTTP/1.1" 200 None
2025-03-25 04:09:14,793 - INFO - No streamers found on page 8. Retrying in 2 seconds...
2025-03-25 04:09:16,796 - DEBUG - Fetching page 9...
2025-03-25 04:09:16,803 - DEBUG - Starting new HTTPS connection (1): api.twitch.tv:443
2025-03-25 04:09:18,402 - DEBUG - https://api.twitch.tv:443 "GET /helix/streams?first=100&after=eyJiIjp7IkN1cnNvciI6ImV5SnpJam8xTnpJdU5USTJOemt4TVRVME1qazJPQ3dpWkNJNlptRnNjMlVzSW5RaU9uUnlkV1Y5In0sImEiOnsiQ3Vyc29yIjoiZXlKeklqbzBPVFl1TnpZMk1EUTNNamt3TlRNME9EWXNJbVFpT21aaGJITmxMQ0owSWpwMGNuVmxmUT09In19 HTTP/1.1" 200 None
2025-03-25 04:09:18,676 - INFO - No streamers found on page 9. Retrying in 2 seconds...
2025-03-25 04:09:20,678 - DEBUG - Fetching page 10...
2025-03-25 04:09:20,681 - DEBUG - Starting new HTTPS connection (1): api.twitch.tv:443
2025-03-25 04:09:23,687 - DEBUG - https://api.twitch.tv:443 "GET /helix/streams?first=100&after=eyJiIjp7IkN1cnNvciI6ImV5SnpJam8wT1RZdU5UQTVOak14T1RVek5UVXpOalVzSW1RaU9tWmhiSE5sTENKMElqcDBjblZsZlE9PSJ9LCJhIjp7IkN1cnNvciI6ImV5SnpJam8wTWpZdU1EZzBOall5T1Rjek1qWTFMQ0prSWpwbVlXeHpaU3dpZENJNmRISjFaWDA9In19 HTTP/1.1" 200 None
2025-03-25 04:09:23,950 - INFO - No streamers found on page 10. Retrying in 2 seconds...
2025-03-25 04:09:25,951 - DEBUG - Fetching page 11...
2025-03-25 04:09:25,956 - DEBUG - Starting new HTTPS connection (1): api.twitch.tv:443
2025-03-25 04:09:28,748 - DEBUG - https://api.twitch.tv:443 "GET /helix/streams?first=100&after=eyJiIjp7IkN1cnNvciI6ImV5SnpJam8wTWpVdU56Y3pOVGsxTnpreE9UVTFPRGNzSW1RaU9tWmhiSE5sTENKMElqcDBjblZsZlE9PSJ9LCJhIjp7IkN1cnNvciI6ImV5SnpJam96T0RBdU5qYzFOVEEzTWpFMU5UTTNOaXdpWkNJNlptRnNjMlVzSW5RaU9uUnlkV1Y5In19 HTTP/1.1" 200 None
2025-03-25 04:09:28,753 - INFO - No streamers found on page 11. Retrying in 2 seconds...
2025-03-25 04:09:30,755 - DEBUG - Fetching page 12...
2025-03-25 04:09:30,759 - DEBUG - Starting new HTTPS connection (1): api.twitch.tv:443
2025-03-25 04:09:33,096 - DEBUG - https://api.twitch.tv:443 "GET /helix/streams?first=100&after=eyJiIjp7IkN1cnNvciI6ImV5SnpJam96T0RBdU5Ua3dNemt3TkRVd05EVTROaXdpWkNJNlptRnNjMlVzSW5RaU9uUnlkV1Y5In0sImEiOnsiQ3Vyc29yIjoiZXlKeklqb3pNemt1T1RFNE5UQXdPREF3TVRrMU5ETXNJbVFpT21aaGJITmxMQ0owSWpwMGNuVmxmUT09In19 HTTP/1.1" 200 None
2025-03-25 04:09:33,109 - INFO - No streamers found on page 12. Retrying in 2 seconds...
2025-03-25 04:09:35,111 - DEBUG - Fetching page 13...
2025-03-25 04:09:35,116 - DEBUG - Starting new HTTPS connection (1): api.twitch.tv:443
2025-03-25 04:09:36,941 - DEBUG - https://api.twitch.tv:443 "GET /helix/streams?first=100&after=eyJiIjp7IkN1cnNvciI6ImV5SnpJam96TXprdU56VTROamt3TVRVNU5EYzRPU3dpWkNJNlptRnNjMlVzSW5RaU9uUnlkV1Y5In0sImEiOnsiQ3Vyc29yIjoiZXlKeklqb3pNVEl1TmpBNU5EVXlOemN3TURZek55d2laQ0k2Wm1Gc2MyVXNJblFpT25SeWRXVjkifX0 HTTP/1.1" 200 None
2025-03-25 04:09:37,210 - INFO - No streamers found on page 13. Retrying in 2 seconds...
2025-03-25 04:09:39,211 - DEBUG - Fetching page 14...
2025-03-25 04:09:39,217 - DEBUG - Starting new HTTPS connection (1): api.twitch.tv:443
2025-03-25 04:09:41,372 - DEBUG - https://api.twitch.tv:443 "GET /helix/streams?first=100&after=eyJiIjp7IkN1cnNvciI6ImV5SnpJam96TVRJdU5EWTRNall3TlRrM056YzVOU3dpWkNJNlptRnNjMlVzSW5RaU9uUnlkV1Y5In0sImEiOnsiQ3Vyc29yIjoiZXlKeklqb3lPRE11TlRFeE1EYzBOemMxTlRRMk1qWXNJbVFpT21aaGJITmxMQ0owSWpwMGNuVmxmUT09In19 HTTP/1.1" 200 None
2025-03-25 04:09:41,375 - INFO - No streamers found on page 14. Retrying in 2 seconds...
2025-03-25 04:09:43,377 - DEBUG - Fetching page 15...
2025-03-25 04:09:43,384 - DEBUG - Starting new HTTPS connection (1): api.twitch.tv:443
2025-03-25 04:09:44,843 - DEBUG - https://api.twitch.tv:443 "GET /helix/streams?first=100&after=eyJiIjp7IkN1cnNvciI6ImV5SnpJam95T0RNdU5EazVNREl6TURRek9EazVOVGNzSW1RaU9tWmhiSE5sTENKMElqcDBjblZsZlE9PSJ9LCJhIjp7IkN1cnNvciI6ImV5SnpJam95TmpFdU9ETTRPVEkxTXpNd05EVTVOU3dpWkNJNlptRnNjMlVzSW5RaU9uUnlkV1Y5In19 HTTP/1.1" 200 None
2025-03-25 04:09:44,848 - INFO - No streamers found on page 15. Retrying in 2 seconds...
2025-03-25 04:09:46,849 - DEBUG - Fetching page 16...
2025-03-25 04:09:46,851 - DEBUG - Starting new HTTPS connection (1): api.twitch.tv:443
2025-03-25 04:09:48,890 - DEBUG - https://api.twitch.tv:443 "GET /helix/streams?first=100&after=eyJiIjp7IkN1cnNvciI6ImV5SnpJam95TmpFdU5UTXdOVEV3TkRFeU5ERTVPQ3dpWkNJNlptRnNjMlVzSW5RaU9uUnlkV1Y5In0sImEiOnsiQ3Vyc29yIjoiZXlKeklqb3lOREl1TlRrMU56UXhORFExTmpNek1UY3NJbVFpT21aaGJITmxMQ0owSWpwMGNuVmxmUT09In19 HTTP/1.1" 200 None
2025-03-25 04:09:48,901 - INFO - No streamers found on page 16. Retrying in 2 seconds...
2025-03-25 04:09:50,902 - DEBUG - Fetching page 17...
2025-03-25 04:09:50,906 - DEBUG - Starting new HTTPS connection (1): api.twitch.tv:443
2025-03-25 04:09:52,819 - DEBUG - https://api.twitch.tv:443 "GET /helix/streams?first=100&after=eyJiIjp7IkN1cnNvciI6ImV5SnpJam95TkRJdU1qazJORFU0T1RJME1ESTFORElzSW1RaU9tWmhiSE5sTENKMElqcDBjblZsZlE9PSJ9LCJhIjp7IkN1cnNvciI6ImV5SnpJam95TWpNdU9EQXdPRFUyTnpZME5qYzNOelVzSW1RaU9tWmhiSE5sTENKMElqcDBjblZsZlE9PSJ9fQ HTTP/1.1" 200 None
2025-03-25 04:09:52,825 - INFO - No streamers found on page 17. Retrying in 2 seconds...
2025-03-25 04:09:54,828 - DEBUG - Fetching page 18...
2025-03-25 04:09:54,832 - DEBUG - Starting new HTTPS connection (1): api.twitch.tv:443
2025-03-25 04:09:57,129 - DEBUG - https://api.twitch.tv:443 "GET /helix/streams?first=100&after=eyJiIjp7IkN1cnNvciI6ImV5SnpJam95TWpNdU5qazNNREkxTlRFeE1URXdORFFzSW1RaU9tWmhiSE5sTENKMElqcDBjblZsZlE9PSJ9LCJhIjp7IkN1cnNvciI6ImV5SnpJam95TURZdU1qRTVPRGt6TURJek56RTROeXdpWkNJNlptRnNjMlVzSW5RaU9uUnlkV1Y5In19 HTTP/1.1" 200 None
2025-03-25 04:09:57,149 - INFO - No streamers found on page 18. Retrying in 2 seconds...
2025-03-25 04:09:59,151 - DEBUG - Fetching page 19...
2025-03-25 04:09:59,155 - DEBUG - Starting new HTTPS connection (1): api.twitch.tv:443
2025-03-25 04:10:01,087 - DEBUG - https://api.twitch.tv:443 "GET /helix/streams?first=100&after=eyJiIjp7IkN1cnNvciI6ImV5SnpJam95TURZdU1Ua3pPRE16TURrNE1Ea3pORGdzSW1RaU9tWmhiSE5sTENKMElqcDBjblZsZlE9PSJ9LCJhIjp7IkN1cnNvciI6ImV5SnpJam94T1RJdU1UWXhNVE13TVRjM09EZzRPVFFzSW1RaU9tWmhiSE5sTENKMElqcDBjblZsZlE9PSJ9fQ HTTP/1.1" 200 None
2025-03-25 04:10:01,363 - INFO - No streamers found on page 19. Retrying in 2 seconds...
2025-03-25 04:10:03,365 - DEBUG - Fetching page 20...
2025-03-25 04:10:03,369 - DEBUG - Starting new HTTPS connection (1): api.twitch.tv:443
2025-03-25 04:10:05,616 - DEBUG - https://api.twitch.tv:443 "GET /helix/streams?first=100&after=eyJiIjp7IkN1cnNvciI6ImV5SnpJam94T1RJdU1URTJOemswTVRFNE9URTNOelFzSW1RaU9tWmhiSE5sTENKMElqcDBjblZsZlE9PSJ9LCJhIjp7IkN1cnNvciI6ImV5SnpJam94TnprdU56Z3lOamt5TnpJM05ERXlNemdzSW1RaU9tWmhiSE5sTENKMElqcDBjblZsZlE9PSJ9fQ HTTP/1.1" 200 None
2025-03-25 04:10:05,624 - INFO - No streamers found on page 20. Retrying in 2 seconds...
2025-03-25 04:10:07,624 - DEBUG - Fetching page 21...
2025-03-25 04:10:07,630 - DEBUG - Starting new HTTPS connection (1): api.twitch.tv:443
2025-03-25 04:10:10,118 - DEBUG - https://api.twitch.tv:443 "GET /helix/streams?first=100&after=eyJiIjp7IkN1cnNvciI6ImV5SnpJam95TXpBdU16QTFPVGM1T1RVMk9UUTBNREVzSW1RaU9tWmhiSE5sTENKMElqcDBjblZsZlE9PSJ9LCJhIjp7IkN1cnNvciI6ImV5SnpJam94TmpndU1USTBOVFk1TURNek1UTXhOeXdpWkNJNlptRnNjMlVzSW5RaU9uUnlkV1Y5In19 HTTP/1.1" 200 None
2025-03-25 04:10:10,124 - INFO - No streamers found on page 21. Retrying in 2 seconds...
2025-03-25 04:10:12,126 - DEBUG - Fetching page 22...
2025-03-25 04:10:12,131 - DEBUG - Starting new HTTPS connection (1): api.twitch.tv:443
2025-03-25 04:10:15,155 - DEBUG - https://api.twitch.tv:443 "GET /helix/streams?first=100&after=eyJiIjp7IkN1cnNvciI6ImV5SnpJam94TmpndU1EazFNalV3TmpneE1EWTBPRFFzSW1RaU9tWmhiSE5sTENKMElqcDBjblZsZlE9PSJ9LCJhIjp7IkN1cnNvciI6ImV5SnpJam94TlRrdU9URTRPREF4TmpVeE9EUTJMQ0prSWpwbVlXeHpaU3dpZENJNmRISjFaWDA9In19 HTTP/1.1" 200 None
2025-03-25 04:10:15,474 - INFO - No streamers found on page 22. Retrying in 2 seconds...
2025-03-25 04:10:17,475 - DEBUG - Fetching page 23...
2025-03-25 04:10:17,480 - DEBUG - Starting new HTTPS connection (1): api.twitch.tv:443
2025-03-25 04:10:19,776 - DEBUG - https://api.twitch.tv:443 "GET /helix/streams?first=100&after=eyJiIjp7IkN1cnNvciI6ImV5SnpJam94TlRrdU5UWTFOelF5TnpFME1qSTVORFlzSW1RaU9tWmhiSE5sTENKMElqcDBjblZsZlE9PSJ9LCJhIjp7IkN1cnNvciI6ImV5SnpJam94TlRJdU5EUXdNak0yTkRFeE5EVTFOekVzSW1RaU9tWmhiSE5sTENKMElqcDBjblZsZlE9PSJ9fQ HTTP/1.1" 200 None
2025-03-25 04:10:19,787 - INFO - No streamers found on page 23. Retrying in 2 seconds...
2025-03-25 04:10:21,788 - DEBUG - Fetching page 24...
2025-03-25 04:10:21,795 - DEBUG - Starting new HTTPS connection (1): api.twitch.tv:443
2025-03-25 04:10:23,588 - DEBUG - https://api.twitch.tv:443 "GET /helix/streams?first=100&after=eyJiIjp7IkN1cnNvciI6ImV5SnpJam94TlRJdU16UXpOVEkzTnpReU1EUXpNRElzSW1RaU9tWmhiSE5sTENKMElqcDBjblZsZlE9PSJ9LCJhIjp7IkN1cnNvciI6ImV5SnpJam94TkRVdU1UQXhNRGswTnpBMk1EY3dOU3dpWkNJNlptRnNjMlVzSW5RaU9uUnlkV1Y5In19 HTTP/1.1" 200 None
2025-03-25 04:10:23,778 - INFO - No streamers found on page 24. Retrying in 2 seconds...
2025-03-25 04:10:25,780 - DEBUG - Fetching page 25...
2025-03-25 04:10:25,783 - DEBUG - Starting new HTTPS connection (1): api.twitch.tv:443
2025-03-25 04:10:27,422 - DEBUG - https://api.twitch.tv:443 "GET /helix/streams?first=100&after=eyJiIjp7IkN1cnNvciI6ImV5SnpJam94TkRVdU1EWXdOakl5T1RreU1EQTRNVFVzSW1RaU9tWmhiSE5sTENKMElqcDBjblZsZlE9PSJ9LCJhIjp7IkN1cnNvciI6ImV5SnpJam94TXpndU56VXhNamswTVRjek56Y3hMQ0prSWpwbVlXeHpaU3dpZENJNmRISjFaWDA9In19 HTTP/1.1" 200 None
2025-03-25 04:10:27,686 - INFO - No streamers found on page 25. Retrying in 2 seconds...
2025-03-25 04:10:29,687 - DEBUG - Fetching page 26...
2025-03-25 04:10:29,694 - DEBUG - Starting new HTTPS connection (1): api.twitch.tv:443
2025-03-25 04:10:33,044 - DEBUG - https://api.twitch.tv:443 "GET /helix/streams?first=100&after=eyJiIjp7IkN1cnNvciI6ImV5SnpJam94TXpndU56QXdNamsyT1RnMU1UUTROVE1zSW1RaU9tWmhiSE5sTENKMElqcDBjblZsZlE9PSJ9LCJhIjp7IkN1cnNvciI6ImV5SnpJam94TXpJdU5EVTBNRGMxTXpRMk1UY3hNRGNzSW1RaU9tWmhiSE5sTENKMElqcDBjblZsZlE9PSJ9fQ HTTP/1.1" 200 None
2025-03-25 04:10:33,353 - INFO - No streamers found on page 26. Retrying in 2 seconds...
2025-03-25 04:10:35,354 - DEBUG - Fetching page 27...
2025-03-25 04:10:35,362 - DEBUG - Starting new HTTPS connection (1): api.twitch.tv:443
2025-03-25 04:10:38,199 - DEBUG - https://api.twitch.tv:443 "GET /helix/streams?first=100&after=eyJiIjp7IkN1cnNvciI6ImV5SnpJam94TXpJdU16YzROamt4TURNNE5ETTNPQ3dpWkNJNlptRnNjMlVzSW5RaU9uUnlkV1Y5In0sImEiOnsiQ3Vyc29yIjoiZXlKeklqb3hNall1TnpFMk9URTBPVEl4TWprM05UWXNJbVFpT21aaGJITmxMQ0owSWpwMGNuVmxmUT09In19 HTTP/1.1" 200 None
2025-03-25 04:10:38,325 - INFO - No streamers found on page 27. Retrying in 2 seconds...
2025-03-25 04:10:40,327 - DEBUG - Fetching page 28...
2025-03-25 04:10:40,331 - DEBUG - Starting new HTTPS connection (1): api.twitch.tv:443
2025-03-25 04:10:42,762 - DEBUG - https://api.twitch.tv:443 "GET /helix/streams?first=100&after=eyJiIjp7IkN1cnNvciI6ImV5SnpJam94TWpZdU5qY3hNRE01T0RRME16SXdPRFlzSW1RaU9tWmhiSE5sTENKMElqcDBjblZsZlE9PSJ9LCJhIjp7IkN1cnNvciI6ImV5SnpJam94TWpBdU5qSTBNalkyTnpneU9UZ3pPRFVzSW1RaU9tWmhiSE5sTENKMElqcDBjblZsZlE9PSJ9fQ HTTP/1.1" 200 None
2025-03-25 04:10:42,770 - INFO - No streamers found on page 28. Retrying in 2 seconds...
2025-03-25 04:10:44,770 - DEBUG - Fetching page 29...
2025-03-25 04:10:44,774 - DEBUG - Starting new HTTPS connection (1): api.twitch.tv:443
2025-03-25 04:10:46,709 - DEBUG - https://api.twitch.tv:443 "GET /helix/streams?first=100&after=eyJiIjp7IkN1cnNvciI6ImV5SnpJam94TWpBdU5qSXdOakl3TVRRMU5qQTJPVFVzSW1RaU9tWmhiSE5sTENKMElqcDBjblZsZlE9PSJ9LCJhIjp7IkN1cnNvciI6ImV5SnpJam94TVRZdU16WXlOemM1TVRRME5UYzNPVGNzSW1RaU9tWmhiSE5sTENKMElqcDBjblZsZlE9PSJ9fQ HTTP/1.1" 200 None
2025-03-25 04:10:46,924 - INFO - No streamers found on page 29. Retrying in 2 seconds...
2025-03-25 04:10:48,925 - DEBUG - Fetching page 30...
2025-03-25 04:10:48,926 - DEBUG - Starting new HTTPS connection (1): api.twitch.tv:443
2025-03-25 04:10:50,537 - DEBUG - https://api.twitch.tv:443 "GET /helix/streams?first=100&after=eyJiIjp7IkN1cnNvciI6ImV5SnpJam94TVRZdU1UazVNak00TWpBek56UTFNVFVzSW1RaU9tWmhiSE5sTENKMElqcDBjblZsZlE9PSJ9LCJhIjp7IkN1cnNvciI6ImV5SnpJam94TVRFdU9UUTRNREF4TWpreU16VXlNaklzSW1RaU9tWmhiSE5sTENKMElqcDBjblZsZlE9PSJ9fQ HTTP/1.1" 200 None
2025-03-25 04:10:50,805 - INFO - No streamers found on page 30. Retrying in 2 seconds...
2025-03-25 04:10:52,809 - DEBUG - Fetching page 31...
2025-03-25 04:10:52,813 - DEBUG - Starting new HTTPS connection (1): api.twitch.tv:443
2025-03-25 04:10:54,569 - DEBUG - https://api.twitch.tv:443 "GET /helix/streams?first=100&after=eyJiIjp7IkN1cnNvciI6ImV5SnpJam94TVRFdU9ERTBNVFF5TVRjNU16azVNeXdpWkNJNlptRnNjMlVzSW5RaU9uUnlkV1Y5In0sImEiOnsiQ3Vyc29yIjoiZXlKeklqb3hNRGN1TnpRMU5qQXpNVEF6T0RreU9Td2laQ0k2Wm1Gc2MyVXNJblFpT25SeWRXVjkifX0 HTTP/1.1" 200 None
2025-03-25 04:10:54,577 - INFO - No streamers found on page 31. Retrying in 2 seconds...
2025-03-25 04:10:56,577 - DEBUG - Fetching page 32...
2025-03-25 04:10:56,581 - DEBUG - Starting new HTTPS connection (1): api.twitch.tv:443
2025-03-25 04:10:59,656 - DEBUG - https://api.twitch.tv:443 "GET /helix/streams?first=100&after=eyJiIjp7IkN1cnNvciI6ImV5SnpJam94TURjdU5qa3pPRGt4TVRBeU1UUTBNREVzSW1RaU9tWmhiSE5sTENKMElqcDBjblZsZlE9PSJ9LCJhIjp7IkN1cnNvciI6ImV5SnpJam94TURRdU5EYzFPVFUwTkRnNE1Ea3pOaXdpWkNJNlptRnNjMlVzSW5RaU9uUnlkV1Y5In19 HTTP/1.1" 200 None
2025-03-25 04:10:59,885 - INFO - No streamers found on page 32. Retrying in 2 seconds...
2025-03-25 04:11:01,886 - DEBUG - Fetching page 33...
2025-03-25 04:11:01,889 - DEBUG - Starting new HTTPS connection (1): api.twitch.tv:443
2025-03-25 04:11:03,370 - DEBUG - https://api.twitch.tv:443 "GET /helix/streams?first=100&after=eyJiIjp7IkN1cnNvciI6ImV5SnpJam94TURRdU5EWTROVGM1TWpFMU1UQTJOamtzSW1RaU9tWmhiSE5sTENKMElqcDBjblZsZlE9PSJ9LCJhIjp7IkN1cnNvciI6ImV5SnpJam94TURFdU5qYzFOVGN6TWpBeE5qQTBOallzSW1RaU9tWmhiSE5sTENKMElqcDBjblZsZlE9PSJ9fQ HTTP/1.1" 200 None
2025-03-25 04:11:03,383 - INFO - No streamers found on page 33. Retrying in 2 seconds...
2025-03-25 04:11:05,384 - DEBUG - Fetching page 34...
2025-03-25 04:11:05,389 - DEBUG - Starting new HTTPS connection (1): api.twitch.tv:443
2025-03-25 04:11:06,947 - DEBUG - https://api.twitch.tv:443 "GET /helix/streams?first=100&after=eyJiIjp7IkN1cnNvciI6ImV5SnpJam94TURFdU5qUTRNVFF4TWpVME16VTJNVFlzSW1RaU9tWmhiSE5sTENKMElqcDBjblZsZlE9PSJ9LCJhIjp7IkN1cnNvciI6ImV5SnpJam81T0M0eU56STRPRFEzTmprM01qUTFOQ3dpWkNJNlptRnNjMlVzSW5RaU9uUnlkV1Y5In19 HTTP/1.1" 200 None
2025-03-25 04:11:07,220 - INFO - No streamers found on page 34. Retrying in 2 seconds...
2025-03-25 04:11:09,221 - DEBUG - Fetching page 35...
2025-03-25 04:11:09,225 - DEBUG - Starting new HTTPS connection (1): api.twitch.tv:443
2025-03-25 04:11:10,614 - DEBUG - https://api.twitch.tv:443 "GET /helix/streams?first=100&after=eyJiIjp7IkN1cnNvciI6ImV5SnpJam94TURjdU16STVNRGcxT1RrM05qRTFNamNzSW1RaU9tWmhiSE5sTENKMElqcDBjblZsZlE9PSJ9LCJhIjp7IkN1cnNvciI6ImV5SnpJam81TlM0d01UQXlNVFU0T0RZM01ERXdOaXdpWkNJNlptRnNjMlVzSW5RaU9uUnlkV1Y5In19 HTTP/1.1" 200 None
2025-03-25 04:11:10,892 - INFO - No streamers found on page 35. Retrying in 2 seconds...
2025-03-25 04:11:12,894 - DEBUG - Fetching page 36...
2025-03-25 04:11:12,899 - DEBUG - Starting new HTTPS connection (1): api.twitch.tv:443
2025-03-25 04:11:14,396 - DEBUG - https://api.twitch.tv:443 "GET /helix/streams?first=100&after=eyJiIjp7IkN1cnNvciI6ImV5SnpJam94TURRdU9EY3dPREl5TmpVME16QTRORGdzSW1RaU9tWmhiSE5sTENKMElqcDBjblZsZlE9PSJ9LCJhIjp7IkN1cnNvciI6ImV5SnpJam81TVM0MU56RTNOek0xTnpNNU5USXpNeXdpWkNJNlptRnNjMlVzSW5RaU9uUnlkV1Y5In19 HTTP/1.1" 200 None
2025-03-25 04:11:14,664 - INFO - No streamers found on page 36. Retrying in 2 seconds...
2025-03-25 04:11:16,666 - DEBUG - Fetching page 37...
2025-03-25 04:11:16,670 - DEBUG - Starting new HTTPS connection (1): api.twitch.tv:443
2025-03-25 04:11:18,068 - DEBUG - https://api.twitch.tv:443 "GET /helix/streams?first=100&after=eyJiIjp7IkN1cnNvciI6ImV5SnpJam81TVM0MU16QXlNelUzTVRBME5EUTBOQ3dpWkNJNlptRnNjMlVzSW5RaU9uUnlkV1Y5In0sImEiOnsiQ3Vyc29yIjoiZXlKeklqbzRPQzQ1TXpnME16VXhNemswTVRZc0ltUWlPbVpoYkhObExDSjBJanAwY25WbGZRPT0ifX0 HTTP/1.1" 200 None
2025-03-25 04:11:18,335 - INFO - No streamers found on page 37. Retrying in 2 seconds...
2025-03-25 04:11:20,340 - DEBUG - Fetching page 38...
2025-03-25 04:11:20,344 - DEBUG - Starting new HTTPS connection (1): api.twitch.tv:443
2025-03-25 04:11:21,789 - DEBUG - https://api.twitch.tv:443 "GET /helix/streams?first=100&after=eyJiIjp7IkN1cnNvciI6ImV5SnpJam80T0M0NU1qRTROems1TlRFMU9URXhNU3dpWkNJNlptRnNjMlVzSW5RaU9uUnlkV1Y5In0sImEiOnsiQ3Vyc29yIjoiZXlKeklqbzROaTR3TkRrNE5UazBOalV4TnpRME5pd2laQ0k2Wm1Gc2MyVXNJblFpT25SeWRXVjkifX0 HTTP/1.1" 200 None
2025-03-25 04:11:21,800 - INFO - No streamers found on page 38. Retrying in 2 seconds...
2025-03-25 04:11:23,802 - DEBUG - Fetching page 39...
2025-03-25 04:11:23,804 - DEBUG - Starting new HTTPS connection (1): api.twitch.tv:443
2025-03-25 04:11:25,429 - DEBUG - https://api.twitch.tv:443 "GET /helix/streams?first=100&after=eyJiIjp7IkN1cnNvciI6ImV5SnpJam80Tmk0d016VXlNVE0xTWpZMU56a3pOeXdpWkNJNlptRnNjMlVzSW5RaU9uUnlkV1Y5In0sImEiOnsiQ3Vyc29yIjoiZXlKeklqbzRNeTR5TmpZME9ETTNNemt6TnpZekxDSmtJanBtWVd4elpTd2lkQ0k2ZEhKMVpYMD0ifX0 HTTP/1.1" 200 None
2025-03-25 04:11:25,693 - INFO - No streamers found on page 39. Retrying in 2 seconds...
2025-03-25 04:11:27,695 - DEBUG - Fetching page 40...
2025-03-25 04:11:27,695 - DEBUG - Starting new HTTPS connection (1): api.twitch.tv:443
2025-03-25 04:11:29,199 - DEBUG - https://api.twitch.tv:443 "GET /helix/streams?first=100&after=eyJiIjp7IkN1cnNvciI6ImV5SnpJam80TXk0eU5EYzVNVFl6TVRNME1URTJOU3dpWkNJNlptRnNjMlVzSW5RaU9uUnlkV1Y5In0sImEiOnsiQ3Vyc29yIjoiZXlKeklqbzRNQzQ1TVRRek9EVTVNek01TXpjM01Td2laQ0k2Wm1Gc2MyVXNJblFpT25SeWRXVjkifX0 HTTP/1.1" 200 None
2025-03-25 04:11:29,472 - INFO - No streamers found on page 40. Retrying in 2 seconds...
2025-03-25 04:11:31,473 - DEBUG - Fetching page 41...
2025-03-25 04:11:31,474 - DEBUG - Starting new HTTPS connection (1): api.twitch.tv:443
2025-03-25 04:11:33,103 - DEBUG - https://api.twitch.tv:443 "GET /helix/streams?first=100&after=eyJiIjp7IkN1cnNvciI6ImV5SnpJam80TUM0NE5UUTFPRFV5TWpZek5UZzFNaXdpWkNJNlptRnNjMlVzSW5RaU9uUnlkV1Y5In0sImEiOnsiQ3Vyc29yIjoiZXlKeklqbzNPQzR6TnpZME56TXdNamsxTWpjMU55d2laQ0k2Wm1Gc2MyVXNJblFpT25SeWRXVjkifX0 HTTP/1.1" 200 None
2025-03-25 04:11:33,374 - INFO - No streamers found on page 41. Retrying in 2 seconds...
2025-03-25 04:11:35,375 - DEBUG - Fetching page 42...
2025-03-25 04:11:35,379 - DEBUG - Starting new HTTPS connection (1): api.twitch.tv:443
2025-03-25 04:11:36,888 - DEBUG - https://api.twitch.tv:443 "GET /helix/streams?first=100&after=eyJiIjp7IkN1cnNvciI6ImV5SnpJam8zT0M0ek5ESXpPREl3TkRBNE9EVTROQ3dpWkNJNlptRnNjMlVzSW5RaU9uUnlkV1Y5In0sImEiOnsiQ3Vyc29yIjoiZXlKeklqbzNOUzQ0T1RjNU1EZzBORGczTkRZMU1pd2laQ0k2Wm1Gc2MyVXNJblFpT25SeWRXVjkifX0 HTTP/1.1" 200 None
2025-03-25 04:11:37,159 - ERROR - Error logging streamer grayhairandtattoos_: 'charmap' codec can't encode character '\u0131' in position 111: character maps to <undefined>
2025-03-25 04:11:37,160 - INFO - No streamers found on page 42. Retrying in 2 seconds...
2025-03-25 04:11:39,160 - DEBUG - Fetching page 43...
2025-03-25 04:11:39,164 - DEBUG - Starting new HTTPS connection (1): api.twitch.tv:443
2025-03-25 04:11:40,658 - DEBUG - https://api.twitch.tv:443 "GET /helix/streams?first=100&after=eyJiIjp7IkN1cnNvciI6ImV5SnpJam8zTlM0NE9ETXpNVGsyTURjNU1EZzJOeXdpWkNJNlptRnNjMlVzSW5RaU9uUnlkV1Y5In0sImEiOnsiQ3Vyc29yIjoiZXlKeklqbzNNeTQ0TVRFNU56STBNRGt5TnpNeE5Dd2laQ0k2Wm1Gc2MyVXNJblFpT25SeWRXVjkifX0 HTTP/1.1" 200 None
2025-03-25 04:11:40,674 - INFO - No streamers found on page 43. Retrying in 2 seconds...
2025-03-25 04:11:42,675 - DEBUG - Fetching page 44...
2025-03-25 04:11:42,679 - DEBUG - Starting new HTTPS connection (1): api.twitch.tv:443
2025-03-25 04:11:45,172 - DEBUG - https://api.twitch.tv:443 "GET /helix/streams?first=100&after=eyJiIjp7IkN1cnNvciI6ImV5SnpJam8zTXk0M05UYzBPVEl6TlRZeE56ZzNMQ0prSWpwbVlXeHpaU3dpZENJNmRISjFaWDA9In0sImEiOnsiQ3Vyc29yIjoiZXlKeklqbzNNUzQzTmpZeU5qVXhNREF4TURrMU5pd2laQ0k2Wm1Gc2MyVXNJblFpT25SeWRXVjkifX0 HTTP/1.1" 200 None
2025-03-25 04:11:45,462 - INFO - No streamers found on page 44. Retrying in 2 seconds...
2025-03-25 04:11:47,463 - DEBUG - Fetching page 45...
2025-03-25 04:11:47,468 - DEBUG - Starting new HTTPS connection (1): api.twitch.tv:443
2025-03-25 04:11:49,054 - DEBUG - https://api.twitch.tv:443 "GET /helix/streams?first=100&after=eyJiIjp7IkN1cnNvciI6ImV5SnpJam8zTVM0Mk9EQTBNamt5TnpBME1UWTJMQ0prSWpwbVlXeHpaU3dpZENJNmRISjFaWDA9In0sImEiOnsiQ3Vyc29yIjoiZXlKeklqbzJPUzQxT0RRek16TTRNRFl3TXpJd015d2laQ0k2Wm1Gc2MyVXNJblFpT25SeWRXVjkifX0 HTTP/1.1" 200 None
2025-03-25 04:11:49,064 - INFO - No streamers found on page 45. Retrying in 2 seconds...
2025-03-25 04:11:51,067 - DEBUG - Fetching page 46...
2025-03-25 04:11:51,072 - DEBUG - Starting new HTTPS connection (1): api.twitch.tv:443
2025-03-25 04:11:53,125 - DEBUG - https://api.twitch.tv:443 "GET /helix/streams?first=100&after=eyJiIjp7IkN1cnNvciI6ImV5SnpJam8yT1M0MU56a3dOVFUxT0RrMU1qVTNOQ3dpWkNJNlptRnNjMlVzSW5RaU9uUnlkV1Y5In0sImEiOnsiQ3Vyc29yIjoiZXlKeklqbzJOeTR6T1RZM05USTBPRFF3TmpVekxDSmtJanBtWVd4elpTd2lkQ0k2ZEhKMVpYMD0ifX0 HTTP/1.1" 200 None
2025-03-25 04:11:53,146 - INFO - No streamers found on page 46. Retrying in 2 seconds...
2025-03-25 04:11:55,148 - DEBUG - Fetching page 47...
2025-03-25 04:11:55,156 - DEBUG - Starting new HTTPS connection (1): api.twitch.tv:443
2025-03-25 04:11:58,432 - DEBUG - https://api.twitch.tv:443 "GET /helix/streams?first=100&after=eyJiIjp7IkN1cnNvciI6ImV5SnpJam8yTnk0ek56STFPRFF5TVRZek9ETTBNaXdpWkNJNlptRnNjMlVzSW5RaU9uUnlkV1Y5In0sImEiOnsiQ3Vyc29yIjoiZXlKeklqbzJOUzR5TmpjNU1USTVNakEyT0RrM055d2laQ0k2Wm1Gc2MyVXNJblFpT25SeWRXVjkifX0 HTTP/1.1" 200 None
2025-03-25 04:11:58,696 - INFO - Logged details of 12 streamers below 2000 viewers.
2025-03-25 04:11:58,705 - INFO - Sneegsnag - 1118 viewers - Minecraft
2025-03-25 04:11:58,706 - INFO - Tags: ['English', 'ADHD', 'farts', 'mcc', 'mcyt', 'minecraft', 'moddedminecraft', 'therealm', 'ViewerRewards']
2025-03-25 04:11:58,706 - INFO - PewDiePie - 751 viewers - Minecraft
2025-03-25 04:11:58,706 - INFO - Tags: ['Minecraft', 'YouTube', 'AlwaysOn', 'English', 'ViewerRewards', 'Rerun']
2025-03-25 04:11:58,706 - INFO - MRLUST - 484 viewers - Fortnite
2025-03-25 04:11:58,706 - INFO - Tags: ['xqc', 'kaicenat', 'ASMR', 'English', 'Fortnite', 'KingsLeague', 'Asmongold', 'valorant', 'minecraft', 'dota2']
2025-03-25 04:11:58,706 - INFO - jmoonhead - 187 viewers - Just Chatting
2025-03-25 04:11:58,707 - INFO - Tags: ['English', 'Football', 'funny', 'pro', 'minecraft', 'WWE']
2025-03-25 04:11:58,707 - INFO - EnterAi94 - 152 viewers - Among Us
2025-03-25 04:11:58,707 - INFO - Tags: ['simulation', 'gaming', 'football', 'career', 'chatting', 'Gym', 'Friends', 'Chatting', 'minecraft', 'justchatting']
2025-03-25 04:11:58,707 - INFO - JaayMC - 147 viewers - Minecraft
2025-03-25 04:11:58,707 - INFO - Tags: ['Survival', 'LGBTQ', 'SafeSpace', 'Cape', 'Drops', 'PlayingWithViewers', 'Chill', 'SMP', 'subathon', 'Minecraft']
2025-03-25 04:11:58,707 - INFO - infume - 107 viewers - Minecraft
2025-03-25 04:11:58,707 - INFO - Tags: ['English', 'minecraft', 'Speedrun', 'ViewerRewards']
2025-03-25 04:11:58,707 - INFO - EZ_CLAPS09 - 94 viewers - Minecraft
2025-03-25 04:11:58,708 - INFO - Tags: ['chill', 'LOUD', 'PlayingwithViewers', 'English', 'minecraft', 'FamilyFriendly', 'underratedstreamer', 'Interactive', 'justchatting', 'DropsEnabled']
2025-03-25 04:11:58,708 - INFO - TheMCDoer - 77 viewers - Minecraft
2025-03-25 04:11:58,709 - INFO - Tags: ['minecraft', 'gaming', 'europe', 'english', 'chill', 'sleeping', 'newstreamer', 'English', 'ViewerRewards']
2025-03-25 04:11:58,709 - INFO - grayhairandtattoos_ - 75 viewers - Minecraft
2025-03-25 04:11:58,709 - INFO - Tags: ['English', 'gamer', 'ChattingAndGaming', 'cozygamer', 's\u0131mulator', 'minecraft', 'minecraftsurivial', 'minecraftlivestremaing', 'minecraftbuilds', 'ViewerRewards']
2025-03-25 04:11:58,709 - INFO - Gabe_VA - 70 viewers - Marbles on Stream
2025-03-25 04:11:58,709 - INFO - Tags: ['English', 'justchatting', 'lgbtq', 'Vtuber', 'minecraft']
2025-03-25 04:11:58,711 - INFO - xShatter - 68 viewers - Minecraft
2025-03-25 04:11:58,712 - INFO - Tags: ['shatter', 'xshatter', 'minecraft', 'Ally', 'English', 'Speedrun', 'Ranked', 'PvP', 'Hoplite', 'ViewerRewards']
2025-03-25 04:11:58,713 - INFO - RCJUK - 64 viewers - Minecraft
2025-03-25 04:11:58,713 - INFO - Tags: ['British', 'Stardew', 'ChallengeRun', 'cozy', 'English', 'cosy', 'relaxing', 'stardewvalley', 'chilled', 'minecraft']
